

do_errors

macro instr_par {

x_calculation_step 0.01

LP_Factor( 0)
Rp 141
Rs 141

Full_Axial_Model(12, 15, 12,  !sol  2.17416_0.01775 , !sol  2.17416_0.01775)

Divergence(, 0.88912_0.01009)
	
lam
	ymin_on_ymax 0.0001
	la   0.63647_0.00646 lo 1.540596  lh   0.56368_0.01691
	la   0.35268_0.00255 lo 1.544493  lh   0.67334_0.01305
		
start_X 5
finish_X 50

}

'++++++++++++++++++++++++++++++++++++++++++++++++++++++++++++++++++++++++++++
xdd 1930_RVR_10ul_mill_EtOAc.raw

r_wp  12.0572108 r_exp  3.08299494 r_p  9.24009748 r_wp_dash  15.0238135 r_p_dash  11.8019184 r_exp_dash  3.84154691 weighted_Durbin_Watson  0.197078267 gof  3.91087597

chi2_convergence_criteria 0.00001
iters 100000
instr_par 


	bkg  @  191.286443`_694.907113  123.99924`_722.294057 -118.587587`_376.446116  20.1999452`_194.461024  55.7010728`_100.149011 -51.9761912`_50.4600961  16.5849307`_26.6750305  1.83950724`_13.3989025  11.0441397`_7.5435237
	One_on_X(@, 3362.85695`_11012.61408)
	
	Specimen_Displacement(@,-0.12802`_0.00091)
	
	Surface_Roughness_Suortti(, 0, @, 0.00956`_0.00143)	
		
		
	str
		phase_name "Form I"
		scale   @  0.000352801565`_4.704e-006
		CS_L(@, 60.20853`_0.95499)
		'Strain_G(, 0.78988_0.01602)
		r_bragg  4.59075616	
		weight_percent  96.388`_1.112


	str
		phase_name "Form II"
		PO_Two_Directions(@, 0.91762`_11.64206_LIMIT_MIN_0.5 min 0.5 max 1,, 0 0 1,@, 0.69787`_0.32068_LIMIT_MIN_0.5 min 0.5 max 1,, 0 1 1,@, 0.01000`_1.64533_LIMIT_MIN_0.01 min 0.01 max 0.99)		
		scale   @  3.03282749e-006`_9.675e-007
		CS_L(@, 30.00000`_13.01024_LIMIT_MIN_30 min 30)
		'Strain_G(, 0.66695_0.00991)  
		r_bragg  3.7926079
		weight_percent  3.612`_1.112
		
'+++++++++++++++++++++++++++++++++++++++++++++++++++++++++++++++++++++++++++++++++++++++++++++++++++++++++++++++++++


xdd 1929_RVR_20ul_mill_EtOAc.raw

r_wp  10.975789 r_exp  3.00739092 r_p  8.3960232 r_wp_dash  13.5455959 r_p_dash  10.5862607 r_exp_dash  3.71152381 weighted_Durbin_Watson  0.226775598 gof  3.64960502

chi2_convergence_criteria 0.00001
iters 100000
instr_par 

	bkg  @  194.21301`_691.683408  131.745693`_718.682506 -110.58648`_374.20724  20.3764762`_193.278307  50.7766674`_99.6674644 -50.2099456`_50.3239055  22.5574744`_26.5490435 -0.531178678`_13.2650213  14.1321494`_7.46974654
	One_on_X(@, 3349.45481`_10957.10146)
	
	Specimen_Displacement(@,-0.13515`_0.00097)
	
	Surface_Roughness_Suortti(, 0, @, 0.00936`_0.00151)	
	
	str
		phase_name "Form I"
		scale   @  0.000306536262`_4.528e-006
		CS_L(@, 62.80441`_1.15231)
		'Strain_G(, 0.78988_0.01602)
		r_bragg  4.40564314	
		weight_percent  75.752`_0.706


	str
		phase_name "Form II"
		PO_Two_Directions(@, 1.00000`_1.61861_LIMIT_MIN_0.5 min 0.5 max 1,, 0 0 1,@, 0.86431`_0.10829_LIMIT_MAX_1 min 0.5 max 1,, 0 1 1,@, 0.01000`_0.87049_LIMIT_MIN_0.01 min 0.01 max 0.99)		
		scale   @  2.25077606e-005`_7.99e-007
		CS_L(@, 56.81461`_3.02897)
		'Strain_G(, 0.66695_0.00991)  
		r_bragg  4.10310591
		weight_percent  24.248`_0.706

'+++++++++++++++++++++++++++++++++++++++++++++++++++++++++++++++++++++++++++++++++++++++++++++++++++++++++++++++++++

xdd 1928_RVR_30ul_mill_EtOAc.raw

r_wp  11.570796 r_exp  3.01615011 r_p  9.23577388 r_wp_dash  13.8809008 r_p_dash  11.2259943 r_exp_dash  3.61832329 weighted_Durbin_Watson  0.200675558 gof  3.83627987

chi2_convergence_criteria 0.00001
iters 100000
instr_par 

	bkg  @  173.722376`_686.722547  94.6604494`_712.88343 -67.4032932`_370.591461  21.8674709`_191.543426  30.3796764`_99.1329653 -52.5557374`_50.4150594  30.1433883`_26.4233381  3.47934448`_13.1751775  5.07624448`_7.50572722
	One_on_X(@, 3329.09825`_10870.56701)
	
	Specimen_Displacement(@,-0.13147`_0.00086)
	
	Surface_Roughness_Suortti(, 0, @, 0.00010`_0.00266_LIMIT_MIN_0.0001)	
	
	str
		phase_name "Form I"
		scale   @  1.02409557e-005`_3.596e-006
		CS_L(@, 30.00000`_13.55847_LIMIT_MIN_30 min 30)
		'Strain_G(, 0.78988_0.01602)
		r_bragg  3.41141651	
		weight_percent  2.423`_0.831


	str
		phase_name "Form II"
		PO_Two_Directions(@, 0.50000`_0.05696_LIMIT_MIN_0.5 min 0.5 max 1,, 0 0 1,@, 0.99092`_0.00800_LIMIT_MAX_1 min 0.5 max 1,, 0 1 1,@, 0.03309`_0.01073_LIMIT_MIN_0.01 min 0.01 max 0.99)		
		scale   @  9.46019686e-005`_1.658e-006
		CS_L(@, 61.77884`_0.84693)
		'Strain_G(, 0.66695_0.00991)  
		r_bragg  6.06942745
		weight_percent  97.577`_0.831
		
'+++++++++++++++++++++++++++++++++++++++++++++++++++++++++++++++++++++++++++++++++++++++++++++++++++++++++++++++++++

xdd 1940_RVR_40ul_mill_EtOAc.raw

r_wp  12.00075 r_exp  2.97805349 r_p  9.5058488 r_wp_dash  14.1796157 r_p_dash  11.3728196 r_exp_dash  3.51875125 weighted_Durbin_Watson  0.193305106 gof  4.0297295

chi2_convergence_criteria 0.00001
iters 100000
instr_par 

	bkg  @  166.764496`_678.303117  101.002898`_704.54427 -59.0752862`_366.696034  16.3250339`_189.527912  29.5870312`_97.9132881 -41.2550301`_49.5985958  26.5264379`_26.2014873 -0.533044444`_13.1475344  13.1105244`_7.4212196
	One_on_X(@, 3186.74936`_10744.45982)
	
	Specimen_Displacement(@,-0.11933`_0.00077)
	
	Surface_Roughness_Suortti(, 0, @, 0.00010`_0.00238_LIMIT_MIN_0.0001)	

	str
		phase_name "Form I"
		scale   @  5.03413907e-005`_2.492e-006
		CS_L(@, 66.20814`_5.58292 min 30)
		'Strain_G(, 0.78988_0.01602)
		r_bragg  4.43000926	
		weight_percent  11.263`_0.519


	str
		phase_name "Form II"
		PO_Two_Directions(@, 0.50000`_0.04603_LIMIT_MIN_0.5 min 0.5 max 1,, 0 0 1,@, 0.90306`_0.00685 min 0.5 max 1,, 0 1 1,@, 0.04197`_0.01076 min 0.01 max 0.99)		
		scale   @  9.09822848e-005`_1.422e-006
		CS_L(@, 72.66344`_1.06192)
		'Strain_G(, 0.66695_0.00991)  
		r_bragg  6.39552701
		weight_percent  88.737`_0.519

'+++++++++++++++++++++++++++++++++++++++++++++++++++++++++++++++++++++++++++++++++++++++++++++++++++++++++++++++++++


xdd 1965_RVR_50ul_mill_EtOAc_081020_2.raw

r_wp  11.1565801 r_exp  3.49157309 r_p  8.9096261 r_wp_dash  13.3667714 r_p_dash  10.9327869 r_exp_dash  4.18327647 weighted_Durbin_Watson  0.315869739 gof  3.19528758

chi2_convergence_criteria 0.00001
iters 100000
instr_par 

	bkg  @  139.816761`_597.317181  111.627652`_620.185498 -47.221241`_322.553173 -13.9381157`_166.611848  59.1640367`_86.052368 -62.5238`_43.5046454  33.4700504`_22.8428554 -5.45276668`_11.3279861  11.4558417`_6.44441328
	One_on_X(@, 2869.14099`_9460.48493)
	
	Specimen_Displacement(@,-0.08301`_0.00079)
	
	Surface_Roughness_Suortti(, 0, @, 0.00010`_0.00286_LIMIT_MIN_0.0001)	
		
	str
		phase_name "Form I"
		scale   @  2.21740372e-005`_2.01e-006
		CS_L(@, 60.65900`_9.44060)
		'Strain_G(, 0.78988_0.01602)
		r_bragg  4.57544785	
		weight_percent  7.361`_0.631


	str
		phase_name "Form II"
		PO_Two_Directions(@, 0.50000`_0.05242_LIMIT_MIN_0.5 min 0.5 max 1,, 0 0 1,@, 0.86846`_0.00724 min 0.5 max 1,, 0 1 1,@, 0.04253`_0.01248_LIMIT_MIN_0.01 min 0.01 max 0.99)		
		scale   @  6.40176008e-005`_1.223e-006
		CS_L(@, 85.90813`_1.53888)
		'Strain_G(, 0.66695_0.00991)  
		r_bragg  5.41443604
		weight_percent  92.639`_0.631
		
'+++++++++++++++++++++++++++++++++++++++++++++++++++++++++++++++++++++++++++++++++++++++++++++++++++++++++++++++++++


	for xdds {
		for strs 1 to 1 {
			phase_name "Form I"
			a 13.5013  
			b 5.3156   
			c 27.206   
			al 90       
			be 103.100  
			ga 90       
			volume  1901.695
			space_group "P21"
			site S1     x 0.35854       y -0.3042       z 0.0828        occ S    1          beq 5.0          
			site S2     x 0.6765        y -0.0272       z 0.5796        occ S    1          beq 5.0          
			site O1     x 0.06731573    y 0.2579195     z 0.1653642     occ O    1          beq 1.0          
			site O2     x 0.325108      y -0.3411536    z 0.2410573     occ O    1          beq 1.0          
			site O3     x 0.6138861     y -0.2784702    z 0.3152426     occ O    1          beq 1.0          
			site O4     x 0.7132568     y 0.4682356     z 0.4218754     occ O    1          beq 1.0          
			site O5     x 0.6634911     y 0.1612888     z 0.4689292     occ O    1          beq 1.0          
			site N1     x 0.19051       y -0.1067       z 0.03872       occ N    1          beq 5.0          
			site N2     x 0.0313276     y -0.0565598    z 0.1073648     occ N    1          beq 5.0          
			site N3     x 0.1275591     y -0.1313638    z 0.1874036     occ N    1          beq 5.0          
			site N4     x 0.3584886     y 0.07659476    z 0.2392733     occ N    1          beq 5.0          
			site N5     x 0.6920265     y 0.05918629    z 0.3942263     occ N    1          beq 5.0          
			site N6     x 0.5333        y 0.1822        z 0.6115        occ N    1          beq 5.0          
			site C1     x 0.3780        y -0.174        z -0.0328       occ C    1          beq 3.1          
			site C2     x 0.27107       y 0.1653        z -0.0293       occ C    1          beq 3.1          
			site C3     x 0.33162       y 0.0268        z 0.0025        occ C    1          beq 3.1          
			site C4     x 0.28658       y -0.1086       z 0.0383        occ C    1          beq 3.1          
			site C5     x 0.17149       y -0.2570       z 0.07674       occ C    1          beq 3.1          
			site C6     x 0.25069       y -0.3730       z 0.10309       occ C    1          beq 3.1          
			site C7     x 0.06839485    y -0.2797227    z 0.08666616    occ C    1          beq 3.1          
			site C8     x -0.02920256   y 0.1219333     z 0.0701063     occ C    1          beq 3.1          
			site C9     x 0.07540194    y 0.03557182    z 0.1543817     occ C    1          beq 3.1          
			site C10    x 0.1859836     y -0.05025262   z 0.2366758     occ C    1          beq 3.1          
			site C11    x 0.14496       y -0.132        z 0.2826        occ C    1          beq 3.1          
			site C12    x 0.0315        y -0.111        z 0.2726        occ C    1          beq 3.1          
			site C13    x 0.1973        y 0.029         z 0.32734       occ C    1          beq 3.1          
			site C14    x 0.29653       y -0.1190367    z 0.2396261     occ C    1          beq 3.1          
			site C15    x 0.4673816     y 0.05253735    z 0.2397287     occ C    1          beq 3.1          
			site C16    x 0.48560       y 0.2175        z 0.19614       occ C    1          beq 3.1          
			site C17    x 0.59484       y 0.2269        z 0.1914        occ C    1          beq 3.1          
			site C18    x 0.6348        y 0.047         z 0.16544       occ C    1          beq 3.1          
			site C19    x 0.7376        y 0.047         z 0.16359       occ C    1          beq 3.1          
			site C20    x 0.8013        y 0.237         z 0.1877        occ C    1          beq 3.1          
			site C21    x 0.76096       y 0.4195        z 0.2135        occ C    1          beq 3.1          
			site C22    x 0.66065       y 0.4168        z 0.2156        occ C    1          beq 3.1          
			site C23    x 0.5333368     y 0.1242047     z 0.2918692     occ C    1          beq 3.1          
			site C24    x 0.6327268     y -0.02102908   z 0.3034901     occ C    1          beq 3.1          
			site C25    x 0.7172396     y 0.09103542    z 0.3451716     occ C    1          beq 3.1          
			site C26    x 0.81355       y -0.0613       z 0.3467        occ C    1          beq 3.1          
			site C27    x 0.90800       y 0.0362        z 0.3830        occ C    1          beq 3.1          
			site C28    x 0.9621        y 0.2350        z 0.3693        occ C    1          beq 3.1          
			site C29    x 1.04894       y 0.321         z 0.4019        occ C    1          beq 3.1          
			site C30    x 1.0825        y 0.2120        z 0.4480        occ C    1          beq 3.1          
			site C31    x 1.0293        y 0.0127        z 0.4620        occ C    1          beq 3.1          
			site C32    x 0.9416        y -0.0708       z 0.4291        occ C    1          beq 3.1          
			site C33    x 0.6925762     y 0.2474776     z 0.4264247     occ C    1          beq 3.1          
			site C34    x 0.6564        y 0.34908       z 0.50556       occ C    1          beq 3.1          
			site C35    x 0.6207        y 0.2334        z 0.54762       occ C    1          beq 3.1          
			site C36    x 0.5460        y 0.3137        z 0.5701        occ C    1          beq 3.1          
			site C37    x 0.5980        y -0.0024       z 0.6204        occ C    1          beq 3.1                  

			TCHZ_Peak_Type(, 0.00505_0.00045,,-0.00540_0.00042,, 0.00133_0.00010,, 0,, 0.05609_0.00063,, 0)
			
		}
		
		for strs 2 to 2 {
			phase_name "Form II"
			a 10.0299  
			b 18.7348  
			c 20.5787  
			al 90       
			be 90       
			ga 90       
			volume  3866.906
			space_group "P212121"
			site S1     x 0.4770622     y 1.278621      z 0.8712921     occ S    1          beq 5.0          
			site S2     x 0.2593037     y 0.4065051     z 0.6986439     occ S    1          beq 5.0          
			site O1     x 0.6261882     y 1.004327      z 1.030148      occ O    1          beq 1.9          
			site O2     x 0.2740301     y 0.8559269     z 1.054512      occ O    1          beq 1.9          
			site O3     x 0.2507436     y 0.6242204     z 0.9982544     occ O    1          beq 1.9          
			site H1     x 0.2024092     y 0.5917323     z 0.9832701     occ H    1          beq 5            
			site O4     x 0.668879      y 0.4992502     z 0.8457461     occ O    1          beq 1.9          
			site O5     x 0.4453965     y 0.4783307     z 0.8598796     occ O    1          beq 1.9          
			site N1     x 0.5157048     y 1.145959      z 0.9011856     occ N    1          beq 5.0          
			site N2     x 0.4749961     y 1.096082      z 1.045097      occ N    1          beq 5.0          
			site N3     x 0.4347775     y 0.9823546     z 1.088669      occ N    1          beq 5.0          
			site H2     x 0.3576215     y 0.9987829     z 1.102481      occ H    1          beq 5            
			site N4     x 0.4767037     y 0.8107748     z 1.022025      occ N    1          beq 5.0          
			site H3     x 0.5635533     y 0.8141379     z 1.0264        occ H    1          beq 5            
			site N5     x 0.5651665     y 0.5333709     z 0.9403356     occ N    1          beq 5.0          
			site H4     x 0.6420931     y 0.5462032     z 0.9573815     occ H    1          beq 5            
			site N6     x 0.09449473    y 0.3735085     z 0.7920592     occ N    1          beq 5.0          
			site C1     x 0.5875129     y 1.135346      z 0.7510341     occ C    1          beq 1.3          
			site H5     x 0.6255522     y 1.101636      z 0.7782234     occ H    1          beq 5            
			site H6     x 0.6393177     y 1.180252      z 0.7501505     occ H    1          beq 5            
			site H7     x 0.5658088     y 1.120405      z 0.7085733     occ H    1          beq 5            
			site C2     x 0.4561591     y 1.159282      z 0.7830758     occ C    1          beq 1.3          
			site H8     x 0.3922392     y 1.11475       z 0.78744       occ H    1          beq 5            
			site C3     x 0.382221      y 1.215771      z 0.7414859     occ C    1          beq 1.3          
			site H9     x 0.4255612     y 1.255581      z 0.7351643     occ H    1          beq 5            
			site H10    x 0.2878954     y 1.227712      z 0.7654397     occ H    1          beq 5            
			site H11    x 0.3460859     y 1.192549      z 0.7007278     occ H    1          beq 5            
			site C4     x 0.4854377     y 1.18795       z 0.851268      occ C    1          beq 1.3          
			site C5     x 0.5149743     y 1.257731      z 0.95158       occ C    1          beq 1.3          
			site H12    x 0.5282918     y 1.291469      z 0.9848283     occ H    1          beq 5            
			site C6     x 0.5309408     y 1.185867      z 0.9582588     occ C    1          beq 1.3          
			site C7     x 0.57452       y 1.14908       z 1.02185       occ C    1          beq 1.3          
			site H13    x 0.6608838     y 1.124008      z 1.012729      occ H    1          beq 5            
			site H14    x 0.5906979     y 1.184315      z 1.05618       occ H    1          beq 5            
			site C8     x 0.3509532     y 1.123774      z 1.074076      occ C    1          beq 1.3          
			site H15    x 0.3605852     y 1.126969      z 1.120398      occ H    1          beq 5            
			site H16    x 0.2766787     y 1.092443      z 1.062883      occ H    1          beq 5            
			site H17    x 0.3326929     y 1.17155       z 1.056186      occ H    1          beq 5            
			site C9     x 0.5170232     y 1.02589       z 1.053989      occ C    1          beq 1.3          
			site C10    x 0.4749415     y 0.9076204     z 1.103368      occ C    1          beq 1.3          
			site H18    x 0.5723288     y 0.9016458     z 1.095937      occ H    1          beq 5            
			site C11    x 0.4380812     y 0.8892566     z 1.175912      occ C    1          beq 1.3          
			site H19    x 0.3438365     y 0.8918235     z 1.183711      occ H    1          beq 5            
			site C12    x 0.5099216     y 0.9408812     z 1.223993      occ C    1          beq 1.3          
			site H20    x 0.6128796     y 0.935485      z 1.216173      occ H    1          beq 5            
			site H21    x 0.4969926     y 0.9249276     z 1.268494      occ H    1          beq 5            
			site H22    x 0.4866453     y 0.9870927     z 1.216456      occ H    1          beq 5            
			site C13    x 0.4782072     y 0.8109879     z 1.190519      occ C    1          beq 1.3          
			site H23    x 0.5795906     y 0.8032402     z 1.179938      occ H    1          beq 5            
			site H24    x 0.4323301     y 0.7775255     z 1.160748      occ H    1          beq 5            
			site H25    x 0.4678498     y 0.7968551     z 1.234056      occ H    1          beq 5            
			site C14    x 0.3984419     y 0.8557218     z 1.057121      occ C    1          beq 1.3          
			site C15    x 0.4214046     y 0.7555676     z 0.9766314     occ C    1          beq 1.3          
			site H26    x 0.3214367     y 0.7579901     z 0.9776161     occ H    1          beq 5            
			site C16    x 0.4678034     y 0.7717293     z 0.9067934     occ C    1          beq 1.3          
			site H27    x 0.5675211     y 0.7783009     z 0.9079691     occ H    1          beq 5            
			site H28    x 0.4486354     y 0.7311734     z 0.8798541     occ H    1          beq 5            
			site C17    x 0.4034696     y 0.8387691     z 0.876203      occ C    1          beq 1.3          
			site C18    x 0.4480322     y 0.9083639     z 0.8935886     occ C    1          beq 1.3          
			site H29    x 0.5201748     y 0.9146152     z 0.9254166     occ H    1          beq 5            
			site C19    x 0.3874194     y 0.9684286     z 0.8665266     occ C    1          beq 1.3          
			site H30    x 0.4178273     y 1.015368      z 0.8814294     occ H    1          beq 5            
			site C20    x 0.2866706     y 0.9616274     z 0.81985       occ C    1          beq 1.3          
			site H31    x 0.2521059     y 1.004454      z 0.8018863     occ H    1          beq 5            
			site C21    x 0.2435703     y 0.8932956     z 0.8002693     occ C    1          beq 1.3          
			site H32    x 0.180565      y 0.8900049     z 0.7682533     occ H    1          beq 5            
			site C22    x 0.3035302     y 0.8326582     z 0.8284316     occ C    1          beq 1.3          
			site H33    x 0.2786824     y 0.7884454     z 0.8148547     occ H    1          beq 5            
			site C23    x 0.4647594     y 0.6801647     z 0.9991486     occ C    1          beq 1.3          
			site H34    x 0.559712      y 0.6731833     z 0.9880638     occ H    1          beq 5            
			site H35    x 0.4572548     y 0.6776124     z 1.04711       occ H    1          beq 5            
			site C24    x 0.3829852     y 0.6198549     z 0.9694619     occ C    1          beq 1.3          
			site H36    x 0.3754491     y 0.6278597     z 0.9220019     occ H    1          beq 5            
			site C25    x 0.4439365     y 0.5438064     z 0.981177      occ C    1          beq 1.3          
			site H37    x 0.3758435     y 0.5077437     z 0.9682202     occ H    1          beq 5            
			site C26    x 0.477806      y 0.5291016     z 1.05463       occ C    1          beq 1.3          
			site H38    x 0.5654786     y 0.5519401     z 1.064785      occ H    1          beq 5            
			site H39    x 0.4102531     y 0.5531473     z 1.081608      occ H    1          beq 5            
			site C27    x 0.4848365     y 0.4508554     z 1.075297      occ C    1          beq 1.3          
			site C28    x 0.6068986     y 0.4152117     z 1.081295      occ C    1          beq 1.3          
			site H40    x 0.6877986     y 0.4385923     z 1.068317      occ H    1          beq 5            
			site C29    x 0.6136906     y 0.34421       z 1.105075      occ C    1          beq 1.3          
			site H41    x 0.6988547     y 0.3210911     z 1.108285      occ H    1          beq 5            
			site C30    x 0.4960187     y 0.3085571     z 1.121971      occ C    1          beq 1.3          
			site H42    x 0.5010824     y 0.2614629     z 1.138095      occ H    1          beq 5            
			site C31    x 0.3710564     y 0.343157      z 1.114242      occ C    1          beq 1.3          
			site H43    x 0.2922564     y 0.3185114     z 1.124635      occ H    1          beq 5            
			site C32    x 0.3664093     y 0.413456      z 1.091718      occ C    1          beq 1.3          
			site H44    x 0.2844165     y 0.4363124     z 1.088204      occ H    1          beq 5            
			site C33    x 0.5667108     y 0.5039184     z 0.8795644     occ C    1          beq 1.3          
			site C34    x 0.4496296     y 0.4471229     z 0.7949874     occ C    1          beq 1.3          
			site H45    x 0.5184674     y 0.4085175     z 0.793052      occ H    1          beq 5            
			site H46    x 0.4741092     y 0.4831219     z 0.7625332     occ H    1          beq 5            
			site C35    x 0.3117104     y 0.4207774     z 0.7786883     occ C    1          beq 1.3          
			site C36    x 0.2108693     y 0.4004233     z 0.820299      occ C    1          beq 1.3          
			site H47    x 0.2243592     y 0.3989179     z 0.8659426     occ H    1          beq 5            
			site C37    x 0.1080985     y 0.3744032     z 0.7284546     occ C    1          beq 1.3          
			site H48    x 0.04173718    y 0.3552265     z 0.7004423     occ H    1          beq 5                    

			TCHZ_Peak_Type(, 0.00505_0.00045,,-0.00540_0.00042,, 0.00133_0.00010,, 0,, 0.05609_0.00063,, 0)
		}
	} 
	
	
		    out "output.txt" append
for xdds {
Out(Get(xdd_path_name),  "%s\n")
Out(Get(r_wp),"\tRwp:\t%11.2f\n")
Out(Get(gof),"\tchisq:\t%11.2f\n")
'Out(Get(range),"%11.2f\n")
    for strs {
        Out(Get(phase_name),"%11.7s\t")
        Out(Get(weight_percent),"%11.1f\t", "\t+/-\t%11.1f\n")
        }
    }	
	
C_matrix_normalized
{
                             1   2   3   4   5   6   7   8   9  10  11  12  13  14  15  16  17  18  19  20  21  22  23  24  25  26  27  28  29  30  31  32  33  34  35  36  37  38  39  40  41  42  43  44  45  46  47  48  49  50  51  52  53  54  55  56  57  58  59  60  61  62  63  64  65  66  67  68  69  70  71  72  73  74  75  76  77  78  79  80  81  82  83  84  85  86  87  88  89  90  91  92  93  94  95
bkgf230a0              1:  100-100 100-100 100-100  99 -95  83-100   0  19   5  11  28 -21  17 -12 -17   0   0   0   0   0   0   0   0   0   0   0   0   0  -0   0   0   0   0   0   0   0   0   0   0   0   0   0   0  -0   0  -0   0  -0   0   0   0   0   0   0   0   0   0   0   0   0   0   0   0   0  -0   0  -0   0  -0   0   0   0   0   0   0   0   0   0   0   0   0   0   0  -0   0  -0   0  -0   0   0   0
bkgf23140              2: -100 100-100 100-100 100 -99  95 -83 100  -0 -19  -5 -10 -29  21 -17  12  17   0   0   0   0   0   0   0   0   0   0   0   0   0  -0   0   0   0   0   0   0   0   0   0   0   0   0   0   0  -0   0  -0   0  -0   0   0   0   0   0   0   0   0   0   0   0   0   0   0   0   0  -0   0  -0   0  -0   0   0   0   0   0   0   0   0   0   0   0   0   0   0  -0   0  -0   0  -0   0   0   0
bkgf231e0              3:  100-100 100-100 100-100  99 -95  84-100   0  19   6  10  30 -21  17 -12 -18   0   0   0   0   0   0   0   0   0   0   0   0   0  -0   0   0   0   0   0   0   0   0   0   0   0   0   0   0  -0   0  -0   0  -0   0   0   0   0   0   0   0   0   0   0   0   0   0   0   0   0  -0   0  -0   0  -0   0   0   0   0   0   0   0   0   0   0   0   0   0   0  -0   0  -0   0  -0   0   0   0
bkgf23280              4: -100 100-100 100-100 100 -99  96 -84 100  -0 -19  -6 -10 -30  21 -17  12  19   0   0   0   0   0   0   0   0   0   0   0   0   0  -0   0   0   0   0   0   0   0   0   0   0   0   0   0   0  -0   0  -0   0  -0   0   0   0   0   0   0   0   0   0   0   0   0   0   0   0   0  -0   0  -0   0  -0   0   0   0   0   0   0   0   0   0   0   0   0   0   0  -0   0  -0   0  -0   0   0   0
bkgf23320              5:  100-100 100-100 100-100  99 -95  84-100   1  18   5  11  29 -21  18 -12 -18   0   0   0   0   0   0   0   0   0   0   0   0   0  -0   0   0   0   0   0   0   0   0   0   0   0   0   0   0  -0   0  -0   0  -0   0   0   0   0   0   0   0   0   0   0   0   0   0   0   0   0  -0   0  -0   0  -0   0   0   0   0   0   0   0   0   0   0   0   0   0   0  -0   0  -0   0  -0   0   0   0
bkgf233c0              6: -100 100-100 100-100 100 -99  95 -82 100  -1 -17  -3 -12 -27  22 -19  13  16   0   0   0   0   0   0   0   0   0   0   0   0   0  -0   0   0   0   0   0   0   0   0   0   0   0   0   0   0  -0   0  -0   0  -0   0   0   0   0   0   0   0   0   0   0   0   0   0   0   0   0  -0   0  -0   0  -0   0   0   0   0   0   0   0   0   0   0   0   0   0   0  -0   0  -0   0  -0   0   0   0
bkgf23460              7:   99 -99  99 -99  99 -99 100 -95  85 -99   1  17   4   9  30 -24  21 -14 -18   0   0   0   0   0   0   0   0   0   0   0   0   0  -0   0   0   0   0   0   0   0   0   0   0   0   0   0   0  -0   0  -0   0  -0   0   0   0   0   0   0   0   0   0   0   0   0   0   0   0   0  -0   0  -0   0  -0   0   0   0   0   0   0   0   0   0   0   0   0   0   0  -0   0  -0   0  -0   0   0   0
bkgf23500              8:  -95  95 -95  96 -95  95 -95 100 -86  95  -1 -17 -11  -0 -37  25 -19  14  24   0   0   0   0   0   0   0   0   0   0   0   0   0  -0   0   0   0   0   0   0   0   0   0   0   0   0   0   0  -0   0  -0   0  -0   0   0   0   0   0   0   0   0   0   0   0   0   0   0   0   0  -0   0  -0   0  -0   0   0   0   0   0   0   0   0   0   0   0   0   0   0  -0   0  -0   0  -0   0   0   0
bkgf235a0              9:   83 -83  84 -84  84 -82  85 -86 100 -83   1  10  11  -8  42 -18  11  -7 -29   0   0   0   0   0   0   0   0   0   0   0   0   0  -0   0   0   0   0   0   0   0   0   0   0   0   0   0   0  -0   0  -0   0  -0   0   0   0   0   0   0   0   0   0   0   0   0   0   0   0   0  -0   0  -0   0  -0   0   0   0   0   0   0   0   0   0   0   0   0   0   0  -0   0  -0   0  -0   0   0   0
m612e060e_ca          10: -100 100-100 100-100 100 -99  95 -83 100  -0 -19  -5 -10 -29  21 -17  12  18   0   0   0   0   0   0   0   0   0   0   0   0   0  -0   0   0   0   0   0   0   0   0   0   0   0   0   0   0  -0   0  -0   0  -0   0   0   0   0   0   0   0   0   0   0   0   0   0   0   0   0  -0   0  -0   0  -0   0   0   0   0   0   0   0   0   0   0   0   0   0   0  -0   0  -0   0  -0   0   0   0
m612e060e_ff          11:    0  -0   0  -0   1  -1   1  -1   1  -0 100  -8  -7  -0   1 -15  15 -12   6   0   0   0   0   0   0   0   0   0   0   0   0   0  -0   0   0   0   0   0   0   0   0   0   0   0   0   0   0  -0   0  -0   0  -0   0   0   0   0   0   0   0   0   0   0   0   0   0   0   0   0  -0   0  -0   0  -0   0   0   0   0   0   0   0   0   0   0   0   0   0   0  -0   0  -0   0  -0   0   0   0
m612e060e_cb          12:   19 -19  19 -19  18 -17  17 -17  10 -19  -8 100  78 -12  -9   3  -9   9   4   0   0   0   0   0   0   0   0   0   0   0   0   0  -0   0   0   0   0   0   0   0   0   0   0   0   0   0   0  -0   0  -0   0  -0   0   0   0   0   0   0   0   0   0   0   0   0   0   0   0   0  -0   0  -0   0  -0   0   0   0   0   0   0   0   0   0   0   0   0   0   0  -0   0  -0   0  -0   0   0   0
scalee9d430_          13:    5  -5   6  -6   5  -3   4 -11  11  -5  -7  78 100 -53 -25   8 -11   8  10   0   0   0   0   0   0   0   0   0   0   0   0   0  -0   0   0   0   0   0   0   0   0   0   0   0   0   0   0  -0   0  -0   0  -0   0   0   0   0   0   0   0   0   0   0   0   0   0   0   0   0  -0   0  -0   0  -0   0   0   0   0   0   0   0   0   0   0   0   0   0   0  -0   0  -0   0  -0   0   0   0
m612e060e_cc          14:   11 -10  10 -10  11 -12   9  -0  -8 -10  -0 -12 -53 100  20  -4   1   5  -4   0   0   0   0   0   0   0   0   0   0   0   0   0  -0   0   0   0   0   0   0   0   0   0   0   0   0   0   0  -0   0  -0   0  -0   0   0   0   0   0   0   0   0   0   0   0   0   0   0   0   0  -0   0  -0   0  -0   0   0   0   0   0   0   0   0   0   0   0   0   0   0  -0   0  -0   0  -0   0   0   0
scalee9d598_          15:   28 -29  30 -30  29 -27  30 -37  42 -29   1  -9 -25  20 100 -18  13 -14 -70   0   0   0   0   0   0   0   0   0   0   0   0   0  -0   0   0   0   0   0   0   0   0   0   0   0   0   0   0  -0   0  -0   0  -0   0   0   0   0   0   0   0   0   0   0   0   0   0   0   0   0  -0   0  -0   0  -0   0   0   0   0   0   0   0   0   0   0   0   0   0   0  -0   0  -0   0  -0   0   0   0
m612e060e_cf          16:  -21  21 -21  21 -21  22 -24  25 -18  21 -15   3   8  -4 -18 100 -59  48   7   0   0   0   0   0   0   0   0   0   0   0   0   0  -0   0   0   0   0   0   0   0   0   0   0   0   0   0   0  -0   0  -0   0  -0   0   0   0   0   0   0   0   0   0   0   0   0   0   0   0   0  -0   0  -0   0  -0   0   0   0   0   0   0   0   0   0   0   0   0   0   0  -0   0  -0   0  -0   0   0   0
m612e060e_d0          17:   17 -17  17 -17  18 -19  21 -19  11 -17  15  -9 -11   1  13 -59 100 -93   6   0   0   0   0   0   0   0   0   0   0   0   0   0  -0   0   0   0   0   0   0   0   0   0   0   0   0   0   0  -0   0  -0   0  -0   0   0   0   0   0   0   0   0   0   0   0   0   0   0   0   0  -0   0  -0   0  -0   0   0   0   0   0   0   0   0   0   0   0   0   0   0  -0   0  -0   0  -0   0   0   0
m612e060e_d1          18:  -12  12 -12  12 -12  13 -14  14  -7  12 -12   9   8   5 -14  48 -93 100  -6   0   0   0   0   0   0   0   0   0   0   0   0   0  -0   0   0   0   0   0   0   0   0   0   0   0   0   0   0  -0   0  -0   0  -0   0   0   0   0   0   0   0   0   0   0   0   0   0   0   0   0  -0   0  -0   0  -0   0   0   0   0   0   0   0   0   0   0   0   0   0   0  -0   0  -0   0  -0   0   0   0
m612e060e_d2          19:  -17  17 -18  19 -18  16 -18  24 -29  18   6   4  10  -4 -70   7   6  -6 100   0   0   0   0   0   0   0   0   0   0   0   0   0  -0   0   0   0   0   0   0   0   0   0   0   0   0   0   0  -0   0  -0   0  -0   0   0   0   0   0   0   0   0   0   0   0   0   0   0   0   0  -0   0  -0   0  -0   0   0   0   0   0   0   0   0   0   0   0   0   0   0  -0   0  -0   0  -0   0   0   0
bkgf23640             20:    0   0   0   0   0   0   0   0   0   0   0   0   0   0   0   0   0   0   0 100-100 100-100 100-100  99 -95  83-100   0  17   4   9  29  -6  13 -12 -19   0   0   0   0   0   0   0   0   0  -0   0  -0   0  -0   0   0   0   0   0   0   0   0   0   0   0   0   0   0   0   0  -0   0  -0   0  -0   0   0   0   0   0   0   0   0   0   0   0   0   0   0  -0   0  -0   0  -0   0   0   0
bkgf236e0             21:    0   0   0   0   0   0   0   0   0   0   0   0   0   0   0   0   0   0   0-100 100-100 100-100 100 -99  95 -83 100  -0 -17  -5  -9 -29   6 -13  12  19   0   0   0   0   0   0   0   0   0  -0   0  -0   0  -0   0   0   0   0   0   0   0   0   0   0   0   0   0   0   0   0  -0   0  -0   0  -0   0   0   0   0   0   0   0   0   0   0   0   0   0   0  -0   0  -0   0  -0   0   0   0
bkgf23780             22:    0   0   0   0   0   0   0   0   0   0   0   0   0   0   0   0   0   0   0 100-100 100-100 100-100  99 -95  84-100   0  17   5   9  30  -6  13 -12 -19   0   0   0   0   0   0   0   0   0  -0   0  -0   0  -0   0   0   0   0   0   0   0   0   0   0   0   0   0   0   0   0  -0   0  -0   0  -0   0   0   0   0   0   0   0   0   0   0   0   0   0   0  -0   0  -0   0  -0   0   0   0
bkgf23820             23:    0   0   0   0   0   0   0   0   0   0   0   0   0   0   0   0   0   0   0-100 100-100 100-100 100 -99  96 -84 100  -0 -17  -5  -9 -30   6 -13  12  20   0   0   0   0   0   0   0   0   0  -0   0  -0   0  -0   0   0   0   0   0   0   0   0   0   0   0   0   0   0   0   0  -0   0  -0   0  -0   0   0   0   0   0   0   0   0   0   0   0   0   0   0  -0   0  -0   0  -0   0   0   0
bkgf238c0             24:    0   0   0   0   0   0   0   0   0   0   0   0   0   0   0   0   0   0   0 100-100 100-100 100-100  99 -95  84-100   0  16   4   9  29  -6  13 -12 -19   0   0   0   0   0   0   0   0   0  -0   0  -0   0  -0   0   0   0   0   0   0   0   0   0   0   0   0   0   0   0   0  -0   0  -0   0  -0   0   0   0   0   0   0   0   0   0   0   0   0   0   0  -0   0  -0   0  -0   0   0   0
bkgf23960             25:    0   0   0   0   0   0   0   0   0   0   0   0   0   0   0   0   0   0   0-100 100-100 100-100 100 -99  95 -82 100  -0 -15  -1 -11 -27   6 -14  13  18   0   0   0   0   0   0   0   0   0  -0   0  -0   0  -0   0   0   0   0   0   0   0   0   0   0   0   0   0   0   0   0  -0   0  -0   0  -0   0   0   0   0   0   0   0   0   0   0   0   0   0   0  -0   0  -0   0  -0   0   0   0
bkgf23a00             26:    0   0   0   0   0   0   0   0   0   0   0   0   0   0   0   0   0   0   0  99 -99  99 -99  99 -99 100 -95  85 -99   0  15   4   8  30  -6  15 -15 -20   0   0   0   0   0   0   0   0   0  -0   0  -0   0  -0   0   0   0   0   0   0   0   0   0   0   0   0   0   0   0   0  -0   0  -0   0  -0   0   0   0   0   0   0   0   0   0   0   0   0   0   0  -0   0  -0   0  -0   0   0   0
bkgf23aa0             27:    0   0   0   0   0   0   0   0   0   0   0   0   0   0   0   0   0   0   0 -95  95 -95  96 -95  95 -95 100 -85  95  -0 -16 -11   1 -34   6 -14  14  23   0   0   0   0   0   0   0   0   0  -0   0  -0   0  -0   0   0   0   0   0   0   0   0   0   0   0   0   0   0   0   0  -0   0  -0   0  -0   0   0   0   0   0   0   0   0   0   0   0   0   0   0  -0   0  -0   0  -0   0   0   0
bkgf23b40             28:    0   0   0   0   0   0   0   0   0   0   0   0   0   0   0   0   0   0   0  83 -83  84 -84  84 -82  85 -85 100 -83   1  11  13  -9  36  -5   7  -7 -26   0   0   0   0   0   0   0   0   0  -0   0  -0   0  -0   0   0   0   0   0   0   0   0   0   0   0   0   0   0   0   0  -0   0  -0   0  -0   0   0   0   0   0   0   0   0   0   0   0   0   0   0  -0   0  -0   0  -0   0   0   0
m612e060e_d3          29:    0   0   0   0   0   0   0   0   0   0   0   0   0   0   0   0   0   0   0-100 100-100 100-100 100 -99  95 -83 100  -0 -17  -5  -9 -29   6 -13  12  19   0   0   0   0   0   0   0   0   0  -0   0  -0   0  -0   0   0   0   0   0   0   0   0   0   0   0   0   0   0   0   0  -0   0  -0   0  -0   0   0   0   0   0   0   0   0   0   0   0   0   0   0  -0   0  -0   0  -0   0   0   0
m612e060e_100         30:    0   0   0   0   0   0   0   0   0   0   0   0   0   0   0   0   0   0   0   0  -0   0  -0   0  -0   0  -0   1  -0 100  -7  -8   1   6  -5  12 -11  -1   0   0   0   0   0   0   0   0   0  -0   0  -0   0  -0   0   0   0   0   0   0   0   0   0   0   0   0   0   0   0   0  -0   0  -0   0  -0   0   0   0   0   0   0   0   0   0   0   0   0   0   0  -0   0  -0   0  -0   0   0   0
m612e060e_d4          31:    0   0   0   0   0   0   0   0   0   0   0   0   0   0   0   0   0   0   0  17 -17  17 -17  16 -15  15 -16  11 -17  -7 100  76 -12  15  -4  -4   5   6   0   0   0   0   0   0   0   0   0  -0   0  -0   0  -0   0   0   0   0   0   0   0   0   0   0   0   0   0   0   0   0  -0   0  -0   0  -0   0   0   0   0   0   0   0   0   0   0   0   0   0   0  -0   0  -0   0  -0   0   0   0
scalee9d700_          32:    0   0   0   0   0   0   0   0   0   0   0   0   0   0   0   0   0   0   0   4  -5   5  -5   4  -1   4 -11  13  -5  -8  76 100 -55 -10   2  -6   6  18   0   0   0   0   0   0   0   0   0  -0   0  -0   0  -0   0   0   0   0   0   0   0   0   0   0   0   0   0   0   0   0  -0   0  -0   0  -0   0   0   0   0   0   0   0   0   0   0   0   0   0   0  -0   0  -0   0  -0   0   0   0
m612e060e_d5          33:   -0  -0  -0  -0  -0  -0  -0  -0  -0  -0  -0  -0  -0  -0  -0  -0  -0  -0  -0   9  -9   9  -9   9 -11   8   1  -9  -9   1 -12 -55 100  21  -8  -2   4 -15   0   0   0   0   0   0   0   0   0  -0   0  -0   0  -0   0   0   0   0   0   0   0   0   0   0   0   0   0   0   0   0  -0   0  -0   0  -0   0   0   0   0   0   0   0   0   0   0   0   0   0   0  -0   0  -0   0  -0   0   0   0
scalee9d868_          34:    0   0   0   0   0   0   0   0   0   0   0   0   0   0   0   0   0   0   0  29 -29  30 -30  29 -27  30 -34  36 -29   6  15 -10  21 100  -0   3  -8 -69   0   0   0   0   0   0   0   0   0  -0   0  -0   0  -0   0   0   0   0   0   0   0   0   0   0   0   0   0   0   0   0  -0   0  -0   0  -0   0   0   0   0   0   0   0   0   0   0   0   0   0   0  -0   0  -0   0  -0   0   0   0
m612e060e_d8          35:    0   0   0   0   0   0   0   0   0   0   0   0   0   0   0   0   0   0   0  -6   6  -6   6  -6   6  -6   6  -5   6  -5  -4   2  -8  -0 100  14 -27   8   0   0   0   0   0   0   0   0   0  -0   0  -0   0  -0   0   0   0   0   0   0   0   0   0   0   0   0   0   0   0   0  -0   0  -0   0  -0   0   0   0   0   0   0   0   0   0   0   0   0   0   0  -0   0  -0   0  -0   0   0   0
m612e060e_d9          36:    0   0   0   0   0   0   0   0   0   0   0   0   0   0   0   0   0   0   0  13 -13  13 -13  13 -14  15 -14   7 -13  12  -4  -6  -2   3  14 100 -97   4   0   0   0   0   0   0   0   0   0  -0   0  -0   0  -0   0   0   0   0   0   0   0   0   0   0   0   0   0   0   0   0  -0   0  -0   0  -0   0   0   0   0   0   0   0   0   0   0   0   0   0   0  -0   0  -0   0  -0   0   0   0
m612e060e_da          37:    0   0   0   0   0   0   0   0   0   0   0   0   0   0   0   0   0   0   0 -12  12 -12  12 -12  13 -15  14  -7  12 -11   5   6   4  -8 -27 -97 100  -2   0   0   0   0   0   0   0   0   0  -0   0  -0   0  -0   0   0   0   0   0   0   0   0   0   0   0   0   0   0   0   0  -0   0  -0   0  -0   0   0   0   0   0   0   0   0   0   0   0   0   0   0  -0   0  -0   0  -0   0   0   0
m612e060e_db          38:    0   0   0   0   0   0   0   0   0   0   0   0   0   0   0   0   0   0   0 -19  19 -19  20 -19  18 -20  23 -26  19  -1   6  18 -15 -69   8   4  -2 100   0   0   0   0   0   0   0   0   0  -0   0  -0   0  -0   0   0   0   0   0   0   0   0   0   0   0   0   0   0   0   0  -0   0  -0   0  -0   0   0   0   0   0   0   0   0   0   0   0   0   0   0  -0   0  -0   0  -0   0   0   0
bkgf23be0             39:    0   0   0   0   0   0   0   0   0   0   0   0   0   0   0   0   0   0   0   0   0   0   0   0   0   0   0   0   0   0   0   0   0   0   0   0   0   0 100-100 100-100 100-100  99 -94  80-100   0   1 -23  15  16  -0  -7   3 -23   0   0   0   0   0   0   0   0   0   0   0  -0   0  -0   0  -0   0   0   0   0   0   0   0   0   0   0   0   0   0   0  -0   0  -0   0  -0   0   0   0
bkgf23c80             40:    0   0   0   0   0   0   0   0   0   0   0   0   0   0   0   0   0   0   0   0   0   0   0   0   0   0   0   0   0   0   0   0   0   0   0   0   0   0-100 100-100 100-100 100 -99  94 -80 100  -0  -2  23 -15 -16   0   7  -3  23   0   0   0   0   0   0   0   0   0   0   0  -0   0  -0   0  -0   0   0   0   0   0   0   0   0   0   0   0   0   0   0  -0   0  -0   0  -0   0   0   0
bkgf23d20             41:    0   0   0   0   0   0   0   0   0   0   0   0   0   0   0   0   0   0   0   0   0   0   0   0   0   0   0   0   0   0   0   0   0   0   0   0   0   0 100-100 100-100 100 -99  99 -94  81-100   0   2 -22  14  17  -0  -8   3 -24   0   0   0   0   0   0   0   0   0   0   0  -0   0  -0   0  -0   0   0   0   0   0   0   0   0   0   0   0   0   0   0  -0   0  -0   0  -0   0   0   0
bkgf23dc0             42:    0   0   0   0   0   0   0   0   0   0   0   0   0   0   0   0   0   0   0   0   0   0   0   0   0   0   0   0   0   0   0   0   0   0   0   0   0   0-100 100-100 100-100 100 -99  94 -81 100  -0  -1  21 -14 -16   0   8  -3  24   0   0   0   0   0   0   0   0   0   0   0  -0   0  -0   0  -0   0   0   0   0   0   0   0   0   0   0   0   0   0   0  -0   0  -0   0  -0   0   0   0
bkgf23e60             43:    0   0   0   0   0   0   0   0   0   0   0   0   0   0   0   0   0   0   0   0   0   0   0   0   0   0   0   0   0   0   0   0   0   0   0   0   0   0 100-100 100-100 100-100  99 -94  80-100   0   0 -23  15  15  -0  -7   3 -23   0   0   0   0   0   0   0   0   0   0   0  -0   0  -0   0  -0   0   0   0   0   0   0   0   0   0   0   0   0   0   0  -0   0  -0   0  -0   0   0   0
bkgf23f00             44:    0   0   0   0   0   0   0   0   0   0   0   0   0   0   0   0   0   0   0   0   0   0   0   0   0   0   0   0   0   0   0   0   0   0   0   0   0   0-100 100 -99 100-100 100 -99  93 -78 100  -0   1  25 -17 -13   1   7  -2  21   0   0   0   0   0   0   0   0   0   0   0  -0   0  -0   0  -0   0   0   0   0   0   0   0   0   0   0   0   0   0   0  -0   0  -0   0  -0   0   0   0
bkgf23fa0             45:    0   0   0   0   0   0   0   0   0   0   0   0   0   0   0   0   0   0   0   0   0   0   0   0   0   0   0   0   0   0   0   0   0   0   0   0   0   0  99 -99  99 -99  99 -99 100 -94  82 -99   0   1 -19  12  16  -1  -8   2 -23   0   0   0   0   0   0   0   0   0   0   0  -0   0  -0   0  -0   0   0   0   0   0   0   0   0   0   0   0   0   0   0  -0   0  -0   0  -0   0   0   0
bkgf24040             46:    0   0   0   0   0   0   0   0   0   0   0   0   0   0   0   0   0   0   0   0   0   0   0   0   0   0   0   0   0   0   0   0   0   0   0   0   0   0 -94  94 -94  94 -94  93 -94 100 -85  94  -0  -3   2   3 -18  -1   8  -4  26   0   0   0   0   0   0   0   0   0   0   0  -0   0  -0   0  -0   0   0   0   0   0   0   0   0   0   0   0   0   0   0  -0   0  -0   0  -0   0   0   0
bkgf240e0             47:    0   0   0   0   0   0   0   0   0   0   0   0   0   0   0   0   0   0   0   0   0   0   0   0   0   0   0   0   0   0   0   0   0   0   0   0   0   0  80 -80  81 -81  80 -78  82 -85 100 -80   1   5  15 -17  19   1  -7   5 -26   0   0   0   0   0   0   0   0   0   0   0  -0   0  -0   0  -0   0   0   0   0   0   0   0   0   0   0   0   0   0   0  -0   0  -0   0  -0   0   0   0
m612e060e_dc          48:   -0  -0  -0  -0  -0  -0  -0  -0  -0  -0  -0  -0  -0  -0  -0  -0  -0  -0  -0  -0  -0  -0  -0  -0  -0  -0  -0  -0  -0  -0  -0  -0  -0  -0  -0  -0  -0  -0-100 100-100 100-100 100 -99  94 -80 100  -0  -1  22 -14 -16   0   7  -3  23   0   0   0   0   0   0   0   0   0   0   0  -0   0  -0   0  -0   0   0   0   0   0   0   0   0   0   0   0   0   0   0  -0   0  -0   0  -0   0   0   0
m612e060e_101         49:    0   0   0   0   0   0   0   0   0   0   0   0   0   0   0   0   0   0   0   0   0   0   0   0   0   0   0   0   0   0   0   0   0   0   0   0   0   0   0  -0   0  -0   0  -0   0  -0   1  -0 100   1  -2  -3   2   5  -3   6  -4   0   0   0   0   0   0   0   0   0   0   0  -0   0  -0   0  -0   0   0   0   0   0   0   0   0   0   0   0   0   0   0  -0   0  -0   0  -0   0   0   0
m612e060e_dd          50:   -0  -0  -0  -0  -0  -0  -0  -0  -0  -0  -0  -0  -0  -0  -0  -0  -0  -0  -0  -0  -0  -0  -0  -0  -0  -0  -0  -0  -0  -0  -0  -0  -0  -0  -0  -0  -0  -0   1  -2   2  -1   0   1   1  -3   5  -1   1 100   4   1  87 -39 -12 -25 -13   0   0   0   0   0   0   0   0   0   0   0  -0   0  -0   0  -0   0   0   0   0   0   0   0   0   0   0   0   0   0   0  -0   0  -0   0  -0   0   0   0
scalee9d9d0_          51:    0   0   0   0   0   0   0   0   0   0   0   0   0   0   0   0   0   0   0   0   0   0   0   0   0   0   0   0   0   0   0   0   0   0   0   0   0   0 -23  23 -22  21 -23  25 -19   2  15  22  -2   4 100 -85 -13   3   8   4  20   0   0   0   0   0   0   0   0   0   0   0  -0   0  -0   0  -0   0   0   0   0   0   0   0   0   0   0   0   0   0   0  -0   0  -0   0  -0   0   0   0
m612e060e_de          52:   -0  -0  -0  -0  -0  -0  -0  -0  -0  -0  -0  -0  -0  -0  -0  -0  -0  -0  -0  -0  -0  -0  -0  -0  -0  -0  -0  -0  -0  -0  -0  -0  -0  -0  -0  -0  -0  -0  15 -15  14 -14  15 -17  12   3 -17 -14  -3   1 -85 100  11  -5  -3  -5 -11   0   0   0   0   0   0   0   0   0   0   0  -0   0  -0   0  -0   0   0   0   0   0   0   0   0   0   0   0   0   0   0  -0   0  -0   0  -0   0   0   0
scalee9db38_          53:    0   0   0   0   0   0   0   0   0   0   0   0   0   0   0   0   0   0   0   0   0   0   0   0   0   0   0   0   0   0   0   0   0   0   0   0   0   0  16 -16  17 -16  15 -13  16 -18  19 -16   2  87 -13  11 100 -31 -27 -22 -42   0   0   0   0   0   0   0   0   0   0   0  -0   0  -0   0  -0   0   0   0   0   0   0   0   0   0   0   0   0   0   0  -0   0  -0   0  -0   0   0   0
m612e060e_e1          54:    0   0   0   0   0   0   0   0   0   0   0   0   0   0   0   0   0   0   0   0   0   0   0   0   0   0   0   0   0   0   0   0   0   0   0   0   0   0  -0   0  -0   0  -0   1  -1  -1   1   0   5 -39   3  -5 -31 100  30  93  -2   0   0   0   0   0   0   0   0   0   0   0  -0   0  -0   0  -0   0   0   0   0   0   0   0   0   0   0   0   0   0   0  -0   0  -0   0  -0   0   0   0
m612e060e_e2          55:    0   0   0   0   0   0   0   0   0   0   0   0   0   0   0   0   0   0   0   0   0   0   0   0   0   0   0   0   0   0   0   0   0   0   0   0   0   0  -7   7  -8   8  -7   7  -8   8  -7   7  -3 -12   8  -3 -27  30 100  40  16   0   0   0   0   0   0   0   0   0   0   0  -0   0  -0   0  -0   0   0   0   0   0   0   0   0   0   0   0   0   0   0  -0   0  -0   0  -0   0   0   0
m612e060e_e3          56:    0   0   0   0   0   0   0   0   0   0   0   0   0   0   0   0   0   0   0   0   0   0   0   0   0   0   0   0   0   0   0   0   0   0   0   0   0   0   3  -3   3  -3   3  -2   2  -4   5  -3   6 -25   4  -5 -22  93  40 100  -3   0   0   0   0   0   0   0   0   0   0   0  -0   0  -0   0  -0   0   0   0   0   0   0   0   0   0   0   0   0   0   0  -0   0  -0   0  -0   0   0   0
m612e060e_e4          57:    0   0   0   0   0   0   0   0   0   0   0   0   0   0   0   0   0   0   0   0   0   0   0   0   0   0   0   0   0   0   0   0   0   0   0   0   0   0 -23  23 -24  24 -23  21 -23  26 -26  23  -4 -13  20 -11 -42  -2  16  -3 100   0   0   0   0   0   0   0   0   0   0   0  -0   0  -0   0  -0   0   0   0   0   0   0   0   0   0   0   0   0   0   0  -0   0  -0   0  -0   0   0   0
bkgf24180             58:    0   0   0   0   0   0   0   0   0   0   0   0   0   0   0   0   0   0   0   0   0   0   0   0   0   0   0   0   0   0   0   0   0   0   0   0   0   0   0   0   0   0   0   0   0   0   0   0   0   0   0   0   0   0   0   0   0 100-100 100-100 100-100  99 -95  84-100   1   7 -13  13  20  -2  -4   2 -22   0   0   0   0   0   0   0   0   0   0   0  -0   0  -0   0  -0   0   0   0
bkgf24220             59:    0   0   0   0   0   0   0   0   0   0   0   0   0   0   0   0   0   0   0   0   0   0   0   0   0   0   0   0   0   0   0   0   0   0   0   0   0   0   0   0   0   0   0   0   0   0   0   0   0   0   0   0   0   0   0   0   0-100 100-100 100-100 100 -99  95 -84 100  -1  -8  12 -13 -21   2   4  -2  22   0   0   0   0   0   0   0   0   0   0   0  -0   0  -0   0  -0   0   0   0
bkgf242c0             60:    0   0   0   0   0   0   0   0   0   0   0   0   0   0   0   0   0   0   0   0   0   0   0   0   0   0   0   0   0   0   0   0   0   0   0   0   0   0   0   0   0   0   0   0   0   0   0   0   0   0   0   0   0   0   0   0   0 100-100 100-100 100-100  99 -95  85-100   1   8 -12  13  21  -2  -4   2 -22   0   0   0   0   0   0   0   0   0   0   0  -0   0  -0   0  -0   0   0   0
bkgf24360             61:    0   0   0   0   0   0   0   0   0   0   0   0   0   0   0   0   0   0   0   0   0   0   0   0   0   0   0   0   0   0   0   0   0   0   0   0   0   0   0   0   0   0   0   0   0   0   0   0   0   0   0   0   0   0   0   0   0-100 100-100 100-100 100 -99  96 -85 100  -1  -7  12 -13 -21   2   4  -2  23   0   0   0   0   0   0   0   0   0   0   0  -0   0  -0   0  -0   0   0   0
bkgf24400             62:    0   0   0   0   0   0   0   0   0   0   0   0   0   0   0   0   0   0   0   0   0   0   0   0   0   0   0   0   0   0   0   0   0   0   0   0   0   0   0   0   0   0   0   0   0   0   0   0   0   0   0   0   0   0   0   0   0 100-100 100-100 100-100  99 -95  85-100   1   6 -13  13  19  -2  -4   2 -22   0   0   0   0   0   0   0   0   0   0   0  -0   0  -0   0  -0   0   0   0
bkgf244a0             63:    0   0   0   0   0   0   0   0   0   0   0   0   0   0   0   0   0   0   0   0   0   0   0   0   0   0   0   0   0   0   0   0   0   0   0   0   0   0   0   0   0   0   0   0   0   0   0   0   0   0   0   0   0   0   0   0   0-100 100-100 100-100 100 -99  95 -83 100  -1  -5  15 -15 -17   2   3  -2  20   0   0   0   0   0   0   0   0   0   0   0  -0   0  -0   0  -0   0   0   0
bkgf24540             64:    0   0   0   0   0   0   0   0   0   0   0   0   0   0   0   0   0   0   0   0   0   0   0   0   0   0   0   0   0   0   0   0   0   0   0   0   0   0   0   0   0   0   0   0   0   0   0   0   0   0   0   0   0   0   0   0   0  99 -99  99 -99  99 -99 100 -95  86 -99   0   7 -11  11  20  -3  -4   2 -22   0   0   0   0   0   0   0   0   0   0   0  -0   0  -0   0  -0   0   0   0
bkgf245e0             65:    0   0   0   0   0   0   0   0   0   0   0   0   0   0   0   0   0   0   0   0   0   0   0   0   0   0   0   0   0   0   0   0   0   0   0   0   0   0   0   0   0   0   0   0   0   0   0   0   0   0   0   0   0   0   0   0   0 -95  95 -95  96 -95  95 -95 100 -86  95  -0  -8   1  -3 -24   2   5  -2  26   0   0   0   0   0   0   0   0   0   0   0  -0   0  -0   0  -0   0   0   0
bkgf24680             66:    0   0   0   0   0   0   0   0   0   0   0   0   0   0   0   0   0   0   0   0   0   0   0   0   0   0   0   0   0   0   0   0   0   0   0   0   0   0   0   0   0   0   0   0   0   0   0   0   0   0   0   0   0   0   0   0   0  84 -84  85 -85  85 -83  86 -86 100 -84   0   9   8  -6  26  -2  -6   2 -28   0   0   0   0   0   0   0   0   0   0   0  -0   0  -0   0  -0   0   0   0
m612e060e_e5          67:    0   0   0   0   0   0   0   0   0   0   0   0   0   0   0   0   0   0   0   0   0   0   0   0   0   0   0   0   0   0   0   0   0   0   0   0   0   0   0   0   0   0   0   0   0   0   0   0   0   0   0   0   0   0   0   0   0-100 100-100 100-100 100 -99  95 -84 100  -1  -7  12 -13 -20   2   4  -2  22   0   0   0   0   0   0   0   0   0   0   0  -0   0  -0   0  -0   0   0   0
m612e060e_102         68:    0   0   0   0   0   0   0   0   0   0   0   0   0   0   0   0   0   0   0   0   0   0   0   0   0   0   0   0   0   0   0   0   0   0   0   0   0   0   0   0   0   0   0   0   0   0   0   0   0   0   0   0   0   0   0   0   0   1  -1   1  -1   1  -1   0  -0   0  -1 100  -0  -8   4   3   3  -5   5  -5   0   0   0   0   0   0   0   0   0   0   0  -0   0  -0   0  -0   0   0   0
m612e060e_e6          69:   -0  -0  -0  -0  -0  -0  -0  -0  -0  -0  -0  -0  -0  -0  -0  -0  -0  -0  -0  -0  -0  -0  -0  -0  -0  -0  -0  -0  -0  -0  -0  -0  -0  -0  -0  -0  -0  -0  -0  -0  -0  -0  -0  -0  -0  -0  -0  -0  -0  -0  -0  -0  -0  -0  -0  -0  -0   7  -8   8  -7   6  -5   7  -8   9  -7  -0 100  42  -4  84 -39  -9 -26  -9   0   0   0   0   0   0   0   0   0   0   0  -0   0  -0   0  -0   0   0   0
scalee9dca0_          70:    0   0   0   0   0   0   0   0   0   0   0   0   0   0   0   0   0   0   0   0   0   0   0   0   0   0   0   0   0   0   0   0   0   0   0   0   0   0   0   0   0   0   0   0   0   0   0   0   0   0   0   0   0   0   0   0   0 -13  12 -12  12 -13  15 -11   1   8  12  -8  42 100 -72  20 -17   3 -10  16   0   0   0   0   0   0   0   0   0   0   0  -0   0  -0   0  -0   0   0   0
m612e060e_e7          71:   -0  -0  -0  -0  -0  -0  -0  -0  -0  -0  -0  -0  -0  -0  -0  -0  -0  -0  -0  -0  -0  -0  -0  -0  -0  -0  -0  -0  -0  -0  -0  -0  -0  -0  -0  -0  -0  -0  -0  -0  -0  -0  -0  -0  -0  -0  -0  -0  -0  -0  -0  -0  -0  -0  -0  -0  -0  13 -13  13 -13  13 -15  11  -3  -6 -13   4  -4 -72 100   8   0  -3  -0 -13   0   0   0   0   0   0   0   0   0   0   0  -0   0  -0   0  -0   0   0   0
scalee9de08_          72:    0   0   0   0   0   0   0   0   0   0   0   0   0   0   0   0   0   0   0   0   0   0   0   0   0   0   0   0   0   0   0   0   0   0   0   0   0   0   0   0   0   0   0   0   0   0   0   0   0   0   0   0   0   0   0   0   0  20 -21  21 -21  19 -17  20 -24  26 -20   3  84  20   8 100 -29 -23 -21 -42   0   0   0   0   0   0   0   0   0   0   0  -0   0  -0   0  -0   0   0   0
m612e060e_ea          73:   -0  -0  -0  -0  -0  -0  -0  -0  -0  -0  -0  -0  -0  -0  -0  -0  -0  -0  -0  -0  -0  -0  -0  -0  -0  -0  -0  -0  -0  -0  -0  -0  -0  -0  -0  -0  -0  -0  -0  -0  -0  -0  -0  -0  -0  -0  -0  -0  -0  -0  -0  -0  -0  -0  -0  -0  -0  -2   2  -2   2  -2   2  -3   2  -2   2   3 -39 -17   0 -29 100  22  93  -4   0   0   0   0   0   0   0   0   0   0   0  -0   0  -0   0  -0   0   0   0
m612e060e_eb          74:    0   0   0   0   0   0   0   0   0   0   0   0   0   0   0   0   0   0   0   0   0   0   0   0   0   0   0   0   0   0   0   0   0   0   0   0   0   0   0   0   0   0   0   0   0   0   0   0   0   0   0   0   0   0   0   0   0  -4   4  -4   4  -4   3  -4   5  -6   4  -5  -9   3  -3 -23  22 100  28  15   0   0   0   0   0   0   0   0   0   0   0  -0   0  -0   0  -0   0   0   0
m612e060e_ec          75:    0   0   0   0   0   0   0   0   0   0   0   0   0   0   0   0   0   0   0   0   0   0   0   0   0   0   0   0   0   0   0   0   0   0   0   0   0   0   0   0   0   0   0   0   0   0   0   0   0   0   0   0   0   0   0   0   0   2  -2   2  -2   2  -2   2  -2   2  -2   5 -26 -10  -0 -21  93  28 100  -4   0   0   0   0   0   0   0   0   0   0   0  -0   0  -0   0  -0   0   0   0
m612e060e_ed          76:    0   0   0   0   0   0   0   0   0   0   0   0   0   0   0   0   0   0   0   0   0   0   0   0   0   0   0   0   0   0   0   0   0   0   0   0   0   0   0   0   0   0   0   0   0   0   0   0   0   0   0   0   0   0   0   0   0 -22  22 -22  23 -22  20 -22  26 -28  22  -5  -9  16 -13 -42  -4  15  -4 100   0   0   0   0   0   0   0   0   0   0   0  -0   0  -0   0  -0   0   0   0
bkgf24720             77:    0   0   0   0   0   0   0   0   0   0   0   0   0   0   0   0   0   0   0   0   0   0   0   0   0   0   0   0   0   0   0   0   0   0   0   0   0   0   0   0   0   0   0   0   0   0   0   0   0   0   0   0   0   0   0   0   0   0   0   0   0   0   0   0   0   0   0   0   0   0   0   0   0   0   0   0 100-100 100-100 100-100  99 -95  84-100   1   6 -18  15  18  -1  -2   2 -23
bkgf247c0             78:    0   0   0   0   0   0   0   0   0   0   0   0   0   0   0   0   0   0   0   0   0   0   0   0   0   0   0   0   0   0   0   0   0   0   0   0   0   0   0   0   0   0   0   0   0   0   0   0   0   0   0   0   0   0   0   0   0   0   0   0   0   0   0   0   0   0   0   0   0   0   0   0   0   0   0   0-100 100-100 100-100 100 -99  95 -84 100  -1  -6  18 -15 -19   1   2  -2  23
bkgf24860             79:    0   0   0   0   0   0   0   0   0   0   0   0   0   0   0   0   0   0   0   0   0   0   0   0   0   0   0   0   0   0   0   0   0   0   0   0   0   0   0   0   0   0   0   0   0   0   0   0   0   0   0   0   0   0   0   0   0   0   0   0   0   0   0   0   0   0   0   0   0   0   0   0   0   0   0   0 100-100 100-100 100-100  99 -95  84-100   1   6 -17  15  20  -1  -2   2 -23
bkgf24900             80:    0   0   0   0   0   0   0   0   0   0   0   0   0   0   0   0   0   0   0   0   0   0   0   0   0   0   0   0   0   0   0   0   0   0   0   0   0   0   0   0   0   0   0   0   0   0   0   0   0   0   0   0   0   0   0   0   0   0   0   0   0   0   0   0   0   0   0   0   0   0   0   0   0   0   0   0-100 100-100 100-100 100 -99  96 -84 100  -1  -6  17 -14 -19   1   2  -2  24
bkgf249a0             81:    0   0   0   0   0   0   0   0   0   0   0   0   0   0   0   0   0   0   0   0   0   0   0   0   0   0   0   0   0   0   0   0   0   0   0   0   0   0   0   0   0   0   0   0   0   0   0   0   0   0   0   0   0   0   0   0   0   0   0   0   0   0   0   0   0   0   0   0   0   0   0   0   0   0   0   0 100-100 100-100 100-100  99 -95  84-100   1   5 -18  15  18  -0  -2   2 -23
bkgf24a40             82:    0   0   0   0   0   0   0   0   0   0   0   0   0   0   0   0   0   0   0   0   0   0   0   0   0   0   0   0   0   0   0   0   0   0   0   0   0   0   0   0   0   0   0   0   0   0   0   0   0   0   0   0   0   0   0   0   0   0   0   0   0   0   0   0   0   0   0   0   0   0   0   0   0   0   0   0-100 100-100 100-100 100 -99  95 -82 100  -1  -4  20 -17 -16   1   2  -2  21
bkgf24ae0             83:    0   0   0   0   0   0   0   0   0   0   0   0   0   0   0   0   0   0   0   0   0   0   0   0   0   0   0   0   0   0   0   0   0   0   0   0   0   0   0   0   0   0   0   0   0   0   0   0   0   0   0   0   0   0   0   0   0   0   0   0   0   0   0   0   0   0   0   0   0   0   0   0   0   0   0   0  99 -99  99 -99  99 -99 100 -95  86 -99   1   5 -16  13  18  -1  -2   2 -23
bkgf24b80             84:    0   0   0   0   0   0   0   0   0   0   0   0   0   0   0   0   0   0   0   0   0   0   0   0   0   0   0   0   0   0   0   0   0   0   0   0   0   0   0   0   0   0   0   0   0   0   0   0   0   0   0   0   0   0   0   0   0   0   0   0   0   0   0   0   0   0   0   0   0   0   0   0   0   0   0   0 -95  95 -95  96 -95  95 -95 100 -85  95  -1  -7   6  -4 -22   1   4  -3  27
bkgf24c20             85:    0   0   0   0   0   0   0   0   0   0   0   0   0   0   0   0   0   0   0   0   0   0   0   0   0   0   0   0   0   0   0   0   0   0   0   0   0   0   0   0   0   0   0   0   0   0   0   0   0   0   0   0   0   0   0   0   0   0   0   0   0   0   0   0   0   0   0   0   0   0   0   0   0   0   0   0  84 -84  84 -84  84 -82  86 -85 100 -84   0   8   6  -5  24  -1  -4   2 -29
m612e060e_ee          86:    0   0   0   0   0   0   0   0   0   0   0   0   0   0   0   0   0   0   0   0   0   0   0   0   0   0   0   0   0   0   0   0   0   0   0   0   0   0   0   0   0   0   0   0   0   0   0   0   0   0   0   0   0   0   0   0   0   0   0   0   0   0   0   0   0   0   0   0   0   0   0   0   0   0   0   0-100 100-100 100-100 100 -99  95 -84 100  -1  -6  18 -15 -19   1   2  -2  23
m612e060e_103         87:    0   0   0   0   0   0   0   0   0   0   0   0   0   0   0   0   0   0   0   0   0   0   0   0   0   0   0   0   0   0   0   0   0   0   0   0   0   0   0   0   0   0   0   0   0   0   0   0   0   0   0   0   0   0   0   0   0   0   0   0   0   0   0   0   0   0   0   0   0   0   0   0   0   0   0   0   1  -1   1  -1   1  -1   1  -1   0  -1 100   1  -7   4   3   2  -3   4  -7
m612e060e_ef          88:   -0  -0  -0  -0  -0  -0  -0  -0  -0  -0  -0  -0  -0  -0  -0  -0  -0  -0  -0  -0  -0  -0  -0  -0  -0  -0  -0  -0  -0  -0  -0  -0  -0  -0  -0  -0  -0  -0  -0  -0  -0  -0  -0  -0  -0  -0  -0  -0  -0  -0  -0  -0  -0  -0  -0  -0  -0  -0  -0  -0  -0  -0  -0  -0  -0  -0  -0  -0  -0  -0  -0  -0  -0  -0  -0  -0   6  -6   6  -6   5  -4   5  -7   8  -6   1 100  25   0  86 -41 -11 -27 -12
scalee9df70_          89:    0   0   0   0   0   0   0   0   0   0   0   0   0   0   0   0   0   0   0   0   0   0   0   0   0   0   0   0   0   0   0   0   0   0   0   0   0   0   0   0   0   0   0   0   0   0   0   0   0   0   0   0   0   0   0   0   0   0   0   0   0   0   0   0   0   0   0   0   0   0   0   0   0   0   0   0 -18  18 -17  17 -18  20 -16   6   6  18  -7  25 100 -78   8 -10   2  -7  18
m612e060e_f0          90:   -0  -0  -0  -0  -0  -0  -0  -0  -0  -0  -0  -0  -0  -0  -0  -0  -0  -0  -0  -0  -0  -0  -0  -0  -0  -0  -0  -0  -0  -0  -0  -0  -0  -0  -0  -0  -0  -0  -0  -0  -0  -0  -0  -0  -0  -0  -0  -0  -0  -0  -0  -0  -0  -0  -0  -0  -0  -0  -0  -0  -0  -0  -0  -0  -0  -0  -0  -0  -0  -0  -0  -0  -0  -0  -0  -0  15 -15  15 -14  15 -17  13  -4  -5 -15   4   0 -78 100  11  -2  -3  -1 -14
scalee9e0d8_          91:    0   0   0   0   0   0   0   0   0   0   0   0   0   0   0   0   0   0   0   0   0   0   0   0   0   0   0   0   0   0   0   0   0   0   0   0   0   0   0   0   0   0   0   0   0   0   0   0   0   0   0   0   0   0   0   0   0   0   0   0   0   0   0   0   0   0   0   0   0   0   0   0   0   0   0   0  18 -19  20 -19  18 -16  18 -22  24 -19   3  86   8  11 100 -31 -22 -22 -42
m612e060e_f3          92:   -0  -0  -0  -0  -0  -0  -0  -0  -0  -0  -0  -0  -0  -0  -0  -0  -0  -0  -0  -0  -0  -0  -0  -0  -0  -0  -0  -0  -0  -0  -0  -0  -0  -0  -0  -0  -0  -0  -0  -0  -0  -0  -0  -0  -0  -0  -0  -0  -0  -0  -0  -0  -0  -0  -0  -0  -0  -0  -0  -0  -0  -0  -0  -0  -0  -0  -0  -0  -0  -0  -0  -0  -0  -0  -0  -0  -1   1  -1   1  -0   1  -1   1  -1   1   2 -41 -10  -2 -31 100  19  94  -1
m612e060e_f4          93:    0   0   0   0   0   0   0   0   0   0   0   0   0   0   0   0   0   0   0   0   0   0   0   0   0   0   0   0   0   0   0   0   0   0   0   0   0   0   0   0   0   0   0   0   0   0   0   0   0   0   0   0   0   0   0   0   0   0   0   0   0   0   0   0   0   0   0   0   0   0   0   0   0   0   0   0  -2   2  -2   2  -2   2  -2   4  -4   2  -3 -11   2  -3 -22  19 100  23  13
m612e060e_f5          94:    0   0   0   0   0   0   0   0   0   0   0   0   0   0   0   0   0   0   0   0   0   0   0   0   0   0   0   0   0   0   0   0   0   0   0   0   0   0   0   0   0   0   0   0   0   0   0   0   0   0   0   0   0   0   0   0   0   0   0   0   0   0   0   0   0   0   0   0   0   0   0   0   0   0   0   0   2  -2   2  -2   2  -2   2  -3   2  -2   4 -27  -7  -1 -22  94  23 100  -2
m612e060e_f6          95:    0   0   0   0   0   0   0   0   0   0   0   0   0   0   0   0   0   0   0   0   0   0   0   0   0   0   0   0   0   0   0   0   0   0   0   0   0   0   0   0   0   0   0   0   0   0   0   0   0   0   0   0   0   0   0   0   0   0   0   0   0   0   0   0   0   0   0   0   0   0   0   0   0   0   0   0 -23  23 -23  24 -23  21 -23  27 -29  23  -7 -12  18 -14 -42  -1  13  -2 100
}