

do_errors

macro instr_par {

x_calculation_step 0.01

LP_Factor( 0)
Rp 141
Rs 141

Full_Axial_Model(12, 15, 12,  !sol  2.17416_0.01775 , !sol  2.17416_0.01775)

Divergence(, 0.88912_0.01009)
	
lam
	ymin_on_ymax 0.0001
	la   0.63647_0.00646 lo 1.540596  lh   0.56368_0.01691
	la   0.35268_0.00255 lo 1.544493  lh   0.67334_0.01305
		
start_X 5
finish_X 50

}

'++++++++++++++++++++++++++++++++++++++++++++++++++++++++++++++++++++++++++++
xdd 1912_RVR_10ul_mill_Ace.raw

r_wp  7.13284341 r_exp  3.28624663 r_p  5.68817162 r_wp_dash  13.2117429 r_p_dash  11.1405305 r_exp_dash  6.08691977 weighted_Durbin_Watson  0.453317497 gof  2.17051372

chi2_convergence_criteria 0.00001
iters 100000
instr_par 

	bkg  @  351.56376`_628.521685  34.1725964`_653.853956 -295.350263`_340.099339  210.275549`_175.263099  6.88267714`_90.1457933 -148.753824`_45.722772  45.5639345`_23.7385433  69.6402175`_11.5934778 -78.4480746`_6.3113721
	One_on_X(@, 5621.21112`_9950.83892)
	
	Specimen_Displacement(@,-0.09176`_0.01182)
	
	Surface_Roughness_Suortti(, 0, @, 0.02843`_0.01052)	
		
	str
		phase_name "Form I"
		scale   @  4.62622206e-005`_5.792e-006
		CS_L(@, 20.00000`_2.43581_LIMIT_MIN_20 min 20)
		'Strain_G(, 0.78988_0.01602)
		r_bragg  3.57813012	
		weight_percent  39.362`_3.755


	str
		phase_name "Form II"
		PO_Two_Directions(@, 1.00000`_0.03652_LIMIT_MAX_1 min 0.5 max 1,, 0 0 1,@, 1.00000`_5.98787_LIMIT_MIN_0.5 min 0.5 max 1,, 0 1 1,@, 0.99000`_1497697.59114_LIMIT_MIN_0.01 min 0.01 max 0.99)		
		scale   @  1.63484842e-005`_1.563e-006
		CS_L(@, 20.00000`_1.79088_LIMIT_MIN_20 min 20)
		'Strain_G(, 0.78988_0.01602)
		r_bragg  4.02472703
		weight_percent  60.638`_3.755
		
'+++++++++++++++++++++++++++++++++++++++++++++++++++++++++++++++++++++++++++++++++++++++++++++++++++++++++++++++++++


xdd 1911_RVR_20ul_mill_Ace.raw

r_wp  11.6820984 r_exp  3.45160313 r_p  9.03842796 r_wp_dash  14.3483108 r_p_dash  11.4516974 r_exp_dash  4.23936459 weighted_Durbin_Watson  0.25810286 gof  3.38454277

chi2_convergence_criteria 0.00001
iters 100000
instr_par 

	bkg  @  148.812368`_495.675945  135.003358`_515.015532 -93.0452689`_268.155254  0.977331646`_138.451461  56.0234343`_71.3306252 -48.9586519`_35.9172948  17.0483685`_18.8762513 -0.482890865`_9.3690902  13.7596826`_5.30202714
	One_on_X(@, 3190.28421`_7853.24314)
	
	Specimen_Displacement(@,-0.09557`_0.00077)
	
	Surface_Roughness_Suortti(, 0, @, 0.01809`_0.00135)	
		
	str
		phase_name "Form I"
		scale   @  0.000279118146`_3.366e-006
		CS_L(@, 67.59448`_1.00845)
		'Strain_G(, 0.78988_0.01602)
		r_bragg  4.53383099	
		weight_percent  95.076`_0.866


	str
		phase_name "Form II"
		PO_Two_Directions(@, 1.00000`_8.01492_LIMIT_MIN_0.5 min 0.5 max 1,, 0 0 1,@, 0.73095`_0.20439_LIMIT_MIN_0.5 min 0.5 max 1,, 0 1 1,@, 0.01000`_1.07823_LIMIT_MIN_0.01 min 0.01 max 0.99)		
		scale   @  3.31570803e-006`_6.12e-007
		CS_L(@, 44.21994`_11.32214_LIMIT_MIN_20 min 20)
		'Strain_G(, 0.78988_0.01602)
		r_bragg  4.32298184
		weight_percent  4.924`_0.866

'+++++++++++++++++++++++++++++++++++++++++++++++++++++++++++++++++++++++++++++++++++++++++++++++++++++++++++++++++++

xdd 1909_RVR_30ul_mill_Ace.raw

r_wp  10.7549247 r_exp  3.09045295 r_p  8.38946018 r_wp_dash  13.1390075 r_p_dash  10.4420006 r_exp_dash  3.77552478 weighted_Durbin_Watson  0.237788152 gof  3.48004802

chi2_convergence_criteria 0.00001
iters 100000
instr_par 
	
	bkg  @  169.215953`_522.359056  121.825496`_542.750544 -114.464`_282.609309  37.3005167`_145.999781  35.7892242`_75.3243707 -49.3977327`_38.0578142  25.5729585`_20.1079669 -1.72224741`_10.1172067  10.8431389`_5.72929078
	One_on_X(@, 3172.33800`_8275.05965)
	
	Specimen_Displacement(@,-0.14464`_0.00077)
	
	Surface_Roughness_Suortti(, 0, @, 0.01196`_0.00134)	
		
	str
		phase_name "Form I"
		scale   @  0.000244102881`_3.301e-006
		CS_L(@, 69.10313`_1.22681)
		'Strain_G(, 0.78988_0.01602)
		r_bragg  4.72244073	
		weight_percent  61.133`_0.532


	str
		phase_name "Form II"
		PO_Two_Directions(@, 0.50000`_0.25160_LIMIT_MIN_0.5 min 0.5 max 1,, 0 0 1,@, 0.89851`_0.01173_LIMIT_MAX_1 min 0.5 max 1,, 0 1 1,@, 0.01283`_0.01923_LIMIT_MIN_0.01 min 0.01 max 0.99)		
		scale   @  3.56005953e-005`_6.374e-007
		CS_L(@, 68.59835`_1.89517)
		'Strain_G(, 0.78988_0.01602)
		r_bragg  4.59757424
		weight_percent  38.867`_0.532
		
'+++++++++++++++++++++++++++++++++++++++++++++++++++++++++++++++++++++++++++++++++++++++++++++++++++++++++++++++++++

xdd 1908_RVR_40ul_mill_Ace.raw

r_wp  9.03117997 r_exp  3.61553662 r_p  7.15095129 r_wp_dash  11.1083664 r_p_dash  9.08675182 r_exp_dash  4.44711606 weighted_Durbin_Watson  0.371583632 gof  2.49788093

chi2_convergence_criteria 0.00001
iters 100000
instr_par 

	bkg  @  144.630291`_481.715931  136.821954`_500.426215 -66.1777357`_260.431688 -12.6198183`_134.454133  61.7514441`_69.3336061 -63.8685457`_34.9670442  29.2620626`_18.3916169 -3.22956181`_9.15044524  10.7437426`_5.23255417
	One_on_X(@, 3056.21747`_7632.10636)
	
	Specimen_Displacement(@,-0.07698`_0.00111)
	
	Surface_Roughness_Suortti(, 0, @, 0.01360`_0.00255)	
		
	str
		phase_name "Form I"
		scale   @  6.38645773e-005`_2.272e-006
		CS_L(@, 57.43942`_2.96552)
		'Strain_G(, 0.78988_0.01602)
		r_bragg  4.24439116	
		weight_percent  23.451`_0.719


	str
		phase_name "Form II"
		PO_Two_Directions(@, 0.50000`_0.07918_LIMIT_MIN_0.5 min 0.5 max 1,, 0 0 1,@, 0.92664`_0.00927_LIMIT_MAX_1 min 0.5 max 1,, 0 1 1,@, 0.03108`_0.01426_LIMIT_MIN_0.01 min 0.01 max 0.99)		
		scale   @  4.78207444e-005`_8.822e-007
		CS_L(@, 59.95131`_1.11494)
		'Strain_G(, 0.78988_0.01602)
		r_bragg  4.01944435
		weight_percent  76.549`_0.719

'+++++++++++++++++++++++++++++++++++++++++++++++++++++++++++++++++++++++++++++++++++++++++++++++++++++++++++++++++++


xdd 1964_RVR_50ul_mill_Ace_051120.raw

r_wp  11.0338571 r_exp  3.52284824 r_p  8.7300715 r_wp_dash  13.0217812 r_p_dash  10.5320368 r_exp_dash  4.15754517 weighted_Durbin_Watson  0.314925333 gof  3.13208413

chi2_convergence_criteria 0.00001
iters 100000
instr_par 

	bkg  @  134.480478`_484.765141  107.155163`_503.014431 -20.3556988`_261.254066 -25.801134`_134.936474  52.4875317`_69.8508919 -55.6451813`_35.4787789  32.9811109`_18.4634827 -8.99484787`_9.0285465  11.0325305`_5.17871024
	One_on_X(@, 3042.02491`_7671.67347)
	
	Specimen_Displacement(@,-0.05848`_0.00065)
	
	Surface_Roughness_Suortti(, 0, @, 0.00010`_0.00234_LIMIT_MIN_0.0001)	
		
	str
		phase_name "Form I"
		scale   @  1e-015`_2.429e-006_LIMIT_MIN_1e-015
		CS_L(@, 30.00000`_92068915780.92677_LIMIT_MIN_30 min 30)
		'Strain_G(, 0.78988_0.01602)
		r_bragg  3.27473962	
		weight_percent  0.000`_0.817


	str
		phase_name "Form II"
		PO_Two_Directions(@, 0.50000`_0.04153_LIMIT_MIN_0.5 min 0.5 max 1,, 0 0 1,@, 0.90240`_0.00601 min 0.5 max 1,, 0 1 1,@, 0.04099`_0.00952_LIMIT_MIN_0.01 min 0.01 max 0.99)		
		scale   @  6.81765393e-005`_1.073e-006
		CS_L(@, 77.52910`_1.02538)
		'Strain_G(, 0.78988_0.01602)
		r_bragg  5.10720678
		weight_percent  100.000`_0.817
		
'+++++++++++++++++++++++++++++++++++++++++++++++++++++++++++++++++++++++++++++++++++++++++++++++++++++++++++++++++++

	for xdds {
		for strs 1 to 1 {
			phase_name "Form I"
			a 13.5013  
			b 5.3156   
			c 27.206   
			al 90       
			be 103.100  
			ga 90       
			volume  1901.695
			space_group "P21"
			site S1     x 0.35854       y -0.3042       z 0.0828        occ S    1          beq 5.0          
			site S2     x 0.6765        y -0.0272       z 0.5796        occ S    1          beq 5.0          
			site O1     x 0.06731573    y 0.2579195     z 0.1653642     occ O    1          beq 1.0          
			site O2     x 0.325108      y -0.3411536    z 0.2410573     occ O    1          beq 1.0          
			site O3     x 0.6138861     y -0.2784702    z 0.3152426     occ O    1          beq 1.0          
			site O4     x 0.7132568     y 0.4682356     z 0.4218754     occ O    1          beq 1.0          
			site O5     x 0.6634911     y 0.1612888     z 0.4689292     occ O    1          beq 1.0          
			site N1     x 0.19051       y -0.1067       z 0.03872       occ N    1          beq 5.0          
			site N2     x 0.0313276     y -0.0565598    z 0.1073648     occ N    1          beq 5.0          
			site N3     x 0.1275591     y -0.1313638    z 0.1874036     occ N    1          beq 5.0          
			site N4     x 0.3584886     y 0.07659476    z 0.2392733     occ N    1          beq 5.0          
			site N5     x 0.6920265     y 0.05918629    z 0.3942263     occ N    1          beq 5.0          
			site N6     x 0.5333        y 0.1822        z 0.6115        occ N    1          beq 5.0          
			site C1     x 0.3780        y -0.174        z -0.0328       occ C    1          beq 3.1          
			site C2     x 0.27107       y 0.1653        z -0.0293       occ C    1          beq 3.1          
			site C3     x 0.33162       y 0.0268        z 0.0025        occ C    1          beq 3.1          
			site C4     x 0.28658       y -0.1086       z 0.0383        occ C    1          beq 3.1          
			site C5     x 0.17149       y -0.2570       z 0.07674       occ C    1          beq 3.1          
			site C6     x 0.25069       y -0.3730       z 0.10309       occ C    1          beq 3.1          
			site C7     x 0.06839485    y -0.2797227    z 0.08666616    occ C    1          beq 3.1          
			site C8     x -0.02920256   y 0.1219333     z 0.0701063     occ C    1          beq 3.1          
			site C9     x 0.07540194    y 0.03557182    z 0.1543817     occ C    1          beq 3.1          
			site C10    x 0.1859836     y -0.05025262   z 0.2366758     occ C    1          beq 3.1          
			site C11    x 0.14496       y -0.132        z 0.2826        occ C    1          beq 3.1          
			site C12    x 0.0315        y -0.111        z 0.2726        occ C    1          beq 3.1          
			site C13    x 0.1973        y 0.029         z 0.32734       occ C    1          beq 3.1          
			site C14    x 0.29653       y -0.1190367    z 0.2396261     occ C    1          beq 3.1          
			site C15    x 0.4673816     y 0.05253735    z 0.2397287     occ C    1          beq 3.1          
			site C16    x 0.48560       y 0.2175        z 0.19614       occ C    1          beq 3.1          
			site C17    x 0.59484       y 0.2269        z 0.1914        occ C    1          beq 3.1          
			site C18    x 0.6348        y 0.047         z 0.16544       occ C    1          beq 3.1          
			site C19    x 0.7376        y 0.047         z 0.16359       occ C    1          beq 3.1          
			site C20    x 0.8013        y 0.237         z 0.1877        occ C    1          beq 3.1          
			site C21    x 0.76096       y 0.4195        z 0.2135        occ C    1          beq 3.1          
			site C22    x 0.66065       y 0.4168        z 0.2156        occ C    1          beq 3.1          
			site C23    x 0.5333368     y 0.1242047     z 0.2918692     occ C    1          beq 3.1          
			site C24    x 0.6327268     y -0.02102908   z 0.3034901     occ C    1          beq 3.1          
			site C25    x 0.7172396     y 0.09103542    z 0.3451716     occ C    1          beq 3.1          
			site C26    x 0.81355       y -0.0613       z 0.3467        occ C    1          beq 3.1          
			site C27    x 0.90800       y 0.0362        z 0.3830        occ C    1          beq 3.1          
			site C28    x 0.9621        y 0.2350        z 0.3693        occ C    1          beq 3.1          
			site C29    x 1.04894       y 0.321         z 0.4019        occ C    1          beq 3.1          
			site C30    x 1.0825        y 0.2120        z 0.4480        occ C    1          beq 3.1          
			site C31    x 1.0293        y 0.0127        z 0.4620        occ C    1          beq 3.1          
			site C32    x 0.9416        y -0.0708       z 0.4291        occ C    1          beq 3.1          
			site C33    x 0.6925762     y 0.2474776     z 0.4264247     occ C    1          beq 3.1          
			site C34    x 0.6564        y 0.34908       z 0.50556       occ C    1          beq 3.1          
			site C35    x 0.6207        y 0.2334        z 0.54762       occ C    1          beq 3.1          
			site C36    x 0.5460        y 0.3137        z 0.5701        occ C    1          beq 3.1          
			site C37    x 0.5980        y -0.0024       z 0.6204        occ C    1          beq 3.1                  

			TCHZ_Peak_Type(, 0.00505_0.00045,,-0.00540_0.00042,, 0.00133_0.00010,, 0,, 0.05609_0.00063,, 0)
			
		}
		
		for strs 2 to 2 {
			phase_name "Form II"
			a 10.0299  
			b 18.7348  
			c 20.5787  
			al 90       
			be 90       
			ga 90       
			volume  3866.906
			space_group "P212121"
			site S1     x 0.4770622     y 1.278621      z 0.8712921     occ S    1          beq 5.0          
			site S2     x 0.2593037     y 0.4065051     z 0.6986439     occ S    1          beq 5.0          
			site O1     x 0.6261882     y 1.004327      z 1.030148      occ O    1          beq 1.9          
			site O2     x 0.2740301     y 0.8559269     z 1.054512      occ O    1          beq 1.9          
			site O3     x 0.2507436     y 0.6242204     z 0.9982544     occ O    1          beq 1.9          
			site H1     x 0.2024092     y 0.5917323     z 0.9832701     occ H    1          beq 5            
			site O4     x 0.668879      y 0.4992502     z 0.8457461     occ O    1          beq 1.9          
			site O5     x 0.4453965     y 0.4783307     z 0.8598796     occ O    1          beq 1.9          
			site N1     x 0.5157048     y 1.145959      z 0.9011856     occ N    1          beq 5.0          
			site N2     x 0.4749961     y 1.096082      z 1.045097      occ N    1          beq 5.0          
			site N3     x 0.4347775     y 0.9823546     z 1.088669      occ N    1          beq 5.0          
			site H2     x 0.3576215     y 0.9987829     z 1.102481      occ H    1          beq 5            
			site N4     x 0.4767037     y 0.8107748     z 1.022025      occ N    1          beq 5.0          
			site H3     x 0.5635533     y 0.8141379     z 1.0264        occ H    1          beq 5            
			site N5     x 0.5651665     y 0.5333709     z 0.9403356     occ N    1          beq 5.0          
			site H4     x 0.6420931     y 0.5462032     z 0.9573815     occ H    1          beq 5            
			site N6     x 0.09449473    y 0.3735085     z 0.7920592     occ N    1          beq 5.0          
			site C1     x 0.5875129     y 1.135346      z 0.7510341     occ C    1          beq 1.3          
			site H5     x 0.6255522     y 1.101636      z 0.7782234     occ H    1          beq 5            
			site H6     x 0.6393177     y 1.180252      z 0.7501505     occ H    1          beq 5            
			site H7     x 0.5658088     y 1.120405      z 0.7085733     occ H    1          beq 5            
			site C2     x 0.4561591     y 1.159282      z 0.7830758     occ C    1          beq 1.3          
			site H8     x 0.3922392     y 1.11475       z 0.78744       occ H    1          beq 5            
			site C3     x 0.382221      y 1.215771      z 0.7414859     occ C    1          beq 1.3          
			site H9     x 0.4255612     y 1.255581      z 0.7351643     occ H    1          beq 5            
			site H10    x 0.2878954     y 1.227712      z 0.7654397     occ H    1          beq 5            
			site H11    x 0.3460859     y 1.192549      z 0.7007278     occ H    1          beq 5            
			site C4     x 0.4854377     y 1.18795       z 0.851268      occ C    1          beq 1.3          
			site C5     x 0.5149743     y 1.257731      z 0.95158       occ C    1          beq 1.3          
			site H12    x 0.5282918     y 1.291469      z 0.9848283     occ H    1          beq 5            
			site C6     x 0.5309408     y 1.185867      z 0.9582588     occ C    1          beq 1.3          
			site C7     x 0.57452       y 1.14908       z 1.02185       occ C    1          beq 1.3          
			site H13    x 0.6608838     y 1.124008      z 1.012729      occ H    1          beq 5            
			site H14    x 0.5906979     y 1.184315      z 1.05618       occ H    1          beq 5            
			site C8     x 0.3509532     y 1.123774      z 1.074076      occ C    1          beq 1.3          
			site H15    x 0.3605852     y 1.126969      z 1.120398      occ H    1          beq 5            
			site H16    x 0.2766787     y 1.092443      z 1.062883      occ H    1          beq 5            
			site H17    x 0.3326929     y 1.17155       z 1.056186      occ H    1          beq 5            
			site C9     x 0.5170232     y 1.02589       z 1.053989      occ C    1          beq 1.3          
			site C10    x 0.4749415     y 0.9076204     z 1.103368      occ C    1          beq 1.3          
			site H18    x 0.5723288     y 0.9016458     z 1.095937      occ H    1          beq 5            
			site C11    x 0.4380812     y 0.8892566     z 1.175912      occ C    1          beq 1.3          
			site H19    x 0.3438365     y 0.8918235     z 1.183711      occ H    1          beq 5            
			site C12    x 0.5099216     y 0.9408812     z 1.223993      occ C    1          beq 1.3          
			site H20    x 0.6128796     y 0.935485      z 1.216173      occ H    1          beq 5            
			site H21    x 0.4969926     y 0.9249276     z 1.268494      occ H    1          beq 5            
			site H22    x 0.4866453     y 0.9870927     z 1.216456      occ H    1          beq 5            
			site C13    x 0.4782072     y 0.8109879     z 1.190519      occ C    1          beq 1.3          
			site H23    x 0.5795906     y 0.8032402     z 1.179938      occ H    1          beq 5            
			site H24    x 0.4323301     y 0.7775255     z 1.160748      occ H    1          beq 5            
			site H25    x 0.4678498     y 0.7968551     z 1.234056      occ H    1          beq 5            
			site C14    x 0.3984419     y 0.8557218     z 1.057121      occ C    1          beq 1.3          
			site C15    x 0.4214046     y 0.7555676     z 0.9766314     occ C    1          beq 1.3          
			site H26    x 0.3214367     y 0.7579901     z 0.9776161     occ H    1          beq 5            
			site C16    x 0.4678034     y 0.7717293     z 0.9067934     occ C    1          beq 1.3          
			site H27    x 0.5675211     y 0.7783009     z 0.9079691     occ H    1          beq 5            
			site H28    x 0.4486354     y 0.7311734     z 0.8798541     occ H    1          beq 5            
			site C17    x 0.4034696     y 0.8387691     z 0.876203      occ C    1          beq 1.3          
			site C18    x 0.4480322     y 0.9083639     z 0.8935886     occ C    1          beq 1.3          
			site H29    x 0.5201748     y 0.9146152     z 0.9254166     occ H    1          beq 5            
			site C19    x 0.3874194     y 0.9684286     z 0.8665266     occ C    1          beq 1.3          
			site H30    x 0.4178273     y 1.015368      z 0.8814294     occ H    1          beq 5            
			site C20    x 0.2866706     y 0.9616274     z 0.81985       occ C    1          beq 1.3          
			site H31    x 0.2521059     y 1.004454      z 0.8018863     occ H    1          beq 5            
			site C21    x 0.2435703     y 0.8932956     z 0.8002693     occ C    1          beq 1.3          
			site H32    x 0.180565      y 0.8900049     z 0.7682533     occ H    1          beq 5            
			site C22    x 0.3035302     y 0.8326582     z 0.8284316     occ C    1          beq 1.3          
			site H33    x 0.2786824     y 0.7884454     z 0.8148547     occ H    1          beq 5            
			site C23    x 0.4647594     y 0.6801647     z 0.9991486     occ C    1          beq 1.3          
			site H34    x 0.559712      y 0.6731833     z 0.9880638     occ H    1          beq 5            
			site H35    x 0.4572548     y 0.6776124     z 1.04711       occ H    1          beq 5            
			site C24    x 0.3829852     y 0.6198549     z 0.9694619     occ C    1          beq 1.3          
			site H36    x 0.3754491     y 0.6278597     z 0.9220019     occ H    1          beq 5            
			site C25    x 0.4439365     y 0.5438064     z 0.981177      occ C    1          beq 1.3          
			site H37    x 0.3758435     y 0.5077437     z 0.9682202     occ H    1          beq 5            
			site C26    x 0.477806      y 0.5291016     z 1.05463       occ C    1          beq 1.3          
			site H38    x 0.5654786     y 0.5519401     z 1.064785      occ H    1          beq 5            
			site H39    x 0.4102531     y 0.5531473     z 1.081608      occ H    1          beq 5            
			site C27    x 0.4848365     y 0.4508554     z 1.075297      occ C    1          beq 1.3          
			site C28    x 0.6068986     y 0.4152117     z 1.081295      occ C    1          beq 1.3          
			site H40    x 0.6877986     y 0.4385923     z 1.068317      occ H    1          beq 5            
			site C29    x 0.6136906     y 0.34421       z 1.105075      occ C    1          beq 1.3          
			site H41    x 0.6988547     y 0.3210911     z 1.108285      occ H    1          beq 5            
			site C30    x 0.4960187     y 0.3085571     z 1.121971      occ C    1          beq 1.3          
			site H42    x 0.5010824     y 0.2614629     z 1.138095      occ H    1          beq 5            
			site C31    x 0.3710564     y 0.343157      z 1.114242      occ C    1          beq 1.3          
			site H43    x 0.2922564     y 0.3185114     z 1.124635      occ H    1          beq 5            
			site C32    x 0.3664093     y 0.413456      z 1.091718      occ C    1          beq 1.3          
			site H44    x 0.2844165     y 0.4363124     z 1.088204      occ H    1          beq 5            
			site C33    x 0.5667108     y 0.5039184     z 0.8795644     occ C    1          beq 1.3          
			site C34    x 0.4496296     y 0.4471229     z 0.7949874     occ C    1          beq 1.3          
			site H45    x 0.5184674     y 0.4085175     z 0.793052      occ H    1          beq 5            
			site H46    x 0.4741092     y 0.4831219     z 0.7625332     occ H    1          beq 5            
			site C35    x 0.3117104     y 0.4207774     z 0.7786883     occ C    1          beq 1.3          
			site C36    x 0.2108693     y 0.4004233     z 0.820299      occ C    1          beq 1.3          
			site H47    x 0.2243592     y 0.3989179     z 0.8659426     occ H    1          beq 5            
			site C37    x 0.1080985     y 0.3744032     z 0.7284546     occ C    1          beq 1.3          
			site H48    x 0.04173718    y 0.3552265     z 0.7004423     occ H    1          beq 5                    

			TCHZ_Peak_Type(, 0.00505_0.00045,,-0.00540_0.00042,, 0.00133_0.00010,, 0,, 0.05609_0.00063,, 0)
		}
	} 
	
		    out "output.txt" append
for xdds {
Out(Get(xdd_path_name),  "%s\n")
Out(Get(r_wp),"\tRwp:\t%11.2f\n")
Out(Get(gof),"\tchisq:\t%11.2f\n")
'Out(Get(range),"%11.2f\n")
    for strs {
        Out(Get(phase_name),"%11.7s\t")
        Out(Get(weight_percent),"%11.1f\t", "\t+/-\t%11.1f\n")
        }
    }	
    
	
C_matrix_normalized
{
                             1   2   3   4   5   6   7   8   9  10  11  12  13  14  15  16  17  18  19  20  21  22  23  24  25  26  27  28  29  30  31  32  33  34  35  36  37  38  39  40  41  42  43  44  45  46  47  48  49  50  51  52  53  54  55  56  57  58  59  60  61  62  63  64  65  66  67  68  69  70  71  72  73  74  75  76  77  78  79  80  81  82  83  84  85  86  87  88  89  90  91  92  93  94  95
bkgf230a0              1:  100-100 100-100 100-100  99 -93  76-100  -6  28  -9  19  39 -13  -4   3 -17   0   0   0   0   0   0   0   0   0   0   0   0   0  -0   0   0  -0   0   0   0   0   0   0   0   0   0   0   0  -0   0   0   0  -0   0   0   0   0   0   0   0   0   0   0   0   0   0   0   0   0  -0   0  -0   0  -0   0   0   0   0   0   0   0   0   0   0   0   0  -0   0  -0   0  -0   0   0   0   0   0
bkgf23140              2: -100 100-100 100-100 100 -99  93 -76 100   5 -28   8 -19 -40  13   4  -3  18   0   0   0   0   0   0   0   0   0   0   0   0   0  -0   0   0  -0   0   0   0   0   0   0   0   0   0   0   0  -0   0   0   0  -0   0   0   0   0   0   0   0   0   0   0   0   0   0   0   0   0  -0   0  -0   0  -0   0   0   0   0   0   0   0   0   0   0   0   0  -0   0  -0   0  -0   0   0   0   0   0
bkgf231e0              3:  100-100 100-100 100 -99  99 -94  77-100  -5  29  -7  18  40 -14  -5   3 -18   0   0   0   0   0   0   0   0   0   0   0   0   0  -0   0   0  -0   0   0   0   0   0   0   0   0   0   0   0  -0   0   0   0  -0   0   0   0   0   0   0   0   0   0   0   0   0   0   0   0   0  -0   0  -0   0  -0   0   0   0   0   0   0   0   0   0   0   0   0  -0   0  -0   0  -0   0   0   0   0   0
bkgf23280              4: -100 100-100 100-100  99 -99  94 -77 100   5 -28   8 -18 -40  14   5  -3  19   0   0   0   0   0   0   0   0   0   0   0   0   0  -0   0   0  -0   0   0   0   0   0   0   0   0   0   0   0  -0   0   0   0  -0   0   0   0   0   0   0   0   0   0   0   0   0   0   0   0   0  -0   0  -0   0  -0   0   0   0   0   0   0   0   0   0   0   0   0  -0   0  -0   0  -0   0   0   0   0   0
bkgf23320              5:  100-100 100-100 100-100  99 -93  77-100  -5  26 -10  19  39 -13  -5   3 -18   0   0   0   0   0   0   0   0   0   0   0   0   0  -0   0   0  -0   0   0   0   0   0   0   0   0   0   0   0  -0   0   0   0  -0   0   0   0   0   0   0   0   0   0   0   0   0   0   0   0   0  -0   0  -0   0  -0   0   0   0   0   0   0   0   0   0   0   0   0  -0   0  -0   0  -0   0   0   0   0   0
bkgf233c0              6: -100 100 -99  99-100 100 -99  92 -74  99   6 -24  14 -22 -36  13   4  -3  16   0   0   0   0   0   0   0   0   0   0   0   0   0  -0   0   0  -0   0   0   0   0   0   0   0   0   0   0   0  -0   0   0   0  -0   0   0   0   0   0   0   0   0   0   0   0   0   0   0   0   0  -0   0  -0   0  -0   0   0   0   0   0   0   0   0   0   0   0   0  -0   0  -0   0  -0   0   0   0   0   0
bkgf23460              7:   99 -99  99 -99  99 -99 100 -94  79 -99  -6  22 -10  17  37 -14  -5   4 -18   0   0   0   0   0   0   0   0   0   0   0   0   0  -0   0   0  -0   0   0   0   0   0   0   0   0   0   0   0  -0   0   0   0  -0   0   0   0   0   0   0   0   0   0   0   0   0   0   0   0   0  -0   0  -0   0  -0   0   0   0   0   0   0   0   0   0   0   0   0  -0   0  -0   0  -0   0   0   0   0   0
bkgf23500              8:  -93  93 -94  94 -93  92 -94 100 -86  93   5 -19  -6   0 -34  18   5  -8  21   0   0   0   0   0   0   0   0   0   0   0   0   0  -0   0   0  -0   0   0   0   0   0   0   0   0   0   0   0  -0   0   0   0  -0   0   0   0   0   0   0   0   0   0   0   0   0   0   0   0   0  -0   0  -0   0  -0   0   0   0   0   0   0   0   0   0   0   0   0  -0   0  -0   0  -0   0   0   0   0   0
bkgf235a0              9:   76 -76  77 -77  77 -74  79 -86 100 -76  -1  10  18 -17  30 -17  -4   5 -24   0   0   0   0   0   0   0   0   0   0   0   0   0  -0   0   0  -0   0   0   0   0   0   0   0   0   0   0   0  -0   0   0   0  -0   0   0   0   0   0   0   0   0   0   0   0   0   0   0   0   0  -0   0  -0   0  -0   0   0   0   0   0   0   0   0   0   0   0   0  -0   0  -0   0  -0   0   0   0   0   0
m612e060e_56          10: -100 100-100 100-100  99 -99  93 -76 100   5 -28   8 -19 -39  13   4  -3  18   0   0   0   0   0   0   0   0   0   0   0   0   0  -0   0   0  -0   0   0   0   0   0   0   0   0   0   0   0  -0   0   0   0  -0   0   0   0   0   0   0   0   0   0   0   0   0   0   0   0   0  -0   0  -0   0  -0   0   0   0   0   0   0   0   0   0   0   0   0  -0   0  -0   0  -0   0   0   0   0   0
m612e060e_8b          11:   -6   5  -5   5  -5   6  -6   5  -1   5 100   1   2 -10   2 -23  10  -0   8   0   0   0   0   0   0   0   0   0   0   0   0   0  -0   0   0  -0   0   0   0   0   0   0   0   0   0   0   0  -0   0   0   0  -0   0   0   0   0   0   0   0   0   0   0   0   0   0   0   0   0  -0   0  -0   0  -0   0   0   0   0   0   0   0   0   0   0   0   0  -0   0  -0   0  -0   0   0   0   0   0
m612e060e_57          12:   28 -28  29 -28  26 -24  22 -19  10 -28   1 100  43  10  61  -5   7  -7  -6   0   0   0   0   0   0   0   0   0   0   0   0   0  -0   0   0  -0   0   0   0   0   0   0   0   0   0   0   0  -0   0   0   0  -0   0   0   0   0   0   0   0   0   0   0   0   0   0   0   0   0  -0   0  -0   0  -0   0   0   0   0   0   0   0   0   0   0   0   0  -0   0  -0   0  -0   0   0   0   0   0
scalee9d430_          13:   -9   8  -7   8 -10  14 -10  -6  18   8   2  43 100 -73 -10   1  10  11  18   0   0   0   0   0   0   0   0   0   0   0   0   0  -0   0   0  -0   0   0   0   0   0   0   0   0   0   0   0  -0   0   0   0  -0   0   0   0   0   0   0   0   0   0   0   0   0   0   0   0   0  -0   0  -0   0  -0   0   0   0   0   0   0   0   0   0   0   0   0  -0   0  -0   0  -0   0   0   0   0   0
m612e060e_58          14:   19 -19  18 -18  19 -22  17   0 -17 -19 -10  10 -73 100  35  -0  -1 -12 -18   0   0   0   0   0   0   0   0   0   0   0   0   0  -0   0   0  -0   0   0   0   0   0   0   0   0   0   0   0  -0   0   0   0  -0   0   0   0   0   0   0   0   0   0   0   0   0   0   0   0   0  -0   0  -0   0  -0   0   0   0   0   0   0   0   0   0   0   0   0  -0   0  -0   0  -0   0   0   0   0   0
scalee9d598_          15:   39 -40  40 -40  39 -36  37 -34  30 -39   2  61 -10  35 100  -6 -22 -21 -55   0   0   0   0   0   0   0   0   0   0   0   0   0  -0   0   0  -0   0   0   0   0   0   0   0   0   0   0   0  -0   0   0   0  -0   0   0   0   0   0   0   0   0   0   0   0   0   0   0   0   0  -0   0  -0   0  -0   0   0   0   0   0   0   0   0   0   0   0   0  -0   0  -0   0  -0   0   0   0   0   0
m612e060e_5b          16:  -13  13 -14  14 -13  13 -14  18 -17  13 -23  -5   1  -0  -6 100 -65 -25  16   0   0   0   0   0   0   0   0   0   0   0   0   0  -0   0   0  -0   0   0   0   0   0   0   0   0   0   0   0  -0   0   0   0  -0   0   0   0   0   0   0   0   0   0   0   0   0   0   0   0   0  -0   0  -0   0  -0   0   0   0   0   0   0   0   0   0   0   0   0  -0   0  -0   0  -0   0   0   0   0   0
m612e060e_5c          17:   -4   4  -5   5  -5   4  -5   5  -4   4  10   7  10  -1 -22 -65 100  15  -1   0   0   0   0   0   0   0   0   0   0   0   0   0  -0   0   0  -0   0   0   0   0   0   0   0   0   0   0   0  -0   0   0   0  -0   0   0   0   0   0   0   0   0   0   0   0   0   0   0   0   0  -0   0  -0   0  -0   0   0   0   0   0   0   0   0   0   0   0   0  -0   0  -0   0  -0   0   0   0   0   0
m612e060e_5d          18:    3  -3   3  -3   3  -3   4  -8   5  -3  -0  -7  11 -12 -21 -25  15 100   4   0   0   0   0   0   0   0   0   0   0   0   0   0  -0   0   0  -0   0   0   0   0   0   0   0   0   0   0   0  -0   0   0   0  -0   0   0   0   0   0   0   0   0   0   0   0   0   0   0   0   0  -0   0  -0   0  -0   0   0   0   0   0   0   0   0   0   0   0   0  -0   0  -0   0  -0   0   0   0   0   0
m612e060e_5e          19:  -17  18 -18  19 -18  16 -18  21 -24  18   8  -6  18 -18 -55  16  -1   4 100   0   0   0   0   0   0   0   0   0   0   0   0   0  -0   0   0  -0   0   0   0   0   0   0   0   0   0   0   0  -0   0   0   0  -0   0   0   0   0   0   0   0   0   0   0   0   0   0   0   0   0  -0   0  -0   0  -0   0   0   0   0   0   0   0   0   0   0   0   0  -0   0  -0   0  -0   0   0   0   0   0
bkgf23640             20:    0   0   0   0   0   0   0   0   0   0   0   0   0   0   0   0   0   0   0 100-100 100-100 100-100  99 -95  83-100   1  20   7   9  26  -6  15 -10 -18   0   0   0   0   0   0   0   0   0  -0   0   0   0  -0   0   0   0   0   0   0   0   0   0   0   0   0   0   0   0   0  -0   0  -0   0  -0   0   0   0   0   0   0   0   0   0   0   0   0  -0   0  -0   0  -0   0   0   0   0   0
bkgf236e0             21:    0   0   0   0   0   0   0   0   0   0   0   0   0   0   0   0   0   0   0-100 100-100 100-100 100 -99  95 -83 100  -1 -20  -7  -9 -26   6 -15  10  18   0   0   0   0   0   0   0   0   0  -0   0   0   0  -0   0   0   0   0   0   0   0   0   0   0   0   0   0   0   0   0  -0   0  -0   0  -0   0   0   0   0   0   0   0   0   0   0   0   0  -0   0  -0   0  -0   0   0   0   0   0
bkgf23780             22:    0   0   0   0   0   0   0   0   0   0   0   0   0   0   0   0   0   0   0 100-100 100-100 100-100  99 -95  84-100   1  20   8   9  27  -6  15 -11 -18   0   0   0   0   0   0   0   0   0  -0   0   0   0  -0   0   0   0   0   0   0   0   0   0   0   0   0   0   0   0   0  -0   0  -0   0  -0   0   0   0   0   0   0   0   0   0   0   0   0  -0   0  -0   0  -0   0   0   0   0   0
bkgf23820             23:    0   0   0   0   0   0   0   0   0   0   0   0   0   0   0   0   0   0   0-100 100-100 100-100 100 -99  96 -84 100  -1 -20  -8  -9 -27   6 -15  10  19   0   0   0   0   0   0   0   0   0  -0   0   0   0  -0   0   0   0   0   0   0   0   0   0   0   0   0   0   0   0   0  -0   0  -0   0  -0   0   0   0   0   0   0   0   0   0   0   0   0  -0   0  -0   0  -0   0   0   0   0   0
bkgf238c0             24:    0   0   0   0   0   0   0   0   0   0   0   0   0   0   0   0   0   0   0 100-100 100-100 100-100  99 -95  84-100   1  19   7   9  26  -6  15 -11 -18   0   0   0   0   0   0   0   0   0  -0   0   0   0  -0   0   0   0   0   0   0   0   0   0   0   0   0   0   0   0   0  -0   0  -0   0  -0   0   0   0   0   0   0   0   0   0   0   0   0  -0   0  -0   0  -0   0   0   0   0   0
bkgf23960             25:    0   0   0   0   0   0   0   0   0   0   0   0   0   0   0   0   0   0   0-100 100-100 100-100 100 -99  95 -82 100  -1 -18  -5 -11 -24   7 -16  11  16   0   0   0   0   0   0   0   0   0  -0   0   0   0  -0   0   0   0   0   0   0   0   0   0   0   0   0   0   0   0   0  -0   0  -0   0  -0   0   0   0   0   0   0   0   0   0   0   0   0  -0   0  -0   0  -0   0   0   0   0   0
bkgf23a00             26:    0   0   0   0   0   0   0   0   0   0   0   0   0   0   0   0   0   0   0  99 -99  99 -99  99 -99 100 -95  86 -99   1  18   6   9  27  -7  18 -13 -19   0   0   0   0   0   0   0   0   0  -0   0   0   0  -0   0   0   0   0   0   0   0   0   0   0   0   0   0   0   0   0  -0   0  -0   0  -0   0   0   0   0   0   0   0   0   0   0   0   0  -0   0  -0   0  -0   0   0   0   0   0
bkgf23aa0             27:    0   0   0   0   0   0   0   0   0   0   0   0   0   0   0   0   0   0   0 -95  95 -95  96 -95  95 -95 100 -85  95  -1 -18 -12   0 -33   7 -17  12  24   0   0   0   0   0   0   0   0   0  -0   0   0   0  -0   0   0   0   0   0   0   0   0   0   0   0   0   0   0   0   0  -0   0  -0   0  -0   0   0   0   0   0   0   0   0   0   0   0   0  -0   0  -0   0  -0   0   0   0   0   0
bkgf23b40             28:    0   0   0   0   0   0   0   0   0   0   0   0   0   0   0   0   0   0   0  83 -83  84 -84  84 -82  86 -85 100 -83   1  11  12  -8  37  -6  10  -7 -27   0   0   0   0   0   0   0   0   0  -0   0   0   0  -0   0   0   0   0   0   0   0   0   0   0   0   0   0   0   0   0  -0   0  -0   0  -0   0   0   0   0   0   0   0   0   0   0   0   0  -0   0  -0   0  -0   0   0   0   0   0
m612e060e_5f          29:    0   0   0   0   0   0   0   0   0   0   0   0   0   0   0   0   0   0   0-100 100-100 100-100 100 -99  95 -83 100  -1 -20  -7  -9 -26   6 -15  10  18   0   0   0   0   0   0   0   0   0  -0   0   0   0  -0   0   0   0   0   0   0   0   0   0   0   0   0   0   0   0   0  -0   0  -0   0  -0   0   0   0   0   0   0   0   0   0   0   0   0  -0   0  -0   0  -0   0   0   0   0   0
m612e060e_8c          30:    0   0   0   0   0   0   0   0   0   0   0   0   0   0   0   0   0   0   0   1  -1   1  -1   1  -1   1  -1   1  -1 100  -5  -5  -1   5  -4  13 -11   1   0   0   0   0   0   0   0   0   0  -0   0   0   0  -0   0   0   0   0   0   0   0   0   0   0   0   0   0   0   0   0  -0   0  -0   0  -0   0   0   0   0   0   0   0   0   0   0   0   0  -0   0  -0   0  -0   0   0   0   0   0
m612e060e_60          31:    0   0   0   0   0   0   0   0   0   0   0   0   0   0   0   0   0   0   0  20 -20  20 -20  19 -18  18 -18  11 -20  -5 100  79 -13  -7  -4  -7   7   6   0   0   0   0   0   0   0   0   0  -0   0   0   0  -0   0   0   0   0   0   0   0   0   0   0   0   0   0   0   0   0  -0   0  -0   0  -0   0   0   0   0   0   0   0   0   0   0   0   0  -0   0  -0   0  -0   0   0   0   0   0
scalee9d700_          32:    0   0   0   0   0   0   0   0   0   0   0   0   0   0   0   0   0   0   0   7  -7   8  -8   7  -5   6 -12  12  -7  -5  79 100 -53 -25   2 -10   8  16   0   0   0   0   0   0   0   0   0  -0   0   0   0  -0   0   0   0   0   0   0   0   0   0   0   0   0   0   0   0   0  -0   0  -0   0  -0   0   0   0   0   0   0   0   0   0   0   0   0  -0   0  -0   0  -0   0   0   0   0   0
m612e060e_61          33:   -0  -0  -0  -0  -0  -0  -0  -0  -0  -0  -0  -0  -0  -0  -0  -0  -0  -0  -0   9  -9   9  -9   9 -11   9   0  -8  -9  -1 -13 -53 100  23  -9   1   3 -12   0   0   0   0   0   0   0   0   0  -0   0   0   0  -0   0   0   0   0   0   0   0   0   0   0   0   0   0   0   0   0  -0   0  -0   0  -0   0   0   0   0   0   0   0   0   0   0   0   0  -0   0  -0   0  -0   0   0   0   0   0
scalee9d868_          34:    0   0   0   0   0   0   0   0   0   0   0   0   0   0   0   0   0   0   0  26 -26  27 -27  26 -24  27 -33  37 -26   5  -7 -25  23 100  -2  14 -16 -73   0   0   0   0   0   0   0   0   0  -0   0   0   0  -0   0   0   0   0   0   0   0   0   0   0   0   0   0   0   0   0  -0   0  -0   0  -0   0   0   0   0   0   0   0   0   0   0   0   0  -0   0  -0   0  -0   0   0   0   0   0
m612e060e_64          35:    0   0   0   0   0   0   0   0   0   0   0   0   0   0   0   0   0   0   0  -6   6  -6   6  -6   7  -7   7  -6   6  -4  -4   2  -9  -2 100  28 -50   9   0   0   0   0   0   0   0   0   0  -0   0   0   0  -0   0   0   0   0   0   0   0   0   0   0   0   0   0   0   0   0  -0   0  -0   0  -0   0   0   0   0   0   0   0   0   0   0   0   0  -0   0  -0   0  -0   0   0   0   0   0
m612e060e_65          36:   -0  -0  -0  -0  -0  -0  -0  -0  -0  -0  -0  -0  -0  -0  -0  -0  -0  -0  -0  15 -15  15 -15  15 -16  18 -17  10 -15  13  -7 -10   1  14  28 100 -92   2   0   0   0   0   0   0   0   0   0  -0   0   0   0  -0   0   0   0   0   0   0   0   0   0   0   0   0   0   0   0   0  -0   0  -0   0  -0   0   0   0   0   0   0   0   0   0   0   0   0  -0   0  -0   0  -0   0   0   0   0   0
m612e060e_66          37:    0   0   0   0   0   0   0   0   0   0   0   0   0   0   0   0   0   0   0 -10  10 -11  10 -11  11 -13  12  -7  10 -11   7   8   3 -16 -50 -92 100  -2   0   0   0   0   0   0   0   0   0  -0   0   0   0  -0   0   0   0   0   0   0   0   0   0   0   0   0   0   0   0   0  -0   0  -0   0  -0   0   0   0   0   0   0   0   0   0   0   0   0  -0   0  -0   0  -0   0   0   0   0   0
m612e060e_67          38:    0   0   0   0   0   0   0   0   0   0   0   0   0   0   0   0   0   0   0 -18  18 -18  19 -18  16 -19  24 -27  18   1   6  16 -12 -73   9   2  -2 100   0   0   0   0   0   0   0   0   0  -0   0   0   0  -0   0   0   0   0   0   0   0   0   0   0   0   0   0   0   0   0  -0   0  -0   0  -0   0   0   0   0   0   0   0   0   0   0   0   0  -0   0  -0   0  -0   0   0   0   0   0
bkgf23be0             39:    0   0   0   0   0   0   0   0   0   0   0   0   0   0   0   0   0   0   0   0   0   0   0   0   0   0   0   0   0   0   0   0   0   0   0   0   0   0 100-100 100-100 100-100  99 -95  84-100  -0  17   5   9  28  -2  -2   2 -19   0   0   0   0   0   0   0   0   0   0   0  -0   0  -0   0  -0   0   0   0   0   0   0   0   0   0   0   0   0  -0   0  -0   0  -0   0   0   0   0   0
bkgf23c80             40:    0   0   0   0   0   0   0   0   0   0   0   0   0   0   0   0   0   0   0   0   0   0   0   0   0   0   0   0   0   0   0   0   0   0   0   0   0   0-100 100-100 100-100 100 -99  95 -84 100   0 -17  -5  -9 -29   2   2  -2  20   0   0   0   0   0   0   0   0   0   0   0  -0   0  -0   0  -0   0   0   0   0   0   0   0   0   0   0   0   0  -0   0  -0   0  -0   0   0   0   0   0
bkgf23d20             41:    0   0   0   0   0   0   0   0   0   0   0   0   0   0   0   0   0   0   0   0   0   0   0   0   0   0   0   0   0   0   0   0   0   0   0   0   0   0 100-100 100-100 100-100  99 -95  84-100  -0  17   6   8  30  -2  -2   2 -20   0   0   0   0   0   0   0   0   0   0   0  -0   0  -0   0  -0   0   0   0   0   0   0   0   0   0   0   0   0  -0   0  -0   0  -0   0   0   0   0   0
bkgf23dc0             42:    0   0   0   0   0   0   0   0   0   0   0   0   0   0   0   0   0   0   0   0   0   0   0   0   0   0   0   0   0   0   0   0   0   0   0   0   0   0-100 100-100 100-100 100 -99  96 -84 100   0 -17  -6  -8 -30   2   2  -2  20   0   0   0   0   0   0   0   0   0   0   0  -0   0  -0   0  -0   0   0   0   0   0   0   0   0   0   0   0   0  -0   0  -0   0  -0   0   0   0   0   0
bkgf23e60             43:    0   0   0   0   0   0   0   0   0   0   0   0   0   0   0   0   0   0   0   0   0   0   0   0   0   0   0   0   0   0   0   0   0   0   0   0   0   0 100-100 100-100 100-100  99 -95  85-100  -0  16   4   9  29  -2  -2   2 -20   0   0   0   0   0   0   0   0   0   0   0  -0   0  -0   0  -0   0   0   0   0   0   0   0   0   0   0   0   0  -0   0  -0   0  -0   0   0   0   0   0
bkgf23f00             44:    0   0   0   0   0   0   0   0   0   0   0   0   0   0   0   0   0   0   0   0   0   0   0   0   0   0   0   0   0   0   0   0   0   0   0   0   0   0-100 100-100 100-100 100 -99  95 -83 100   1 -15  -2 -11 -26   3   2  -1  18   0   0   0   0   0   0   0   0   0   0   0  -0   0  -0   0  -0   0   0   0   0   0   0   0   0   0   0   0   0  -0   0  -0   0  -0   0   0   0   0   0
bkgf23fa0             45:    0   0   0   0   0   0   0   0   0   0   0   0   0   0   0   0   0   0   0   0   0   0   0   0   0   0   0   0   0   0   0   0   0   0   0   0   0   0  99 -99  99 -99  99 -99 100 -95  86 -99  -1  15   5   8  28  -3  -2   1 -20   0   0   0   0   0   0   0   0   0   0   0  -0   0  -0   0  -0   0   0   0   0   0   0   0   0   0   0   0   0  -0   0  -0   0  -0   0   0   0   0   0
bkgf24040             46:    0   0   0   0   0   0   0   0   0   0   0   0   0   0   0   0   0   0   0   0   0   0   0   0   0   0   0   0   0   0   0   0   0   0   0   0   0   0 -95  95 -95  96 -95  95 -95 100 -85  95   1 -16 -12   1 -33   2   4  -2  23   0   0   0   0   0   0   0   0   0   0   0  -0   0  -0   0  -0   0   0   0   0   0   0   0   0   0   0   0   0  -0   0  -0   0  -0   0   0   0   0   0
bkgf240e0             47:    0   0   0   0   0   0   0   0   0   0   0   0   0   0   0   0   0   0   0   0   0   0   0   0   0   0   0   0   0   0   0   0   0   0   0   0   0   0  84 -84  84 -84  85 -83  86 -85 100 -84   1  12  14  -9  34  -1  -4   3 -26   0   0   0   0   0   0   0   0   0   0   0  -0   0  -0   0  -0   0   0   0   0   0   0   0   0   0   0   0   0  -0   0  -0   0  -0   0   0   0   0   0
m612e060e_68          48:   -0  -0  -0  -0  -0  -0  -0  -0  -0  -0  -0  -0  -0  -0  -0  -0  -0  -0  -0  -0  -0  -0  -0  -0  -0  -0  -0  -0  -0  -0  -0  -0  -0  -0  -0  -0  -0  -0-100 100-100 100-100 100 -99  95 -84 100   0 -17  -5  -9 -29   2   2  -2  20   0   0   0   0   0   0   0   0   0   0   0  -0   0  -0   0  -0   0   0   0   0   0   0   0   0   0   0   0   0  -0   0  -0   0  -0   0   0   0   0   0
m612e060e_8d          49:    0   0   0   0   0   0   0   0   0   0   0   0   0   0   0   0   0   0   0   0   0   0   0   0   0   0   0   0   0   0   0   0   0   0   0   0   0   0  -0   0  -0   0  -0   1  -1   1   1   0 100  -4  -7   2   7   1  -4   2  -4   0   0   0   0   0   0   0   0   0   0   0  -0   0  -0   0  -0   0   0   0   0   0   0   0   0   0   0   0   0  -0   0  -0   0  -0   0   0   0   0   0
m612e060e_69          50:    0   0   0   0   0   0   0   0   0   0   0   0   0   0   0   0   0   0   0   0   0   0   0   0   0   0   0   0   0   0   0   0   0   0   0   0   0   0  17 -17  17 -17  16 -15  15 -16  12 -17  -4 100  76 -12  33 -16  -1 -11   5   0   0   0   0   0   0   0   0   0   0   0  -0   0  -0   0  -0   0   0   0   0   0   0   0   0   0   0   0   0  -0   0  -0   0  -0   0   0   0   0   0
scalee9d9d0_          51:    0   0   0   0   0   0   0   0   0   0   0   0   0   0   0   0   0   0   0   0   0   0   0   0   0   0   0   0   0   0   0   0   0   0   0   0   0   0   5  -5   6  -6   4  -2   5 -12  14  -5  -7  76 100 -56   5 -13   3  -9  18   0   0   0   0   0   0   0   0   0   0   0  -0   0  -0   0  -0   0   0   0   0   0   0   0   0   0   0   0   0  -0   0  -0   0  -0   0   0   0   0   0
m612e060e_6a          52:   -0  -0  -0  -0  -0  -0  -0  -0  -0  -0  -0  -0  -0  -0  -0  -0  -0  -0  -0  -0  -0  -0  -0  -0  -0  -0  -0  -0  -0  -0  -0  -0  -0  -0  -0  -0  -0  -0   9  -9   8  -8   9 -11   8   1  -9  -9   2 -12 -56 100  17   0   0   1 -16   0   0   0   0   0   0   0   0   0   0   0  -0   0  -0   0  -0   0   0   0   0   0   0   0   0   0   0   0   0  -0   0  -0   0  -0   0   0   0   0   0
scalee9db38_          53:    0   0   0   0   0   0   0   0   0   0   0   0   0   0   0   0   0   0   0   0   0   0   0   0   0   0   0   0   0   0   0   0   0   0   0   0   0   0  28 -29  30 -30  29 -26  28 -33  34 -29   7  33   5  17 100   1 -28  -1 -64   0   0   0   0   0   0   0   0   0   0   0  -0   0  -0   0  -0   0   0   0   0   0   0   0   0   0   0   0   0  -0   0  -0   0  -0   0   0   0   0   0
m612e060e_6d          54:    0   0   0   0   0   0   0   0   0   0   0   0   0   0   0   0   0   0   0   0   0   0   0   0   0   0   0   0   0   0   0   0   0   0   0   0   0   0  -2   2  -2   2  -2   3  -3   2  -1   2   1 -16 -13   0   1 100  26  95  -6   0   0   0   0   0   0   0   0   0   0   0  -0   0  -0   0  -0   0   0   0   0   0   0   0   0   0   0   0   0  -0   0  -0   0  -0   0   0   0   0   0
m612e060e_6e          55:    0   0   0   0   0   0   0   0   0   0   0   0   0   0   0   0   0   0   0   0   0   0   0   0   0   0   0   0   0   0   0   0   0   0   0   0   0   0  -2   2  -2   2  -2   2  -2   4  -4   2  -4  -1   3   0 -28  26 100  33  11   0   0   0   0   0   0   0   0   0   0   0  -0   0  -0   0  -0   0   0   0   0   0   0   0   0   0   0   0   0  -0   0  -0   0  -0   0   0   0   0   0
m612e060e_6f          56:    0   0   0   0   0   0   0   0   0   0   0   0   0   0   0   0   0   0   0   0   0   0   0   0   0   0   0   0   0   0   0   0   0   0   0   0   0   0   2  -2   2  -2   2  -1   1  -2   3  -2   2 -11  -9   1  -1  95  33 100  -6   0   0   0   0   0   0   0   0   0   0   0  -0   0  -0   0  -0   0   0   0   0   0   0   0   0   0   0   0   0  -0   0  -0   0  -0   0   0   0   0   0
m612e060e_70          57:    0   0   0   0   0   0   0   0   0   0   0   0   0   0   0   0   0   0   0   0   0   0   0   0   0   0   0   0   0   0   0   0   0   0   0   0   0   0 -19  20 -20  20 -20  18 -20  23 -26  20  -4   5  18 -16 -64  -6  11  -6 100   0   0   0   0   0   0   0   0   0   0   0  -0   0  -0   0  -0   0   0   0   0   0   0   0   0   0   0   0   0  -0   0  -0   0  -0   0   0   0   0   0
bkgf24180             58:    0   0   0   0   0   0   0   0   0   0   0   0   0   0   0   0   0   0   0   0   0   0   0   0   0   0   0   0   0   0   0   0   0   0   0   0   0   0   0   0   0   0   0   0   0   0   0   0   0   0   0   0   0   0   0   0   0 100-100 100-100 100-100  99 -95  84-100   1  13  -8  13  28  -2  -5   2 -22   0   0   0   0   0   0   0   0   0  -0   0  -0   0  -0   0   0   0   0   0
bkgf24220             59:    0   0   0   0   0   0   0   0   0   0   0   0   0   0   0   0   0   0   0   0   0   0   0   0   0   0   0   0   0   0   0   0   0   0   0   0   0   0   0   0   0   0   0   0   0   0   0   0   0   0   0   0   0   0   0   0   0-100 100-100 100-100 100 -99  95 -84 100  -1 -13   7 -13 -28   2   5  -2  22   0   0   0   0   0   0   0   0   0  -0   0  -0   0  -0   0   0   0   0   0
bkgf242c0             60:    0   0   0   0   0   0   0   0   0   0   0   0   0   0   0   0   0   0   0   0   0   0   0   0   0   0   0   0   0   0   0   0   0   0   0   0   0   0   0   0   0   0   0   0   0   0   0   0   0   0   0   0   0   0   0   0   0 100-100 100-100 100-100  99 -95  84-100   1  14  -7  13  29  -2  -5   2 -23   0   0   0   0   0   0   0   0   0  -0   0  -0   0  -0   0   0   0   0   0
bkgf24360             61:    0   0   0   0   0   0   0   0   0   0   0   0   0   0   0   0   0   0   0   0   0   0   0   0   0   0   0   0   0   0   0   0   0   0   0   0   0   0   0   0   0   0   0   0   0   0   0   0   0   0   0   0   0   0   0   0   0-100 100-100 100-100 100 -99  96 -84 100  -1 -13   7 -13 -29   2   5  -2  23   0   0   0   0   0   0   0   0   0  -0   0  -0   0  -0   0   0   0   0   0
bkgf24400             62:    0   0   0   0   0   0   0   0   0   0   0   0   0   0   0   0   0   0   0   0   0   0   0   0   0   0   0   0   0   0   0   0   0   0   0   0   0   0   0   0   0   0   0   0   0   0   0   0   0   0   0   0   0   0   0   0   0 100-100 100-100 100-100  99 -95  84-100   1  12  -8  13  27  -2  -5   2 -22   0   0   0   0   0   0   0   0   0  -0   0  -0   0  -0   0   0   0   0   0
bkgf244a0             63:    0   0   0   0   0   0   0   0   0   0   0   0   0   0   0   0   0   0   0   0   0   0   0   0   0   0   0   0   0   0   0   0   0   0   0   0   0   0   0   0   0   0   0   0   0   0   0   0   0   0   0   0   0   0   0   0   0-100 100-100 100-100 100 -99  95 -82 100  -1 -10  10 -15 -25   2   4  -2  21   0   0   0   0   0   0   0   0   0  -0   0  -0   0  -0   0   0   0   0   0
bkgf24540             64:    0   0   0   0   0   0   0   0   0   0   0   0   0   0   0   0   0   0   0   0   0   0   0   0   0   0   0   0   0   0   0   0   0   0   0   0   0   0   0   0   0   0   0   0   0   0   0   0   0   0   0   0   0   0   0   0   0  99 -99  99 -99  99 -99 100 -95  86 -99   1  12  -7  12  27  -3  -5   2 -22   0   0   0   0   0   0   0   0   0  -0   0  -0   0  -0   0   0   0   0   0
bkgf245e0             65:    0   0   0   0   0   0   0   0   0   0   0   0   0   0   0   0   0   0   0   0   0   0   0   0   0   0   0   0   0   0   0   0   0   0   0   0   0   0   0   0   0   0   0   0   0   0   0   0   0   0   0   0   0   0   0   0   0 -95  95 -95  96 -95  95 -95 100 -85  95  -0 -13  -3  -3 -31   2   7  -3  26   0   0   0   0   0   0   0   0   0  -0   0  -0   0  -0   0   0   0   0   0
bkgf24680             66:    0   0   0   0   0   0   0   0   0   0   0   0   0   0   0   0   0   0   0   0   0   0   0   0   0   0   0   0   0   0   0   0   0   0   0   0   0   0   0   0   0   0   0   0   0   0   0   0   0   0   0   0   0   0   0   0   0  84 -84  84 -84  84 -82  86 -85 100 -84   1  11  10  -6  31  -1  -7   3 -28   0   0   0   0   0   0   0   0   0  -0   0  -0   0  -0   0   0   0   0   0
m612e060e_71          67:    0   0   0   0   0   0   0   0   0   0   0   0   0   0   0   0   0   0   0   0   0   0   0   0   0   0   0   0   0   0   0   0   0   0   0   0   0   0   0   0   0   0   0   0   0   0   0   0   0   0   0   0   0   0   0   0   0-100 100-100 100-100 100 -99  95 -84 100  -1 -13   7 -13 -28   2   5  -2  22   0   0   0   0   0   0   0   0   0  -0   0  -0   0  -0   0   0   0   0   0
m612e060e_8e          68:    0   0   0   0   0   0   0   0   0   0   0   0   0   0   0   0   0   0   0   0   0   0   0   0   0   0   0   0   0   0   0   0   0   0   0   0   0   0   0   0   0   0   0   0   0   0   0   0   0   0   0   0   0   0   0   0   0   1  -1   1  -1   1  -1   1  -0   1  -1 100   1  -8   4   6   4  -4   6  -6   0   0   0   0   0   0   0   0   0  -0   0  -0   0  -0   0   0   0   0   0
m612e060e_72          69:   -0  -0  -0  -0  -0  -0  -0  -0  -0  -0  -0  -0  -0  -0  -0  -0  -0  -0  -0  -0  -0  -0  -0  -0  -0  -0  -0  -0  -0  -0  -0  -0  -0  -0  -0  -0  -0  -0  -0  -0  -0  -0  -0  -0  -0  -0  -0  -0  -0  -0  -0  -0  -0  -0  -0  -0  -0  13 -13  14 -13  12 -10  12 -13  11 -13   1 100  56  -2  76 -33  -7 -21  -3   0   0   0   0   0   0   0   0   0  -0   0  -0   0  -0   0   0   0   0   0
scalee9dca0_          70:    0   0   0   0   0   0   0   0   0   0   0   0   0   0   0   0   0   0   0   0   0   0   0   0   0   0   0   0   0   0   0   0   0   0   0   0   0   0   0   0   0   0   0   0   0   0   0   0   0   0   0   0   0   0   0   0   0  -8   7  -7   7  -8  10  -7  -3  10   7  -8  56 100 -66  24 -18   2 -12  17   0   0   0   0   0   0   0   0   0  -0   0  -0   0  -0   0   0   0   0   0
m612e060e_73          71:   -0  -0  -0  -0  -0  -0  -0  -0  -0  -0  -0  -0  -0  -0  -0  -0  -0  -0  -0  -0  -0  -0  -0  -0  -0  -0  -0  -0  -0  -0  -0  -0  -0  -0  -0  -0  -0  -0  -0  -0  -0  -0  -0  -0  -0  -0  -0  -0  -0  -0  -0  -0  -0  -0  -0  -0  -0  13 -13  13 -13  13 -15  12  -3  -6 -13   4  -2 -66 100  13  -2  -2  -1 -13   0   0   0   0   0   0   0   0   0  -0   0  -0   0  -0   0   0   0   0   0
scalee9de08_          72:    0   0   0   0   0   0   0   0   0   0   0   0   0   0   0   0   0   0   0   0   0   0   0   0   0   0   0   0   0   0   0   0   0   0   0   0   0   0   0   0   0   0   0   0   0   0   0   0   0   0   0   0   0   0   0   0   0  28 -28  29 -29  27 -25  27 -31  31 -28   6  76  24  13 100 -21 -26 -14 -45   0   0   0   0   0   0   0   0   0  -0   0  -0   0  -0   0   0   0   0   0
m612e060e_76          73:   -0  -0  -0  -0  -0  -0  -0  -0  -0  -0  -0  -0  -0  -0  -0  -0  -0  -0  -0  -0  -0  -0  -0  -0  -0  -0  -0  -0  -0  -0  -0  -0  -0  -0  -0  -0  -0  -0  -0  -0  -0  -0  -0  -0  -0  -0  -0  -0  -0  -0  -0  -0  -0  -0  -0  -0  -0  -2   2  -2   2  -2   2  -3   2  -1   2   4 -33 -18  -2 -21 100  26  94  -5   0   0   0   0   0   0   0   0   0  -0   0  -0   0  -0   0   0   0   0   0
m612e060e_77          74:    0   0   0   0   0   0   0   0   0   0   0   0   0   0   0   0   0   0   0   0   0   0   0   0   0   0   0   0   0   0   0   0   0   0   0   0   0   0   0   0   0   0   0   0   0   0   0   0   0   0   0   0   0   0   0   0   0  -5   5  -5   5  -5   4  -5   7  -7   5  -4  -7   2  -2 -26  26 100  34  14   0   0   0   0   0   0   0   0   0  -0   0  -0   0  -0   0   0   0   0   0
m612e060e_78          75:    0   0   0   0   0   0   0   0   0   0   0   0   0   0   0   0   0   0   0   0   0   0   0   0   0   0   0   0   0   0   0   0   0   0   0   0   0   0   0   0   0   0   0   0   0   0   0   0   0   0   0   0   0   0   0   0   0   2  -2   2  -2   2  -2   2  -3   3  -2   6 -21 -12  -1 -14  94  34 100  -6   0   0   0   0   0   0   0   0   0  -0   0  -0   0  -0   0   0   0   0   0
m612e060e_79          76:    0   0   0   0   0   0   0   0   0   0   0   0   0   0   0   0   0   0   0   0   0   0   0   0   0   0   0   0   0   0   0   0   0   0   0   0   0   0   0   0   0   0   0   0   0   0   0   0   0   0   0   0   0   0   0   0   0 -22  22 -23  23 -22  21 -22  26 -28  22  -6  -3  17 -13 -45  -5  14  -6 100   0   0   0   0   0   0   0   0   0  -0   0  -0   0  -0   0   0   0   0   0
bkgf24720             77:    0   0   0   0   0   0   0   0   0   0   0   0   0   0   0   0   0   0   0   0   0   0   0   0   0   0   0   0   0   0   0   0   0   0   0   0   0   0   0   0   0   0   0   0   0   0   0   0   0   0   0   0   0   0   0   0   0   0   0   0   0   0   0   0   0   0   0   0   0   0   0   0   0   0   0   0 100-100 100-100 100-100  99 -94  79-100   1  -0 -25  16  14   1  -4   3 -23
bkgf247c0             78:    0   0   0   0   0   0   0   0   0   0   0   0   0   0   0   0   0   0   0   0   0   0   0   0   0   0   0   0   0   0   0   0   0   0   0   0   0   0   0   0   0   0   0   0   0   0   0   0   0   0   0   0   0   0   0   0   0   0   0   0   0   0   0   0   0   0   0   0   0   0   0   0   0   0   0   0-100 100-100 100-100 100 -99  94 -80 100  -1  -0  25 -16 -14  -1   4  -3  23
bkgf24860             79:    0   0   0   0   0   0   0   0   0   0   0   0   0   0   0   0   0   0   0   0   0   0   0   0   0   0   0   0   0   0   0   0   0   0   0   0   0   0   0   0   0   0   0   0   0   0   0   0   0   0   0   0   0   0   0   0   0   0   0   0   0   0   0   0   0   0   0   0   0   0   0   0   0   0   0   0 100-100 100-100 100-100  99 -94  80-100   1   0 -24  15  15   1  -4   3 -24
bkgf24900             80:    0   0   0   0   0   0   0   0   0   0   0   0   0   0   0   0   0   0   0   0   0   0   0   0   0   0   0   0   0   0   0   0   0   0   0   0   0   0   0   0   0   0   0   0   0   0   0   0   0   0   0   0   0   0   0   0   0   0   0   0   0   0   0   0   0   0   0   0   0   0   0   0   0   0   0   0-100 100-100 100-100 100 -99  94 -80 100  -1   0  23 -15 -14  -1   4  -3  24
bkgf249a0             81:    0   0   0   0   0   0   0   0   0   0   0   0   0   0   0   0   0   0   0   0   0   0   0   0   0   0   0   0   0   0   0   0   0   0   0   0   0   0   0   0   0   0   0   0   0   0   0   0   0   0   0   0   0   0   0   0   0   0   0   0   0   0   0   0   0   0   0   0   0   0   0   0   0   0   0   0 100-100 100-100 100-100  99 -94  80-100   1  -1 -25  16  13   1  -4   3 -23
bkgf24a40             82:    0   0   0   0   0   0   0   0   0   0   0   0   0   0   0   0   0   0   0   0   0   0   0   0   0   0   0   0   0   0   0   0   0   0   0   0   0   0   0   0   0   0   0   0   0   0   0   0   0   0   0   0   0   0   0   0   0   0   0   0   0   0   0   0   0   0   0   0   0   0   0   0   0   0   0   0-100 100-100 100-100 100 -99  94 -78 100  -1   2  27 -19 -12  -1   3  -3  22
bkgf24ae0             83:    0   0   0   0   0   0   0   0   0   0   0   0   0   0   0   0   0   0   0   0   0   0   0   0   0   0   0   0   0   0   0   0   0   0   0   0   0   0   0   0   0   0   0   0   0   0   0   0   0   0   0   0   0   0   0   0   0   0   0   0   0   0   0   0   0   0   0   0   0   0   0   0   0   0   0   0  99 -99  99 -99  99 -99 100 -94  82 -99   1   0 -22  14  14   0  -4   3 -23
bkgf24b80             84:    0   0   0   0   0   0   0   0   0   0   0   0   0   0   0   0   0   0   0   0   0   0   0   0   0   0   0   0   0   0   0   0   0   0   0   0   0   0   0   0   0   0   0   0   0   0   0   0   0   0   0   0   0   0   0   0   0   0   0   0   0   0   0   0   0   0   0   0   0   0   0   0   0   0   0   0 -94  94 -94  94 -94  94 -94 100 -84  94  -1  -1   5   1 -16  -1   5  -5  26
bkgf24c20             85:    0   0   0   0   0   0   0   0   0   0   0   0   0   0   0   0   0   0   0   0   0   0   0   0   0   0   0   0   0   0   0   0   0   0   0   0   0   0   0   0   0   0   0   0   0   0   0   0   0   0   0   0   0   0   0   0   0   0   0   0   0   0   0   0   0   0   0   0   0   0   0   0   0   0   0   0  79 -80  80 -80  80 -78  82 -84 100 -80   1   3  13 -15  18   1  -5   4 -27
m612e060e_7a          86:   -0  -0  -0  -0  -0  -0  -0  -0  -0  -0  -0  -0  -0  -0  -0  -0  -0  -0  -0  -0  -0  -0  -0  -0  -0  -0  -0  -0  -0  -0  -0  -0  -0  -0  -0  -0  -0  -0  -0  -0  -0  -0  -0  -0  -0  -0  -0  -0  -0  -0  -0  -0  -0  -0  -0  -0  -0  -0  -0  -0  -0  -0  -0  -0  -0  -0  -0  -0  -0  -0  -0  -0  -0  -0  -0  -0-100 100-100 100-100 100 -99  94 -80 100  -1  -0  24 -16 -14  -1   4  -3  23
m612e060e_8f          87:    0   0   0   0   0   0   0   0   0   0   0   0   0   0   0   0   0   0   0   0   0   0   0   0   0   0   0   0   0   0   0   0   0   0   0   0   0   0   0   0   0   0   0   0   0   0   0   0   0   0   0   0   0   0   0   0   0   0   0   0   0   0   0   0   0   0   0   0   0   0   0   0   0   0   0   0   1  -1   1  -1   1  -1   1  -1   1  -1 100   3  -2  -2   4   3  -4   4  -5
m612e060e_7b          88:   -0  -0  -0  -0  -0  -0  -0  -0  -0  -0  -0  -0  -0  -0  -0  -0  -0  -0  -0  -0  -0  -0  -0  -0  -0  -0  -0  -0  -0  -0  -0  -0  -0  -0  -0  -0  -0  -0  -0  -0  -0  -0  -0  -0  -0  -0  -0  -0  -0  -0  -0  -0  -0  -0  -0  -0  -0  -0  -0  -0  -0  -0  -0  -0  -0  -0  -0  -0  -0  -0  -0  -0  -0  -0  -0  -0  -0  -0   0   0  -1   2   0  -1   3  -0   3 100  -4   1  88 -41 -13 -27 -16
scalee9df70_          89:    0   0   0   0   0   0   0   0   0   0   0   0   0   0   0   0   0   0   0   0   0   0   0   0   0   0   0   0   0   0   0   0   0   0   0   0   0   0   0   0   0   0   0   0   0   0   0   0   0   0   0   0   0   0   0   0   0   0   0   0   0   0   0   0   0   0   0   0   0   0   0   0   0   0   0   0 -25  25 -24  23 -25  27 -22   5  13  24  -2  -4 100 -85 -20   6   6   6  24
m612e060e_7c          90:   -0  -0  -0  -0  -0  -0  -0  -0  -0  -0  -0  -0  -0  -0  -0  -0  -0  -0  -0  -0  -0  -0  -0  -0  -0  -0  -0  -0  -0  -0  -0  -0  -0  -0  -0  -0  -0  -0  -0  -0  -0  -0  -0  -0  -0  -0  -0  -0  -0  -0  -0  -0  -0  -0  -0  -0  -0  -0  -0  -0  -0  -0  -0  -0  -0  -0  -0  -0  -0  -0  -0  -0  -0  -0  -0  -0  16 -16  15 -15  16 -19  14   1 -15 -16  -2   1 -85 100  12  -5  -3  -6 -14
scalee9e0d8_          91:    0   0   0   0   0   0   0   0   0   0   0   0   0   0   0   0   0   0   0   0   0   0   0   0   0   0   0   0   0   0   0   0   0   0   0   0   0   0   0   0   0   0   0   0   0   0   0   0   0   0   0   0   0   0   0   0   0   0   0   0   0   0   0   0   0   0   0   0   0   0   0   0   0   0   0   0  14 -14  15 -14  13 -12  14 -16  18 -14   4  88 -20  12 100 -33 -25 -24 -44
m612e060e_7f          92:    0   0   0   0   0   0   0   0   0   0   0   0   0   0   0   0   0   0   0   0   0   0   0   0   0   0   0   0   0   0   0   0   0   0   0   0   0   0   0   0   0   0   0   0   0   0   0   0   0   0   0   0   0   0   0   0   0   0   0   0   0   0   0   0   0   0   0   0   0   0   0   0   0   0   0   0   1  -1   1  -1   1  -1   0  -1   1  -1   3 -41   6  -5 -33 100  23  93   1
m612e060e_80          93:    0   0   0   0   0   0   0   0   0   0   0   0   0   0   0   0   0   0   0   0   0   0   0   0   0   0   0   0   0   0   0   0   0   0   0   0   0   0   0   0   0   0   0   0   0   0   0   0   0   0   0   0   0   0   0   0   0   0   0   0   0   0   0   0   0   0   0   0   0   0   0   0   0   0   0   0  -4   4  -4   4  -4   3  -4   5  -5   4  -4 -13   6  -3 -25  23 100  28  16
m612e060e_81          94:    0   0   0   0   0   0   0   0   0   0   0   0   0   0   0   0   0   0   0   0   0   0   0   0   0   0   0   0   0   0   0   0   0   0   0   0   0   0   0   0   0   0   0   0   0   0   0   0   0   0   0   0   0   0   0   0   0   0   0   0   0   0   0   0   0   0   0   0   0   0   0   0   0   0   0   0   3  -3   3  -3   3  -3   3  -5   4  -3   4 -27   6  -6 -24  93  28 100  -0
m612e060e_82          95:    0   0   0   0   0   0   0   0   0   0   0   0   0   0   0   0   0   0   0   0   0   0   0   0   0   0   0   0   0   0   0   0   0   0   0   0   0   0   0   0   0   0   0   0   0   0   0   0   0   0   0   0   0   0   0   0   0   0   0   0   0   0   0   0   0   0   0   0   0   0   0   0   0   0   0   0 -23  23 -24  24 -23  22 -23  26 -27  23  -5 -16  24 -14 -44   1  16  -0 100
}