

do_errors

macro instr_par {

x_calculation_step 0.01

LP_Factor( 0)
Rp 141
Rs 141

Full_Axial_Model(12, 15, 12,  !sol  2.52296214_0.0589856571 , !sol  2.52296214_0.0589856571)

Divergence(0.08985_0.10158_LIMIT_MIN_0.0001)
	
lam
	ymin_on_ymax 0.0001
	la 0.653817 lo 1.540596  lh 0.501844  
	la 0.346183 lo 1.544493  lh 0.626579  
		
start_X 5
finish_X 50

}

		
'+++++++++++++++++++++++++++++++++++++++++++++++++++++++++++++++++++++++++++++++++++++++++++++++++++++++++++++++++++

xdd 2005_RVR_IPA_1min.raw

r_wp  12.149663 r_exp  2.94189748 r_p  9.20162418 r_wp_dash  5.12434935 r_p_dash  4.9061496 r_exp_dash  1.2408007 weighted_Durbin_Watson  0.182664566 gof  4.12987302

chi2_convergence_criteria 0.00001
iters 100000
instr_par 

	bkg  @ -1320.18236`_730.511455  1737.91563`_759.013025 -918.40248`_395.258148  409.856598`_204.111055 -160.245533`_105.268811  81.6300906`_52.9641086 -47.4364276`_27.9486679  12.671613`_14.0626407  19.2188593`_8.1840489
	One_on_X(@, 27106.26766`_11573.56442)
	
	Specimen_Displacement(@,-0.19076`_0.00085)

	Surface_Roughness_Suortti(, 0, @, 0.02691`_0.00148)	
	
	str
		phase_name "Form I"
		scale   @  0.000443217835`_5.663e-006
		CS_L(@, 65.88281`_1.03163)
		'Strain_G(, 0.78988_0.01602)
		r_bragg  5.17603104	
		weight_percent  94.419`_0.685


	str
		phase_name "Form II"
		PO_Two_Directions(@, 0.81148`_6.23913_LIMIT_MIN_0.5 min 0.5 max 1,, 0 0 1,@, 0.66951`_0.09356_LIMIT_MIN_0.5 min 0.5 max 1,, 0 1 1,@, 0.01000`_0.49718_LIMIT_MIN_0.01 min 0.01 max 0.99)		
		scale   @  6.00934654e-006`_7.775e-007
		CS_L(@, 88.58316`_20.28960_LIMIT_MIN_0.3)
		'Strain_G(, 0.66695_0.00991)  
		r_bragg  5.72216635
		weight_percent  5.581`_0.685
		
'+++++++++++++++++++++++++++++++++++++++++++++++++++++++++++++++++++++++++++++++++++++++++++++++++++++++++++++++++++


xdd 2004_RVR_IPA_5min.raw

r_wp  10.325007 r_exp  3.25070596 r_p  8.14212125 r_wp_dash  2.74412535 r_p_dash  2.87137602 r_exp_dash  0.863955308 weighted_Durbin_Watson  0.290933055 gof  3.1762353

chi2_convergence_criteria 0.00001
iters 100000
instr_par 

	bkg  @ -2182.92206`_707.031431  2564.21046`_734.384398 -1323.25063`_382.216294  641.577264`_197.459114 -281.218051`_101.905041  111.360148`_51.4841957 -59.3794551`_27.1471909  39.956347`_13.5882424 -7.2914028`_7.74040858
	One_on_X(@, 40172.06211`_11201.04322)
	
	Specimen_Displacement(@,-0.09037`_0.00092)

	Surface_Roughness_Suortti(, 0, @, 0.00010`_0.00284_LIMIT_MIN_0.0001)	
	
	str
		phase_name "Form I"
		scale   @  4.51911054e-005`_2.385e-006
		CS_L(@, 73.31793`_6.66394)
		'Strain_G(, 0.78988_0.01602)
		r_bragg  4.96969473	
		weight_percent  12.928`_0.633


	str
		phase_name "Form II"
		PO_Two_Directions(@, 0.50000`_0.04316_LIMIT_MIN_0.5 min 0.5 max 1,, 0 0 1,@, 0.78328`_0.00643 min 0.5 max 1,, 0 1 1,@, 0.05692`_0.01378 min 0.01 max 0.99)		
		scale   @  6.98216371e-005`_1.366e-006
		CS_L(@, 76.61244`_1.43746)
		'Strain_G(, 0.66695_0.00991)  
		r_bragg  4.54911586
		weight_percent  87.072`_0.633

'+++++++++++++++++++++++++++++++++++++++++++++++++++++++++++++++++++++++++++++++++++++++++++++++++++++++++++++++++++


xdd 2016_RVR_IPA_7.5m.raw

r_wp  12.8893856 r_exp  2.79519411 r_p  10.0294571 r_wp_dash  3.15832834 r_p_dash  3.34460784 r_exp_dash  0.684915564 weighted_Durbin_Watson  0.170976068 gof  4.61126672

chi2_convergence_criteria 0.00001
iters 100000
instr_par 

	bkg  @ -3184.5438`_782.303429  3590.3254`_812.436977 -1849.06039`_422.800759  939.981268`_218.570401 -453.91417`_112.973923  212.6914`_57.2468527 -101.666838`_30.2340506  59.0580304`_15.1979265 -10.7944017`_8.64405825
	One_on_X(@, 56434.97591`_12390.76326)
	
	Specimen_Displacement(@,-0.13250`_0.00067)

	Surface_Roughness_Suortti(, 0, @, 0.00010`_0.00234_LIMIT_MIN_0.0001)	
	
	str
		phase_name "Form I"
		scale   @  2.18956399e-005`_2.8e-006
		CS_L(@, 52.15037`_10.75258_LIMIT_MIN_0.3)
		'Strain_G(, 0.78988_0.01602)
		r_bragg  4.27993423	
		weight_percent  4.140`_0.511


	str
		phase_name "Form II"
		PO_Two_Directions(@, 0.50000`_0.02787_LIMIT_MIN_0.5 min 0.5 max 1,, 0 0 1,@, 0.81610`_0.00524 min 0.5 max 1,, 0 1 1,@, 0.06598`_0.00998 min 0.01 max 0.99)		
		scale   @  0.000116292063`_1.783e-006
		CS_L(@, 78.41553`_1.06214)
		'Strain_G(, 0.66695_0.00991)  
		r_bragg  6.50307417
		weight_percent  95.860`_0.511		
		
'+++++++++++++++++++++++++++++++++++++++++++++++++++++++++++++++++++++++++++++++++++++++++++++++++++++++++++++++++++

xdd 2007_RVR_IPA_15m.raw

r_wp  12.5636513 r_exp  2.82929005 r_p  9.92938923 r_wp_dash  2.97244495 r_p_dash  3.34177076 r_exp_dash  0.669384142 weighted_Durbin_Watson  0.20184732 gof  4.44056673

chi2_convergence_criteria 0.00001
iters 100000
instr_par 


	bkg  @ -3081.11052`_754.227239  3525.44563`_783.093955 -1826.02884`_407.426018  921.370506`_210.655855 -437.889099`_108.963627  196.584002`_55.2601431 -98.7303735`_29.1370605  61.1509866`_14.7681533 -15.2148965`_8.63814733
	One_on_X(@, 54802.14608`_11943.06560)
	
	Specimen_Displacement(@,-0.17001`_0.00067)

	Surface_Roughness_Suortti(, 0, @, 0.00010`_0.00236_LIMIT_MIN_0.0001)	
	
	str
		phase_name "Form I"
		scale   @  1e-015`_3.842e-006_LIMIT_MIN_1e-015
		CS_L(@, 30.00000`_146203772681.04620_LIMIT_MIN_30 min 30)
		'Strain_G(, 0.78988_0.01602)
		r_bragg  3.46504327	
		weight_percent  0.000`_0.757


	str
		phase_name "Form II"
		PO_Two_Directions(@, 0.50000`_0.03847_LIMIT_MIN_0.5 min 0.5 max 1,, 0 0 1,@, 0.85505`_0.00563 min 0.5 max 1,, 0 1 1,@, 0.04605`_0.00986 min 0.01 max 0.99)		
		scale   @  0.000116481334`_1.836e-006
		CS_L(@, 76.87836`_1.02071)
		'Strain_G(, 0.66695_0.00991)  
		r_bragg  5.81021962
		weight_percent  100.000`_0.757
		
'+++++++++++++++++++++++++++++++++++++++++++++++++++++++++++++++++++++++++++++++++++++++++++++++++++++++++++++++++++

xdd 2006_RVR_IPA_30m.raw

r_wp  13.2347405 r_exp  2.83594791 r_p  10.4644411 r_wp_dash  3.52281485 r_p_dash  3.77169823 r_exp_dash  0.754870824 weighted_Durbin_Watson  0.177352238 gof  4.66677839

chi2_convergence_criteria 0.00001
iters 100000
instr_par 


	bkg  @ -2764.56932`_768.224617  3160.01238`_797.5254 -1647.80204`_414.608551  840.416491`_214.291424 -397.595583`_110.915498  171.182888`_56.3822686 -82.1380379`_29.6100629  52.5504843`_14.8392006 -14.3064959`_8.55487078
	One_on_X(@, 49861.54562`_12160.77812)
	
	Specimen_Displacement(@,-0.12386`_0.00064)

	Surface_Roughness_Suortti(, 0, @, 0.00010`_0.00243_LIMIT_MIN_0.0001)	

	str
		phase_name "Form I"
		scale   @  1.3824832e-005`_3.964e-006
		CS_L(@, 30.00000`_11.04789_LIMIT_MIN_30 min 30)
		'Strain_G(, 0.78988_0.01602)
		r_bragg  3.40299051	
		weight_percent  2.764`_0.772


	str
		phase_name "Form II"
		PO_Two_Directions(@, 0.50000`_0.04035_LIMIT_MIN_0.5 min 0.5 max 1,, 0 0 1,@, 0.86665`_0.00590 min 0.5 max 1,, 0 1 1,@, 0.04484`_0.00997 min 0.01 max 0.99)		
		scale   @  0.000111585463`_1.759e-006
		CS_L(@, 84.56015`_1.19013)
		'Strain_G(, 0.66695_0.00991)  
		r_bragg  6.85668661
		weight_percent  97.236`_0.772

'+++++++++++++++++++++++++++++++++++++++++++++++++++++++++++++++++++++++++++++++++++++++++++++++++++++++++++++++++++


xdd RVR_IPA_45m.raw

r_wp  12.5479412 r_exp  3.40316061 r_p  9.79624101 r_wp_dash  3.43695453 r_p_dash  3.50369048 r_exp_dash  0.932145606 weighted_Durbin_Watson  0.268712336 gof  3.68714341

chi2_convergence_criteria 0.00001
iters 100000
instr_par 

	bkg  @ -1960.23209`_653.862305  2303.22601`_678.426397 -1210.01844`_352.288536  601.602697`_181.939243 -259.097971`_94.1991618  90.0070923`_47.8975251 -47.3509919`_24.9568425  40.8045509`_12.2527777 -17.5695181`_6.99343877
	One_on_X(@, 36769.55032`_10346.17452)
	
	Specimen_Displacement(@,-0.07309`_0.00071)

	Surface_Roughness_Suortti(, 0, @, 0.00010`_0.00296_LIMIT_MIN_0.0001)	
		
	str
		phase_name "Form I"
		scale   @  1.47685622e-006`_3.24e-006_LIMIT_MIN_1e-015
		CS_L(@, 30.00000`_83.11824_LIMIT_MIN_30 min 30)
		'Strain_G(, 0.78988_0.01602)
		r_bragg  2.90488788	
		weight_percent  0.503`_1.097


	str
		phase_name "Form II"
		PO_Two_Directions(@, 0.50000`_0.02191_LIMIT_MIN_0.5 min 0.5 max 1,, 0 0 1,@, 0.81185`_0.00674 min 0.5 max 1,, 0 1 1,@, 0.11014`_0.01281 min 0.01 max 0.99)		
		scale   @  6.70679573e-005`_1.324e-006
		CS_L(@, 96.78176`_1.79305)
		'Strain_G(, 0.66695_0.00991)  
		r_bragg  6.28362979
		weight_percent  99.497`_1.097
		
'+++++++++++++++++++++++++++++++++++++++++++++++++++++++++++++++++++++++++++++++++++++++++++++++++++++++++++++++++++

	for xdds {
		for strs 1 to 1 {
			phase_name "Form I"
			a 13.5013  
			b 5.3156   
			c 27.206   
			al 90       
			be 103.100  
			ga 90       
			volume  1901.695
			space_group "P21"
			site S1     x 0.35854       y -0.3042       z 0.0828        occ S    1          beq 5.0          
			site S2     x 0.6765        y -0.0272       z 0.5796        occ S    1          beq 5.0          
			site O1     x 0.06731573    y 0.2579195     z 0.1653642     occ O    1          beq 1.0          
			site O2     x 0.325108      y -0.3411536    z 0.2410573     occ O    1          beq 1.0          
			site O3     x 0.6138861     y -0.2784702    z 0.3152426     occ O    1          beq 1.0          
			site O4     x 0.7132568     y 0.4682356     z 0.4218754     occ O    1          beq 1.0          
			site O5     x 0.6634911     y 0.1612888     z 0.4689292     occ O    1          beq 1.0          
			site N1     x 0.19051       y -0.1067       z 0.03872       occ N    1          beq 5.0          
			site N2     x 0.0313276     y -0.0565598    z 0.1073648     occ N    1          beq 5.0          
			site N3     x 0.1275591     y -0.1313638    z 0.1874036     occ N    1          beq 5.0          
			site N4     x 0.3584886     y 0.07659476    z 0.2392733     occ N    1          beq 5.0          
			site N5     x 0.6920265     y 0.05918629    z 0.3942263     occ N    1          beq 5.0          
			site N6     x 0.5333        y 0.1822        z 0.6115        occ N    1          beq 5.0          
			site C1     x 0.3780        y -0.174        z -0.0328       occ C    1          beq 3.1          
			site C2     x 0.27107       y 0.1653        z -0.0293       occ C    1          beq 3.1          
			site C3     x 0.33162       y 0.0268        z 0.0025        occ C    1          beq 3.1          
			site C4     x 0.28658       y -0.1086       z 0.0383        occ C    1          beq 3.1          
			site C5     x 0.17149       y -0.2570       z 0.07674       occ C    1          beq 3.1          
			site C6     x 0.25069       y -0.3730       z 0.10309       occ C    1          beq 3.1          
			site C7     x 0.06839485    y -0.2797227    z 0.08666616    occ C    1          beq 3.1          
			site C8     x -0.02920256   y 0.1219333     z 0.0701063     occ C    1          beq 3.1          
			site C9     x 0.07540194    y 0.03557182    z 0.1543817     occ C    1          beq 3.1          
			site C10    x 0.1859836     y -0.05025262   z 0.2366758     occ C    1          beq 3.1          
			site C11    x 0.14496       y -0.132        z 0.2826        occ C    1          beq 3.1          
			site C12    x 0.0315        y -0.111        z 0.2726        occ C    1          beq 3.1          
			site C13    x 0.1973        y 0.029         z 0.32734       occ C    1          beq 3.1          
			site C14    x 0.29653       y -0.1190367    z 0.2396261     occ C    1          beq 3.1          
			site C15    x 0.4673816     y 0.05253735    z 0.2397287     occ C    1          beq 3.1          
			site C16    x 0.48560       y 0.2175        z 0.19614       occ C    1          beq 3.1          
			site C17    x 0.59484       y 0.2269        z 0.1914        occ C    1          beq 3.1          
			site C18    x 0.6348        y 0.047         z 0.16544       occ C    1          beq 3.1          
			site C19    x 0.7376        y 0.047         z 0.16359       occ C    1          beq 3.1          
			site C20    x 0.8013        y 0.237         z 0.1877        occ C    1          beq 3.1          
			site C21    x 0.76096       y 0.4195        z 0.2135        occ C    1          beq 3.1          
			site C22    x 0.66065       y 0.4168        z 0.2156        occ C    1          beq 3.1          
			site C23    x 0.5333368     y 0.1242047     z 0.2918692     occ C    1          beq 3.1          
			site C24    x 0.6327268     y -0.02102908   z 0.3034901     occ C    1          beq 3.1          
			site C25    x 0.7172396     y 0.09103542    z 0.3451716     occ C    1          beq 3.1          
			site C26    x 0.81355       y -0.0613       z 0.3467        occ C    1          beq 3.1          
			site C27    x 0.90800       y 0.0362        z 0.3830        occ C    1          beq 3.1          
			site C28    x 0.9621        y 0.2350        z 0.3693        occ C    1          beq 3.1          
			site C29    x 1.04894       y 0.321         z 0.4019        occ C    1          beq 3.1          
			site C30    x 1.0825        y 0.2120        z 0.4480        occ C    1          beq 3.1          
			site C31    x 1.0293        y 0.0127        z 0.4620        occ C    1          beq 3.1          
			site C32    x 0.9416        y -0.0708       z 0.4291        occ C    1          beq 3.1          
			site C33    x 0.6925762     y 0.2474776     z 0.4264247     occ C    1          beq 3.1          
			site C34    x 0.6564        y 0.34908       z 0.50556       occ C    1          beq 3.1          
			site C35    x 0.6207        y 0.2334        z 0.54762       occ C    1          beq 3.1          
			site C36    x 0.5460        y 0.3137        z 0.5701        occ C    1          beq 3.1          
			site C37    x 0.5980        y -0.0024       z 0.6204        occ C    1          beq 3.1                  

			TCHZ_Peak_Type(, 0.00505_0.00045,,-0.00540_0.00042,, 0.00133_0.00010,, 0,, 0.05609_0.00063,, 0)
			
		}
		
		for strs 2 to 2 {
			phase_name "Form II"
			a 10.0299  
			b 18.7348  
			c 20.5787  
			al 90       
			be 90       
			ga 90       
			volume  3866.906
			space_group "P212121"
			site S1     x 0.4770622     y 1.278621      z 0.8712921     occ S    1          beq 5.0          
			site S2     x 0.2593037     y 0.4065051     z 0.6986439     occ S    1          beq 5.0          
			site O1     x 0.6261882     y 1.004327      z 1.030148      occ O    1          beq 1.9          
			site O2     x 0.2740301     y 0.8559269     z 1.054512      occ O    1          beq 1.9          
			site O3     x 0.2507436     y 0.6242204     z 0.9982544     occ O    1          beq 1.9          
			site H1     x 0.2024092     y 0.5917323     z 0.9832701     occ H    1          beq 5            
			site O4     x 0.668879      y 0.4992502     z 0.8457461     occ O    1          beq 1.9          
			site O5     x 0.4453965     y 0.4783307     z 0.8598796     occ O    1          beq 1.9          
			site N1     x 0.5157048     y 1.145959      z 0.9011856     occ N    1          beq 5.0          
			site N2     x 0.4749961     y 1.096082      z 1.045097      occ N    1          beq 5.0          
			site N3     x 0.4347775     y 0.9823546     z 1.088669      occ N    1          beq 5.0          
			site H2     x 0.3576215     y 0.9987829     z 1.102481      occ H    1          beq 5            
			site N4     x 0.4767037     y 0.8107748     z 1.022025      occ N    1          beq 5.0          
			site H3     x 0.5635533     y 0.8141379     z 1.0264        occ H    1          beq 5            
			site N5     x 0.5651665     y 0.5333709     z 0.9403356     occ N    1          beq 5.0          
			site H4     x 0.6420931     y 0.5462032     z 0.9573815     occ H    1          beq 5            
			site N6     x 0.09449473    y 0.3735085     z 0.7920592     occ N    1          beq 5.0          
			site C1     x 0.5875129     y 1.135346      z 0.7510341     occ C    1          beq 1.3          
			site H5     x 0.6255522     y 1.101636      z 0.7782234     occ H    1          beq 5            
			site H6     x 0.6393177     y 1.180252      z 0.7501505     occ H    1          beq 5            
			site H7     x 0.5658088     y 1.120405      z 0.7085733     occ H    1          beq 5            
			site C2     x 0.4561591     y 1.159282      z 0.7830758     occ C    1          beq 1.3          
			site H8     x 0.3922392     y 1.11475       z 0.78744       occ H    1          beq 5            
			site C3     x 0.382221      y 1.215771      z 0.7414859     occ C    1          beq 1.3          
			site H9     x 0.4255612     y 1.255581      z 0.7351643     occ H    1          beq 5            
			site H10    x 0.2878954     y 1.227712      z 0.7654397     occ H    1          beq 5            
			site H11    x 0.3460859     y 1.192549      z 0.7007278     occ H    1          beq 5            
			site C4     x 0.4854377     y 1.18795       z 0.851268      occ C    1          beq 1.3          
			site C5     x 0.5149743     y 1.257731      z 0.95158       occ C    1          beq 1.3          
			site H12    x 0.5282918     y 1.291469      z 0.9848283     occ H    1          beq 5            
			site C6     x 0.5309408     y 1.185867      z 0.9582588     occ C    1          beq 1.3          
			site C7     x 0.57452       y 1.14908       z 1.02185       occ C    1          beq 1.3          
			site H13    x 0.6608838     y 1.124008      z 1.012729      occ H    1          beq 5            
			site H14    x 0.5906979     y 1.184315      z 1.05618       occ H    1          beq 5            
			site C8     x 0.3509532     y 1.123774      z 1.074076      occ C    1          beq 1.3          
			site H15    x 0.3605852     y 1.126969      z 1.120398      occ H    1          beq 5            
			site H16    x 0.2766787     y 1.092443      z 1.062883      occ H    1          beq 5            
			site H17    x 0.3326929     y 1.17155       z 1.056186      occ H    1          beq 5            
			site C9     x 0.5170232     y 1.02589       z 1.053989      occ C    1          beq 1.3          
			site C10    x 0.4749415     y 0.9076204     z 1.103368      occ C    1          beq 1.3          
			site H18    x 0.5723288     y 0.9016458     z 1.095937      occ H    1          beq 5            
			site C11    x 0.4380812     y 0.8892566     z 1.175912      occ C    1          beq 1.3          
			site H19    x 0.3438365     y 0.8918235     z 1.183711      occ H    1          beq 5            
			site C12    x 0.5099216     y 0.9408812     z 1.223993      occ C    1          beq 1.3          
			site H20    x 0.6128796     y 0.935485      z 1.216173      occ H    1          beq 5            
			site H21    x 0.4969926     y 0.9249276     z 1.268494      occ H    1          beq 5            
			site H22    x 0.4866453     y 0.9870927     z 1.216456      occ H    1          beq 5            
			site C13    x 0.4782072     y 0.8109879     z 1.190519      occ C    1          beq 1.3          
			site H23    x 0.5795906     y 0.8032402     z 1.179938      occ H    1          beq 5            
			site H24    x 0.4323301     y 0.7775255     z 1.160748      occ H    1          beq 5            
			site H25    x 0.4678498     y 0.7968551     z 1.234056      occ H    1          beq 5            
			site C14    x 0.3984419     y 0.8557218     z 1.057121      occ C    1          beq 1.3          
			site C15    x 0.4214046     y 0.7555676     z 0.9766314     occ C    1          beq 1.3          
			site H26    x 0.3214367     y 0.7579901     z 0.9776161     occ H    1          beq 5            
			site C16    x 0.4678034     y 0.7717293     z 0.9067934     occ C    1          beq 1.3          
			site H27    x 0.5675211     y 0.7783009     z 0.9079691     occ H    1          beq 5            
			site H28    x 0.4486354     y 0.7311734     z 0.8798541     occ H    1          beq 5            
			site C17    x 0.4034696     y 0.8387691     z 0.876203      occ C    1          beq 1.3          
			site C18    x 0.4480322     y 0.9083639     z 0.8935886     occ C    1          beq 1.3          
			site H29    x 0.5201748     y 0.9146152     z 0.9254166     occ H    1          beq 5            
			site C19    x 0.3874194     y 0.9684286     z 0.8665266     occ C    1          beq 1.3          
			site H30    x 0.4178273     y 1.015368      z 0.8814294     occ H    1          beq 5            
			site C20    x 0.2866706     y 0.9616274     z 0.81985       occ C    1          beq 1.3          
			site H31    x 0.2521059     y 1.004454      z 0.8018863     occ H    1          beq 5            
			site C21    x 0.2435703     y 0.8932956     z 0.8002693     occ C    1          beq 1.3          
			site H32    x 0.180565      y 0.8900049     z 0.7682533     occ H    1          beq 5            
			site C22    x 0.3035302     y 0.8326582     z 0.8284316     occ C    1          beq 1.3          
			site H33    x 0.2786824     y 0.7884454     z 0.8148547     occ H    1          beq 5            
			site C23    x 0.4647594     y 0.6801647     z 0.9991486     occ C    1          beq 1.3          
			site H34    x 0.559712      y 0.6731833     z 0.9880638     occ H    1          beq 5            
			site H35    x 0.4572548     y 0.6776124     z 1.04711       occ H    1          beq 5            
			site C24    x 0.3829852     y 0.6198549     z 0.9694619     occ C    1          beq 1.3          
			site H36    x 0.3754491     y 0.6278597     z 0.9220019     occ H    1          beq 5            
			site C25    x 0.4439365     y 0.5438064     z 0.981177      occ C    1          beq 1.3          
			site H37    x 0.3758435     y 0.5077437     z 0.9682202     occ H    1          beq 5            
			site C26    x 0.477806      y 0.5291016     z 1.05463       occ C    1          beq 1.3          
			site H38    x 0.5654786     y 0.5519401     z 1.064785      occ H    1          beq 5            
			site H39    x 0.4102531     y 0.5531473     z 1.081608      occ H    1          beq 5            
			site C27    x 0.4848365     y 0.4508554     z 1.075297      occ C    1          beq 1.3          
			site C28    x 0.6068986     y 0.4152117     z 1.081295      occ C    1          beq 1.3          
			site H40    x 0.6877986     y 0.4385923     z 1.068317      occ H    1          beq 5            
			site C29    x 0.6136906     y 0.34421       z 1.105075      occ C    1          beq 1.3          
			site H41    x 0.6988547     y 0.3210911     z 1.108285      occ H    1          beq 5            
			site C30    x 0.4960187     y 0.3085571     z 1.121971      occ C    1          beq 1.3          
			site H42    x 0.5010824     y 0.2614629     z 1.138095      occ H    1          beq 5            
			site C31    x 0.3710564     y 0.343157      z 1.114242      occ C    1          beq 1.3          
			site H43    x 0.2922564     y 0.3185114     z 1.124635      occ H    1          beq 5            
			site C32    x 0.3664093     y 0.413456      z 1.091718      occ C    1          beq 1.3          
			site H44    x 0.2844165     y 0.4363124     z 1.088204      occ H    1          beq 5            
			site C33    x 0.5667108     y 0.5039184     z 0.8795644     occ C    1          beq 1.3          
			site C34    x 0.4496296     y 0.4471229     z 0.7949874     occ C    1          beq 1.3          
			site H45    x 0.5184674     y 0.4085175     z 0.793052      occ H    1          beq 5            
			site H46    x 0.4741092     y 0.4831219     z 0.7625332     occ H    1          beq 5            
			site C35    x 0.3117104     y 0.4207774     z 0.7786883     occ C    1          beq 1.3          
			site C36    x 0.2108693     y 0.4004233     z 0.820299      occ C    1          beq 1.3          
			site H47    x 0.2243592     y 0.3989179     z 0.8659426     occ H    1          beq 5            
			site C37    x 0.1080985     y 0.3744032     z 0.7284546     occ C    1          beq 1.3          
			site H48    x 0.04173718    y 0.3552265     z 0.7004423     occ H    1          beq 5                    

			TCHZ_Peak_Type(, 0.00505_0.00045,,-0.00540_0.00042,, 0.00133_0.00010,, 0,, 0.05609_0.00063,, 0)
		}
	} 
	
		    out "output.txt" append
for xdds {
Out(Get(xdd_path_name),  "%s\n")
Out(Get(r_wp),"\tRwp:\t%11.2f\n")
Out(Get(gof),"\tchisq:\t%11.2f\n")
'Out(Get(range),"%11.2f\n")
    for strs {
        Out(Get(phase_name),"%11.7s\t")
        Out(Get(weight_percent),"%11.1f\t", "\t+/-\t%11.1f\n")
        }
    }	
    
	
C_matrix_normalized
{
                             1   2   3   4   5   6   7   8   9  10  11  12  13  14  15  16  17  18  19  20  21  22  23  24  25  26  27  28  29  30  31  32  33  34  35  36  37  38  39  40  41  42  43  44  45  46  47  48  49  50  51  52  53  54  55  56  57  58  59  60  61  62  63  64  65  66  67  68  69  70  71  72  73  74  75  76  77  78  79  80  81  82  83  84  85  86  87  88  89  90  91  92  93  94  95  96  97  98  99 100 101 102 103 104 105 106 107 108 109 110 111 112 113 114
bkg1929390             1:  100-100 100-100 100-100  99 -95  84-100   0  19  12   3  22 -11  11  -7 -17   0   0   0   0   0   0   0   0   0   0   0  -0   0   0   0  -0   0   0   0   0   0   0   0   0   0   0   0   0   0   0  -0   0  -0   0  -0   0   0   0   0   0   0   0   0   0   0   0   0  -0   0  -0   0  -0   0   0   0   0   0   0   0   0   0   0   0   0   0   0  -0   0  -0   0  -0   0   0   0   0   0   0   0   0   0   0   0   0   0   0  -0   0  -0   0  -0   0  -0   0   0   0
bkg1929430             2: -100 100-100 100-100 100 -99  95 -84 100  -0 -19 -12  -2 -23  11 -11   7  17   0   0   0   0   0   0   0   0   0   0   0  -0   0   0   0  -0   0   0   0   0   0   0   0   0   0   0   0   0   0   0  -0   0  -0   0  -0   0   0   0   0   0   0   0   0   0   0   0   0  -0   0  -0   0  -0   0   0   0   0   0   0   0   0   0   0   0   0   0   0  -0   0  -0   0  -0   0   0   0   0   0   0   0   0   0   0   0   0   0   0  -0   0  -0   0  -0   0  -0   0   0   0
bkg19294d0             3:  100-100 100-100 100-100  99 -95  84-100   0  19  13   2  23 -11  11  -7 -17   0   0   0   0   0   0   0   0   0   0   0  -0   0   0   0  -0   0   0   0   0   0   0   0   0   0   0   0   0   0   0  -0   0  -0   0  -0   0   0   0   0   0   0   0   0   0   0   0   0  -0   0  -0   0  -0   0   0   0   0   0   0   0   0   0   0   0   0   0   0  -0   0  -0   0  -0   0   0   0   0   0   0   0   0   0   0   0   0   0   0  -0   0  -0   0  -0   0  -0   0   0   0
bkg1929570             4: -100 100-100 100-100 100 -99  95 -84 100  -0 -19 -13  -2 -24  11 -11   7  17   0   0   0   0   0   0   0   0   0   0   0  -0   0   0   0  -0   0   0   0   0   0   0   0   0   0   0   0   0   0   0  -0   0  -0   0  -0   0   0   0   0   0   0   0   0   0   0   0   0  -0   0  -0   0  -0   0   0   0   0   0   0   0   0   0   0   0   0   0   0  -0   0  -0   0  -0   0   0   0   0   0   0   0   0   0   0   0   0   0   0  -0   0  -0   0  -0   0  -0   0   0   0
bkg1929610             5:  100-100 100-100 100-100  99 -95  84-100   0  18  12   3  23 -11  11  -7 -17   0   0   0   0   0   0   0   0   0   0   0  -0   0   0   0  -0   0   0   0   0   0   0   0   0   0   0   0   0   0   0  -0   0  -0   0  -0   0   0   0   0   0   0   0   0   0   0   0   0  -0   0  -0   0  -0   0   0   0   0   0   0   0   0   0   0   0   0   0   0  -0   0  -0   0  -0   0   0   0   0   0   0   0   0   0   0   0   0   0   0  -0   0  -0   0  -0   0  -0   0   0   0
bkg19296b0             6: -100 100-100 100-100 100 -99  95 -83 100  -0 -17 -10  -5 -21  11 -11   7  16   0   0   0   0   0   0   0   0   0   0   0  -0   0   0   0  -0   0   0   0   0   0   0   0   0   0   0   0   0   0   0  -0   0  -0   0  -0   0   0   0   0   0   0   0   0   0   0   0   0  -0   0  -0   0  -0   0   0   0   0   0   0   0   0   0   0   0   0   0   0  -0   0  -0   0  -0   0   0   0   0   0   0   0   0   0   0   0   0   0   0  -0   0  -0   0  -0   0  -0   0   0   0
bkg1929750             7:   99 -99  99 -99  99 -99 100 -94  86 -99   0  17  12   1  23 -13  13  -8 -17   0   0   0   0   0   0   0   0   0   0   0  -0   0   0   0  -0   0   0   0   0   0   0   0   0   0   0   0   0   0   0  -0   0  -0   0  -0   0   0   0   0   0   0   0   0   0   0   0   0  -0   0  -0   0  -0   0   0   0   0   0   0   0   0   0   0   0   0   0   0  -0   0  -0   0  -0   0   0   0   0   0   0   0   0   0   0   0   0   0   0  -0   0  -0   0  -0   0  -0   0   0   0
bkg19297f0             8:  -95  95 -95  95 -95  95 -94 100 -84  95  -1 -17 -19   8 -27  13 -12   9  20   0   0   0   0   0   0   0   0   0   0   0  -0   0   0   0  -0   0   0   0   0   0   0   0   0   0   0   0   0   0   0  -0   0  -0   0  -0   0   0   0   0   0   0   0   0   0   0   0   0  -0   0  -0   0  -0   0   0   0   0   0   0   0   0   0   0   0   0   0   0  -0   0  -0   0  -0   0   0   0   0   0   0   0   0   0   0   0   0   0   0  -0   0  -0   0  -0   0  -0   0   0   0
bkg1929890             9:   84 -84  84 -84  84 -83  86 -84 100 -84   2  10  17 -15  30  -9   9  -6 -23   0   0   0   0   0   0   0   0   0   0   0  -0   0   0   0  -0   0   0   0   0   0   0   0   0   0   0   0   0   0   0  -0   0  -0   0  -0   0   0   0   0   0   0   0   0   0   0   0   0  -0   0  -0   0  -0   0   0   0   0   0   0   0   0   0   0   0   0   0   0  -0   0  -0   0  -0   0   0   0   0   0   0   0   0   0   0   0   0   0   0  -0   0  -0   0  -0   0  -0   0   0   0
m61153b4b_216         10: -100 100-100 100-100 100 -99  95 -84 100  -0 -19 -12  -2 -23  11 -11   7  17   0   0   0   0   0   0   0   0   0   0   0  -0   0   0   0  -0   0   0   0   0   0   0   0   0   0   0   0   0   0   0  -0   0  -0   0  -0   0   0   0   0   0   0   0   0   0   0   0   0  -0   0  -0   0  -0   0   0   0   0   0   0   0   0   0   0   0   0   0   0  -0   0  -0   0  -0   0   0   0   0   0   0   0   0   0   0   0   0   0   0  -0   0  -0   0  -0   0  -0   0   0   0
m61153b4b_254         11:    0  -0   0  -0   0  -0   0  -1   2  -0 100 -10  -7  -1   5  -9  10  -7  -2   0   0   0   0   0   0   0   0   0   0   0  -0   0   0   0  -0   0   0   0   0   0   0   0   0   0   0   0   0   0   0  -0   0  -0   0  -0   0   0   0   0   0   0   0   0   0   0   0   0  -0   0  -0   0  -0   0   0   0   0   0   0   0   0   0   0   0   0   0   0  -0   0  -0   0  -0   0   0   0   0   0   0   0   0   0   0   0   0   0   0  -0   0  -0   0  -0   0  -0   0   0   0
m61153b4b_217         12:   19 -19  19 -19  18 -17  17 -17  10 -19 -10 100  78  -9  -2   1  -5   4   6   0   0   0   0   0   0   0   0   0   0   0  -0   0   0   0  -0   0   0   0   0   0   0   0   0   0   0   0   0   0   0  -0   0  -0   0  -0   0   0   0   0   0   0   0   0   0   0   0   0  -0   0  -0   0  -0   0   0   0   0   0   0   0   0   0   0   0   0   0   0  -0   0  -0   0  -0   0   0   0   0   0   0   0   0   0   0   0   0   0   0  -0   0  -0   0  -0   0  -0   0   0   0
scaleffc6e0_          13:   12 -12  13 -13  12 -10  12 -19  17 -12  -7  78 100 -50 -19   2  -5   2  17   0   0   0   0   0   0   0   0   0   0   0  -0   0   0   0  -0   0   0   0   0   0   0   0   0   0   0   0   0   0   0  -0   0  -0   0  -0   0   0   0   0   0   0   0   0   0   0   0   0  -0   0  -0   0  -0   0   0   0   0   0   0   0   0   0   0   0   0   0   0  -0   0  -0   0  -0   0   0   0   0   0   0   0   0   0   0   0   0   0   0  -0   0  -0   0  -0   0  -0   0   0   0
m61153b4b_218         14:    3  -2   2  -2   3  -5   1   8 -15  -2  -1  -9 -50 100  24   5  -2   7 -17   0   0   0   0   0   0   0   0   0   0   0  -0   0   0   0  -0   0   0   0   0   0   0   0   0   0   0   0   0   0   0  -0   0  -0   0  -0   0   0   0   0   0   0   0   0   0   0   0   0  -0   0  -0   0  -0   0   0   0   0   0   0   0   0   0   0   0   0   0   0  -0   0  -0   0  -0   0   0   0   0   0   0   0   0   0   0   0   0   0   0  -0   0  -0   0  -0   0  -0   0   0   0
scaleffc848_          15:   22 -23  23 -24  23 -21  23 -27  30 -23   5  -2 -19  24 100 -12  13 -13 -78   0   0   0   0   0   0   0   0   0   0   0  -0   0   0   0  -0   0   0   0   0   0   0   0   0   0   0   0   0   0   0  -0   0  -0   0  -0   0   0   0   0   0   0   0   0   0   0   0   0  -0   0  -0   0  -0   0   0   0   0   0   0   0   0   0   0   0   0   0   0  -0   0  -0   0  -0   0   0   0   0   0   0   0   0   0   0   0   0   0   0  -0   0  -0   0  -0   0  -0   0   0   0
m61153b4b_21b         16:  -11  11 -11  11 -11  11 -13  13  -9  11  -9   1   2   5 -12 100 -84  88   2   0   0   0   0   0   0   0   0   0   0   0  -0   0   0   0  -0   0   0   0   0   0   0   0   0   0   0   0   0   0   0  -0   0  -0   0  -0   0   0   0   0   0   0   0   0   0   0   0   0  -0   0  -0   0  -0   0   0   0   0   0   0   0   0   0   0   0   0   0   0  -0   0  -0   0  -0   0   0   0   0   0   0   0   0   0   0   0   0   0   0  -0   0  -0   0  -0   0  -0   0   0   0
m61153b4b_21c         17:   11 -11  11 -11  11 -11  13 -12   9 -11  10  -5  -5  -2  13 -84 100 -91  -0   0   0   0   0   0   0   0   0   0   0   0  -0   0   0   0  -0   0   0   0   0   0   0   0   0   0   0   0   0   0   0  -0   0  -0   0  -0   0   0   0   0   0   0   0   0   0   0   0   0  -0   0  -0   0  -0   0   0   0   0   0   0   0   0   0   0   0   0   0   0  -0   0  -0   0  -0   0   0   0   0   0   0   0   0   0   0   0   0   0   0  -0   0  -0   0  -0   0  -0   0   0   0
m61153b4b_21d         18:   -7   7  -7   7  -7   7  -8   9  -6   7  -7   4   2   7 -13  88 -91 100   0   0   0   0   0   0   0   0   0   0   0   0  -0   0   0   0  -0   0   0   0   0   0   0   0   0   0   0   0   0   0   0  -0   0  -0   0  -0   0   0   0   0   0   0   0   0   0   0   0   0  -0   0  -0   0  -0   0   0   0   0   0   0   0   0   0   0   0   0   0   0  -0   0  -0   0  -0   0   0   0   0   0   0   0   0   0   0   0   0   0   0  -0   0  -0   0  -0   0  -0   0   0   0
m61153b4b_21e         19:  -17  17 -17  17 -17  16 -17  20 -23  17  -2   6  17 -17 -78   2  -0   0 100   0   0   0   0   0   0   0   0   0   0   0  -0   0   0   0  -0   0   0   0   0   0   0   0   0   0   0   0   0   0   0  -0   0  -0   0  -0   0   0   0   0   0   0   0   0   0   0   0   0  -0   0  -0   0  -0   0   0   0   0   0   0   0   0   0   0   0   0   0   0  -0   0  -0   0  -0   0   0   0   0   0   0   0   0   0   0   0   0   0   0  -0   0  -0   0  -0   0  -0   0   0   0
bkg1929930            20:    0   0   0   0   0   0   0   0   0   0   0   0   0   0   0   0   0   0   0 100-100 100-100 100-100  99 -95  84-100   0   9 -11  13  22  -2   1   2 -22   0   0   0   0   0   0   0   0   0   0   0  -0   0  -0   0  -0   0   0   0   0   0   0   0   0   0   0   0   0  -0   0  -0   0  -0   0   0   0   0   0   0   0   0   0   0   0   0   0   0  -0   0  -0   0  -0   0   0   0   0   0   0   0   0   0   0   0   0   0   0  -0   0  -0   0  -0   0  -0   0   0   0
bkg19299d0            21:    0   0   0   0   0   0   0   0   0   0   0   0   0   0   0   0   0   0   0-100 100-100 100-100 100 -99  95 -84 100  -0 -10  10 -13 -23   2  -0  -2  22   0   0   0   0   0   0   0   0   0   0   0  -0   0  -0   0  -0   0   0   0   0   0   0   0   0   0   0   0   0  -0   0  -0   0  -0   0   0   0   0   0   0   0   0   0   0   0   0   0   0  -0   0  -0   0  -0   0   0   0   0   0   0   0   0   0   0   0   0   0   0  -0   0  -0   0  -0   0  -0   0   0   0
bkg1929a70            22:    0   0   0   0   0   0   0   0   0   0   0   0   0   0   0   0   0   0   0 100-100 100-100 100-100  99 -95  85-100   0  10 -10  13  23  -2   0   2 -23   0   0   0   0   0   0   0   0   0   0   0  -0   0  -0   0  -0   0   0   0   0   0   0   0   0   0   0   0   0  -0   0  -0   0  -0   0   0   0   0   0   0   0   0   0   0   0   0   0   0  -0   0  -0   0  -0   0   0   0   0   0   0   0   0   0   0   0   0   0   0  -0   0  -0   0  -0   0  -0   0   0   0
bkg1929b10            23:    0   0   0   0   0   0   0   0   0   0   0   0   0   0   0   0   0   0   0-100 100-100 100-100 100 -99  96 -85 100  -0 -10  10 -13 -23   2  -0  -2  23   0   0   0   0   0   0   0   0   0   0   0  -0   0  -0   0  -0   0   0   0   0   0   0   0   0   0   0   0   0  -0   0  -0   0  -0   0   0   0   0   0   0   0   0   0   0   0   0   0   0  -0   0  -0   0  -0   0   0   0   0   0   0   0   0   0   0   0   0   0   0  -0   0  -0   0  -0   0  -0   0   0   0
bkg1929bb0            24:    0   0   0   0   0   0   0   0   0   0   0   0   0   0   0   0   0   0   0 100-100 100-100 100-100  99 -95  85-100   0   8 -11  13  21  -1   1   2 -22   0   0   0   0   0   0   0   0   0   0   0  -0   0  -0   0  -0   0   0   0   0   0   0   0   0   0   0   0   0  -0   0  -0   0  -0   0   0   0   0   0   0   0   0   0   0   0   0   0   0  -0   0  -0   0  -0   0   0   0   0   0   0   0   0   0   0   0   0   0   0  -0   0  -0   0  -0   0  -0   0   0   0
bkg1929c50            25:    0   0   0   0   0   0   0   0   0   0   0   0   0   0   0   0   0   0   0-100 100-100 100-100 100 -99  95 -83 100  -0  -7  13 -14 -19   2  -1  -2  20   0   0   0   0   0   0   0   0   0   0   0  -0   0  -0   0  -0   0   0   0   0   0   0   0   0   0   0   0   0  -0   0  -0   0  -0   0   0   0   0   0   0   0   0   0   0   0   0   0   0  -0   0  -0   0  -0   0   0   0   0   0   0   0   0   0   0   0   0   0   0  -0   0  -0   0  -0   0  -0   0   0   0
bkg1929cf0            26:    0   0   0   0   0   0   0   0   0   0   0   0   0   0   0   0   0   0   0  99 -99  99 -99  99 -99 100 -95  86 -99   0   9 -10  12  22  -2   1   2 -22   0   0   0   0   0   0   0   0   0   0   0  -0   0  -0   0  -0   0   0   0   0   0   0   0   0   0   0   0   0  -0   0  -0   0  -0   0   0   0   0   0   0   0   0   0   0   0   0   0   0  -0   0  -0   0  -0   0   0   0   0   0   0   0   0   0   0   0   0   0   0  -0   0  -0   0  -0   0  -0   0   0   0
bkg1929d90            27:    0   0   0   0   0   0   0   0   0   0   0   0   0   0   0   0   0   0   0 -95  95 -95  96 -95  95 -95 100 -85  95  -0 -11   0  -4 -26   2   1  -2  27   0   0   0   0   0   0   0   0   0   0   0  -0   0  -0   0  -0   0   0   0   0   0   0   0   0   0   0   0   0  -0   0  -0   0  -0   0   0   0   0   0   0   0   0   0   0   0   0   0   0  -0   0  -0   0  -0   0   0   0   0   0   0   0   0   0   0   0   0   0   0  -0   0  -0   0  -0   0  -0   0   0   0
bkg1929e30            28:    0   0   0   0   0   0   0   0   0   0   0   0   0   0   0   0   0   0   0  84 -84  85 -85  85 -83  86 -85 100 -84   0  11   9  -5  28  -2  -3   1 -29   0   0   0   0   0   0   0   0   0   0   0  -0   0  -0   0  -0   0   0   0   0   0   0   0   0   0   0   0   0  -0   0  -0   0  -0   0   0   0   0   0   0   0   0   0   0   0   0   0   0  -0   0  -0   0  -0   0   0   0   0   0   0   0   0   0   0   0   0   0   0  -0   0  -0   0  -0   0  -0   0   0   0
m61153b4b_21f         29:    0   0   0   0   0   0   0   0   0   0   0   0   0   0   0   0   0   0   0-100 100-100 100-100 100 -99  95 -84 100  -0 -10  10 -13 -22   2  -0  -2  22   0   0   0   0   0   0   0   0   0   0   0  -0   0  -0   0  -0   0   0   0   0   0   0   0   0   0   0   0   0  -0   0  -0   0  -0   0   0   0   0   0   0   0   0   0   0   0   0   0   0  -0   0  -0   0  -0   0   0   0   0   0   0   0   0   0   0   0   0   0   0  -0   0  -0   0  -0   0  -0   0   0   0
m61153b4b_255         30:    0   0   0   0   0   0   0   0   0   0   0   0   0   0   0   0   0   0   0   0  -0   0  -0   0  -0   0  -0   0  -0 100  -2  -8   5   2   3  -5   5  -6   0   0   0   0   0   0   0   0   0   0   0  -0   0  -0   0  -0   0   0   0   0   0   0   0   0   0   0   0   0  -0   0  -0   0  -0   0   0   0   0   0   0   0   0   0   0   0   0   0   0  -0   0  -0   0  -0   0   0   0   0   0   0   0   0   0   0   0   0   0   0  -0   0  -0   0  -0   0  -0   0   0   0
m61153b4b_220         31:   -0  -0  -0  -0  -0  -0  -0  -0  -0  -0  -0  -0  -0  -0  -0  -0  -0  -0  -0   9 -10  10 -10   8  -7   9 -11  11 -10  -2 100  46  -3  84 -40  -9 -26  -9   0   0   0   0   0   0   0   0   0   0   0  -0   0  -0   0  -0   0   0   0   0   0   0   0   0   0   0   0   0  -0   0  -0   0  -0   0   0   0   0   0   0   0   0   0   0   0   0   0   0  -0   0  -0   0  -0   0   0   0   0   0   0   0   0   0   0   0   0   0   0  -0   0  -0   0  -0   0  -0   0   0   0
scaleffc9b0_          32:    0   0   0   0   0   0   0   0   0   0   0   0   0   0   0   0   0   0   0 -11  10 -10  10 -11  13 -10   0   9  10  -8  46 100 -70  24 -20  -2 -13  15   0   0   0   0   0   0   0   0   0   0   0  -0   0  -0   0  -0   0   0   0   0   0   0   0   0   0   0   0   0  -0   0  -0   0  -0   0   0   0   0   0   0   0   0   0   0   0   0   0   0  -0   0  -0   0  -0   0   0   0   0   0   0   0   0   0   0   0   0   0   0  -0   0  -0   0  -0   0  -0   0   0   0
m61153b4b_221         33:    0   0   0   0   0   0   0   0   0   0   0   0   0   0   0   0   0   0   0  13 -13  13 -13  13 -14  12  -4  -5 -13   5  -3 -70 100   8   1  -1   0 -13   0   0   0   0   0   0   0   0   0   0   0  -0   0  -0   0  -0   0   0   0   0   0   0   0   0   0   0   0   0  -0   0  -0   0  -0   0   0   0   0   0   0   0   0   0   0   0   0   0   0  -0   0  -0   0  -0   0   0   0   0   0   0   0   0   0   0   0   0   0   0  -0   0  -0   0  -0   0  -0   0   0   0
scaleffcb18_          34:    0   0   0   0   0   0   0   0   0   0   0   0   0   0   0   0   0   0   0  22 -23  23 -23  21 -19  22 -26  28 -22   2  84  24   8 100 -29 -18 -20 -43   0   0   0   0   0   0   0   0   0   0   0  -0   0  -0   0  -0   0   0   0   0   0   0   0   0   0   0   0   0  -0   0  -0   0  -0   0   0   0   0   0   0   0   0   0   0   0   0   0   0  -0   0  -0   0  -0   0   0   0   0   0   0   0   0   0   0   0   0   0   0  -0   0  -0   0  -0   0  -0   0   0   0
m61153b4b_224         35:   -0  -0  -0  -0  -0  -0  -0  -0  -0  -0  -0  -0  -0  -0  -0  -0  -0  -0  -0  -2   2  -2   2  -1   2  -2   2  -2   2   3 -40 -20   1 -29 100   6  94  -3   0   0   0   0   0   0   0   0   0   0   0  -0   0  -0   0  -0   0   0   0   0   0   0   0   0   0   0   0   0  -0   0  -0   0  -0   0   0   0   0   0   0   0   0   0   0   0   0   0   0  -0   0  -0   0  -0   0   0   0   0   0   0   0   0   0   0   0   0   0   0  -0   0  -0   0  -0   0  -0   0   0   0
m61153b4b_225         36:    0   0   0   0   0   0   0   0   0   0   0   0   0   0   0   0   0   0   0   1  -0   0  -0   1  -1   1   1  -3  -0  -5  -9  -2  -1 -18   6 100   5  13   0   0   0   0   0   0   0   0   0   0   0  -0   0  -0   0  -0   0   0   0   0   0   0   0   0   0   0   0   0  -0   0  -0   0  -0   0   0   0   0   0   0   0   0   0   0   0   0   0   0  -0   0  -0   0  -0   0   0   0   0   0   0   0   0   0   0   0   0   0   0  -0   0  -0   0  -0   0  -0   0   0   0
m61153b4b_226         37:    0   0   0   0   0   0   0   0   0   0   0   0   0   0   0   0   0   0   0   2  -2   2  -2   2  -2   2  -2   1  -2   5 -26 -13   0 -20  94   5 100  -4   0   0   0   0   0   0   0   0   0   0   0  -0   0  -0   0  -0   0   0   0   0   0   0   0   0   0   0   0   0  -0   0  -0   0  -0   0   0   0   0   0   0   0   0   0   0   0   0   0   0  -0   0  -0   0  -0   0   0   0   0   0   0   0   0   0   0   0   0   0   0  -0   0  -0   0  -0   0  -0   0   0   0
m61153b4b_227         38:    0   0   0   0   0   0   0   0   0   0   0   0   0   0   0   0   0   0   0 -22  22 -23  23 -22  20 -22  27 -29  22  -6  -9  15 -13 -43  -3  13  -4 100   0   0   0   0   0   0   0   0   0   0   0  -0   0  -0   0  -0   0   0   0   0   0   0   0   0   0   0   0   0  -0   0  -0   0  -0   0   0   0   0   0   0   0   0   0   0   0   0   0   0  -0   0  -0   0  -0   0   0   0   0   0   0   0   0   0   0   0   0   0   0  -0   0  -0   0  -0   0  -0   0   0   0
bkg1929ed0            39:    0   0   0   0   0   0   0   0   0   0   0   0   0   0   0   0   0   0   0   0   0   0   0   0   0   0   0   0   0   0   0   0   0   0   0   0   0   0 100-100 100-100 100-100  99 -95  83-100   1   4 -17  13  17  -1  -1   2 -23   0   0   0   0   0   0   0   0   0  -0   0  -0   0  -0   0   0   0   0   0   0   0   0   0   0   0   0   0   0  -0   0  -0   0  -0   0   0   0   0   0   0   0   0   0   0   0   0   0   0  -0   0  -0   0  -0   0  -0   0   0   0
bkg1929f70            40:    0   0   0   0   0   0   0   0   0   0   0   0   0   0   0   0   0   0   0   0   0   0   0   0   0   0   0   0   0   0   0   0   0   0   0   0   0   0-100 100-100 100-100 100 -99  95 -84 100  -1  -5  17 -13 -18   1   1  -2  23   0   0   0   0   0   0   0   0   0  -0   0  -0   0  -0   0   0   0   0   0   0   0   0   0   0   0   0   0   0  -0   0  -0   0  -0   0   0   0   0   0   0   0   0   0   0   0   0   0   0  -0   0  -0   0  -0   0  -0   0   0   0
bkg192a010            41:    0   0   0   0   0   0   0   0   0   0   0   0   0   0   0   0   0   0   0   0   0   0   0   0   0   0   0   0   0   0   0   0   0   0   0   0   0   0 100-100 100-100 100-100  99 -95  84-100   1   5 -16  12  18  -1  -2   2 -23   0   0   0   0   0   0   0   0   0  -0   0  -0   0  -0   0   0   0   0   0   0   0   0   0   0   0   0   0   0  -0   0  -0   0  -0   0   0   0   0   0   0   0   0   0   0   0   0   0   0  -0   0  -0   0  -0   0  -0   0   0   0
bkg192a0b0            42:    0   0   0   0   0   0   0   0   0   0   0   0   0   0   0   0   0   0   0   0   0   0   0   0   0   0   0   0   0   0   0   0   0   0   0   0   0   0-100 100-100 100-100 100 -99  95 -84 100  -1  -5  16 -12 -18   1   1  -2  24   0   0   0   0   0   0   0   0   0  -0   0  -0   0  -0   0   0   0   0   0   0   0   0   0   0   0   0   0   0  -0   0  -0   0  -0   0   0   0   0   0   0   0   0   0   0   0   0   0   0  -0   0  -0   0  -0   0  -0   0   0   0
bkg192a150            43:    0   0   0   0   0   0   0   0   0   0   0   0   0   0   0   0   0   0   0   0   0   0   0   0   0   0   0   0   0   0   0   0   0   0   0   0   0   0 100-100 100-100 100-100  99 -95  84-100   1   4 -17  13  17  -1  -1   2 -23   0   0   0   0   0   0   0   0   0  -0   0  -0   0  -0   0   0   0   0   0   0   0   0   0   0   0   0   0   0  -0   0  -0   0  -0   0   0   0   0   0   0   0   0   0   0   0   0   0   0  -0   0  -0   0  -0   0  -0   0   0   0
bkg192a1f0            44:    0   0   0   0   0   0   0   0   0   0   0   0   0   0   0   0   0   0   0   0   0   0   0   0   0   0   0   0   0   0   0   0   0   0   0   0   0   0-100 100-100 100-100 100 -99  95 -82 100  -1  -3  19 -14 -15   1   1  -2  21   0   0   0   0   0   0   0   0   0  -0   0  -0   0  -0   0   0   0   0   0   0   0   0   0   0   0   0   0   0  -0   0  -0   0  -0   0   0   0   0   0   0   0   0   0   0   0   0   0   0  -0   0  -0   0  -0   0  -0   0   0   0
bkg192a290            45:    0   0   0   0   0   0   0   0   0   0   0   0   0   0   0   0   0   0   0   0   0   0   0   0   0   0   0   0   0   0   0   0   0   0   0   0   0   0  99 -99  99 -99  99 -99 100 -95  85 -99   0   4 -15  10  17  -2  -1   2 -23   0   0   0   0   0   0   0   0   0  -0   0  -0   0  -0   0   0   0   0   0   0   0   0   0   0   0   0   0   0  -0   0  -0   0  -0   0   0   0   0   0   0   0   0   0   0   0   0   0   0  -0   0  -0   0  -0   0  -0   0   0   0
bkg192a330            46:    0   0   0   0   0   0   0   0   0   0   0   0   0   0   0   0   0   0   0   0   0   0   0   0   0   0   0   0   0   0   0   0   0   0   0   0   0   0 -95  95 -95  95 -95  95 -95 100 -85  95  -0  -6   3  -0 -21   1   3  -3  27   0   0   0   0   0   0   0   0   0  -0   0  -0   0  -0   0   0   0   0   0   0   0   0   0   0   0   0   0   0  -0   0  -0   0  -0   0   0   0   0   0   0   0   0   0   0   0   0   0   0  -0   0  -0   0  -0   0  -0   0   0   0
bkg192a3d0            47:    0   0   0   0   0   0   0   0   0   0   0   0   0   0   0   0   0   0   0   0   0   0   0   0   0   0   0   0   0   0   0   0   0   0   0   0   0   0  83 -84  84 -84  84 -82  85 -85 100 -84   0   7   9  -9  23  -2  -4   2 -29   0   0   0   0   0   0   0   0   0  -0   0  -0   0  -0   0   0   0   0   0   0   0   0   0   0   0   0   0   0  -0   0  -0   0  -0   0   0   0   0   0   0   0   0   0   0   0   0   0   0  -0   0  -0   0  -0   0  -0   0   0   0
m61153b4b_228         48:    0   0   0   0   0   0   0   0   0   0   0   0   0   0   0   0   0   0   0   0   0   0   0   0   0   0   0   0   0   0   0   0   0   0   0   0   0   0-100 100-100 100-100 100 -99  95 -84 100  -1  -5  17 -12 -18   1   1  -2  23   0   0   0   0   0   0   0   0   0  -0   0  -0   0  -0   0   0   0   0   0   0   0   0   0   0   0   0   0   0  -0   0  -0   0  -0   0   0   0   0   0   0   0   0   0   0   0   0   0   0  -0   0  -0   0  -0   0  -0   0   0   0
m61153b4b_256         49:    0   0   0   0   0   0   0   0   0   0   0   0   0   0   0   0   0   0   0   0   0   0   0   0   0   0   0   0   0   0   0   0   0   0   0   0   0   0   1  -1   1  -1   1  -1   0  -0   0  -1 100  -2  -6   2   0   2  -5   4  -4   0   0   0   0   0   0   0   0   0  -0   0  -0   0  -0   0   0   0   0   0   0   0   0   0   0   0   0   0   0  -0   0  -0   0  -0   0   0   0   0   0   0   0   0   0   0   0   0   0   0  -0   0  -0   0  -0   0  -0   0   0   0
m61153b4b_229         50:   -0  -0  -0  -0  -0  -0  -0  -0  -0  -0  -0  -0  -0  -0  -0  -0  -0  -0  -0  -0  -0  -0  -0  -0  -0  -0  -0  -0  -0  -0  -0  -0  -0  -0  -0  -0  -0  -0   4  -5   5  -5   4  -3   4  -6   7  -5  -2 100  16  -0  87 -43 -10 -29 -12   0   0   0   0   0   0   0   0   0  -0   0  -0   0  -0   0   0   0   0   0   0   0   0   0   0   0   0   0   0  -0   0  -0   0  -0   0   0   0   0   0   0   0   0   0   0   0   0   0   0  -0   0  -0   0  -0   0  -0   0   0   0
scaleffcc80_          51:    0   0   0   0   0   0   0   0   0   0   0   0   0   0   0   0   0   0   0   0   0   0   0   0   0   0   0   0   0   0   0   0   0   0   0   0   0   0 -17  17 -16  16 -17  19 -15   3   9  17  -6  16 100 -80  -1  -6   3  -3  19   0   0   0   0   0   0   0   0   0  -0   0  -0   0  -0   0   0   0   0   0   0   0   0   0   0   0   0   0   0  -0   0  -0   0  -0   0   0   0   0   0   0   0   0   0   0   0   0   0   0  -0   0  -0   0  -0   0  -0   0   0   0
m61153b4b_22a         52:   -0  -0  -0  -0  -0  -0  -0  -0  -0  -0  -0  -0  -0  -0  -0  -0  -0  -0  -0  -0  -0  -0  -0  -0  -0  -0  -0  -0  -0  -0  -0  -0  -0  -0  -0  -0  -0  -0  13 -13  12 -12  13 -14  10  -0  -9 -12   2  -0 -80 100   9  -1  -3  -2 -12   0   0   0   0   0   0   0   0   0  -0   0  -0   0  -0   0   0   0   0   0   0   0   0   0   0   0   0   0   0  -0   0  -0   0  -0   0   0   0   0   0   0   0   0   0   0   0   0   0   0  -0   0  -0   0  -0   0  -0   0   0   0
scaleffce60_          53:    0   0   0   0   0   0   0   0   0   0   0   0   0   0   0   0   0   0   0   0   0   0   0   0   0   0   0   0   0   0   0   0   0   0   0   0   0   0  17 -18  18 -18  17 -15  17 -21  23 -18   0  87  -1   9 100 -34 -20 -24 -42   0   0   0   0   0   0   0   0   0  -0   0  -0   0  -0   0   0   0   0   0   0   0   0   0   0   0   0   0   0  -0   0  -0   0  -0   0   0   0   0   0   0   0   0   0   0   0   0   0   0  -0   0  -0   0  -0   0  -0   0   0   0
m61153b4b_22d         54:   -0  -0  -0  -0  -0  -0  -0  -0  -0  -0  -0  -0  -0  -0  -0  -0  -0  -0  -0  -0  -0  -0  -0  -0  -0  -0  -0  -0  -0  -0  -0  -0  -0  -0  -0  -0  -0  -0  -1   1  -1   1  -1   1  -2   1  -2   1   2 -43  -6  -1 -34 100  10  93  -1   0   0   0   0   0   0   0   0   0  -0   0  -0   0  -0   0   0   0   0   0   0   0   0   0   0   0   0   0   0  -0   0  -0   0  -0   0   0   0   0   0   0   0   0   0   0   0   0   0   0  -0   0  -0   0  -0   0  -0   0   0   0
m61153b4b_22e         55:    0   0   0   0   0   0   0   0   0   0   0   0   0   0   0   0   0   0   0   0   0   0   0   0   0   0   0   0   0   0   0   0   0   0   0   0   0   0  -1   1  -2   1  -1   1  -1   3  -4   1  -5 -10   3  -3 -20  10 100  12  15   0   0   0   0   0   0   0   0   0  -0   0  -0   0  -0   0   0   0   0   0   0   0   0   0   0   0   0   0   0  -0   0  -0   0  -0   0   0   0   0   0   0   0   0   0   0   0   0   0   0  -0   0  -0   0  -0   0  -0   0   0   0
m61153b4b_22f         56:    0   0   0   0   0   0   0   0   0   0   0   0   0   0   0   0   0   0   0   0   0   0   0   0   0   0   0   0   0   0   0   0   0   0   0   0   0   0   2  -2   2  -2   2  -2   2  -3   2  -2   4 -29  -3  -2 -24  93  12 100  -2   0   0   0   0   0   0   0   0   0  -0   0  -0   0  -0   0   0   0   0   0   0   0   0   0   0   0   0   0   0  -0   0  -0   0  -0   0   0   0   0   0   0   0   0   0   0   0   0   0   0  -0   0  -0   0  -0   0  -0   0   0   0
m61153b4b_230         57:    0   0   0   0   0   0   0   0   0   0   0   0   0   0   0   0   0   0   0   0   0   0   0   0   0   0   0   0   0   0   0   0   0   0   0   0   0   0 -23  23 -23  24 -23  21 -23  27 -29  23  -4 -12  19 -12 -42  -1  15  -2 100   0   0   0   0   0   0   0   0   0  -0   0  -0   0  -0   0   0   0   0   0   0   0   0   0   0   0   0   0   0  -0   0  -0   0  -0   0   0   0   0   0   0   0   0   0   0   0   0   0   0  -0   0  -0   0  -0   0  -0   0   0   0
bkg192a470            58:    0   0   0   0   0   0   0   0   0   0   0   0   0   0   0   0   0   0   0   0   0   0   0   0   0   0   0   0   0   0   0   0   0   0   0   0   0   0   0   0   0   0   0   0   0   0   0   0   0   0   0   0   0   0   0   0   0 100-100 100-100 100-100  99 -94  81-100   0   1 -18  11  16  -0  -2   3 -25   0   0   0   0   0   0   0   0   0  -0   0  -0   0  -0   0   0   0   0   0   0   0   0   0   0   0   0   0   0  -0   0  -0   0  -0   0  -0   0   0   0
bkg192a510            59:    0   0   0   0   0   0   0   0   0   0   0   0   0   0   0   0   0   0   0   0   0   0   0   0   0   0   0   0   0   0   0   0   0   0   0   0   0   0   0   0   0   0   0   0   0   0   0   0   0   0   0   0   0   0   0   0   0-100 100-100 100-100 100 -99  94 -81 100  -0  -2  18 -11 -16   1   3  -2  25   0   0   0   0   0   0   0   0   0  -0   0  -0   0  -0   0   0   0   0   0   0   0   0   0   0   0   0   0   0  -0   0  -0   0  -0   0  -0   0   0   0
bkg192a5b0            60:    0   0   0   0   0   0   0   0   0   0   0   0   0   0   0   0   0   0   0   0   0   0   0   0   0   0   0   0   0   0   0   0   0   0   0   0   0   0   0   0   0   0   0   0   0   0   0   0   0   0   0   0   0   0   0   0   0 100-100 100-100 100 -99  99 -94  81-100   0   2 -17  10  17  -0  -3   3 -25   0   0   0   0   0   0   0   0   0  -0   0  -0   0  -0   0   0   0   0   0   0   0   0   0   0   0   0   0   0  -0   0  -0   0  -0   0  -0   0   0   0
bkg192a650            61:    0   0   0   0   0   0   0   0   0   0   0   0   0   0   0   0   0   0   0   0   0   0   0   0   0   0   0   0   0   0   0   0   0   0   0   0   0   0   0   0   0   0   0   0   0   0   0   0   0   0   0   0   0   0   0   0   0-100 100-100 100-100 100 -99  94 -82 100  -0  -1  17  -9 -16   0   3  -3  25   0   0   0   0   0   0   0   0   0  -0   0  -0   0  -0   0   0   0   0   0   0   0   0   0   0   0   0   0   0  -0   0  -0   0  -0   0  -0   0   0   0
bkg192a6f0            62:    0   0   0   0   0   0   0   0   0   0   0   0   0   0   0   0   0   0   0   0   0   0   0   0   0   0   0   0   0   0   0   0   0   0   0   0   0   0   0   0   0   0   0   0   0   0   0   0   0   0   0   0   0   0   0   0   0 100-100 100-100 100-100  99 -94  81-100   0   0 -18  10  15  -0  -2   3 -25   0   0   0   0   0   0   0   0   0  -0   0  -0   0  -0   0   0   0   0   0   0   0   0   0   0   0   0   0   0  -0   0  -0   0  -0   0  -0   0   0   0
bkg192a790            63:    0   0   0   0   0   0   0   0   0   0   0   0   0   0   0   0   0   0   0   0   0   0   0   0   0   0   0   0   0   0   0   0   0   0   0   0   0   0   0   0   0   0   0   0   0   0   0   0   0   0   0   0   0   0   0   0   0-100 100 -99 100-100 100 -98  93 -79 100  -0   1  21 -13 -13   1   2  -2  23   0   0   0   0   0   0   0   0   0  -0   0  -0   0  -0   0   0   0   0   0   0   0   0   0   0   0   0   0   0  -0   0  -0   0  -0   0  -0   0   0   0
bkg192a830            64:    0   0   0   0   0   0   0   0   0   0   0   0   0   0   0   0   0   0   0   0   0   0   0   0   0   0   0   0   0   0   0   0   0   0   0   0   0   0   0   0   0   0   0   0   0   0   0   0   0   0   0   0   0   0   0   0   0  99 -99  99 -99  99 -98 100 -94  83 -99   0   2 -14   7  16  -1  -2   2 -24   0   0   0   0   0   0   0   0   0  -0   0  -0   0  -0   0   0   0   0   0   0   0   0   0   0   0   0   0   0  -0   0  -0   0  -0   0  -0   0   0   0
bkg192a8d0            65:    0   0   0   0   0   0   0   0   0   0   0   0   0   0   0   0   0   0   0   0   0   0   0   0   0   0   0   0   0   0   0   0   0   0   0   0   0   0   0   0   0   0   0   0   0   0   0   0   0   0   0   0   0   0   0   0   0 -94  94 -94  94 -94  93 -94 100 -85  94  -0  -3  -3   8 -18  -0   4  -4  27   0   0   0   0   0   0   0   0   0  -0   0  -0   0  -0   0   0   0   0   0   0   0   0   0   0   0   0   0   0  -0   0  -0   0  -0   0  -0   0   0   0
bkg192a970            66:    0   0   0   0   0   0   0   0   0   0   0   0   0   0   0   0   0   0   0   0   0   0   0   0   0   0   0   0   0   0   0   0   0   0   0   0   0   0   0   0   0   0   0   0   0   0   0   0   0   0   0   0   0   0   0   0   0  81 -81  81 -82  81 -79  83 -85 100 -81   1   5  18 -19  20   0  -5   3 -27   0   0   0   0   0   0   0   0   0  -0   0  -0   0  -0   0   0   0   0   0   0   0   0   0   0   0   0   0   0  -0   0  -0   0  -0   0  -0   0   0   0
m61153b4b_231         67:   -0  -0  -0  -0  -0  -0  -0  -0  -0  -0  -0  -0  -0  -0  -0  -0  -0  -0  -0  -0  -0  -0  -0  -0  -0  -0  -0  -0  -0  -0  -0  -0  -0  -0  -0  -0  -0  -0  -0  -0  -0  -0  -0  -0  -0  -0  -0  -0  -0  -0  -0  -0  -0  -0  -0  -0  -0-100 100-100 100-100 100 -99  94 -81 100  -0  -1  18 -10 -16   0   3  -3  25   0   0   0   0   0   0   0   0   0  -0   0  -0   0  -0   0   0   0   0   0   0   0   0   0   0   0   0   0   0  -0   0  -0   0  -0   0  -0   0   0   0
m61153b4b_257         68:    0   0   0   0   0   0   0   0   0   0   0   0   0   0   0   0   0   0   0   0   0   0   0   0   0   0   0   0   0   0   0   0   0   0   0   0   0   0   0   0   0   0   0   0   0   0   0   0   0   0   0   0   0   0   0   0   0   0  -0   0  -0   0  -0   0  -0   1  -0 100  -2  -2  -2   0   2  -4   4  -4   0   0   0   0   0   0   0   0   0  -0   0  -0   0  -0   0   0   0   0   0   0   0   0   0   0   0   0   0   0  -0   0  -0   0  -0   0  -0   0   0   0
m61153b4b_232         69:   -0  -0  -0  -0  -0  -0  -0  -0  -0  -0  -0  -0  -0  -0  -0  -0  -0  -0  -0  -0  -0  -0  -0  -0  -0  -0  -0  -0  -0  -0  -0  -0  -0  -0  -0  -0  -0  -0  -0  -0  -0  -0  -0  -0  -0  -0  -0  -0  -0  -0  -0  -0  -0  -0  -0  -0  -0   1  -2   2  -1   0   1   2  -3   5  -1  -2 100  -3   0  88 -41 -12 -27 -15   0   0   0   0   0   0   0   0   0  -0   0  -0   0  -0   0   0   0   0   0   0   0   0   0   0   0   0   0   0  -0   0  -0   0  -0   0  -0   0   0   0
scaleffcfc8_          70:    0   0   0   0   0   0   0   0   0   0   0   0   0   0   0   0   0   0   0   0   0   0   0   0   0   0   0   0   0   0   0   0   0   0   0   0   0   0   0   0   0   0   0   0   0   0   0   0   0   0   0   0   0   0   0   0   0 -18  18 -17  17 -18  21 -14  -3  18  18  -2  -3 100 -86 -17   5   5   6  21   0   0   0   0   0   0   0   0   0  -0   0  -0   0  -0   0   0   0   0   0   0   0   0   0   0   0   0   0   0  -0   0  -0   0  -0   0  -0   0   0   0
m61153b4b_233         71:   -0  -0  -0  -0  -0  -0  -0  -0  -0  -0  -0  -0  -0  -0  -0  -0  -0  -0  -0  -0  -0  -0  -0  -0  -0  -0  -0  -0  -0  -0  -0  -0  -0  -0  -0  -0  -0  -0  -0  -0  -0  -0  -0  -0  -0  -0  -0  -0  -0  -0  -0  -0  -0  -0  -0  -0  -0  11 -11  10  -9  10 -13   7   8 -19 -10  -2   0 -86 100  10  -5  -2  -6 -12   0   0   0   0   0   0   0   0   0  -0   0  -0   0  -0   0   0   0   0   0   0   0   0   0   0   0   0   0   0  -0   0  -0   0  -0   0  -0   0   0   0
scaleffd130_          72:    0   0   0   0   0   0   0   0   0   0   0   0   0   0   0   0   0   0   0   0   0   0   0   0   0   0   0   0   0   0   0   0   0   0   0   0   0   0   0   0   0   0   0   0   0   0   0   0   0   0   0   0   0   0   0   0   0  16 -16  17 -16  15 -13  16 -18  20 -16   0  88 -17  10 100 -33 -23 -23 -43   0   0   0   0   0   0   0   0   0  -0   0  -0   0  -0   0   0   0   0   0   0   0   0   0   0   0   0   0   0  -0   0  -0   0  -0   0  -0   0   0   0
m61153b4b_236         73:    0   0   0   0   0   0   0   0   0   0   0   0   0   0   0   0   0   0   0   0   0   0   0   0   0   0   0   0   0   0   0   0   0   0   0   0   0   0   0   0   0   0   0   0   0   0   0   0   0   0   0   0   0   0   0   0   0  -0   1  -0   0  -0   1  -1  -0   0   0   2 -41   5  -5 -33 100  17  93   0   0   0   0   0   0   0   0   0   0  -0   0  -0   0  -0   0   0   0   0   0   0   0   0   0   0   0   0   0   0  -0   0  -0   0  -0   0  -0   0   0   0
m61153b4b_237         74:    0   0   0   0   0   0   0   0   0   0   0   0   0   0   0   0   0   0   0   0   0   0   0   0   0   0   0   0   0   0   0   0   0   0   0   0   0   0   0   0   0   0   0   0   0   0   0   0   0   0   0   0   0   0   0   0   0  -2   3  -3   3  -2   2  -2   4  -5   3  -4 -12   5  -2 -23  17 100  19  16   0   0   0   0   0   0   0   0   0  -0   0  -0   0  -0   0   0   0   0   0   0   0   0   0   0   0   0   0   0  -0   0  -0   0  -0   0  -0   0   0   0
m61153b4b_238         75:    0   0   0   0   0   0   0   0   0   0   0   0   0   0   0   0   0   0   0   0   0   0   0   0   0   0   0   0   0   0   0   0   0   0   0   0   0   0   0   0   0   0   0   0   0   0   0   0   0   0   0   0   0   0   0   0   0   3  -2   3  -3   3  -2   2  -4   3  -3   4 -27   6  -6 -23  93  19 100  -1   0   0   0   0   0   0   0   0   0  -0   0  -0   0  -0   0   0   0   0   0   0   0   0   0   0   0   0   0   0  -0   0  -0   0  -0   0  -0   0   0   0
m61153b4b_239         76:    0   0   0   0   0   0   0   0   0   0   0   0   0   0   0   0   0   0   0   0   0   0   0   0   0   0   0   0   0   0   0   0   0   0   0   0   0   0   0   0   0   0   0   0   0   0   0   0   0   0   0   0   0   0   0   0   0 -25  25 -25  25 -25  23 -24  27 -27  25  -4 -15  21 -12 -43   0  16  -1 100   0   0   0   0   0   0   0   0   0  -0   0  -0   0  -0   0   0   0   0   0   0   0   0   0   0   0   0   0   0  -0   0  -0   0  -0   0  -0   0   0   0
bkg192aa10            77:    0   0   0   0   0   0   0   0   0   0   0   0   0   0   0   0   0   0   0   0   0   0   0   0   0   0   0   0   0   0   0   0   0   0   0   0   0   0   0   0   0   0   0   0   0   0   0   0   0   0   0   0   0   0   0   0   0   0   0   0   0   0   0   0   0   0   0   0   0   0   0   0   0   0   0   0 100-100 100-100 100-100  99 -94  80-100   0   3 -20  13  16  -1  -3   2 -23   0   0   0   0   0   0   0   0   0  -0   0  -0   0  -0   0  -0   0   0   0
bkg192aab0            78:    0   0   0   0   0   0   0   0   0   0   0   0   0   0   0   0   0   0   0   0   0   0   0   0   0   0   0   0   0   0   0   0   0   0   0   0   0   0   0   0   0   0   0   0   0   0   0   0   0   0   0   0   0   0   0   0   0   0   0   0   0   0   0   0   0   0   0   0   0   0   0   0   0   0   0   0-100 100-100 100-100 100 -99  94 -80 100  -0  -3  20 -13 -17   1   3  -2  23   0   0   0   0   0   0   0   0   0  -0   0  -0   0  -0   0  -0   0   0   0
bkg192ab50            79:    0   0   0   0   0   0   0   0   0   0   0   0   0   0   0   0   0   0   0   0   0   0   0   0   0   0   0   0   0   0   0   0   0   0   0   0   0   0   0   0   0   0   0   0   0   0   0   0   0   0   0   0   0   0   0   0   0   0   0   0   0   0   0   0   0   0   0   0   0   0   0   0   0   0   0   0 100-100 100-100 100-100  99 -94  81-100   0   4 -19  12  17  -1  -3   2 -24   0   0   0   0   0   0   0   0   0  -0   0  -0   0  -0   0  -0   0   0   0
bkg192abf0            80:    0   0   0   0   0   0   0   0   0   0   0   0   0   0   0   0   0   0   0   0   0   0   0   0   0   0   0   0   0   0   0   0   0   0   0   0   0   0   0   0   0   0   0   0   0   0   0   0   0   0   0   0   0   0   0   0   0   0   0   0   0   0   0   0   0   0   0   0   0   0   0   0   0   0   0   0-100 100-100 100-100 100 -99  94 -81 100  -0  -3  19 -12 -17   1   3  -2  24   0   0   0   0   0   0   0   0   0  -0   0  -0   0  -0   0  -0   0   0   0
bkg192ac90            81:    0   0   0   0   0   0   0   0   0   0   0   0   0   0   0   0   0   0   0   0   0   0   0   0   0   0   0   0   0   0   0   0   0   0   0   0   0   0   0   0   0   0   0   0   0   0   0   0   0   0   0   0   0   0   0   0   0   0   0   0   0   0   0   0   0   0   0   0   0   0   0   0   0   0   0   0 100-100 100-100 100-100  99 -94  81-100   0   2 -20  13  16  -1  -3   2 -23   0   0   0   0   0   0   0   0   0  -0   0  -0   0  -0   0  -0   0   0   0
bkg192ad30            82:    0   0   0   0   0   0   0   0   0   0   0   0   0   0   0   0   0   0   0   0   0   0   0   0   0   0   0   0   0   0   0   0   0   0   0   0   0   0   0   0   0   0   0   0   0   0   0   0   0   0   0   0   0   0   0   0   0   0   0   0   0   0   0   0   0   0   0   0   0   0   0   0   0   0   0   0-100 100-100 100-100 100 -99  93 -78 100  -0  -1  23 -15 -14   1   2  -2  22   0   0   0   0   0   0   0   0   0  -0   0  -0   0  -0   0  -0   0   0   0
bkg192add0            83:    0   0   0   0   0   0   0   0   0   0   0   0   0   0   0   0   0   0   0   0   0   0   0   0   0   0   0   0   0   0   0   0   0   0   0   0   0   0   0   0   0   0   0   0   0   0   0   0   0   0   0   0   0   0   0   0   0   0   0   0   0   0   0   0   0   0   0   0   0   0   0   0   0   0   0   0  99 -99  99 -99  99 -99 100 -94  82 -99   0   3 -16  10  16  -2  -3   2 -23   0   0   0   0   0   0   0   0   0  -0   0  -0   0  -0   0  -0   0   0   0
bkg192ae70            84:    0   0   0   0   0   0   0   0   0   0   0   0   0   0   0   0   0   0   0   0   0   0   0   0   0   0   0   0   0   0   0   0   0   0   0   0   0   0   0   0   0   0   0   0   0   0   0   0   0   0   0   0   0   0   0   0   0   0   0   0   0   0   0   0   0   0   0   0   0   0   0   0   0   0   0   0 -94  94 -94  94 -94  93 -94 100 -85  94  -0  -4  -1   5 -18   1   4  -3  25   0   0   0   0   0   0   0   0   0  -0   0  -0   0  -0   0  -0   0   0   0
bkg192af10            85:    0   0   0   0   0   0   0   0   0   0   0   0   0   0   0   0   0   0   0   0   0   0   0   0   0   0   0   0   0   0   0   0   0   0   0   0   0   0   0   0   0   0   0   0   0   0   0   0   0   0   0   0   0   0   0   0   0   0   0   0   0   0   0   0   0   0   0   0   0   0   0   0   0   0   0   0  80 -80  81 -81  81 -78  82 -85 100 -80   1   6  18 -18  19  -0  -5   3 -26   0   0   0   0   0   0   0   0   0  -0   0  -0   0  -0   0  -0   0   0   0
m61153b4b_23a         86:   -0  -0  -0  -0  -0  -0  -0  -0  -0  -0  -0  -0  -0  -0  -0  -0  -0  -0  -0  -0  -0  -0  -0  -0  -0  -0  -0  -0  -0  -0  -0  -0  -0  -0  -0  -0  -0  -0  -0  -0  -0  -0  -0  -0  -0  -0  -0  -0  -0  -0  -0  -0  -0  -0  -0  -0  -0  -0  -0  -0  -0  -0  -0  -0  -0  -0  -0  -0  -0  -0  -0  -0  -0  -0  -0  -0-100 100-100 100-100 100 -99  94 -80 100  -0  -3  20 -13 -17   1   3  -2  23   0   0   0   0   0   0   0   0   0  -0   0  -0   0  -0   0  -0   0   0   0
m61153b4b_258         87:    0   0   0   0   0   0   0   0   0   0   0   0   0   0   0   0   0   0   0   0   0   0   0   0   0   0   0   0   0   0   0   0   0   0   0   0   0   0   0   0   0   0   0   0   0   0   0   0   0   0   0   0   0   0   0   0   0   0   0   0   0   0   0   0   0   0   0   0   0   0   0   0   0   0   0   0   0  -0   0  -0   0  -0   0  -0   1  -0 100  -2  -2  -2  -0   2  -5   3  -5   0   0   0   0   0   0   0   0   0  -0   0  -0   0  -0   0  -0   0   0   0
m61153b4b_23b         88:   -0  -0  -0  -0  -0  -0  -0  -0  -0  -0  -0  -0  -0  -0  -0  -0  -0  -0  -0  -0  -0  -0  -0  -0  -0  -0  -0  -0  -0  -0  -0  -0  -0  -0  -0  -0  -0  -0  -0  -0  -0  -0  -0  -0  -0  -0  -0  -0  -0  -0  -0  -0  -0  -0  -0  -0  -0  -0  -0  -0  -0  -0  -0  -0  -0  -0  -0  -0  -0  -0  -0  -0  -0  -0  -0  -0   3  -3   4  -3   2  -1   3  -4   6  -3  -2 100   6   0  87 -41 -10 -27 -13   0   0   0   0   0   0   0   0   0  -0   0  -0   0  -0   0  -0   0   0   0
scaleffd298_          89:    0   0   0   0   0   0   0   0   0   0   0   0   0   0   0   0   0   0   0   0   0   0   0   0   0   0   0   0   0   0   0   0   0   0   0   0   0   0   0   0   0   0   0   0   0   0   0   0   0   0   0   0   0   0   0   0   0   0   0   0   0   0   0   0   0   0   0   0   0   0   0   0   0   0   0   0 -20  20 -19  19 -20  23 -16  -1  18  20  -2   6 100 -84 -10   2   4   3  21   0   0   0   0   0   0   0   0   0  -0   0  -0   0  -0   0  -0   0   0   0
m61153b4b_23c         90:   -0  -0  -0  -0  -0  -0  -0  -0  -0  -0  -0  -0  -0  -0  -0  -0  -0  -0  -0  -0  -0  -0  -0  -0  -0  -0  -0  -0  -0  -0  -0  -0  -0  -0  -0  -0  -0  -0  -0  -0  -0  -0  -0  -0  -0  -0  -0  -0  -0  -0  -0  -0  -0  -0  -0  -0  -0  -0  -0  -0  -0  -0  -0  -0  -0  -0  -0  -0  -0  -0  -0  -0  -0  -0  -0  -0  13 -13  12 -12  13 -15  10   5 -18 -13  -2   0 -84 100  10  -5  -2  -6 -13   0   0   0   0   0   0   0   0   0  -0   0  -0   0  -0   0  -0   0   0   0
scaleffd400_          91:    0   0   0   0   0   0   0   0   0   0   0   0   0   0   0   0   0   0   0   0   0   0   0   0   0   0   0   0   0   0   0   0   0   0   0   0   0   0   0   0   0   0   0   0   0   0   0   0   0   0   0   0   0   0   0   0   0   0   0   0   0   0   0   0   0   0   0   0   0   0   0   0   0   0   0   0  16 -17  17 -17  16 -14  16 -18  19 -17  -0  87 -10  10 100 -33 -22 -24 -42   0   0   0   0   0   0   0   0   0  -0   0  -0   0  -0   0  -0   0   0   0
m61153b4b_23f         92:    0   0   0   0   0   0   0   0   0   0   0   0   0   0   0   0   0   0   0   0   0   0   0   0   0   0   0   0   0   0   0   0   0   0   0   0   0   0   0   0   0   0   0   0   0   0   0   0   0   0   0   0   0   0   0   0   0   0   0   0   0   0   0   0   0   0   0   0   0   0   0   0   0   0   0   0  -1   1  -1   1  -1   1  -2   1  -0   1   2 -41   2  -5 -33 100  18  93  -0   0   0   0   0   0   0   0   0   0  -0   0  -0   0  -0   0  -0   0   0   0
m61153b4b_240         93:    0   0   0   0   0   0   0   0   0   0   0   0   0   0   0   0   0   0   0   0   0   0   0   0   0   0   0   0   0   0   0   0   0   0   0   0   0   0   0   0   0   0   0   0   0   0   0   0   0   0   0   0   0   0   0   0   0   0   0   0   0   0   0   0   0   0   0   0   0   0   0   0   0   0   0   0  -3   3  -3   3  -3   2  -3   4  -5   3  -5 -10   4  -2 -22  18 100  22  15   0   0   0   0   0   0   0   0   0  -0   0  -0   0  -0   0  -0   0   0   0
m61153b4b_241         94:    0   0   0   0   0   0   0   0   0   0   0   0   0   0   0   0   0   0   0   0   0   0   0   0   0   0   0   0   0   0   0   0   0   0   0   0   0   0   0   0   0   0   0   0   0   0   0   0   0   0   0   0   0   0   0   0   0   0   0   0   0   0   0   0   0   0   0   0   0   0   0   0   0   0   0   0   2  -2   2  -2   2  -2   2  -3   3  -2   3 -27   3  -6 -24  93  22 100  -1   0   0   0   0   0   0   0   0   0  -0   0  -0   0  -0   0  -0   0   0   0
m61153b4b_242         95:    0   0   0   0   0   0   0   0   0   0   0   0   0   0   0   0   0   0   0   0   0   0   0   0   0   0   0   0   0   0   0   0   0   0   0   0   0   0   0   0   0   0   0   0   0   0   0   0   0   0   0   0   0   0   0   0   0   0   0   0   0   0   0   0   0   0   0   0   0   0   0   0   0   0   0   0 -23  23 -24  24 -23  22 -23  25 -26  23  -5 -13  21 -13 -42  -0  15  -1 100   0   0   0   0   0   0   0   0   0  -0   0  -0   0  -0   0  -0   0   0   0
bkg192afb0            96:    0   0   0   0   0   0   0   0   0   0   0   0   0   0   0   0   0   0   0   0   0   0   0   0   0   0   0   0   0   0   0   0   0   0   0   0   0   0   0   0   0   0   0   0   0   0   0   0   0   0   0   0   0   0   0   0   0   0   0   0   0   0   0   0   0   0   0   0   0   0   0   0   0   0   0   0   0   0   0   0   0   0   0   0   0   0   0   0   0   0   0   0   0   0   0 100-100 100-100 100-100  99 -94  79-100   1   1 -23  15  14   0   1   2 -22
bkg192b050            97:    0   0   0   0   0   0   0   0   0   0   0   0   0   0   0   0   0   0   0   0   0   0   0   0   0   0   0   0   0   0   0   0   0   0   0   0   0   0   0   0   0   0   0   0   0   0   0   0   0   0   0   0   0   0   0   0   0   0   0   0   0   0   0   0   0   0   0   0   0   0   0   0   0   0   0   0   0   0   0   0   0   0   0   0   0   0   0   0   0   0   0   0   0   0   0-100 100-100 100-100 100 -99  94 -79 100  -1  -2  23 -15 -15  -0  -0  -2  23
bkg192b0f0            98:    0   0   0   0   0   0   0   0   0   0   0   0   0   0   0   0   0   0   0   0   0   0   0   0   0   0   0   0   0   0   0   0   0   0   0   0   0   0   0   0   0   0   0   0   0   0   0   0   0   0   0   0   0   0   0   0   0   0   0   0   0   0   0   0   0   0   0   0   0   0   0   0   0   0   0   0   0   0   0   0   0   0   0   0   0   0   0   0   0   0   0   0   0   0   0 100-100 100-100 100-100  99 -94  80-100   1   2 -22  14  15   0   0   2 -23
bkg192b190            99:    0   0   0   0   0   0   0   0   0   0   0   0   0   0   0   0   0   0   0   0   0   0   0   0   0   0   0   0   0   0   0   0   0   0   0   0   0   0   0   0   0   0   0   0   0   0   0   0   0   0   0   0   0   0   0   0   0   0   0   0   0   0   0   0   0   0   0   0   0   0   0   0   0   0   0   0   0   0   0   0   0   0   0   0   0   0   0   0   0   0   0   0   0   0   0-100 100-100 100-100 100 -99  94 -80 100  -1  -1  22 -14 -15  -0  -0  -2  23
bkg192b230            100:    0   0   0   0   0   0   0   0   0   0   0   0   0   0   0   0   0   0   0   0   0   0   0   0   0   0   0   0   0   0   0   0   0   0   0   0   0   0   0   0   0   0   0   0   0   0   0   0   0   0   0   0   0   0   0   0   0   0   0   0   0   0   0   0   0   0   0   0   0   0   0   0   0   0   0   0   0   0   0   0   0   0   0   0   0   0   0   0   0   0   0   0   0   0   0 100-100 100-100 100-100  99 -94  80-100   1   0 -23  15  14   0   1   2 -23
bkg192b2d0            101:    0   0   0   0   0   0   0   0   0   0   0   0   0   0   0   0   0   0   0   0   0   0   0   0   0   0   0   0   0   0   0   0   0   0   0   0   0   0   0   0   0   0   0   0   0   0   0   0   0   0   0   0   0   0   0   0   0   0   0   0   0   0   0   0   0   0   0   0   0   0   0   0   0   0   0   0   0   0   0   0   0   0   0   0   0   0   0   0   0   0   0   0   0   0   0-100 100-100 100-100 100 -99  93 -77 100  -1   0  26 -18 -12  -0  -1  -2  21
bkg192b370            102:    0   0   0   0   0   0   0   0   0   0   0   0   0   0   0   0   0   0   0   0   0   0   0   0   0   0   0   0   0   0   0   0   0   0   0   0   0   0   0   0   0   0   0   0   0   0   0   0   0   0   0   0   0   0   0   0   0   0   0   0   0   0   0   0   0   0   0   0   0   0   0   0   0   0   0   0   0   0   0   0   0   0   0   0   0   0   0   0   0   0   0   0   0   0   0  99 -99  99 -99  99 -99 100 -94  82 -99   1   1 -20  13  14  -1   1   2 -23
bkg192b410            103:    0   0   0   0   0   0   0   0   0   0   0   0   0   0   0   0   0   0   0   0   0   0   0   0   0   0   0   0   0   0   0   0   0   0   0   0   0   0   0   0   0   0   0   0   0   0   0   0   0   0   0   0   0   0   0   0   0   0   0   0   0   0   0   0   0   0   0   0   0   0   0   0   0   0   0   0   0   0   0   0   0   0   0   0   0   0   0   0   0   0   0   0   0   0   0 -94  94 -94  94 -94  93 -94 100 -84  94  -1  -2   3   2 -16  -0   1  -3  25
bkg192b4b0            104:    0   0   0   0   0   0   0   0   0   0   0   0   0   0   0   0   0   0   0   0   0   0   0   0   0   0   0   0   0   0   0   0   0   0   0   0   0   0   0   0   0   0   0   0   0   0   0   0   0   0   0   0   0   0   0   0   0   0   0   0   0   0   0   0   0   0   0   0   0   0   0   0   0   0   0   0   0   0   0   0   0   0   0   0   0   0   0   0   0   0   0   0   0   0   0  79 -79  80 -80  80 -77  82 -84 100 -79   1   4  15 -16  18   0  -2   2 -25
m61153b4b_243         105:   -0  -0  -0  -0  -0  -0  -0  -0  -0  -0  -0  -0  -0  -0  -0  -0  -0  -0  -0  -0  -0  -0  -0  -0  -0  -0  -0  -0  -0  -0  -0  -0  -0  -0  -0  -0  -0  -0  -0  -0  -0  -0  -0  -0  -0  -0  -0  -0  -0  -0  -0  -0  -0  -0  -0  -0  -0  -0  -0  -0  -0  -0  -0  -0  -0  -0  -0  -0  -0  -0  -0  -0  -0  -0  -0  -0  -0  -0  -0  -0  -0  -0  -0  -0  -0  -0  -0  -0  -0  -0  -0  -0  -0  -0  -0-100 100-100 100-100 100 -99  94 -79 100  -1  -1  23 -15 -14  -0  -0  -2  23
m61153b4b_259         106:    0   0   0   0   0   0   0   0   0   0   0   0   0   0   0   0   0   0   0   0   0   0   0   0   0   0   0   0   0   0   0   0   0   0   0   0   0   0   0   0   0   0   0   0   0   0   0   0   0   0   0   0   0   0   0   0   0   0   0   0   0   0   0   0   0   0   0   0   0   0   0   0   0   0   0   0   0   0   0   0   0   0   0   0   0   0   0   0   0   0   0   0   0   0   0   1  -1   1  -1   1  -1   1  -1   1  -1 100  -1  -3  -1   1   0  -2   1  -6
m61153b4b_244         107:   -0  -0  -0  -0  -0  -0  -0  -0  -0  -0  -0  -0  -0  -0  -0  -0  -0  -0  -0  -0  -0  -0  -0  -0  -0  -0  -0  -0  -0  -0  -0  -0  -0  -0  -0  -0  -0  -0  -0  -0  -0  -0  -0  -0  -0  -0  -0  -0  -0  -0  -0  -0  -0  -0  -0  -0  -0  -0  -0  -0  -0  -0  -0  -0  -0  -0  -0  -0  -0  -0  -0  -0  -0  -0  -0  -0  -0  -0  -0  -0  -0  -0  -0  -0  -0  -0  -0  -0  -0  -0  -0  -0  -0  -0  -0   1  -2   2  -1   0   0   1  -2   4  -1  -1 100  -1   0  87 -46  -9 -31 -16
scaleffd568_          108:    0   0   0   0   0   0   0   0   0   0   0   0   0   0   0   0   0   0   0   0   0   0   0   0   0   0   0   0   0   0   0   0   0   0   0   0   0   0   0   0   0   0   0   0   0   0   0   0   0   0   0   0   0   0   0   0   0   0   0   0   0   0   0   0   0   0   0   0   0   0   0   0   0   0   0   0   0   0   0   0   0   0   0   0   0   0   0   0   0   0   0   0   0   0   0 -23  23 -22  22 -23  26 -20   3  15  23  -3  -1 100 -86 -17   3   2   5  23
m61153b4b_245         109:   -0  -0  -0  -0  -0  -0  -0  -0  -0  -0  -0  -0  -0  -0  -0  -0  -0  -0  -0  -0  -0  -0  -0  -0  -0  -0  -0  -0  -0  -0  -0  -0  -0  -0  -0  -0  -0  -0  -0  -0  -0  -0  -0  -0  -0  -0  -0  -0  -0  -0  -0  -0  -0  -0  -0  -0  -0  -0  -0  -0  -0  -0  -0  -0  -0  -0  -0  -0  -0  -0  -0  -0  -0  -0  -0  -0  -0  -0  -0  -0  -0  -0  -0  -0  -0  -0  -0  -0  -0  -0  -0  -0  -0  -0  -0  15 -15  14 -14  15 -18  13   2 -16 -15  -1   0 -86 100  11  -4  -0  -6 -15
scaleffd6d0_          110:    0   0   0   0   0   0   0   0   0   0   0   0   0   0   0   0   0   0   0   0   0   0   0   0   0   0   0   0   0   0   0   0   0   0   0   0   0   0   0   0   0   0   0   0   0   0   0   0   0   0   0   0   0   0   0   0   0   0   0   0   0   0   0   0   0   0   0   0   0   0   0   0   0   0   0   0   0   0   0   0   0   0   0   0   0   0   0   0   0   0   0   0   0   0   0  14 -15  15 -15  14 -12  14 -16  18 -14   1  87 -17  11 100 -38 -18 -28 -45
m61153b4b_248         111:   -0  -0  -0  -0  -0  -0  -0  -0  -0  -0  -0  -0  -0  -0  -0  -0  -0  -0  -0  -0  -0  -0  -0  -0  -0  -0  -0  -0  -0  -0  -0  -0  -0  -0  -0  -0  -0  -0  -0  -0  -0  -0  -0  -0  -0  -0  -0  -0  -0  -0  -0  -0  -0  -0  -0  -0  -0  -0  -0  -0  -0  -0  -0  -0  -0  -0  -0  -0  -0  -0  -0  -0  -0  -0  -0  -0  -0  -0  -0  -0  -0  -0  -0  -0  -0  -0  -0  -0  -0  -0  -0  -0  -0  -0  -0   0  -0   0  -0   0  -0  -1  -0   0  -0   0 -46   3  -4 -38 100  10  92   1
m61153b4b_249         112:    0   0   0   0   0   0   0   0   0   0   0   0   0   0   0   0   0   0   0   0   0   0   0   0   0   0   0   0   0   0   0   0   0   0   0   0   0   0   0   0   0   0   0   0   0   0   0   0   0   0   0   0   0   0   0   0   0   0   0   0   0   0   0   0   0   0   0   0   0   0   0   0   0   0   0   0   0   0   0   0   0   0   0   0   0   0   0   0   0   0   0   0   0   0   0   1  -0   0  -0   1  -1   1   1  -2  -0  -2  -9   2  -0 -18  10 100  12  11
m61153b4b_24a         113:    0   0   0   0   0   0   0   0   0   0   0   0   0   0   0   0   0   0   0   0   0   0   0   0   0   0   0   0   0   0   0   0   0   0   0   0   0   0   0   0   0   0   0   0   0   0   0   0   0   0   0   0   0   0   0   0   0   0   0   0   0   0   0   0   0   0   0   0   0   0   0   0   0   0   0   0   0   0   0   0   0   0   0   0   0   0   0   0   0   0   0   0   0   0   0   2  -2   2  -2   2  -2   2  -3   2  -2   1 -31   5  -6 -28  92  12 100   1
m61153b4b_24b         114:    0   0   0   0   0   0   0   0   0   0   0   0   0   0   0   0   0   0   0   0   0   0   0   0   0   0   0   0   0   0   0   0   0   0   0   0   0   0   0   0   0   0   0   0   0   0   0   0   0   0   0   0   0   0   0   0   0   0   0   0   0   0   0   0   0   0   0   0   0   0   0   0   0   0   0   0   0   0   0   0   0   0   0   0   0   0   0   0   0   0   0   0   0   0   0 -22  23 -23  23 -23  21 -23  25 -25  23  -6 -16  23 -15 -45   1  11   1 100
}