
xdd 1588_RVR_FormI.raw



r_wp  9.1592139 r_exp  5.02943858 r_p  7.27582768 r_wp_dash  15.7599051 r_p_dash  13.4853117 r_exp_dash  8.65396041 weighted_Durbin_Watson  0.672351364 gof  1.82112054

chi2_convergence_criteria 0.001
iters 1000
x_calculation_step 0.01
do_errors

   Specimen_Displacement(@,-0.02176`_0.00244)
	LP_Factor( 0)
	Rp 141
	Rs 141
	
	Full_Axial_Model(12, 15, 12,  !sol  2.17416_0.01775 , !sol  2.17416_0.01775)
	
	
   Divergence(, 0.88912_0.01009)
		
   lam
      ymin_on_ymax 0.0001
      la   0.63647_0.00646 lo 1.540596  lh   0.56368_0.01691
      la   0.35268_0.00255 lo 1.544493  lh   0.67334_0.01305

	
	bkg @  188.278884`_124.935956 -34.4337415`_137.990649  11.7334532`_75.5912498 -32.774926`_41.1161711  49.1421023`_22.6227612 -49.6089972`_12.3837462  29.2862822`_6.86068213 -9.19887138`_3.45471907 -3.68452144`_1.77636562
      One_on_X(@, 626.93592`_2164.88475)

	start_X 5
	'finish_X #

		
	Surface_Roughness_Suortti(, 0, @, 0.09603`_0.00231)
		

	str
 		rigid
	   'main chain: C34 O5 C33 O4 N5 C25 C24 O3 C23 C15 N4 C14 O2 C10 N3 C9 O1 N2 C8 C7
      z_matrix C34
      z_matrix O5  C34 1.429
      z_matrix C33 O5  1.381 C34 115.4                    
      z_matrix O4  C33 1.219 O5  121.3 C34    2.0 	       
      z_matrix N5  C33 1.329 O4  128.7 O5   179   	     
      z_matrix C25 N5  1.460 C33 123.2 O5   178.7 	     
      z_matrix C24 C25 1.535 N5  110.0 C33 -128.0 	     
      z_matrix O3  C24 1.441 C25 110.1 N5   -53.9 	     
      z_matrix C23 C24 1.518 C25 115.5 N5    71.0 	     
      z_matrix C15 C23 1.542 C24 111.4 C25  161.3 	     
      z_matrix N4  C15 1.473 C23 110.7 C24  149.5 	     
      z_matrix C14 N4  1.336 C15 123.9 C23 -106.5 	     
      z_matrix O2  C14 1.240 N4  123.4 C15    1.0 	     
      z_matrix C10 C14 1.521 N4  114.9 C15 -177.4 	     
      z_matrix N3  C10 1.458 C14 107.3 N4   110.8 	     
      z_matrix C9  N3  1.343 C10 120.8 C14 -119.3 	     
      z_matrix O1  C9  1.23  N3  122.3 C10   -6.2 	     
      z_matrix N2  C9  1.373 N3  116.0 C10  173.8 	     
      z_matrix C8  N2  1.49  C9  117.5 N3   178.6 	     
      z_matrix C7  N2  1.45  C9  122.6 N3   -24   	     
         rotate !rotxmainchain -18.47852_0.29361 qa 1
         rotate !rotymainchain  125.60518_0.40197 qb 1
         rotate !rotzmainchain -111.51990_0.47619 qc 1
         translate ta   !posxmainchain   0.65640_0.00130 tb   !posymainchain     0.34908_54996.22476 tc   !poszmainchain    0.50556_0.00067
	
	
 		rigid
		'C1-C7 C1 C2 C3 C4 N1 S1 C5 C6 C7
			z_matrix C7x
			z_matrix C5 C7x 1.48
			z_matrix C6 C5 1.30 C7x 123.0
			z_matrix S1 C6 1.71 C5 112.0 C7x -179.4
			z_matrix C4 S1 1.72 C6 88.3 C5  1
			z_matrix N1 C4 1.30 S1 113.8 C6 -2
			z_matrix C5 N1 1.37 C4 110.5 S1 2
			z_matrix C3 C4 1.45 N1 125.0 C5 179
			z_matrix C1 C3 1.65 C4 110.0 N1 -115
			z_matrix C2 C3 1.28 C4 116.0 N1 3
         rotate rotaC1C7 -123.16069`_0.16330 qa 1
         rotate !rotyC1C7  303.01672_0.76588 qb 1
         rotate !rotzC1C7 -59.84839_1.15060 qc 1
         translate ta   !posxC1C7   0.06868_0.00254 tb   !posyC1C7    -0.28174_54996.22476 tc   !poszC1C7    0.08678_0.00209


    rigid
	'C10-C13
			z_matrix C10x
			z_matrix C11 C10x 1.536
			z_matrix C12 C11 1.498 C10x 112.1
			z_matrix C13 C11 1.525 C10x 107.8 C12 236.47666

         rotate rotaC10C13 -20.39399`_0.84376 qa 1
         rotate !rotyC10C13  4.83492_4.21039 qb 1
         rotate !rotzC10C13  168.32193_2.75053 qc 1
translate ta   !posxC10C13   0.18615_0.00816 tb   !posyC10C13    -0.05199_54996.22477 tc   !poszC10C13    0.23673_0.00265


		rigid
	'C15-C22
			z_matrix C15x
			z_matrix C16 C15x 1.545
			z_matrix C17 C16 1.510 C15x 114.4
			z_matrix C18 C17 1.372 C16 121.8 C15x 84.7
			z_matrix C19 C18 1.40  C17 121.8 C16 -176.1
			z_matrix C20 C19 1.392 C18 119.7 C17 -1.4
			z_matrix C21 C20 1.38  C19 118.5 C18 0.9
			z_matrix C22 C21 1.368 C20 121.5 C19 -0.3
			z_matrix C17 C22 1.401 C21 120.9 C20 0.2

         rotate rotaC15C22 -143.44969`_0.30294 qa 1
         rotate !rotyC15C22 -14.74148_0.97879 qb 1
         rotate !rotzC15C22 -12.91747_1.37495 qc 1
translate ta   !posxC15C22  0.46740_0.00358 tb   !posyC15C22    0.05119_54996.22476 tc   !poszC15C22    0.23982_0.00218

		rigid
	'C25-C32
			z_matrix C25x
			z_matrix C26 C25x 1.523
			z_matrix C27 C26 1.516 C25x 115.1
			z_matrix C28 C27 1.383 C26 120.2 C25x -80.9
			z_matrix C29 C28 1.378 C27 120.3 C26 -178.9
			z_matrix C30 C29 1.362 C28 120.5 C27 -0.1
			z_matrix C31 C30 1.381 C29 119.7 C28 0.4
			z_matrix C32 C31 1.385 C30 119.3 C29 -1.0
			z_matrix C27 C32 1.359 C31 121.4 C30 1.2

		   rotate rotaC25C32  102.03128`_0.30641 qa 1
         rotate !rotyC25C32 -49.04289_1.26360 qb 1
         rotate !rotzC25C32  50.51599_1.33464 qc 1
translate ta   !posxC25C32   0.71716_0.00205 tb   !posyC25C32  0.09017_54996.22476 tc   !poszC25C32   0.34527_0.00196

		rigid
	'C34-S2
			z_matrix C34x
			z_matrix C35 C34x 1.471
			z_matrix C36 C35 1.361 C34x 128.7
			z_matrix N6 C36 1.370  C35 116.9 C34x -174.8
			z_matrix C37 N6 1.299  C36 109.6 C35 -0.9
			z_matrix S2 C37 1.705  N6 115.3  C36 -0.1
			z_matrix C35 S2 1.717  C37 90.1  N6 0.7
		   rotate rotaC34S2 -31.17224`_0.20838 qa 1
         rotate !rotyC34S2 -19.27409_1.49826 qb 1
         rotate !rotzC34S2  132.35716_1.23053 qc 1
translate ta   !posxC34S2   0.65627_0.00639 tb   !posyC34S2     0.34823_54996.22476 tc   !poszC34S2   0.50554_0.00203


		space_group "P21"
		a  @    13.503370`_0.001887
		b  @    5.316309`_0.000583
		c  @    27.208064`_0.003443
		be @     103.10143`_0.00706
		volume  1902.373`_0.419
		site S1     x  0.35874`_0.00014 y -0.30152`_0.00161 z  0.08322`_0.00026 occ S    1       beq  beqS  5.00000`_0.52883 min 0.1 max 5
		site S2     x  0.67606`_0.00046 y -0.02793`_0.00092 z  0.57944`_0.00020 occ S    1       beq  beqS  5.00000`_0.52883_LIMIT_MAX_5 min 0.1 max 5
		site O1     x  0.06741_0.00000 y  0.25797_0.00000 z  0.16538_0.00000 occ O    1       beq  beqO  0.74875`_0.57015 min 0.1 max 5
		site O2     x  0.32516_0.00000 y -0.34103_0.00000 z  0.24106_0.00000 occ O    1       beq  beqO  0.74875`_0.57015 min 0.1 max 5
		site O3     x  0.61390_0.00000 y -0.27836_0.00000 z  0.31525_0.00000 occ O    1       beq  beqO  0.74875`_0.57015 min 0.1 max 5
		site O4     x  0.71325_0.00000 y  0.46823_0.00000 z  0.42188_0.00000 occ O    1       beq  beqO  0.74875`_0.57015 min 0.1 max 5
		site O5     x  0.66349_0.00000 y  0.16132_0.00000 z  0.46893_0.00000 occ O    1       beq  beqO  0.74875`_0.57015_LIMIT_MIN_0.1 min 0.1 max 5
		site N1     x  0.19063`_0.00008 y -0.10515`_0.00092 z  0.03898`_0.00015 occ N    1       beq  beqN  4.48384`_0.77411 min 0.1 max 5
		site N2     x  0.03143_0.00000 y -0.05645_0.00000 z  0.10738_0.00000 occ N    1       beq  beqN  4.48384`_0.77411 min 0.1 max 5
		site N3     x  0.12764_0.00000 y -0.13126_0.00000 z  0.18741_0.00000 occ N    1       beq  beqN  4.48384`_0.77411 min 0.1 max 5
		site N4     x  0.35854_0.00000 y  0.07667_0.00000 z  0.23928_0.00000 occ N    1       beq  beqN  4.48384`_0.77411 min 0.1 max 5
		site N5     x  0.69202_0.00000 y  0.05924_0.00000 z  0.39423_0.00000 occ N    1       beq  beqN  4.48384`_0.77411 min 0.1 max 5
		site N6     x  0.53275`_0.00069 y  0.18106`_0.00138 z  0.61124`_0.00031 occ N    1       beq  beqN  4.48384`_0.77411_LIMIT_MAX_5 min 0.1 max 5
		site C1     x  0.37873`_0.00047 y -0.16984`_0.00233 z -0.03221`_0.00034 occ C    1       beq  beqC  2.64797`_0.45697 min 0.1 max 5
		site C2     x  0.27128`_0.00014 y  0.16813`_0.00172 z -0.02882`_0.00028 occ C    1       beq  beqC  2.64797`_0.45697 min 0.1 max 5
		site C3     x  0.33186`_0.00016 y  0.02992`_0.00188 z  0.00302`_0.00031 occ C    1       beq  beqC  2.64797`_0.45697 min 0.1 max 5
		site C4     x  0.28676`_0.00012 y -0.10616`_0.00145 z  0.03867`_0.00024 occ C    1       beq  beqC  2.64797`_0.45697 min 0.1 max 5
		site C5     x  0.17157`_0.00006 y -0.25595`_0.00062 z  0.07691`_0.00010 occ C    1       beq  beqC  2.64797`_0.45697 min 0.1 max 5
		site C6     x  0.25080`_0.00008 y -0.37143`_0.00091 z  0.10334`_0.00015 occ C    1       beq  beqC  2.64797`_0.45697 min 0.1 max 5
		site C7     x  0.06849_0.00000 y -0.27958_0.00000 z  0.08668_0.00000 occ C    1       beq  beqC  2.64797`_0.45697 min 0.1 max 5
		site C8     x -0.02909_0.00000 y  0.12202_0.00000 z  0.07012_0.00000 occ C    1       beq  beqC  2.64797`_0.45697 min 0.1 max 5
		site C9     x  0.07549_0.00000 y  0.03566_0.00000 z  0.15439_0.00000 occ C    1       beq  beqC  2.64797`_0.45697 min 0.1 max 5
		site C10    x  0.18606_0.00000 y -0.05017_0.00000 z  0.23668_0.00000 occ C    1       beq  beqC  2.64797`_0.45697 min 0.1 max 5
		site C11    x  0.14490`_0.00015 y -0.13371`_0.00401 z  0.28243`_0.00029 occ C    1       beq  beqC  2.64797`_0.45697 min 0.1 max 5
		site C12    x  0.03144`_0.00021 y -0.11341`_0.00548 z  0.27243`_0.00039 occ C    1       beq  beqC  2.64797`_0.45697 min 0.1 max 5
		site C13    x  0.19698`_0.00067 y  0.02639`_0.00614 z  0.32740`_0.00016 occ C    1       beq  beqC  2.64797`_0.45697 min 0.1 max 5
		site C14    x  0.29659_0.00000 y -0.11894_0.00000 z  0.23963_0.00000 occ C    1       beq  beqC  2.64797`_0.45697 min 0.1 max 5
		site C15    x  0.46742_0.00000 y  0.05262_0.00000 z  0.23974_0.00000 occ C    1       beq  beqC  2.64797`_0.45697 min 0.1 max 5
		site C16    x  0.48567`_0.00010 y  0.21839`_0.00120 z  0.19628`_0.00019 occ C    1       beq  beqC  2.64797`_0.45697 min 0.1 max 5
		site C17    x  0.59492`_0.00014 y  0.22809`_0.00169 z  0.19160`_0.00027 occ C    1       beq  beqC  2.64797`_0.45697 min 0.1 max 5
		site C18    x  0.63498`_0.00023 y  0.04841`_0.00251 z  0.16553`_0.00012 occ C    1       beq  beqC  2.64797`_0.45697 min 0.1 max 5
		site C19    x  0.73777`_0.00026 y  0.04893`_0.00290 z  0.16373`_0.00019 occ C    1       beq  beqC  2.64797`_0.45697 min 0.1 max 5
		site C20    x  0.80143`_0.00021 y  0.23890`_0.00247 z  0.18799`_0.00041 occ C    1       beq  beqC  2.64797`_0.45697 min 0.1 max 5
		site C21    x  0.76100`_0.00012 y  0.42067`_0.00164 z  0.21393`_0.00056 occ C    1       beq  beqC  2.64797`_0.45697 min 0.1 max 5
		site C22    x  0.66069`_0.00009 y  0.41774`_0.00125 z  0.21593`_0.00049 occ C    1       beq  beqC  2.64797`_0.45697 min 0.1 max 5
		site C23    x  0.53336_0.00000 y  0.12427_0.00000 z  0.29188_0.00000 occ C    1       beq  beqC  2.64797`_0.45697 min 0.1 max 5
		site C24    x  0.63274_0.00000 y -0.02095_0.00000 z  0.30350_0.00000 occ C    1       beq  beqC  2.64797`_0.45697 min 0.1 max 5
		site C25    x  0.71723_0.00000 y  0.09110_0.00000 z  0.34518_0.00000 occ C    1       beq  beqC  2.64797`_0.45697 min 0.1 max 5
		site C26    x  0.81358`_0.00012 y -0.06094`_0.00089 z  0.34667`_0.00022 occ C    1       beq  beqC  2.64797`_0.45697 min 0.1 max 5
		site C27    x  0.90803`_0.00017 y  0.03662`_0.00126 z  0.38292`_0.00032 occ C    1       beq  beqC  2.64797`_0.45697 min 0.1 max 5
		site C28    x  0.96200`_0.00022 y  0.23558`_0.00196 z  0.36920`_0.00034 occ C    1       beq  beqC  2.64797`_0.45697 min 0.1 max 5
		site C29    x  1.04883`_0.00017 y  0.32181`_0.00231 z  0.40175`_0.00043 occ C    1       beq  beqC  2.64797`_0.45697 min 0.1 max 5
		site C30    x  1.08249`_0.00026 y  0.21268`_0.00199 z  0.44781`_0.00049 occ C    1       beq  beqC  2.64797`_0.45697 min 0.1 max 5
		site C31    x  1.02948`_0.00065 y  0.01312`_0.00130 z  0.46182`_0.00047 occ C    1       beq  beqC  2.64797`_0.45697 min 0.1 max 5
		site C32    x  0.94177`_0.00060 y -0.07045`_0.00094 z  0.42899`_0.00038 occ C    1       beq  beqC  2.64797`_0.45697 min 0.1 max 5
		site C33    x  0.69257_0.00000 y  0.24750_0.00000 z  0.42643_0.00000 occ C    1       beq  beqC  2.64797`_0.45697 min 0.1 max 5
		site C34    x  0.65640_0.00000 y  0.34908_0.00000 z  0.50556_0.00000 occ C    1       beq  beqC  2.64797`_0.45697 min 0.1 max 5
		site C35    x  0.62042`_0.00027 y  0.23292`_0.00054 z  0.54750`_0.00013 occ C    1       beq  beqC  2.64797`_0.45697 min 0.1 max 5
		site C36    x  0.54559`_0.00043 y  0.31300`_0.00086 z  0.56988`_0.00021 occ C    1       beq  beqC  2.64797`_0.45697 min 0.1 max 5
		site C37    x  0.59734`_0.00073 y -0.00361`_0.00146 z  0.62014`_0.00032 occ C    1       beq  beqC  2.64797`_0.45697 min 0.1 max 5
		
		site C7x     x  0.06868`_0.00000 y -0.28174`_0.00000 z  0.08678`_0.00000 occ C    0       beq  1
		site C10x    x  0.18615`_0.00000 y -0.05199`_0.00000 z  0.23673`_0.00000 occ C    0       beq  1
		site C15x    x  0.46740`_0.00000 y  0.05119`_0.00000 z  0.23982`_0.00000 occ C    0       beq  1
		site C25x    x  0.71716`_0.00000 y  0.09017`_0.00000 z  0.34527`_0.00000 occ C    0       beq  1
		site C34x    x  0.65627`_0.00000 y  0.34823`_0.00000 z  0.50554`_0.00000 occ C    0       beq  1

		TCHZ_Peak_Type(, 0.00505_0.00045,,-0.00540_0.00042,, 0.00133_0.00010,, 0,, 0.05609_0.00063,, 0)
		
		CS_L(@, 117.57310`_5.35224)
		Strain_G(@, 0.86706`_0.01694)
		scale   @  0.000180547372`_3.822e-006
		r_bragg  3.89419038			
		
		

		'Preferred_Orientation(@, 0.98556_0.00460,, -1 0 1)

		'view_structure

	
'				only_penalties
			penalties_weighting_K1 1000000000000
	
	prm !bond_width 0.02
	prm !bond_width2 0.0
	prm !bond_weight      1000000000000

   prm !angle_width 1
   prm !angle_width2 3
	prm !angle_weight          10000
	
   prm !flatten_width 0
	prm !flatten_weight    10000000

	Distance_Restrain(C7  	   C7x  	       ,      0,  0.01193`_0.00000, bond_width, bond_weight)
	Distance_Restrain(C10 	   C10x 	       ,      0,  0.00983`_0.00000, bond_width, bond_weight)
	Distance_Restrain(C15 	   C15x 	       ,      0,  0.00788`_0.00000, bond_width, bond_weight)
	Distance_Restrain(C25 	   C25x 	       ,      0,  0.00565`_0.00000, bond_width, bond_weight)
	Distance_Restrain(C34 	   C34x 	       ,      0,  0.00483`_0.00000, bond_width, bond_weight)

		
'	 	AI_Anti_Bump(Zn*, N*, 1.5, 100000000)			
'	 	AI_Anti_Bump(Zn*, C*, 3.3, 100000000)			
'	 	AI_Anti_Bump(C*, C*, 2.0, 100000000)		
	


		Out_CIF_STR(rigid_body_test.cif)
C_matrix_normalized
{
                             1   2   3   4   5   6   7   8   9  10  11  12  13  14  15  16  17  18  19  20  21  22  23  24  25  26  27  28
m612e3fce_4a8          1:  100  -2   2  -2   2  -2   2  -2   2  -2   2   2  -0   2   1  -3   7 -79 -87 -70  -7   2   1  -0  -0   1  -3  -4
bkgdb3400              2:   -2 100-100 100-100 100-100  99 -96  81-100  20  10  -1   5   8  -6   3   2  -3   0  -7  -3 -12  -2  -8  42  33
bkgdb34a0              3:    2-100 100-100 100-100 100 -99  96 -81 100 -19 -10   2  -5  -8   6  -3  -2   3  -0   8   4  13   3  10 -42 -33
bkgdb3540              4:   -2 100-100 100-100 100 -99  99 -96  82-100  20  10  -1   5   8  -6   3   2  -3   0  -7  -3 -13  -2  -9  42  32
bkgdb35e0              5:    2-100 100-100 100-100 100 -99  96 -82 100 -20 -10   1  -5  -8   6  -3  -2   3  -0   6   2  12   1   8 -41 -32
bkgdb3680              6:   -2 100-100 100-100 100 -99  99 -96  82-100  19  10  -2   5   8  -6   3   2  -3   0  -7  -3 -13  -2  -9  42  32
bkgdb3720              7:    2-100 100 -99 100 -99 100 -99  96 -80 100 -18 -10   1  -6  -8   7  -3  -2   3  -0  10   5  13   4  10 -45 -34
bkgdb37c0              8:   -2  99 -99  99 -99  99 -99 100 -95  82 -99  19  10  -2   6   7  -7   3   2  -3   1  -9  -5 -13  -3  -9  45  34
bkgdb3860              9:    2 -96  96 -96  96 -96  96 -95 100 -80  96 -18 -13   3  -5  -8   9  -3  -2   4  -0   8   1  18  -1  12 -40 -32
bkgdb3900             10:   -2  81 -81  82 -82  82 -80  82 -80 100 -81  13   4  -2   2   5  -5   2   1  -1  -1  -1  -3 -15  -1  -8  17  16
m612e3fce_49b         11:    2-100 100-100 100-100 100 -99  96 -81 100 -19 -10   1  -5  -8   6  -3  -2   3  -0   7   4  13   2   9 -42 -32
m612e3fce_49c         12:    2  20 -19  20 -20  19 -18  19 -18  13 -19 100  14   8   4  -6 -13   1  -3  -4   0  83  38  17  22  54  17  16
rotaC1C7              13:   -0  10 -10  10 -10  10 -10  10 -13   4 -10  14 100  -3   1  13  10   5  -2  -6   2   6   0   5  -4  -2   3   3
rotaC10C13            14:    2  -1   2  -1   1  -2   1  -2   3  -2   1   8  -3 100  30  21  -4  -7  -1   7   0   8  -4   9  13   6   2   1
rotaC15C22            15:    1   5  -5   5  -5   5  -6   6  -5   2  -5   4   1  30 100  18  -8  -7   4   1   6  -4   2  11  -6 -11   4  -1
rotaC25C32            16:   -3   8  -8   8  -8   8  -8   7  -8   5  -8  -6  13  21  18 100  -8   2   3   5  -4  -9 -15  10  -2  -6   4  -1
rotaC34S2             17:    7  -6   6  -6   6  -6   7  -7   9  -5   6 -13  10  -4  -8  -8 100  -5  -9  -1  -1  -8   3  -5  -3  -1  -5  -4
a10b4b08_             18:  -79   3  -3   3  -3   3  -3   3  -3   2  -3   1   5  -7  -7   2  -5 100  61  47  21   0   1  -2   4   2   3   7
b10b4b88_             19:  -87   2  -2   2  -2   2  -2   2  -2   1  -2  -3  -2  -1   4   3  -9  61 100  56   9  -4  -2   2  -1  -3   2   4
c10b4c08_             20:  -70  -3   3  -3   3  -3   3  -3   4  -1   3  -4  -6   7   1   5  -1  47  56 100  20  -3  -1   5  -3  -2  -2  -0
be10b4d08_            21:   -7   0  -0   0  -0   0  -0   1  -0  -1  -0   0   2   0   6  -4  -1  21   9  20 100  -1   6  -0   0  -2  -2   3
scaled7f668_          22:    2  -7   8  -7   6  -7  10  -9   8  -1   7  83   6   8  -4  -9  -8   0  -4  -3  -1 100  53  21  39  76 -22 -15
beqS                  23:    1  -3   4  -3   2  -3   5  -5   1  -3   4  38   0  -4   2 -15   3   1  -2  -1   6  53 100  -4  12  40 -13 -15
beqO                  24:   -0 -12  13 -13  12 -13  13 -13  18 -15  13  17   5   9  11  10  -5  -2   2   5  -0  21  -4 100   9   6  -5 -10
beqN                  25:   -0  -2   3  -2   1  -2   4  -3  -1  -1   2  22  -4  13  -6  -2  -3   4  -1  -3   0  39  12   9 100  19 -10  -7
beqC                  26:    1  -8  10  -9   8  -9  10  -9  12  -8   9  54  -2   6 -11  -6  -1   2  -3  -2  -2  76  40   6  19 100 -11 -12
m612e3fce_4a1         27:   -3  42 -42  42 -41  42 -45  45 -40  17 -42  17   3   2   4   4  -5   3   2  -2  -2 -22 -13  -5 -10 -11 100  85
m612e3fce_4a2         28:   -4  33 -33  32 -32  32 -34  34 -32  16 -32  16   3   1  -1  -1  -4   7   4  -0   3 -15 -15 -10  -7 -12  85 100
}