

do_errors

macro instr_par {

x_calculation_step 0.01


LP_Factor( 0)
Rp 141
Rs 141

Full_Axial_Model(12, 15, 12,  !sol  2.17416_0.01775 , !sol  2.17416_0.01775)

Divergence(, 0.88912_0.01009)
	
lam
	ymin_on_ymax 0.0001
	la   0.63647_0.00646 lo 1.540596  lh   0.56368_0.01691
	la   0.35268_0.00255 lo 1.544493  lh   0.67334_0.01305
		
start_X 5
finish_X 50


}

		
'+++++++++++++++++++++++++++++++++++++++++++++++++++++++++++++++++++++++++++++++++++++++++++++++++++++++++++++++++++

xdd 2088_RVR_20ul_IPA_20.2_Corundum.raw

r_wp  9.56789466 r_exp  3.38175114 r_p  7.39736878 r_wp_dash  3.71634348 r_p_dash  3.54791198 r_exp_dash  1.31353335 weighted_Durbin_Watson  0.345582861 gof  2.82927226

chi2_convergence_criteria 0.00001
iters 100000
instr_par 


	bkg @ -1220.03507`_441.212311  1466.56598`_458.444506 -813.231355`_238.689604  409.280865`_123.28709 -160.500655`_63.5321393  53.7269753`_32.1208547 -25.4282421`_16.9098591  21.0978425`_8.52510207 -3.99569985`_4.7849526
      One_on_X(@, 23980.80609`_6990.73209)
	
	Specimen_Displacement(@,-0.26743`_0.00093)
		
	Surface_Roughness_Suortti(, 0, @, 0.01458`_0.00150)	

	str
		phase_name "Form I"
		scale  @  0.000182792025`_2.844e-006
		CS_L(@, 58.77849`_1.14895)
		r_bragg  3.97971769	
		weight_percent  44.690`_0.485


	str
		phase_name "Form II"
		PO_Two_Directions(@, 0.50000`_0.33341_LIMIT_MIN_0.5 min 0.5 max 1,, 0 0 1,@, 0.90210`_0.01227 min 0.5 max 1,, 0 1 1,@, 0.01000`_0.01998_LIMIT_MIN_0.01 min 0.01 max 0.99)		
		scale  @  2.93265734e-005`_5.589e-007
		CS_L(@, 64.87113`_1.83681)
		r_bragg  3.75896505
		weight_percent  31.256`_0.472
		
	str
		phase_name "Corundum"
		CS_L(@, 323.92975`_49.27663)
		Strain_G(@, 0.33207`_0.01297)
		scale   @  0.00159477889`_1.949e-005
		weight_percent  24.054`_0.313
		
		
'+++++++++++++++++++++++++++++++++++++++++++++++++++++++++++++++++++++++++++++++++++++++++++++++++++++++++++++++++++


xdd 2089_RVR_20ul_IPA_36.4_Corundum.raw

r_wp  9.36876921 r_exp  3.54752301 r_p  7.49960179 r_wp_dash  3.95497613 r_p_dash  4.00982717 r_exp_dash  1.49756799 weighted_Durbin_Watson  0.40374323 gof  2.64093261

chi2_convergence_criteria 0.00001
iters 100000
instr_par 

	bkg  @ -893.306104`_392.681046  1135.82048`_408.1465 -604.988921`_212.662233  289.987508`_109.81957 -117.999507`_56.5454188  43.9841347`_28.5149289 -18.7828617`_15.0685104  8.35919046`_7.68017338  5.82128499`_4.48293319
      One_on_X(@, 18068.96351`_6224.84734)
	
	Specimen_Displacement(@,-0.35310`_0.00102)
		
	Surface_Roughness_Suortti(, 0, @, 0.04104`_0.00181)	

	str
		phase_name "Form I"
		scale  @  0.000173783925`_3.015e-006
		CS_L(@, 57.70305`_1.25751)
		r_bragg  3.62475074	
		weight_percent  34.622`_0.447


	str
		phase_name "Form II"
		PO_Two_Directions(@, 0.50000`_0.38791_LIMIT_MIN_0.5 min 0.5 max 1,, 0 0 1,@, 0.86411`_0.01265 min 0.5 max 1,, 0 1 1,@, 0.01000`_0.02242_LIMIT_MIN_0.01 min 0.01 max 0.99)		
		scale  @  2.61266667e-005`_5.868e-007
		CS_L(@, 69.75783`_2.34782)
		r_bragg  3.70644137
		weight_percent  22.691`_0.424
		
	str
		phase_name "Corundum"
		CS_L(@, 241.30582`_17.92414)
		Strain_G(@, 0.38446`_0.00896)
		scale   @  0.00346973217`_2.842e-005
		weight_percent  42.688`_0.391
		

'+++++++++++++++++++++++++++++++++++++++++++++++++++++++++++++++++++++++++++++++++++++++++++++++++++++++++++++++++++


	for xdds {
		for strs 1 to 1 {
			phase_name "Form I"
			a 13.5013  
			b 5.3156   
			c 27.206   
			al 90       
			be 103.100  
			ga 90       
			volume  1901.695
			space_group "P21"
			site S1     x 0.35854       y -0.3042       z 0.0828        occ S    1          beq 5.0          
			site S2     x 0.6765        y -0.0272       z 0.5796        occ S    1          beq 5.0          
			site O1     x 0.06731573    y 0.2579195     z 0.1653642     occ O    1          beq 1.0          
			site O2     x 0.325108      y -0.3411536    z 0.2410573     occ O    1          beq 1.0          
			site O3     x 0.6138861     y -0.2784702    z 0.3152426     occ O    1          beq 1.0          
			site O4     x 0.7132568     y 0.4682356     z 0.4218754     occ O    1          beq 1.0          
			site O5     x 0.6634911     y 0.1612888     z 0.4689292     occ O    1          beq 1.0          
			site N1     x 0.19051       y -0.1067       z 0.03872       occ N    1          beq 5.0          
			site N2     x 0.0313276     y -0.0565598    z 0.1073648     occ N    1          beq 5.0          
			site N3     x 0.1275591     y -0.1313638    z 0.1874036     occ N    1          beq 5.0          
			site N4     x 0.3584886     y 0.07659476    z 0.2392733     occ N    1          beq 5.0          
			site N5     x 0.6920265     y 0.05918629    z 0.3942263     occ N    1          beq 5.0          
			site N6     x 0.5333        y 0.1822        z 0.6115        occ N    1          beq 5.0          
			site C1     x 0.3780        y -0.174        z -0.0328       occ C    1          beq 3.1          
			site C2     x 0.27107       y 0.1653        z -0.0293       occ C    1          beq 3.1          
			site C3     x 0.33162       y 0.0268        z 0.0025        occ C    1          beq 3.1          
			site C4     x 0.28658       y -0.1086       z 0.0383        occ C    1          beq 3.1          
			site C5     x 0.17149       y -0.2570       z 0.07674       occ C    1          beq 3.1          
			site C6     x 0.25069       y -0.3730       z 0.10309       occ C    1          beq 3.1          
			site C7     x 0.06839485    y -0.2797227    z 0.08666616    occ C    1          beq 3.1          
			site C8     x -0.02920256   y 0.1219333     z 0.0701063     occ C    1          beq 3.1          
			site C9     x 0.07540194    y 0.03557182    z 0.1543817     occ C    1          beq 3.1          
			site C10    x 0.1859836     y -0.05025262   z 0.2366758     occ C    1          beq 3.1          
			site C11    x 0.14496       y -0.132        z 0.2826        occ C    1          beq 3.1          
			site C12    x 0.0315        y -0.111        z 0.2726        occ C    1          beq 3.1          
			site C13    x 0.1973        y 0.029         z 0.32734       occ C    1          beq 3.1          
			site C14    x 0.29653       y -0.1190367    z 0.2396261     occ C    1          beq 3.1          
			site C15    x 0.4673816     y 0.05253735    z 0.2397287     occ C    1          beq 3.1          
			site C16    x 0.48560       y 0.2175        z 0.19614       occ C    1          beq 3.1          
			site C17    x 0.59484       y 0.2269        z 0.1914        occ C    1          beq 3.1          
			site C18    x 0.6348        y 0.047         z 0.16544       occ C    1          beq 3.1          
			site C19    x 0.7376        y 0.047         z 0.16359       occ C    1          beq 3.1          
			site C20    x 0.8013        y 0.237         z 0.1877        occ C    1          beq 3.1          
			site C21    x 0.76096       y 0.4195        z 0.2135        occ C    1          beq 3.1          
			site C22    x 0.66065       y 0.4168        z 0.2156        occ C    1          beq 3.1          
			site C23    x 0.5333368     y 0.1242047     z 0.2918692     occ C    1          beq 3.1          
			site C24    x 0.6327268     y -0.02102908   z 0.3034901     occ C    1          beq 3.1          
			site C25    x 0.7172396     y 0.09103542    z 0.3451716     occ C    1          beq 3.1          
			site C26    x 0.81355       y -0.0613       z 0.3467        occ C    1          beq 3.1          
			site C27    x 0.90800       y 0.0362        z 0.3830        occ C    1          beq 3.1          
			site C28    x 0.9621        y 0.2350        z 0.3693        occ C    1          beq 3.1          
			site C29    x 1.04894       y 0.321         z 0.4019        occ C    1          beq 3.1          
			site C30    x 1.0825        y 0.2120        z 0.4480        occ C    1          beq 3.1          
			site C31    x 1.0293        y 0.0127        z 0.4620        occ C    1          beq 3.1          
			site C32    x 0.9416        y -0.0708       z 0.4291        occ C    1          beq 3.1          
			site C33    x 0.6925762     y 0.2474776     z 0.4264247     occ C    1          beq 3.1          
			site C34    x 0.6564        y 0.34908       z 0.50556       occ C    1          beq 3.1          
			site C35    x 0.6207        y 0.2334        z 0.54762       occ C    1          beq 3.1          
			site C36    x 0.5460        y 0.3137        z 0.5701        occ C    1          beq 3.1          
			site C37    x 0.5980        y -0.0024       z 0.6204        occ C    1          beq 3.1          
			site C7x    x 0.06868       y -0.28174      z 0.08678       occ C    0          beq 1            
			site C10x   x 0.18615       y -0.05199      z 0.23673       occ C    0          beq 1            
			site C15x   x 0.4674        y 0.05119       z 0.23982       occ C    0          beq 1            
			site C25x   x 0.71716       y 0.09017       z 0.34527       occ C    0          beq 1            
			site C34x   x 0.65627       y 0.34823       z 0.50554       occ C    0          beq 1            

			TCHZ_Peak_Type(, 0.00505_0.00045,,-0.00540_0.00042,, 0.00133_0.00010,, 0,, 0.05609_0.00063,, 0)
			
		}
		
		for strs 2 to 2 {
			phase_name "Form II"
			a 10.0299  
			b 18.7348  
			c 20.5787  
			al 90       
			be 90       
			ga 90       
			volume  3866.906
			space_group "P212121"
			site S1     x 0.4770622     y 1.278621      z 0.8712921     occ S    1          beq 5.0          
			site S2     x 0.2593037     y 0.4065051     z 0.6986439     occ S    1          beq 5.0          
			site O1     x 0.6261882     y 1.004327      z 1.030148      occ O    1          beq 1.9          
			site O2     x 0.2740301     y 0.8559269     z 1.054512      occ O    1          beq 1.9          
			site O3     x 0.2507436     y 0.6242204     z 0.9982544     occ O    1          beq 1.9          
			site H1     x 0.2024092     y 0.5917323     z 0.9832701     occ H    1          beq 5            
			site O4     x 0.668879      y 0.4992502     z 0.8457461     occ O    1          beq 1.9          
			site O5     x 0.4453965     y 0.4783307     z 0.8598796     occ O    1          beq 1.9          
			site N1     x 0.5157048     y 1.145959      z 0.9011856     occ N    1          beq 5.0          
			site N2     x 0.4749961     y 1.096082      z 1.045097      occ N    1          beq 5.0          
			site N3     x 0.4347775     y 0.9823546     z 1.088669      occ N    1          beq 5.0          
			site H2     x 0.3576215     y 0.9987829     z 1.102481      occ H    1          beq 5            
			site N4     x 0.4767037     y 0.8107748     z 1.022025      occ N    1          beq 5.0          
			site H3     x 0.5635533     y 0.8141379     z 1.0264        occ H    1          beq 5            
			site N5     x 0.5651665     y 0.5333709     z 0.9403356     occ N    1          beq 5.0          
			site H4     x 0.6420931     y 0.5462032     z 0.9573815     occ H    1          beq 5            
			site N6     x 0.09449473    y 0.3735085     z 0.7920592     occ N    1          beq 5.0          
			site C1     x 0.5875129     y 1.135346      z 0.7510341     occ C    1          beq 1.3          
			site H5     x 0.6255522     y 1.101636      z 0.7782234     occ H    1          beq 5            
			site H6     x 0.6393177     y 1.180252      z 0.7501505     occ H    1          beq 5            
			site H7     x 0.5658088     y 1.120405      z 0.7085733     occ H    1          beq 5            
			site C2     x 0.4561591     y 1.159282      z 0.7830758     occ C    1          beq 1.3          
			site H8     x 0.3922392     y 1.11475       z 0.78744       occ H    1          beq 5            
			site C3     x 0.382221      y 1.215771      z 0.7414859     occ C    1          beq 1.3          
			site H9     x 0.4255612     y 1.255581      z 0.7351643     occ H    1          beq 5            
			site H10    x 0.2878954     y 1.227712      z 0.7654397     occ H    1          beq 5            
			site H11    x 0.3460859     y 1.192549      z 0.7007278     occ H    1          beq 5            
			site C4     x 0.4854377     y 1.18795       z 0.851268      occ C    1          beq 1.3          
			site C5     x 0.5149743     y 1.257731      z 0.95158       occ C    1          beq 1.3          
			site H12    x 0.5282918     y 1.291469      z 0.9848283     occ H    1          beq 5            
			site C6     x 0.5309408     y 1.185867      z 0.9582588     occ C    1          beq 1.3          
			site C7     x 0.57452       y 1.14908       z 1.02185       occ C    1          beq 1.3          
			site H13    x 0.6608838     y 1.124008      z 1.012729      occ H    1          beq 5            
			site H14    x 0.5906979     y 1.184315      z 1.05618       occ H    1          beq 5            
			site C8     x 0.3509532     y 1.123774      z 1.074076      occ C    1          beq 1.3          
			site H15    x 0.3605852     y 1.126969      z 1.120398      occ H    1          beq 5            
			site H16    x 0.2766787     y 1.092443      z 1.062883      occ H    1          beq 5            
			site H17    x 0.3326929     y 1.17155       z 1.056186      occ H    1          beq 5            
			site C9     x 0.5170232     y 1.02589       z 1.053989      occ C    1          beq 1.3          
			site C10    x 0.4749415     y 0.9076204     z 1.103368      occ C    1          beq 1.3          
			site H18    x 0.5723288     y 0.9016458     z 1.095937      occ H    1          beq 5            
			site C11    x 0.4380812     y 0.8892566     z 1.175912      occ C    1          beq 1.3          
			site H19    x 0.3438365     y 0.8918235     z 1.183711      occ H    1          beq 5            
			site C12    x 0.5099216     y 0.9408812     z 1.223993      occ C    1          beq 1.3          
			site H20    x 0.6128796     y 0.935485      z 1.216173      occ H    1          beq 5            
			site H21    x 0.4969926     y 0.9249276     z 1.268494      occ H    1          beq 5            
			site H22    x 0.4866453     y 0.9870927     z 1.216456      occ H    1          beq 5            
			site C13    x 0.4782072     y 0.8109879     z 1.190519      occ C    1          beq 1.3          
			site H23    x 0.5795906     y 0.8032402     z 1.179938      occ H    1          beq 5            
			site H24    x 0.4323301     y 0.7775255     z 1.160748      occ H    1          beq 5            
			site H25    x 0.4678498     y 0.7968551     z 1.234056      occ H    1          beq 5            
			site C14    x 0.3984419     y 0.8557218     z 1.057121      occ C    1          beq 1.3          
			site C15    x 0.4214046     y 0.7555676     z 0.9766314     occ C    1          beq 1.3          
			site H26    x 0.3214367     y 0.7579901     z 0.9776161     occ H    1          beq 5            
			site C16    x 0.4678034     y 0.7717293     z 0.9067934     occ C    1          beq 1.3          
			site H27    x 0.5675211     y 0.7783009     z 0.9079691     occ H    1          beq 5            
			site H28    x 0.4486354     y 0.7311734     z 0.8798541     occ H    1          beq 5            
			site C17    x 0.4034696     y 0.8387691     z 0.876203      occ C    1          beq 1.3          
			site C18    x 0.4480322     y 0.9083639     z 0.8935886     occ C    1          beq 1.3          
			site H29    x 0.5201748     y 0.9146152     z 0.9254166     occ H    1          beq 5            
			site C19    x 0.3874194     y 0.9684286     z 0.8665266     occ C    1          beq 1.3          
			site H30    x 0.4178273     y 1.015368      z 0.8814294     occ H    1          beq 5            
			site C20    x 0.2866706     y 0.9616274     z 0.81985       occ C    1          beq 1.3          
			site H31    x 0.2521059     y 1.004454      z 0.8018863     occ H    1          beq 5            
			site C21    x 0.2435703     y 0.8932956     z 0.8002693     occ C    1          beq 1.3          
			site H32    x 0.180565      y 0.8900049     z 0.7682533     occ H    1          beq 5            
			site C22    x 0.3035302     y 0.8326582     z 0.8284316     occ C    1          beq 1.3          
			site H33    x 0.2786824     y 0.7884454     z 0.8148547     occ H    1          beq 5            
			site C23    x 0.4647594     y 0.6801647     z 0.9991486     occ C    1          beq 1.3          
			site H34    x 0.559712      y 0.6731833     z 0.9880638     occ H    1          beq 5            
			site H35    x 0.4572548     y 0.6776124     z 1.04711       occ H    1          beq 5            
			site C24    x 0.3829852     y 0.6198549     z 0.9694619     occ C    1          beq 1.3          
			site H36    x 0.3754491     y 0.6278597     z 0.9220019     occ H    1          beq 5            
			site C25    x 0.4439365     y 0.5438064     z 0.981177      occ C    1          beq 1.3          
			site H37    x 0.3758435     y 0.5077437     z 0.9682202     occ H    1          beq 5            
			site C26    x 0.477806      y 0.5291016     z 1.05463       occ C    1          beq 1.3          
			site H38    x 0.5654786     y 0.5519401     z 1.064785      occ H    1          beq 5            
			site H39    x 0.4102531     y 0.5531473     z 1.081608      occ H    1          beq 5            
			site C27    x 0.4848365     y 0.4508554     z 1.075297      occ C    1          beq 1.3          
			site C28    x 0.6068986     y 0.4152117     z 1.081295      occ C    1          beq 1.3          
			site H40    x 0.6877986     y 0.4385923     z 1.068317      occ H    1          beq 5            
			site C29    x 0.6136906     y 0.34421       z 1.105075      occ C    1          beq 1.3          
			site H41    x 0.6988547     y 0.3210911     z 1.108285      occ H    1          beq 5            
			site C30    x 0.4960187     y 0.3085571     z 1.121971      occ C    1          beq 1.3          
			site H42    x 0.5010824     y 0.2614629     z 1.138095      occ H    1          beq 5            
			site C31    x 0.3710564     y 0.343157      z 1.114242      occ C    1          beq 1.3          
			site H43    x 0.2922564     y 0.3185114     z 1.124635      occ H    1          beq 5            
			site C32    x 0.3664093     y 0.413456      z 1.091718      occ C    1          beq 1.3          
			site H44    x 0.2844165     y 0.4363124     z 1.088204      occ H    1          beq 5            
			site C33    x 0.5667108     y 0.5039184     z 0.8795644     occ C    1          beq 1.3          
			site C34    x 0.4496296     y 0.4471229     z 0.7949874     occ C    1          beq 1.3          
			site H45    x 0.5184674     y 0.4085175     z 0.793052      occ H    1          beq 5            
			site H46    x 0.4741092     y 0.4831219     z 0.7625332     occ H    1          beq 5            
			site C35    x 0.3117104     y 0.4207774     z 0.7786883     occ C    1          beq 1.3          
			site C36    x 0.2108693     y 0.4004233     z 0.820299      occ C    1          beq 1.3          
			site H47    x 0.2243592     y 0.3989179     z 0.8659426     occ H    1          beq 5            
			site C37    x 0.1080985     y 0.3744032     z 0.7284546     occ C    1          beq 1.3          
			site H48    x 0.04173718    y 0.3552265     z 0.7004423     occ H    1          beq 5            
			site C7x    x 0.57392       y 1.14758       z 1.0205        occ C    0          beq 1.3          
			site C10x   x 0.47475       y 0.90786       z 1.10437       occ C    0          beq 1.3          
			site C15x   x 0.42096       y 0.75656       z 0.97806       occ C    0          beq 1.3          
			site C25x   x 0.44544       y 0.54307       z 0.98138       occ C    0          beq 1.3          
			site C34x   x 0.45075       y 0.44845       z 0.79381       occ C    0          beq 1.3          

			TCHZ_Peak_Type(, 0.00505_0.00045,,-0.00540_0.00042,, 0.00133_0.00010,, 0,, 0.05609_0.00063,, 0)
		}
		
		for strs 3 to 3 {
		phase_name "Corundum"
		space_group "R-3c:H"    
		ga @  120.35246`_0.01171
		a ab  4.793841`_0.000848
		b ab  4.793841`_0.000848
		c @  13.008132`_0.001110
		volume  258.218`_0.098
		site Al1    x 0.            y 0.            z 0.35216       occ Al+3 1.      beq  3.99216
		site O1     x 0.30668       y 0.            z 0.25          occ O-2  1.      beq  3.49390
	
			TCHZ_Peak_Type(, 0.00505_0.00045,,-0.00540_0.00042,, 0.00133_0.00010,, 0,, 0.05609_0.00063,, 0)
		}		
	}
	
	
		    out "output.txt" append
for xdds {
Out(Get(xdd_path_name),  "%s")
Out(Get(r_wp),"\tRwp:\t%11.2f\n")
Out(Get(gof),"\tchisq:\t%11.2f\n")
'Out(Get(range),"%11.2f\n")
    for strs {
        Out(Get(phase_name),"%11.7s\t")
        Out(Get(weight_percent),"%11.1f\t", "\t+/-\t%11.1f\n")
        }
    }	
	
C_matrix_normalized
{
                             1   2   3   4   5   6   7   8   9  10  11  12  13  14  15  16  17  18  19  20  21  22  23  24  25  26  27  28  29  30  31  32  33  34  35  36  37  38  39  40  41  42  43  44  45  46  47  48  49
bkge6b540              1:  100-100 100-100 100-100  99 -95  84-100  -1  16   5   8  29  -2  -2   2 -19   5  -1  -2  -0   0  -0   0  -0   0  -0   0  -0   0  -0  -0  -0   0  -0  -0   0   0   0   0   0  -0  -0   0  -0   0  -0
bkge6b5e0              2: -100 100-100 100-100 100 -99  95 -84 100   1 -16  -5  -7 -29   2   2  -2  19  -5   1   2   0  -0   0  -0   0  -0   0  -0   0  -0   0   0   0  -0   0   0  -0  -0  -0  -0  -0   0   0  -0   0  -0   0
bkge6b680              3:  100-100 100-100 100-100  99 -95  84-100  -1  16   6   7  30  -2  -3   2 -20   6  -1  -2  -0  -0  -1   0  -0   0  -0   0  -0   0  -0  -0  -0   0  -0  -0   0   0   0   0   0  -0  -0   0  -0   0  -0
bkge6b720              4: -100 100-100 100-100 100 -99  95 -84 100   1 -16  -5  -7 -30   2   3  -2  20  -5   1   2   0   0   0  -0   0  -0   0  -0   0  -0   0   0   0  -0   0   0  -0  -0  -0  -0  -0   0   0  -0   0  -0   0
bkge6b7c0              5:  100-100 100-100 100-100  99 -95  84-100  -1  15   4   8  29  -2  -2   2 -20   5  -2  -2  -0   0  -0   0  -0   0  -0   0  -0   0  -0  -0  -0   0  -0  -0   0   0   0   0   0  -0  -0   0  -0   0  -0
bkge6b860              6: -100 100-100 100-100 100 -99  95 -82 100   1 -14  -2  -9 -26   3   2  -2  18  -5   1   2   0  -0   0  -0   0  -0   0  -0   0  -0   0   0   0  -0   0   0  -0  -0  -0  -0  -0   0   0  -0   0  -0   0
bkge6b900              7:   99 -99  99 -99  99 -99 100 -95  85 -99  -1  14   5   6  28  -3  -3   2 -20   5  -1  -2  -0   0  -0   0  -0   0  -0   0  -0   0  -0  -0  -0   0  -0  -0   0   0   0   0   0  -0  -0   0  -0   0  -0
bkge6b9a0              8:  -95  95 -95  95 -95  95 -95 100 -86  95   1 -15 -13   4 -32   2   4  -3  23  -6   3   3   1  -0   1  -0   0  -0   0  -0   0  -0   0   0   0  -0   0   0  -0  -0  -0  -0  -0   0   0  -0   0  -0   1
bkge6ba40              9:   84 -84  84 -84  84 -82  85 -86 100 -84   0  10  15 -12  33   0  -5   3 -25   3  -1  -2  -0  -1  -0   0  -0   0  -0   0  -0   0  -0  -0  -0   0  -0  -0   0   0   0   0   0  -0  -0   0  -0   0  -0
m61112385_da2         10: -100 100-100 100-100 100 -99  95 -84 100   1 -16  -5  -7 -29   2   2  -2  19  -5   1   2   0  -0   0  -0   0  -0   0  -0   0  -0   0   0   0  -0   0   0  -0  -0  -0  -0  -0   0   0  -0   0  -0   0
m61112385_dc4         11:   -1   1  -1   1  -1   1  -1   1   0   1 100  -6  -8   2   6   1  -3   3  -4  -1   2   1 -12 -25  -2   0  -0   0  -0   0  -0   0  -0  -0  -0   3  -0  -0   0   0   0   0   0  -0  -0   0  -2   6 -11
m61112385_da3         12:   16 -16  16 -16  15 -14  14 -15  10 -16  -6 100  73  -8  35 -18  -2 -11   5  24   5   3  -0   0  -1   0  -0   0  -0   0  -0   0  -0  -0  -0   0  -0  -0   0   0   0   0   0  -0  -0   0  -0   0  -0
scaledcf4f0_          13:    5  -5   6  -5   4  -2   5 -13  15  -5  -8  73 100 -56   4 -12   3  -8  19  18   3   2   1   1  -1  -0   0  -0   0  -0   0  -0   0   0   0  -0   0   0  -0  -0  -0  -0  -0   0   0  -0   0  -0   1
m61112385_da4         14:    8  -7   7  -7   8  -9   6   4 -12  -7   2  -8 -56 100  19  -2   0  -1 -15  -4   2   1  -1  -0  -1   0  -0   0  -0   0  -0   0  -0  -0  -0   0  -0  -0   0   0   0   0   0  -0  -0   0  -0   1  -1
scaledcf658_          15:   29 -29  30 -30  29 -26  28 -32  33 -29   6  35   4  19 100  -1 -29  -2 -63   6   3   1  -2  -3  -2   0  -0   0  -0   0  -0   0  -0  -0  -0   1  -0  -0   0   0   0   0   0  -0  -0   0  -0   1  -2
m61112385_da7         16:   -2   2  -2   2  -2   3  -3   2   0   2   1 -18 -12  -2  -1 100  27  95  -5  -1  -4  -2  -0   1   0   0  -0   0  -0   0  -0   0  -0  -0  -0   0  -0  -0   0   0   0   0   0  -0  -0   0  -0   0  -0
m61112385_da8         17:   -2   2  -3   3  -2   2  -3   4  -5   2  -3  -2   3   0 -29  27 100  33  11   7  -7  -4  -0   4  -0   0  -0   0  -0   0  -0   0  -0  -0  -0   0  -0  -0   0   0   0   0   0  -0  -0   0  -0   0  -0
m61112385_da9         18:    2  -2   2  -2   2  -2   2  -3   3  -2   3 -11  -8  -1  -2  95  33 100  -5   1  -4  -3  -1   2   0   0  -0   0  -0   0  -0   0  -0  -0  -0   0  -0  -0   0   0   0   0   0  -0  -0   0  -0   0  -1
m61112385_daa         19:  -19  19 -20  20 -20  18 -20  23 -25  19  -4   5  19 -15 -63  -5  11  -5 100   0   3   2   1   0   0  -0   0  -0   0  -0   0  -0   0   0   0  -0   0   0  -0  -0  -0  -0  -0   0   0  -0   0  -0   1
scaledcf7c0_          20:    5  -5   6  -5   5  -5   5  -6   3  -5  -1  24  18  -4   6  -1   7   1   0 100 -60 -43   1   2   0  -0   0  -0   0  -0   0  -0   0   0   0  -0   0   0  -0  -0  -0  -0  -0   0   0  -0   0  -0   1
m61112385_dab         21:   -1   1  -1   1  -2   1  -1   3  -1   1   2   5   3   2   3  -4  -7  -4   3 -60 100  85   1  -4   3  -0   0  -0   0  -0   0  -0   0   0   0  -0   0   0  -0  -0  -0  -0  -0   0   0  -0   0  -1   1
m61112385_dac         22:   -2   2  -2   2  -2   2  -2   3  -2   2   1   3   2   1   1  -2  -4  -3   2 -43  85 100  15  -8  17  -0   0  -0   0  -0   0  -0   0   0   0  -4   0   0  -0  -1  -0  -0  -0   0   0  -0   2  -8  15
ab                    23:   -0   0  -0   0  -0   0  -0   1  -0   0 -12  -0   1  -1  -2  -0  -0  -1   1   1   1  15 100 -46  96  -0   0  -0   0  -0   0  -0   0   0   0 -26   0   2  -2  -3  -1  -0  -1   1   0  -0  16 -52  98
c10cdca28_            24:    0  -0  -0   0   0  -0   0  -0  -1  -0 -25   0   1  -0  -3   1   4   2   0   2  -4  -8 -46 100 -36   0  -0   0  -0   0  -0   0  -0  -0  -0  12  -0  -1   1   2   0   0   1  -1  -0   0  -7  24 -45
ga10cdcba8_           25:   -0   0  -1   0  -0   0  -0   1  -0   0  -2  -1  -1  -1  -2   0  -0   0   0   0   3  17  96 -36 100  -0   0  -0   0  -0   0  -0   0   0   0 -25   0   2  -2  -3  -1  -0  -1   1   0  -0  15 -51  94
bkge6bae0             26:    0  -0   0  -0   0  -0   0  -0   0  -0   0   0  -0   0   0   0   0   0  -0  -0  -0  -0  -0   0  -0 100-100 100-100 100-100  99 -95  84-100  -0  15   8   2  29  -3  -2   1 -20   9  -2  -3  -0  -0
bkge6bb80             27:   -0   0  -0   0  -0   0  -0   0  -0   0  -0  -0   0  -0  -0  -0  -0  -0   0   0   0   0   0  -0   0-100 100-100 100-100 100 -99  95 -84 100   0 -15  -9  -2 -29   3   2  -1  20  -9   3   3   0   0
bkge6bc20             28:    0  -0   0  -0   0  -0   0  -0   0  -0   0   0  -0   0   0   0   0   0  -0  -0  -0  -0  -0   0  -0 100-100 100-100 100-100  99 -95  85-100  -0  15   9   1  30  -3  -2   2 -21   9  -3  -3  -0  -0
bkge6bcc0             29:   -0   0  -0   0  -0   0  -0   0  -0   0  -0  -0   0  -0  -0  -0  -0  -0   0   0   0   0   0  -0   0-100 100-100 100-100 100 -99  95 -85 100   0 -15  -9  -1 -30   3   2  -2  21  -9   2   2   0   0
bkge6bd60             30:    0  -0   0  -0   0  -0   0  -0   0  -0   0   0  -0   0   0   0   0   0  -0  -0  -0  -0  -0   0  -0 100-100 100-100 100-100  99 -95  85-100  -0  14   8   2  29  -3  -2   1 -21   9  -3  -3  -0  -0
bkge6be00             31:   -0   0  -0   0  -0   0  -0   0  -0   0  -0  -0   0  -0  -0  -0  -0  -0   0   0   0   0   0  -0   0-100 100-100 100-100 100 -99  95 -83 100   0 -13  -6  -4 -27   4   1  -1  19  -8   3   3  -0   0
bkge6bea0             32:    0  -0   0  -0   0  -0   0  -0   0  -0   0   0  -0   0   0   0   0   0  -0  -0  -0  -0  -0   0  -0  99 -99  99 -99  99 -99 100 -95  86 -99  -0  13   9   0  28  -4  -2   1 -21   8  -2  -2   0  -0
bkge6bf40             33:   -0   0  -0   0  -0   0  -0   0  -0   0  -0  -0   0  -0  -0  -0  -0  -0   0   0   0   0   0  -0   0 -95  95 -95  95 -95  95 -95 100 -85  95   0 -14 -17  10 -31   3   3  -2  24 -10   4   4  -0   1
bkge6bfe0             34:   -0   0  -0   0  -0   0  -0   0  -0   0  -0  -0   0  -0  -0  -0  -0  -0   0   0   0   0   0  -0   0  84 -84  85 -85  85 -83  86 -85 100 -85   1   8  16 -15  31  -1  -4   2 -25   5  -2  -3  -1   0
m61112385_dad         35:   -0   0  -0   0  -0   0  -0   0  -0   0  -0  -0   0  -0  -0  -0  -0  -0   0   0   0   0   0  -0   0-100 100-100 100-100 100 -99  95 -85 100   0 -15  -9  -1 -29   3   2  -1  21  -9   2   3   0   0
m61112385_dc5         36:    0  -0   0  -0   0  -0   0  -0   0  -0   3   0  -0   0   1   0   0   0  -0  -0  -0  -4 -26  12 -25  -0   0  -0   0  -0   0  -0   0   1   0 100  -3  -7   2   8   1  -3   3  -5  -2   2  -1 -27 -15
m61112385_dae         37:   -0   0  -0   0  -0   0  -0   0  -0   0  -0  -0   0  -0  -0  -0  -0  -0   0   0   0   0   0  -0   0  15 -15  15 -15  14 -13  13 -14   8 -15  -3 100  72  -7  38 -19  -3 -13   3  48   6   3  -1  -0
scaledcf928_          38:   -0   0  -0   0  -0   0  -0   0  -0   0  -0  -0   0  -0  -0  -0  -0  -0   0   0   0   0   2  -1   2   8  -9   9  -9   8  -6   9 -17  16  -9  -7  72 100 -57   4 -14   1 -10  20  35   4   2  -0   1
m61112385_daf         39:    0  -0   0  -0   0  -0   0  -0   0  -0   0   0  -0   0   0   0   0   0  -0  -0  -0  -0  -2   1  -2   2  -2   1  -1   2  -4   0  10 -15  -1   2  -7 -57 100  22  -1  -0  -1 -17  -5   1   0   0  -2
scaledcfa90_          40:    0  -0   0  -0   0  -0   0  -0   0  -0   0   0  -0   0   0   0   0   0  -0  -0  -0  -1  -3   2  -3  29 -29  30 -30  29 -27  28 -31  31 -29   8  38   4  22 100  -3 -28  -3 -65  17   3   0  -3  -3
m61112385_db2         41:    0  -0   0  -0   0  -0   0  -0   0  -0   0   0  -0   0   0   0   0   0  -0  -0  -0  -0  -1   0  -1  -3   3  -3   3  -3   4  -4   3  -1   3   1 -19 -14  -1  -3 100  23  94  -4  -6  -4  -3   0  -0
m61112385_db3         42:    0  -0   0  -0   0  -0   0  -0   0  -0   0   0  -0   0   0   0   0   0  -0  -0  -0  -0  -0   0  -0  -2   2  -2   2  -2   1  -2   3  -4   2  -3  -3   1  -0 -28  23 100  28  12   4  -6  -4   4  -0
m61112385_db4         43:    0  -0   0  -0   0  -0   0  -0   0  -0   0   0  -0   0   0   0   0   0  -0  -0  -0  -0  -1   1  -1   1  -1   2  -2   1  -1   1  -2   2  -1   3 -13 -10  -1  -3  94  28 100  -5  -3  -4  -3   1  -1
m61112385_db5         44:   -0   0  -0   0  -0   0  -0   0  -0   0  -0  -0   0  -0  -0  -0  -0  -0   0   0   0   0   1  -1   1 -20  20 -21  21 -21  19 -21  24 -25  21  -5   3  20 -17 -65  -4  12  -5 100   1   3   2   1   1
scaledcfbf8_          45:   -0   0  -0   0  -0   0  -0   0  -0   0  -0  -0   0  -0  -0  -0  -0  -0   0   0   0   0   0  -0   0   9  -9   9  -9   9  -8   8 -10   5  -9  -2  48  35  -5  17  -6   4  -3   1 100 -46 -34   2   0
m61112385_db6         46:    0  -0   0  -0   0  -0   0  -0   0  -0   0   0  -0   0   0   0   0   0  -0  -0  -0  -0  -0   0  -0  -2   3  -3   2  -3   3  -2   4  -2   2   2   6   4   1   3  -4  -6  -4   3 -46 100  84  -3   0
m61112385_db7         47:   -0   0  -0   0  -0   0  -0   0  -0   0  -2  -0   0  -0  -0  -0  -0  -0   0   0   0   2  16  -7  15  -3   3  -3   2  -3   3  -2   4  -3   3  -1   3   2   0   0  -3  -4  -3   2 -34  84 100 -10  17
c1621208_             48:    0  -0   0  -0   0  -0   0  -0   0  -0   6   0  -0   1   1   0   0   0  -0  -0  -1  -8 -52  24 -51  -0   0  -0   0  -0  -0   0  -0  -1   0 -27  -1  -0   0  -3   0   4   1   1   2  -3 -10 100 -48
ga1621388_            49:   -0   0  -0   0  -0   0  -0   1  -0   0 -11  -0   1  -1  -2  -0  -0  -1   1   1   1  15  98 -45  94  -0   0  -0   0  -0   0  -0   1   0   0 -15  -0   1  -2  -3  -0  -0  -1   1   0   0  17 -48 100
}