

do_errors

macro instr_par {

x_calculation_step 0.01

LP_Factor( 0)
Rp 141
Rs 141

Full_Axial_Model(12, 15, 12,  !sol  2.17416_0.01775 , !sol  2.17416_0.01775)

Divergence(, 0.88912_0.01009)
	
lam
	ymin_on_ymax 0.0001
	la   0.63647_0.00646 lo 1.540596  lh   0.56368_0.01691
	la   0.35268_0.00255 lo 1.544493  lh   0.67334_0.01305
		
start_X 5
finish_X 50

}

'++++++++++++++++++++++++++++++++++++++++++++++++++++++++++++++++++++++++++++
xdd 1926_RVR_10ul_mill_MeCN.raw

r_wp  12.3644925 r_exp  3.31702192 r_p  9.62941354 r_wp_dash  15.3126405 r_p_dash  12.2989032 r_exp_dash  4.10792145 weighted_Durbin_Watson  0.213528615 gof  3.72758843

chi2_convergence_criteria 0.00001
iters 100000
instr_par 

	bkg  @  169.139178`_631.506609  137.48464`_656.434669 -94.3624105`_342.178418 -6.04256305`_176.687796  63.6300279`_90.9424522 -51.2518421`_45.6962206  17.4852572`_24.1658338 -2.20447143`_12.1504482  16.2420703`_6.95974079
	One_on_X(@, 3135.46888`_10010.38486)
	
	Specimen_Displacement(@,-0.10440`_0.00090)
	
	Surface_Roughness_Suortti(, 0, @, 0.02552`_0.00160)	
	
	str
		phase_name "Form I"
		scale   @  0.000326625544`_4.569e-006
		CS_L(@, 65.20086`_1.10851)
		'Strain_G(, 0.78988_0.01602)
		r_bragg  4.70466045	
		weight_percent  97.371`_1.212


	str
		phase_name "Form II"
		PO_Two_Directions(@, 0.88333`_18.31756_LIMIT_MIN_0.5 min 0.5 max 1,, 0 0 1,@, 0.67612`_0.41877_LIMIT_MIN_0.5 min 0.5 max 1,, 0 1 1,@, 0.01000`_2.12920_LIMIT_MIN_0.01 min 0.01 max 0.99)		
		scale   @  2.02321816e-006`_9.576e-007_LIMIT_MIN_1e-015
		CS_L(@, 30.00000`_18.96914_LIMIT_MIN_30 min 30)
		'Strain_G(, 0.78988_0.01602)
		r_bragg  4.19356519
		weight_percent  2.629`_1.212
		
'+++++++++++++++++++++++++++++++++++++++++++++++++++++++++++++++++++++++++++++++++++++++++++++++++++++++++++++++++++


xdd 1925_RVR_20ul_mill_MeCN.raw

r_wp  12.1086682 r_exp  3.2876237 r_p  9.50439408 r_wp_dash  15.0661755 r_p_dash  12.2148508 r_exp_dash  4.09061633 weighted_Durbin_Watson  0.223341036 gof  3.68310648

chi2_convergence_criteria 0.00001
iters 100000
instr_par 

	bkg  @  175.373231`_624.847141  144.89849`_649.221064 -99.5609109`_338.046074 -2.82549768`_174.523831  62.951436`_89.9459817 -51.9942934`_45.27049  18.6789827`_23.8095615 -2.32898955`_11.8361112  17.2261131`_6.76030783
	One_on_X(@, 3172.26359`_9899.29858)
	
	Specimen_Displacement(@,-0.10635`_0.00090)
	
	Surface_Roughness_Suortti(, 0, @, 0.02014`_0.00156)	
	
	str
		phase_name "Form I"
		scale   @  0.000321565155`_4.459e-006
		CS_L(@, 64.94502`_1.09244)
		'Strain_G(, 0.78988_0.01602)
		r_bragg  4.40577785	
		weight_percent  97.313`_0.963


	str
		phase_name "Form II"
		PO_Two_Directions(@, 0.93516`_12.31328_LIMIT_MIN_0.5 min 0.5 max 1,, 0 0 1,@, 0.70865`_0.35067_LIMIT_MIN_0.5 min 0.5 max 1,, 0 1 1,@, 0.01000`_1.79660_LIMIT_MIN_0.01 min 0.01 max 0.99)		
		scale   @  2.03658884e-006`_7.498e-007_LIMIT_MIN_1e-015
		CS_L(@, 50.51636`_26.48698_LIMIT_MIN_30 min 30)
		'Strain_G(, 0.78988_0.01602)
		r_bragg  4.8881467
		weight_percent  2.687`_0.963

'+++++++++++++++++++++++++++++++++++++++++++++++++++++++++++++++++++++++++++++++++++++++++++++++++++++++++++++++++++

xdd 1947_RVR_30ul_mill_MeCN.raw

r_wp  10.3851608 r_exp  3.06693781 r_p  8.02818749 r_wp_dash  12.9124186 r_p_dash  10.2178791 r_exp_dash  3.81328564 weighted_Durbin_Watson  0.251082267 gof  3.3861661

chi2_convergence_criteria 0.00001
iters 100000
instr_par 

	bkg  @  191.859756`_658.634853  135.583063`_684.265957 -114.75741`_356.170782  22.2278587`_183.952974  49.9539193`_94.8784445 -53.485396`_47.8929196  23.24059`_25.2053804 -0.774436052`_12.6007873  13.1767386`_7.13762655
	One_on_X(@, 3340.92213`_10432.88224)
	
	Specimen_Displacement(@,-0.13246`_0.00092)
	
	Surface_Roughness_Suortti(, 0, @, 0.00978`_0.00156)	
	
	str
		phase_name "Form I"
		scale   @  0.000275248577`_4.181e-006
		CS_L(@, 67.20173`_1.29944)
		'Strain_G(, 0.78988_0.01602)
		r_bragg  4.60283396	
		weight_percent  71.750`_0.664


	str
		phase_name "Form II"
		PO_Two_Directions(@, 0.50000`_0.28498_LIMIT_MIN_0.5 min 0.5 max 1,, 0 0 1,@, 0.83604`_0.01623 min 0.5 max 1,, 0 1 1,@, 0.01859`_0.03169_LIMIT_MIN_0.01 min 0.01 max 0.99)		
		scale   @  2.48595955e-005`_7.219e-007
		CS_L(@, 71.55403`_3.37368)
		'Strain_G(, 0.78988_0.01602)
		r_bragg  4.15063351
		weight_percent  28.250`_0.664
		
'+++++++++++++++++++++++++++++++++++++++++++++++++++++++++++++++++++++++++++++++++++++++++++++++++++++++++++++++++++

xdd 1919_RVR_40ul_mill_MeCN.raw

r_wp  10.4475731 r_exp  3.04873082 r_p  8.25993548 r_wp_dash  12.6068653 r_p_dash  10.1441707 r_exp_dash  3.67883894 weighted_Durbin_Watson  0.25445111 gof  3.42685981

chi2_convergence_criteria 0.00001
iters 100000
instr_par 

	bkg  @  176.676463`_664.367719  121.060726`_690.211471 -76.8080012`_359.274838  8.37517348`_185.599033  46.0518504`_95.7777013 -49.7539062`_48.4148412  29.2707272`_25.5383018 -3.82279333`_12.7905904  15.1594421`_7.21055229
	One_on_X(@, 3224.00577`_10524.37571)
	
	Specimen_Displacement(@,-0.12635`_0.00088)
	
	Surface_Roughness_Suortti(, 0, @, 0.00010`_0.00195_LIMIT_MIN_0.0001)	

	str
		phase_name "Form I"
		scale   @  0.000137842747`_3.212e-006
		CS_L(@, 69.95153`_2.32558)
		'Strain_G(, 0.78988_0.01602)
		r_bragg  4.55183062	
		weight_percent  34.263`_0.631


	str
		phase_name "Form II"
		PO_Two_Directions(@, 0.50000`_0.05637_LIMIT_MIN_0.5 min 0.5 max 1,, 0 0 1,@, 0.88496`_0.00869 min 0.5 max 1,, 0 1 1,@, 0.04391`_0.01430_LIMIT_MIN_0.01 min 0.01 max 0.99)		
		scale   @  6.06661194e-005`_9.471e-007
		CS_L(@, 73.12139`_1.46560)
		'Strain_G(, 0.78988_0.01602)
		r_bragg  4.96367774
		weight_percent  65.737`_0.631

'+++++++++++++++++++++++++++++++++++++++++++++++++++++++++++++++++++++++++++++++++++++++++++++++++++++++++++++++++++


xdd 1962_RVR_50ul_mill_MeCN_081020.raw

r_wp  12.7688971 r_exp  3.20044603 r_p  10.1136245 r_wp_dash  14.9144114 r_p_dash  11.9853112 r_exp_dash  3.7382061 weighted_Durbin_Watson  0.231263269 gof  3.98972423

chi2_convergence_criteria 0.00001
iters 100000
instr_par 

	bkg  @  141.032357`_616.354836  98.6217614`_640.037956 -42.1638362`_332.941177 -2.2183984`_172.029326  42.8846915`_88.885917 -48.0560194`_44.9941062  30.2547594`_23.6774733 -6.9566714`_11.7912821  13.9775519`_6.68010102
	One_on_X(@, 2950.05696`_9761.70705)
	
	Specimen_Displacement(@,-0.10487`_0.00066)
	
	Surface_Roughness_Suortti(, 0, @, 0.00010`_0.00244_LIMIT_MIN_0.0001)	
		
	str
		phase_name "Form I"
		scale   @  3.25281564e-005`_2.198e-006
		CS_L(@, 59.85786`_6.81874)
		'Strain_G(, 0.78988_0.01602)
		r_bragg  4.30346918	
		weight_percent  8.451`_0.537


	str
		phase_name "Form II"
		PO_Two_Directions(@, 0.50000`_0.03581_LIMIT_MIN_0.5 min 0.5 max 1,, 0 0 1,@, 0.90318`_0.00679 min 0.5 max 1,, 0 1 1,@, 0.05410`_0.01064 min 0.01 max 0.99)		
		scale   @  8.08371374e-005`_1.279e-006
		CS_L(@, 88.35629`_1.34995)
		'Strain_G(, 0.78988_0.01602)
		r_bragg  6.64172589
		weight_percent  91.549`_0.537
		
'+++++++++++++++++++++++++++++++++++++++++++++++++++++++++++++++++++++++++++++++++++++++++++++++++++++++++++++++++++


	for xdds {
		for strs 1 to 1 {
			phase_name "Form I"
			a 13.5013  
			b 5.3156   
			c 27.206   
			al 90       
			be 103.100  
			ga 90       
			volume  1901.695
			space_group "P21"
			site S1     x 0.35854       y -0.3042       z 0.0828        occ S    1          beq 5.0          
			site S2     x 0.6765        y -0.0272       z 0.5796        occ S    1          beq 5.0          
			site O1     x 0.06731573    y 0.2579195     z 0.1653642     occ O    1          beq 1.0          
			site O2     x 0.325108      y -0.3411536    z 0.2410573     occ O    1          beq 1.0          
			site O3     x 0.6138861     y -0.2784702    z 0.3152426     occ O    1          beq 1.0          
			site O4     x 0.7132568     y 0.4682356     z 0.4218754     occ O    1          beq 1.0          
			site O5     x 0.6634911     y 0.1612888     z 0.4689292     occ O    1          beq 1.0          
			site N1     x 0.19051       y -0.1067       z 0.03872       occ N    1          beq 5.0          
			site N2     x 0.0313276     y -0.0565598    z 0.1073648     occ N    1          beq 5.0          
			site N3     x 0.1275591     y -0.1313638    z 0.1874036     occ N    1          beq 5.0          
			site N4     x 0.3584886     y 0.07659476    z 0.2392733     occ N    1          beq 5.0          
			site N5     x 0.6920265     y 0.05918629    z 0.3942263     occ N    1          beq 5.0          
			site N6     x 0.5333        y 0.1822        z 0.6115        occ N    1          beq 5.0          
			site C1     x 0.3780        y -0.174        z -0.0328       occ C    1          beq 3.1          
			site C2     x 0.27107       y 0.1653        z -0.0293       occ C    1          beq 3.1          
			site C3     x 0.33162       y 0.0268        z 0.0025        occ C    1          beq 3.1          
			site C4     x 0.28658       y -0.1086       z 0.0383        occ C    1          beq 3.1          
			site C5     x 0.17149       y -0.2570       z 0.07674       occ C    1          beq 3.1          
			site C6     x 0.25069       y -0.3730       z 0.10309       occ C    1          beq 3.1          
			site C7     x 0.06839485    y -0.2797227    z 0.08666616    occ C    1          beq 3.1          
			site C8     x -0.02920256   y 0.1219333     z 0.0701063     occ C    1          beq 3.1          
			site C9     x 0.07540194    y 0.03557182    z 0.1543817     occ C    1          beq 3.1          
			site C10    x 0.1859836     y -0.05025262   z 0.2366758     occ C    1          beq 3.1          
			site C11    x 0.14496       y -0.132        z 0.2826        occ C    1          beq 3.1          
			site C12    x 0.0315        y -0.111        z 0.2726        occ C    1          beq 3.1          
			site C13    x 0.1973        y 0.029         z 0.32734       occ C    1          beq 3.1          
			site C14    x 0.29653       y -0.1190367    z 0.2396261     occ C    1          beq 3.1          
			site C15    x 0.4673816     y 0.05253735    z 0.2397287     occ C    1          beq 3.1          
			site C16    x 0.48560       y 0.2175        z 0.19614       occ C    1          beq 3.1          
			site C17    x 0.59484       y 0.2269        z 0.1914        occ C    1          beq 3.1          
			site C18    x 0.6348        y 0.047         z 0.16544       occ C    1          beq 3.1          
			site C19    x 0.7376        y 0.047         z 0.16359       occ C    1          beq 3.1          
			site C20    x 0.8013        y 0.237         z 0.1877        occ C    1          beq 3.1          
			site C21    x 0.76096       y 0.4195        z 0.2135        occ C    1          beq 3.1          
			site C22    x 0.66065       y 0.4168        z 0.2156        occ C    1          beq 3.1          
			site C23    x 0.5333368     y 0.1242047     z 0.2918692     occ C    1          beq 3.1          
			site C24    x 0.6327268     y -0.02102908   z 0.3034901     occ C    1          beq 3.1          
			site C25    x 0.7172396     y 0.09103542    z 0.3451716     occ C    1          beq 3.1          
			site C26    x 0.81355       y -0.0613       z 0.3467        occ C    1          beq 3.1          
			site C27    x 0.90800       y 0.0362        z 0.3830        occ C    1          beq 3.1          
			site C28    x 0.9621        y 0.2350        z 0.3693        occ C    1          beq 3.1          
			site C29    x 1.04894       y 0.321         z 0.4019        occ C    1          beq 3.1          
			site C30    x 1.0825        y 0.2120        z 0.4480        occ C    1          beq 3.1          
			site C31    x 1.0293        y 0.0127        z 0.4620        occ C    1          beq 3.1          
			site C32    x 0.9416        y -0.0708       z 0.4291        occ C    1          beq 3.1          
			site C33    x 0.6925762     y 0.2474776     z 0.4264247     occ C    1          beq 3.1          
			site C34    x 0.6564        y 0.34908       z 0.50556       occ C    1          beq 3.1          
			site C35    x 0.6207        y 0.2334        z 0.54762       occ C    1          beq 3.1          
			site C36    x 0.5460        y 0.3137        z 0.5701        occ C    1          beq 3.1          
			site C37    x 0.5980        y -0.0024       z 0.6204        occ C    1          beq 3.1                  

			TCHZ_Peak_Type(, 0.00505_0.00045,,-0.00540_0.00042,, 0.00133_0.00010,, 0,, 0.05609_0.00063,, 0)
			
		}
		
		for strs 2 to 2 {
			phase_name "Form II"
			a 10.0299  
			b 18.7348  
			c 20.5787  
			al 90       
			be 90       
			ga 90       
			volume  3866.906
			space_group "P212121"
			site S1     x 0.4770622     y 1.278621      z 0.8712921     occ S    1          beq 5.0          
			site S2     x 0.2593037     y 0.4065051     z 0.6986439     occ S    1          beq 5.0          
			site O1     x 0.6261882     y 1.004327      z 1.030148      occ O    1          beq 1.9          
			site O2     x 0.2740301     y 0.8559269     z 1.054512      occ O    1          beq 1.9          
			site O3     x 0.2507436     y 0.6242204     z 0.9982544     occ O    1          beq 1.9          
			site H1     x 0.2024092     y 0.5917323     z 0.9832701     occ H    1          beq 5            
			site O4     x 0.668879      y 0.4992502     z 0.8457461     occ O    1          beq 1.9          
			site O5     x 0.4453965     y 0.4783307     z 0.8598796     occ O    1          beq 1.9          
			site N1     x 0.5157048     y 1.145959      z 0.9011856     occ N    1          beq 5.0          
			site N2     x 0.4749961     y 1.096082      z 1.045097      occ N    1          beq 5.0          
			site N3     x 0.4347775     y 0.9823546     z 1.088669      occ N    1          beq 5.0          
			site H2     x 0.3576215     y 0.9987829     z 1.102481      occ H    1          beq 5            
			site N4     x 0.4767037     y 0.8107748     z 1.022025      occ N    1          beq 5.0          
			site H3     x 0.5635533     y 0.8141379     z 1.0264        occ H    1          beq 5            
			site N5     x 0.5651665     y 0.5333709     z 0.9403356     occ N    1          beq 5.0          
			site H4     x 0.6420931     y 0.5462032     z 0.9573815     occ H    1          beq 5            
			site N6     x 0.09449473    y 0.3735085     z 0.7920592     occ N    1          beq 5.0          
			site C1     x 0.5875129     y 1.135346      z 0.7510341     occ C    1          beq 1.3          
			site H5     x 0.6255522     y 1.101636      z 0.7782234     occ H    1          beq 5            
			site H6     x 0.6393177     y 1.180252      z 0.7501505     occ H    1          beq 5            
			site H7     x 0.5658088     y 1.120405      z 0.7085733     occ H    1          beq 5            
			site C2     x 0.4561591     y 1.159282      z 0.7830758     occ C    1          beq 1.3          
			site H8     x 0.3922392     y 1.11475       z 0.78744       occ H    1          beq 5            
			site C3     x 0.382221      y 1.215771      z 0.7414859     occ C    1          beq 1.3          
			site H9     x 0.4255612     y 1.255581      z 0.7351643     occ H    1          beq 5            
			site H10    x 0.2878954     y 1.227712      z 0.7654397     occ H    1          beq 5            
			site H11    x 0.3460859     y 1.192549      z 0.7007278     occ H    1          beq 5            
			site C4     x 0.4854377     y 1.18795       z 0.851268      occ C    1          beq 1.3          
			site C5     x 0.5149743     y 1.257731      z 0.95158       occ C    1          beq 1.3          
			site H12    x 0.5282918     y 1.291469      z 0.9848283     occ H    1          beq 5            
			site C6     x 0.5309408     y 1.185867      z 0.9582588     occ C    1          beq 1.3          
			site C7     x 0.57452       y 1.14908       z 1.02185       occ C    1          beq 1.3          
			site H13    x 0.6608838     y 1.124008      z 1.012729      occ H    1          beq 5            
			site H14    x 0.5906979     y 1.184315      z 1.05618       occ H    1          beq 5            
			site C8     x 0.3509532     y 1.123774      z 1.074076      occ C    1          beq 1.3          
			site H15    x 0.3605852     y 1.126969      z 1.120398      occ H    1          beq 5            
			site H16    x 0.2766787     y 1.092443      z 1.062883      occ H    1          beq 5            
			site H17    x 0.3326929     y 1.17155       z 1.056186      occ H    1          beq 5            
			site C9     x 0.5170232     y 1.02589       z 1.053989      occ C    1          beq 1.3          
			site C10    x 0.4749415     y 0.9076204     z 1.103368      occ C    1          beq 1.3          
			site H18    x 0.5723288     y 0.9016458     z 1.095937      occ H    1          beq 5            
			site C11    x 0.4380812     y 0.8892566     z 1.175912      occ C    1          beq 1.3          
			site H19    x 0.3438365     y 0.8918235     z 1.183711      occ H    1          beq 5            
			site C12    x 0.5099216     y 0.9408812     z 1.223993      occ C    1          beq 1.3          
			site H20    x 0.6128796     y 0.935485      z 1.216173      occ H    1          beq 5            
			site H21    x 0.4969926     y 0.9249276     z 1.268494      occ H    1          beq 5            
			site H22    x 0.4866453     y 0.9870927     z 1.216456      occ H    1          beq 5            
			site C13    x 0.4782072     y 0.8109879     z 1.190519      occ C    1          beq 1.3          
			site H23    x 0.5795906     y 0.8032402     z 1.179938      occ H    1          beq 5            
			site H24    x 0.4323301     y 0.7775255     z 1.160748      occ H    1          beq 5            
			site H25    x 0.4678498     y 0.7968551     z 1.234056      occ H    1          beq 5            
			site C14    x 0.3984419     y 0.8557218     z 1.057121      occ C    1          beq 1.3          
			site C15    x 0.4214046     y 0.7555676     z 0.9766314     occ C    1          beq 1.3          
			site H26    x 0.3214367     y 0.7579901     z 0.9776161     occ H    1          beq 5            
			site C16    x 0.4678034     y 0.7717293     z 0.9067934     occ C    1          beq 1.3          
			site H27    x 0.5675211     y 0.7783009     z 0.9079691     occ H    1          beq 5            
			site H28    x 0.4486354     y 0.7311734     z 0.8798541     occ H    1          beq 5            
			site C17    x 0.4034696     y 0.8387691     z 0.876203      occ C    1          beq 1.3          
			site C18    x 0.4480322     y 0.9083639     z 0.8935886     occ C    1          beq 1.3          
			site H29    x 0.5201748     y 0.9146152     z 0.9254166     occ H    1          beq 5            
			site C19    x 0.3874194     y 0.9684286     z 0.8665266     occ C    1          beq 1.3          
			site H30    x 0.4178273     y 1.015368      z 0.8814294     occ H    1          beq 5            
			site C20    x 0.2866706     y 0.9616274     z 0.81985       occ C    1          beq 1.3          
			site H31    x 0.2521059     y 1.004454      z 0.8018863     occ H    1          beq 5            
			site C21    x 0.2435703     y 0.8932956     z 0.8002693     occ C    1          beq 1.3          
			site H32    x 0.180565      y 0.8900049     z 0.7682533     occ H    1          beq 5            
			site C22    x 0.3035302     y 0.8326582     z 0.8284316     occ C    1          beq 1.3          
			site H33    x 0.2786824     y 0.7884454     z 0.8148547     occ H    1          beq 5            
			site C23    x 0.4647594     y 0.6801647     z 0.9991486     occ C    1          beq 1.3          
			site H34    x 0.559712      y 0.6731833     z 0.9880638     occ H    1          beq 5            
			site H35    x 0.4572548     y 0.6776124     z 1.04711       occ H    1          beq 5            
			site C24    x 0.3829852     y 0.6198549     z 0.9694619     occ C    1          beq 1.3          
			site H36    x 0.3754491     y 0.6278597     z 0.9220019     occ H    1          beq 5            
			site C25    x 0.4439365     y 0.5438064     z 0.981177      occ C    1          beq 1.3          
			site H37    x 0.3758435     y 0.5077437     z 0.9682202     occ H    1          beq 5            
			site C26    x 0.477806      y 0.5291016     z 1.05463       occ C    1          beq 1.3          
			site H38    x 0.5654786     y 0.5519401     z 1.064785      occ H    1          beq 5            
			site H39    x 0.4102531     y 0.5531473     z 1.081608      occ H    1          beq 5            
			site C27    x 0.4848365     y 0.4508554     z 1.075297      occ C    1          beq 1.3          
			site C28    x 0.6068986     y 0.4152117     z 1.081295      occ C    1          beq 1.3          
			site H40    x 0.6877986     y 0.4385923     z 1.068317      occ H    1          beq 5            
			site C29    x 0.6136906     y 0.34421       z 1.105075      occ C    1          beq 1.3          
			site H41    x 0.6988547     y 0.3210911     z 1.108285      occ H    1          beq 5            
			site C30    x 0.4960187     y 0.3085571     z 1.121971      occ C    1          beq 1.3          
			site H42    x 0.5010824     y 0.2614629     z 1.138095      occ H    1          beq 5            
			site C31    x 0.3710564     y 0.343157      z 1.114242      occ C    1          beq 1.3          
			site H43    x 0.2922564     y 0.3185114     z 1.124635      occ H    1          beq 5            
			site C32    x 0.3664093     y 0.413456      z 1.091718      occ C    1          beq 1.3          
			site H44    x 0.2844165     y 0.4363124     z 1.088204      occ H    1          beq 5            
			site C33    x 0.5667108     y 0.5039184     z 0.8795644     occ C    1          beq 1.3          
			site C34    x 0.4496296     y 0.4471229     z 0.7949874     occ C    1          beq 1.3          
			site H45    x 0.5184674     y 0.4085175     z 0.793052      occ H    1          beq 5            
			site H46    x 0.4741092     y 0.4831219     z 0.7625332     occ H    1          beq 5            
			site C35    x 0.3117104     y 0.4207774     z 0.7786883     occ C    1          beq 1.3          
			site C36    x 0.2108693     y 0.4004233     z 0.820299      occ C    1          beq 1.3          
			site H47    x 0.2243592     y 0.3989179     z 0.8659426     occ H    1          beq 5            
			site C37    x 0.1080985     y 0.3744032     z 0.7284546     occ C    1          beq 1.3          
			site H48    x 0.04173718    y 0.3552265     z 0.7004423     occ H    1          beq 5                    

			TCHZ_Peak_Type(, 0.00505_0.00045,,-0.00540_0.00042,, 0.00133_0.00010,, 0,, 0.05609_0.00063,, 0)
		}
	} 
	
	
	
		    out "output.txt" append
for xdds {
Out(Get(xdd_path_name),  "%s\n")
Out(Get(r_wp),"\tRwp:\t%11.2f\n")
Out(Get(gof),"\tchisq:\t%11.2f\n")
'Out(Get(range),"%11.2f\n")
    for strs {
        Out(Get(phase_name),"%11.7s\t")
        Out(Get(weight_percent),"%11.1f\t", "\t+/-\t%11.1f\n")
        }
    }	
    
    
C_matrix_normalized
{
                             1   2   3   4   5   6   7   8   9  10  11  12  13  14  15  16  17  18  19  20  21  22  23  24  25  26  27  28  29  30  31  32  33  34  35  36  37  38  39  40  41  42  43  44  45  46  47  48  49  50  51  52  53  54  55  56  57  58  59  60  61  62  63  64  65  66  67  68  69  70  71  72  73  74  75  76  77  78  79  80  81  82  83  84  85  86  87  88  89  90  91  92  93  94  95
bkg7616030             1:  100-100 100-100 100-100  99 -95  84-100   1  20   8   8  28 -20  17 -11 -17   0   0   0   0   0   0   0   0   0   0   0   0   0  -0   0   0  -0   0   0   0   0   0   0   0   0   0   0   0   0   0   0   0  -0   0   0   0   0   0   0   0   0   0   0   0   0   0   0   0   0   0   0   0   0   0   0   0   0   0   0   0   0   0   0   0   0   0   0   0  -0   0  -0   0  -0   0   0   0
bkg76160d0             2: -100 100-100 100-100 100 -99  95 -84 100  -0 -20  -8  -8 -28  20 -17  11  18   0   0   0   0   0   0   0   0   0   0   0   0   0  -0   0   0  -0   0   0   0   0   0   0   0   0   0   0   0   0   0   0   0  -0   0   0   0   0   0   0   0   0   0   0   0   0   0   0   0   0   0   0   0   0   0   0   0   0   0   0   0   0   0   0   0   0   0   0   0  -0   0  -0   0  -0   0   0   0
bkg7616170             3:  100-100 100-100 100-100  99 -95  84-100   0  20   8   8  30 -20  17 -11 -19   0   0   0   0   0   0   0   0   0   0   0   0   0  -0   0   0  -0   0   0   0   0   0   0   0   0   0   0   0   0   0   0   0  -0   0   0   0   0   0   0   0   0   0   0   0   0   0   0   0   0   0   0   0   0   0   0   0   0   0   0   0   0   0   0   0   0   0   0   0  -0   0  -0   0  -0   0   0   0
bkg7616210             4: -100 100-100 100-100 100 -99  96 -84 100  -0 -20  -8  -8 -30  20 -17  11  19   0   0   0   0   0   0   0   0   0   0   0   0   0  -0   0   0  -0   0   0   0   0   0   0   0   0   0   0   0   0   0   0   0  -0   0   0   0   0   0   0   0   0   0   0   0   0   0   0   0   0   0   0   0   0   0   0   0   0   0   0   0   0   0   0   0   0   0   0   0  -0   0  -0   0  -0   0   0   0
bkg76162b0             5:  100-100 100-100 100-100  99 -95  85-100   1  19   7   9  29 -20  17 -11 -18   0   0   0   0   0   0   0   0   0   0   0   0   0  -0   0   0  -0   0   0   0   0   0   0   0   0   0   0   0   0   0   0   0  -0   0   0   0   0   0   0   0   0   0   0   0   0   0   0   0   0   0   0   0   0   0   0   0   0   0   0   0   0   0   0   0   0   0   0   0  -0   0  -0   0  -0   0   0   0
bkg7616350             6: -100 100-100 100-100 100 -99  95 -83 100  -1 -18  -5 -10 -27  21 -18  12  16   0   0   0   0   0   0   0   0   0   0   0   0   0  -0   0   0  -0   0   0   0   0   0   0   0   0   0   0   0   0   0   0   0  -0   0   0   0   0   0   0   0   0   0   0   0   0   0   0   0   0   0   0   0   0   0   0   0   0   0   0   0   0   0   0   0   0   0   0   0  -0   0  -0   0  -0   0   0   0
bkg76163f0             7:   99 -99  99 -99  99 -99 100 -95  86 -99   1  18   7   8  30 -23  20 -13 -19   0   0   0   0   0   0   0   0   0   0   0   0   0  -0   0   0  -0   0   0   0   0   0   0   0   0   0   0   0   0   0   0   0  -0   0   0   0   0   0   0   0   0   0   0   0   0   0   0   0   0   0   0   0   0   0   0   0   0   0   0   0   0   0   0   0   0   0   0   0  -0   0  -0   0  -0   0   0   0
bkg7616490             8:  -95  95 -95  96 -95  95 -95 100 -86  95  -1 -18 -12   1 -37  24 -19  13  25   0   0   0   0   0   0   0   0   0   0   0   0   0  -0   0   0  -0   0   0   0   0   0   0   0   0   0   0   0   0   0   0   0  -0   0   0   0   0   0   0   0   0   0   0   0   0   0   0   0   0   0   0   0   0   0   0   0   0   0   0   0   0   0   0   0   0   0   0   0  -0   0  -0   0  -0   0   0   0
bkg7616530             9:   84 -84  84 -84  85 -83  86 -86 100 -84   1  11  11  -8  42 -17  11  -7 -29   0   0   0   0   0   0   0   0   0   0   0   0   0  -0   0   0  -0   0   0   0   0   0   0   0   0   0   0   0   0   0   0   0  -0   0   0   0   0   0   0   0   0   0   0   0   0   0   0   0   0   0   0   0   0   0   0   0   0   0   0   0   0   0   0   0   0   0   0   0  -0   0  -0   0  -0   0   0   0
m612e060e_90          10: -100 100-100 100-100 100 -99  95 -84 100  -1 -20  -8  -8 -29  20 -17  11  18   0   0   0   0   0   0   0   0   0   0   0   0   0  -0   0   0  -0   0   0   0   0   0   0   0   0   0   0   0   0   0   0   0  -0   0   0   0   0   0   0   0   0   0   0   0   0   0   0   0   0   0   0   0   0   0   0   0   0   0   0   0   0   0   0   0   0   0   0   0  -0   0  -0   0  -0   0   0   0
m612e060e_c5          11:    1  -0   0  -0   1  -1   1  -1   1  -1 100  -8  -7  -0   1 -14  14 -11   6   0   0   0   0   0   0   0   0   0   0   0   0   0  -0   0   0  -0   0   0   0   0   0   0   0   0   0   0   0   0   0   0   0  -0   0   0   0   0   0   0   0   0   0   0   0   0   0   0   0   0   0   0   0   0   0   0   0   0   0   0   0   0   0   0   0   0   0   0   0  -0   0  -0   0  -0   0   0   0
m612e060e_91          12:   20 -20  20 -20  19 -18  18 -18  11 -20  -8 100  79 -12  -8   4  -9   9   2   0   0   0   0   0   0   0   0   0   0   0   0   0  -0   0   0  -0   0   0   0   0   0   0   0   0   0   0   0   0   0   0   0  -0   0   0   0   0   0   0   0   0   0   0   0   0   0   0   0   0   0   0   0   0   0   0   0   0   0   0   0   0   0   0   0   0   0   0   0  -0   0  -0   0  -0   0   0   0
scalee9d430_          13:    8  -8   8  -8   7  -5   7 -12  11  -8  -7  79 100 -52 -24   8 -12   8  10   0   0   0   0   0   0   0   0   0   0   0   0   0  -0   0   0  -0   0   0   0   0   0   0   0   0   0   0   0   0   0   0   0  -0   0   0   0   0   0   0   0   0   0   0   0   0   0   0   0   0   0   0   0   0   0   0   0   0   0   0   0   0   0   0   0   0   0   0   0  -0   0  -0   0  -0   0   0   0
m612e060e_92          14:    8  -8   8  -8   9 -10   8   1  -8  -8  -0 -12 -52 100  21  -2   2   4  -5   0   0   0   0   0   0   0   0   0   0   0   0   0  -0   0   0  -0   0   0   0   0   0   0   0   0   0   0   0   0   0   0   0  -0   0   0   0   0   0   0   0   0   0   0   0   0   0   0   0   0   0   0   0   0   0   0   0   0   0   0   0   0   0   0   0   0   0   0   0  -0   0  -0   0  -0   0   0   0
scalee9d598_          15:   28 -28  30 -30  29 -27  30 -37  42 -29   1  -8 -24  21 100 -20  16 -15 -71   0   0   0   0   0   0   0   0   0   0   0   0   0  -0   0   0  -0   0   0   0   0   0   0   0   0   0   0   0   0   0   0   0  -0   0   0   0   0   0   0   0   0   0   0   0   0   0   0   0   0   0   0   0   0   0   0   0   0   0   0   0   0   0   0   0   0   0   0   0  -0   0  -0   0  -0   0   0   0
m612e060e_95          16:  -20  20 -20  20 -20  21 -23  24 -17  20 -14   4   8  -2 -20 100 -73  67   4   0   0   0   0   0   0   0   0   0   0   0   0   0  -0   0   0  -0   0   0   0   0   0   0   0   0   0   0   0   0   0   0   0  -0   0   0   0   0   0   0   0   0   0   0   0   0   0   0   0   0   0   0   0   0   0   0   0   0   0   0   0   0   0   0   0   0   0   0   0  -0   0  -0   0  -0   0   0   0
m612e060e_96          17:   17 -17  17 -17  17 -18  20 -19  11 -17  14  -9 -12   2  16 -73 100 -93   6   0   0   0   0   0   0   0   0   0   0   0   0   0  -0   0   0  -0   0   0   0   0   0   0   0   0   0   0   0   0   0   0   0  -0   0   0   0   0   0   0   0   0   0   0   0   0   0   0   0   0   0   0   0   0   0   0   0   0   0   0   0   0   0   0   0   0   0   0   0  -0   0  -0   0  -0   0   0   0
m612e060e_97          18:  -11  11 -11  11 -11  12 -13  13  -7  11 -11   9   8   4 -15  67 -93 100  -6   0   0   0   0   0   0   0   0   0   0   0   0   0  -0   0   0  -0   0   0   0   0   0   0   0   0   0   0   0   0   0   0   0  -0   0   0   0   0   0   0   0   0   0   0   0   0   0   0   0   0   0   0   0   0   0   0   0   0   0   0   0   0   0   0   0   0   0   0   0  -0   0  -0   0  -0   0   0   0
m612e060e_98          19:  -17  18 -19  19 -18  16 -19  25 -29  18   6   2  10  -5 -71   4   6  -6 100   0   0   0   0   0   0   0   0   0   0   0   0   0  -0   0   0  -0   0   0   0   0   0   0   0   0   0   0   0   0   0   0   0  -0   0   0   0   0   0   0   0   0   0   0   0   0   0   0   0   0   0   0   0   0   0   0   0   0   0   0   0   0   0   0   0   0   0   0   0  -0   0  -0   0  -0   0   0   0
bkg76165d0            20:    0   0   0   0   0   0   0   0   0   0   0   0   0   0   0   0   0   0   0 100-100 100-100 100-100  99 -95  83-100   0  20   8   8  25 -15  14  -9 -17   0   0   0   0   0   0   0   0   0   0   0   0   0  -0   0   0   0   0   0   0   0   0   0   0   0   0   0   0   0   0   0   0   0   0   0   0   0   0   0   0   0   0   0   0   0   0   0   0   0  -0   0  -0   0  -0   0   0   0
bkg7616670            21:    0   0   0   0   0   0   0   0   0   0   0   0   0   0   0   0   0   0   0-100 100-100 100-100 100 -99  95 -83 100  -0 -20  -9  -8 -25  15 -14   9  18   0   0   0   0   0   0   0   0   0   0   0   0   0  -0   0   0   0   0   0   0   0   0   0   0   0   0   0   0   0   0   0   0   0   0   0   0   0   0   0   0   0   0   0   0   0   0   0   0   0  -0   0  -0   0  -0   0   0   0
bkg7616710            22:    0   0   0   0   0   0   0   0   0   0   0   0   0   0   0   0   0   0   0 100-100 100-100 100-100  99 -95  84-100   0  20   9   8  26 -15  14  -9 -18   0   0   0   0   0   0   0   0   0   0   0   0   0  -0   0   0   0   0   0   0   0   0   0   0   0   0   0   0   0   0   0   0   0   0   0   0   0   0   0   0   0   0   0   0   0   0   0   0   0  -0   0  -0   0  -0   0   0   0
bkg76167b0            23:    0   0   0   0   0   0   0   0   0   0   0   0   0   0   0   0   0   0   0-100 100-100 100-100 100 -99  95 -84 100  -0 -20  -9  -8 -26  15 -14   9  19   0   0   0   0   0   0   0   0   0   0   0   0   0  -0   0   0   0   0   0   0   0   0   0   0   0   0   0   0   0   0   0   0   0   0   0   0   0   0   0   0   0   0   0   0   0   0   0   0   0  -0   0  -0   0  -0   0   0   0
bkg7616850            24:    0   0   0   0   0   0   0   0   0   0   0   0   0   0   0   0   0   0   0 100-100 100-100 100-100  99 -95  84-100   0  20   8   8  25 -15  14 -10 -18   0   0   0   0   0   0   0   0   0   0   0   0   0  -0   0   0   0   0   0   0   0   0   0   0   0   0   0   0   0   0   0   0   0   0   0   0   0   0   0   0   0   0   0   0   0   0   0   0   0  -0   0  -0   0  -0   0   0   0
bkg76168f0            25:    0   0   0   0   0   0   0   0   0   0   0   0   0   0   0   0   0   0   0-100 100-100 100-100 100 -99  95 -82 100  -0 -19  -6 -10 -24  16 -15  10  17   0   0   0   0   0   0   0   0   0   0   0   0   0  -0   0   0   0   0   0   0   0   0   0   0   0   0   0   0   0   0   0   0   0   0   0   0   0   0   0   0   0   0   0   0   0   0   0   0   0  -0   0  -0   0  -0   0   0   0
bkg7616990            26:    0   0   0   0   0   0   0   0   0   0   0   0   0   0   0   0   0   0   0  99 -99  99 -99  99 -99 100 -95  86 -99   1  18   8   7  26 -17  16 -11 -19   0   0   0   0   0   0   0   0   0   0   0   0   0  -0   0   0   0   0   0   0   0   0   0   0   0   0   0   0   0   0   0   0   0   0   0   0   0   0   0   0   0   0   0   0   0   0   0   0   0  -0   0  -0   0  -0   0   0   0
bkg7616a30            27:    0   0   0   0   0   0   0   0   0   0   0   0   0   0   0   0   0   0   0 -95  95 -95  95 -95  95 -95 100 -85  95  -1 -19 -14   2 -31  17 -16  11  23   0   0   0   0   0   0   0   0   0   0   0   0   0  -0   0   0   0   0   0   0   0   0   0   0   0   0   0   0   0   0   0   0   0   0   0   0   0   0   0   0   0   0   0   0   0   0   0   0   0  -0   0  -0   0  -0   0   0   0
bkg7616ad0            28:    0   0   0   0   0   0   0   0   0   0   0   0   0   0   0   0   0   0   0  83 -83  84 -84  84 -82  86 -85 100 -83   1  11  13  -9  36 -12  10  -6 -27   0   0   0   0   0   0   0   0   0   0   0   0   0  -0   0   0   0   0   0   0   0   0   0   0   0   0   0   0   0   0   0   0   0   0   0   0   0   0   0   0   0   0   0   0   0   0   0   0   0  -0   0  -0   0  -0   0   0   0
m612e060e_99          29:    0   0   0   0   0   0   0   0   0   0   0   0   0   0   0   0   0   0   0-100 100-100 100-100 100 -99  95 -83 100  -0 -20  -8  -8 -25  15 -14   9  18   0   0   0   0   0   0   0   0   0   0   0   0   0  -0   0   0   0   0   0   0   0   0   0   0   0   0   0   0   0   0   0   0   0   0   0   0   0   0   0   0   0   0   0   0   0   0   0   0   0  -0   0  -0   0  -0   0   0   0
m612e060e_c6          30:    0   0   0   0   0   0   0   0   0   0   0   0   0   0   0   0   0   0   0   0  -0   0  -0   0  -0   1  -1   1  -0 100  -7  -6   0   5 -13  14 -11   1   0   0   0   0   0   0   0   0   0   0   0   0   0  -0   0   0   0   0   0   0   0   0   0   0   0   0   0   0   0   0   0   0   0   0   0   0   0   0   0   0   0   0   0   0   0   0   0   0   0  -0   0  -0   0  -0   0   0   0
m612e060e_9a          31:    0   0   0   0   0   0   0   0   0   0   0   0   0   0   0   0   0   0   0  20 -20  20 -20  20 -19  18 -19  11 -20  -7 100  79 -13  -9   1  -8   8   6   0   0   0   0   0   0   0   0   0   0   0   0   0  -0   0   0   0   0   0   0   0   0   0   0   0   0   0   0   0   0   0   0   0   0   0   0   0   0   0   0   0   0   0   0   0   0   0   0   0  -0   0  -0   0  -0   0   0   0
scalee9d700_          32:    0   0   0   0   0   0   0   0   0   0   0   0   0   0   0   0   0   0   0   8  -9   9  -9   8  -6   8 -14  13  -8  -6  79 100 -53 -26   7 -10   8  17   0   0   0   0   0   0   0   0   0   0   0   0   0  -0   0   0   0   0   0   0   0   0   0   0   0   0   0   0   0   0   0   0   0   0   0   0   0   0   0   0   0   0   0   0   0   0   0   0   0  -0   0  -0   0  -0   0   0   0
m612e060e_9b          33:   -0  -0  -0  -0  -0  -0  -0  -0  -0  -0  -0  -0  -0  -0  -0  -0  -0  -0  -0   8  -8   8  -8   8 -10   7   2  -9  -8   0 -13 -53 100  24  -5   0   5 -13   0   0   0   0   0   0   0   0   0   0   0   0   0  -0   0   0   0   0   0   0   0   0   0   0   0   0   0   0   0   0   0   0   0   0   0   0   0   0   0   0   0   0   0   0   0   0   0   0   0  -0   0  -0   0  -0   0   0   0
scalee9d868_          34:    0   0   0   0   0   0   0   0   0   0   0   0   0   0   0   0   0   0   0  25 -25  26 -26  25 -24  26 -31  36 -25   5  -9 -26  24 100 -13  16 -17 -75   0   0   0   0   0   0   0   0   0   0   0   0   0  -0   0   0   0   0   0   0   0   0   0   0   0   0   0   0   0   0   0   0   0   0   0   0   0   0   0   0   0   0   0   0   0   0   0   0   0  -0   0  -0   0  -0   0   0   0
m612e060e_9e          35:    0   0   0   0   0   0   0   0   0   0   0   0   0   0   0   0   0   0   0 -15  15 -15  15 -15  16 -17  17 -12  15 -13   1   7  -5 -13 100 -45  31   7   0   0   0   0   0   0   0   0   0   0   0   0   0  -0   0   0   0   0   0   0   0   0   0   0   0   0   0   0   0   0   0   0   0   0   0   0   0   0   0   0   0   0   0   0   0   0   0   0   0  -0   0  -0   0  -0   0   0   0
m612e060e_9f          36:   -0  -0  -0  -0  -0  -0  -0  -0  -0  -0  -0  -0  -0  -0  -0  -0  -0  -0  -0  14 -14  14 -14  14 -15  16 -16  10 -14  14  -8 -10   0  16 -45 100 -92   2   0   0   0   0   0   0   0   0   0   0   0   0   0  -0   0   0   0   0   0   0   0   0   0   0   0   0   0   0   0   0   0   0   0   0   0   0   0   0   0   0   0   0   0   0   0   0   0   0   0  -0   0  -0   0  -0   0   0   0
m612e060e_a0          37:    0   0   0   0   0   0   0   0   0   0   0   0   0   0   0   0   0   0   0  -9   9  -9   9 -10  10 -11  11  -6   9 -11   8   8   5 -17  31 -92 100  -2   0   0   0   0   0   0   0   0   0   0   0   0   0  -0   0   0   0   0   0   0   0   0   0   0   0   0   0   0   0   0   0   0   0   0   0   0   0   0   0   0   0   0   0   0   0   0   0   0   0  -0   0  -0   0  -0   0   0   0
m612e060e_a1          38:    0   0   0   0   0   0   0   0   0   0   0   0   0   0   0   0   0   0   0 -17  18 -18  19 -18  17 -19  23 -27  18   1   6  17 -13 -75   7   2  -2 100   0   0   0   0   0   0   0   0   0   0   0   0   0  -0   0   0   0   0   0   0   0   0   0   0   0   0   0   0   0   0   0   0   0   0   0   0   0   0   0   0   0   0   0   0   0   0   0   0   0  -0   0  -0   0  -0   0   0   0
bkg7616b70            39:    0   0   0   0   0   0   0   0   0   0   0   0   0   0   0   0   0   0   0   0   0   0   0   0   0   0   0   0   0   0   0   0   0   0   0   0   0   0 100-100 100-100 100-100  99 -95  83-100  -1  18   6  10  27  -1   1   3 -19   0   0   0   0   0   0   0   0   0   0   0   0   0   0   0   0   0   0   0   0   0   0   0   0   0   0   0   0   0   0  -0   0  -0   0  -0   0   0   0
bkg7616c10            40:    0   0   0   0   0   0   0   0   0   0   0   0   0   0   0   0   0   0   0   0   0   0   0   0   0   0   0   0   0   0   0   0   0   0   0   0   0   0-100 100-100 100-100 100 -99  95 -84 100   1 -19  -7  -9 -27   1  -1  -3  19   0   0   0   0   0   0   0   0   0   0   0   0   0   0   0   0   0   0   0   0   0   0   0   0   0   0   0   0   0   0  -0   0  -0   0  -0   0   0   0
bkg7616cb0            41:    0   0   0   0   0   0   0   0   0   0   0   0   0   0   0   0   0   0   0   0   0   0   0   0   0   0   0   0   0   0   0   0   0   0   0   0   0   0 100-100 100-100 100-100  99 -95  84-100  -1  19   7   9  28  -1   1   3 -20   0   0   0   0   0   0   0   0   0   0   0   0   0   0   0   0   0   0   0   0   0   0   0   0   0   0   0   0   0   0  -0   0  -0   0  -0   0   0   0
bkg7616d50            42:    0   0   0   0   0   0   0   0   0   0   0   0   0   0   0   0   0   0   0   0   0   0   0   0   0   0   0   0   0   0   0   0   0   0   0   0   0   0-100 100-100 100-100 100 -99  95 -84 100   1 -19  -7  -9 -28   1  -1  -3  20   0   0   0   0   0   0   0   0   0   0   0   0   0   0   0   0   0   0   0   0   0   0   0   0   0   0   0   0   0   0  -0   0  -0   0  -0   0   0   0
bkg7616df0            43:    0   0   0   0   0   0   0   0   0   0   0   0   0   0   0   0   0   0   0   0   0   0   0   0   0   0   0   0   0   0   0   0   0   0   0   0   0   0 100-100 100-100 100-100  99 -95  84-100  -1  18   6  10  27  -1   1   3 -19   0   0   0   0   0   0   0   0   0   0   0   0   0   0   0   0   0   0   0   0   0   0   0   0   0   0   0   0   0   0  -0   0  -0   0  -0   0   0   0
bkg7616e90            44:    0   0   0   0   0   0   0   0   0   0   0   0   0   0   0   0   0   0   0   0   0   0   0   0   0   0   0   0   0   0   0   0   0   0   0   0   0   0-100 100-100 100-100 100 -99  95 -82 100   1 -17  -4 -11 -25   2  -1  -2  18   0   0   0   0   0   0   0   0   0   0   0   0   0   0   0   0   0   0   0   0   0   0   0   0   0   0   0   0   0   0  -0   0  -0   0  -0   0   0   0
bkg7616f30            45:    0   0   0   0   0   0   0   0   0   0   0   0   0   0   0   0   0   0   0   0   0   0   0   0   0   0   0   0   0   0   0   0   0   0   0   0   0   0  99 -99  99 -99  99 -99 100 -95  85 -99  -1  17   6   8  28  -2   1   2 -20   0   0   0   0   0   0   0   0   0   0   0   0   0   0   0   0   0   0   0   0   0   0   0   0   0   0   0   0   0   0  -0   0  -0   0  -0   0   0   0
bkg7616fd0            46:    0   0   0   0   0   0   0   0   0   0   0   0   0   0   0   0   0   0   0   0   0   0   0   0   0   0   0   0   0   0   0   0   0   0   0   0   0   0 -95  95 -95  95 -95  95 -95 100 -85  95   1 -18 -13   1 -32   1   1  -3  23   0   0   0   0   0   0   0   0   0   0   0   0   0   0   0   0   0   0   0   0   0   0   0   0   0   0   0   0   0   0  -0   0  -0   0  -0   0   0   0
bkg7617070            47:    0   0   0   0   0   0   0   0   0   0   0   0   0   0   0   0   0   0   0   0   0   0   0   0   0   0   0   0   0   0   0   0   0   0   0   0   0   0  83 -84  84 -84  84 -82  85 -85 100 -84   1  12  15  -9  34  -0  -2   3 -26   0   0   0   0   0   0   0   0   0   0   0   0   0   0   0   0   0   0   0   0   0   0   0   0   0   0   0   0   0   0  -0   0  -0   0  -0   0   0   0
m612e060e_a2          48:    0   0   0   0   0   0   0   0   0   0   0   0   0   0   0   0   0   0   0   0   0   0   0   0   0   0   0   0   0   0   0   0   0   0   0   0   0   0-100 100-100 100-100 100 -99  95 -84 100   1 -19  -7  -9 -27   1  -1  -3  19   0   0   0   0   0   0   0   0   0   0   0   0   0   0   0   0   0   0   0   0   0   0   0   0   0   0   0   0   0   0  -0   0  -0   0  -0   0   0   0
m612e060e_c7          49:    0   0   0   0   0   0   0   0   0   0   0   0   0   0   0   0   0   0   0   0   0   0   0   0   0   0   0   0   0   0   0   0   0   0   0   0   0   0  -1   1  -1   1  -1   1  -1   1   1   1 100  -3  -5   2   7   0  -1   2  -4   0   0   0   0   0   0   0   0   0   0   0   0   0   0   0   0   0   0   0   0   0   0   0   0   0   0   0   0   0   0  -0   0  -0   0  -0   0   0   0
m612e060e_a3          50:    0   0   0   0   0   0   0   0   0   0   0   0   0   0   0   0   0   0   0   0   0   0   0   0   0   0   0   0   0   0   0   0   0   0   0   0   0   0  18 -19  19 -19  18 -17  17 -18  12 -19  -3 100  77 -12  21 -14  -1  -9   5   0   0   0   0   0   0   0   0   0   0   0   0   0   0   0   0   0   0   0   0   0   0   0   0   0   0   0   0   0   0  -0   0  -0   0  -0   0   0   0
scalee9d9d0_          51:    0   0   0   0   0   0   0   0   0   0   0   0   0   0   0   0   0   0   0   0   0   0   0   0   0   0   0   0   0   0   0   0   0   0   0   0   0   0   6  -7   7  -7   6  -4   6 -13  15  -7  -5  77 100 -55  -3 -11   0  -8  18   0   0   0   0   0   0   0   0   0   0   0   0   0   0   0   0   0   0   0   0   0   0   0   0   0   0   0   0   0   0  -0   0  -0   0  -0   0   0   0
m612e060e_a4          52:   -0  -0  -0  -0  -0  -0  -0  -0  -0  -0  -0  -0  -0  -0  -0  -0  -0  -0  -0  -0  -0  -0  -0  -0  -0  -0  -0  -0  -0  -0  -0  -0  -0  -0  -0  -0  -0  -0  10  -9   9  -9  10 -11   8   1  -9  -9   2 -12 -55 100  20  -0   2   0 -16   0   0   0   0   0   0   0   0   0   0   0   0   0   0   0   0   0   0   0   0   0   0   0   0   0   0   0   0   0   0  -0   0  -0   0  -0   0   0   0
scalee9db38_          53:    0   0   0   0   0   0   0   0   0   0   0   0   0   0   0   0   0   0   0   0   0   0   0   0   0   0   0   0   0   0   0   0   0   0   0   0   0   0  27 -27  28 -28  27 -25  28 -32  34 -27   7  21  -3  20 100   4 -24   2 -69   0   0   0   0   0   0   0   0   0   0   0   0   0   0   0   0   0   0   0   0   0   0   0   0   0   0   0   0   0   0  -0   0  -0   0  -0   0   0   0
m612e060e_a7          54:    0   0   0   0   0   0   0   0   0   0   0   0   0   0   0   0   0   0   0   0   0   0   0   0   0   0   0   0   0   0   0   0   0   0   0   0   0   0  -1   1  -1   1  -1   2  -2   1  -0   1   0 -14 -11  -0   4 100  20  95  -5   0   0   0   0   0   0   0   0   0   0   0   0   0   0   0   0   0   0   0   0   0   0   0   0   0   0   0   0   0   0  -0   0  -0   0  -0   0   0   0
m612e060e_a8          55:    0   0   0   0   0   0   0   0   0   0   0   0   0   0   0   0   0   0   0   0   0   0   0   0   0   0   0   0   0   0   0   0   0   0   0   0   0   0   1  -1   1  -1   1  -1   1   1  -2  -1  -1  -1   0   2 -24  20 100  24   9   0   0   0   0   0   0   0   0   0   0   0   0   0   0   0   0   0   0   0   0   0   0   0   0   0   0   0   0   0   0  -0   0  -0   0  -0   0   0   0
m612e060e_a9          56:    0   0   0   0   0   0   0   0   0   0   0   0   0   0   0   0   0   0   0   0   0   0   0   0   0   0   0   0   0   0   0   0   0   0   0   0   0   0   3  -3   3  -3   3  -2   2  -3   3  -3   2  -9  -8   0   2  95  24 100  -5   0   0   0   0   0   0   0   0   0   0   0   0   0   0   0   0   0   0   0   0   0   0   0   0   0   0   0   0   0   0  -0   0  -0   0  -0   0   0   0
m612e060e_aa          57:    0   0   0   0   0   0   0   0   0   0   0   0   0   0   0   0   0   0   0   0   0   0   0   0   0   0   0   0   0   0   0   0   0   0   0   0   0   0 -19  19 -20  20 -19  18 -20  23 -26  19  -4   5  18 -16 -69  -5   9  -5 100   0   0   0   0   0   0   0   0   0   0   0   0   0   0   0   0   0   0   0   0   0   0   0   0   0   0   0   0   0   0  -0   0  -0   0  -0   0   0   0
bkg7617110            58:    0   0   0   0   0   0   0   0   0   0   0   0   0   0   0   0   0   0   0   0   0   0   0   0   0   0   0   0   0   0   0   0   0   0   0   0   0   0   0   0   0   0   0   0   0   0   0   0   0   0   0   0   0   0   0   0   0 100-100 100-100 100-100  99 -95  84-100   1  14  -1  12  28  -3  -2   1 -21   0   0   0   0   0   0   0   0   0   0   0  -0   0  -0   0  -0   0   0   0
bkg76171b0            59:    0   0   0   0   0   0   0   0   0   0   0   0   0   0   0   0   0   0   0   0   0   0   0   0   0   0   0   0   0   0   0   0   0   0   0   0   0   0   0   0   0   0   0   0   0   0   0   0   0   0   0   0   0   0   0   0   0-100 100-100 100-100 100 -99  95 -84 100  -1 -14   1 -12 -29   3   2  -1  21   0   0   0   0   0   0   0   0   0   0   0  -0   0  -0   0  -0   0   0   0
bkg7617250            60:    0   0   0   0   0   0   0   0   0   0   0   0   0   0   0   0   0   0   0   0   0   0   0   0   0   0   0   0   0   0   0   0   0   0   0   0   0   0   0   0   0   0   0   0   0   0   0   0   0   0   0   0   0   0   0   0   0 100-100 100-100 100-100  99 -95  85-100   1  15  -0  11  29  -3  -3   1 -22   0   0   0   0   0   0   0   0   0   0   0  -0   0  -0   0  -0   0   0   0
bkg76172f0            61:    0   0   0   0   0   0   0   0   0   0   0   0   0   0   0   0   0   0   0   0   0   0   0   0   0   0   0   0   0   0   0   0   0   0   0   0   0   0   0   0   0   0   0   0   0   0   0   0   0   0   0   0   0   0   0   0   0-100 100-100 100-100 100 -99  96 -85 100  -1 -14   0 -11 -29   3   3  -1  22   0   0   0   0   0   0   0   0   0   0   0  -0   0  -0   0  -0   0   0   0
bkg7617390            62:    0   0   0   0   0   0   0   0   0   0   0   0   0   0   0   0   0   0   0   0   0   0   0   0   0   0   0   0   0   0   0   0   0   0   0   0   0   0   0   0   0   0   0   0   0   0   0   0   0   0   0   0   0   0   0   0   0 100-100 100-100 100-100  99 -95  85-100   1  13  -2  12  28  -3  -2   1 -21   0   0   0   0   0   0   0   0   0   0   0  -0   0  -0   0  -0   0   0   0
bkg7617430            63:    0   0   0   0   0   0   0   0   0   0   0   0   0   0   0   0   0   0   0   0   0   0   0   0   0   0   0   0   0   0   0   0   0   0   0   0   0   0   0   0   0   0   0   0   0   0   0   0   0   0   0   0   0   0   0   0   0-100 100-100 100-100 100 -99  95 -83 100  -0 -12   4 -13 -25   3   2  -1  20   0   0   0   0   0   0   0   0   0   0   0  -0   0  -0   0  -0   0   0   0
bkg76174d0            64:    0   0   0   0   0   0   0   0   0   0   0   0   0   0   0   0   0   0   0   0   0   0   0   0   0   0   0   0   0   0   0   0   0   0   0   0   0   0   0   0   0   0   0   0   0   0   0   0   0   0   0   0   0   0   0   0   0  99 -99  99 -99  99 -99 100 -95  86 -99   0  13  -1  10  27  -3  -2   1 -21   0   0   0   0   0   0   0   0   0   0   0  -0   0  -0   0  -0   0   0   0
bkg7617570            65:    0   0   0   0   0   0   0   0   0   0   0   0   0   0   0   0   0   0   0   0   0   0   0   0   0   0   0   0   0   0   0   0   0   0   0   0   0   0   0   0   0   0   0   0   0   0   0   0   0   0   0   0   0   0   0   0   0 -95  95 -95  96 -95  95 -95 100 -85  95  -0 -14  -7  -1 -32   3   4  -2  25   0   0   0   0   0   0   0   0   0   0   0  -0   0  -0   0  -0   0   0   0
bkg7617610            66:    0   0   0   0   0   0   0   0   0   0   0   0   0   0   0   0   0   0   0   0   0   0   0   0   0   0   0   0   0   0   0   0   0   0   0   0   0   0   0   0   0   0   0   0   0   0   0   0   0   0   0   0   0   0   0   0   0  84 -84  85 -85  85 -83  86 -85 100 -84   1  12  13  -7  33  -2  -5   2 -27   0   0   0   0   0   0   0   0   0   0   0  -0   0  -0   0  -0   0   0   0
m612e060e_ab          67:    0   0   0   0   0   0   0   0   0   0   0   0   0   0   0   0   0   0   0   0   0   0   0   0   0   0   0   0   0   0   0   0   0   0   0   0   0   0   0   0   0   0   0   0   0   0   0   0   0   0   0   0   0   0   0   0   0-100 100-100 100-100 100 -99  95 -84 100  -1 -14   1 -12 -28   3   2  -1  21   0   0   0   0   0   0   0   0   0   0   0  -0   0  -0   0  -0   0   0   0
m612e060e_c8          68:    0   0   0   0   0   0   0   0   0   0   0   0   0   0   0   0   0   0   0   0   0   0   0   0   0   0   0   0   0   0   0   0   0   0   0   0   0   0   0   0   0   0   0   0   0   0   0   0   0   0   0   0   0   0   0   0   0   1  -1   1  -1   1  -0   0  -0   1  -1 100  -1  -9   5   7   2  -4   4  -7   0   0   0   0   0   0   0   0   0   0   0  -0   0  -0   0  -0   0   0   0
m612e060e_ac          69:    0   0   0   0   0   0   0   0   0   0   0   0   0   0   0   0   0   0   0   0   0   0   0   0   0   0   0   0   0   0   0   0   0   0   0   0   0   0   0   0   0   0   0   0   0   0   0   0   0   0   0   0   0   0   0   0   0  14 -14  15 -14  13 -12  13 -14  12 -14  -1 100  69 -10  66 -29  -5 -19  -0   0   0   0   0   0   0   0   0   0   0   0  -0   0  -0   0  -0   0   0   0
scalee9dca0_          70:    0   0   0   0   0   0   0   0   0   0   0   0   0   0   0   0   0   0   0   0   0   0   0   0   0   0   0   0   0   0   0   0   0   0   0   0   0   0   0   0   0   0   0   0   0   0   0   0   0   0   0   0   0   0   0   0   0  -1   1  -0   0  -2   4  -1  -7  13   1  -9  69 100 -60  28 -21   1 -14  16   0   0   0   0   0   0   0   0   0   0   0  -0   0  -0   0  -0   0   0   0
m612e060e_ad          71:    0   0   0   0   0   0   0   0   0   0   0   0   0   0   0   0   0   0   0   0   0   0   0   0   0   0   0   0   0   0   0   0   0   0   0   0   0   0   0   0   0   0   0   0   0   0   0   0   0   0   0   0   0   0   0   0   0  12 -12  11 -11  12 -13  10  -1  -7 -12   5 -10 -60 100  10   2  -1   1 -15   0   0   0   0   0   0   0   0   0   0   0  -0   0  -0   0  -0   0   0   0
scalee9de08_          72:    0   0   0   0   0   0   0   0   0   0   0   0   0   0   0   0   0   0   0   0   0   0   0   0   0   0   0   0   0   0   0   0   0   0   0   0   0   0   0   0   0   0   0   0   0   0   0   0   0   0   0   0   0   0   0   0   0  28 -29  29 -29  28 -25  27 -32  33 -28   7  66  28  10 100 -13 -25 -11 -50   0   0   0   0   0   0   0   0   0   0   0  -0   0  -0   0  -0   0   0   0
m612e060e_b0          73:    0   0   0   0   0   0   0   0   0   0   0   0   0   0   0   0   0   0   0   0   0   0   0   0   0   0   0   0   0   0   0   0   0   0   0   0   0   0   0   0   0   0   0   0   0   0   0   0   0   0   0   0   0   0   0   0   0  -3   3  -3   3  -3   3  -3   3  -2   3   2 -29 -21   2 -13 100  22  94  -6   0   0   0   0   0   0   0   0   0   0   0  -0   0  -0   0  -0   0   0   0
m612e060e_b1          74:    0   0   0   0   0   0   0   0   0   0   0   0   0   0   0   0   0   0   0   0   0   0   0   0   0   0   0   0   0   0   0   0   0   0   0   0   0   0   0   0   0   0   0   0   0   0   0   0   0   0   0   0   0   0   0   0   0  -2   2  -3   3  -2   2  -2   4  -5   2  -4  -5   1  -1 -25  22 100  28  12   0   0   0   0   0   0   0   0   0   0   0  -0   0  -0   0  -0   0   0   0
m612e060e_b2          75:    0   0   0   0   0   0   0   0   0   0   0   0   0   0   0   0   0   0   0   0   0   0   0   0   0   0   0   0   0   0   0   0   0   0   0   0   0   0   0   0   0   0   0   0   0   0   0   0   0   0   0   0   0   0   0   0   0   1  -1   1  -1   1  -1   1  -2   2  -1   4 -19 -14   1 -11  94  28 100  -6   0   0   0   0   0   0   0   0   0   0   0  -0   0  -0   0  -0   0   0   0
m612e060e_b3          76:    0   0   0   0   0   0   0   0   0   0   0   0   0   0   0   0   0   0   0   0   0   0   0   0   0   0   0   0   0   0   0   0   0   0   0   0   0   0   0   0   0   0   0   0   0   0   0   0   0   0   0   0   0   0   0   0   0 -21  21 -22  22 -21  20 -21  25 -27  21  -7  -0  16 -15 -50  -6  12  -6 100   0   0   0   0   0   0   0   0   0   0   0  -0   0  -0   0  -0   0   0   0
bkg76176b0            77:    0   0   0   0   0   0   0   0   0   0   0   0   0   0   0   0   0   0   0   0   0   0   0   0   0   0   0   0   0   0   0   0   0   0   0   0   0   0   0   0   0   0   0   0   0   0   0   0   0   0   0   0   0   0   0   0   0   0   0   0   0   0   0   0   0   0   0   0   0   0   0   0   0   0   0   0 100-100 100-100 100-100  99 -95  83-100   1   6 -16  14  19  -2  -4   1 -22
bkg7617750            78:    0   0   0   0   0   0   0   0   0   0   0   0   0   0   0   0   0   0   0   0   0   0   0   0   0   0   0   0   0   0   0   0   0   0   0   0   0   0   0   0   0   0   0   0   0   0   0   0   0   0   0   0   0   0   0   0   0   0   0   0   0   0   0   0   0   0   0   0   0   0   0   0   0   0   0   0-100 100-100 100-100 100 -99  95 -84 100  -1  -7  16 -14 -19   2   4  -1  23
bkg76177f0            79:    0   0   0   0   0   0   0   0   0   0   0   0   0   0   0   0   0   0   0   0   0   0   0   0   0   0   0   0   0   0   0   0   0   0   0   0   0   0   0   0   0   0   0   0   0   0   0   0   0   0   0   0   0   0   0   0   0   0   0   0   0   0   0   0   0   0   0   0   0   0   0   0   0   0   0   0 100-100 100-100 100-100  99 -95  84-100   1   7 -15  14  20  -2  -4   1 -23
bkg7617890            80:    0   0   0   0   0   0   0   0   0   0   0   0   0   0   0   0   0   0   0   0   0   0   0   0   0   0   0   0   0   0   0   0   0   0   0   0   0   0   0   0   0   0   0   0   0   0   0   0   0   0   0   0   0   0   0   0   0   0   0   0   0   0   0   0   0   0   0   0   0   0   0   0   0   0   0   0-100 100-100 100-100 100 -99  96 -84 100  -1  -6  15 -14 -20   2   4  -1  23
bkg7617930            81:    0   0   0   0   0   0   0   0   0   0   0   0   0   0   0   0   0   0   0   0   0   0   0   0   0   0   0   0   0   0   0   0   0   0   0   0   0   0   0   0   0   0   0   0   0   0   0   0   0   0   0   0   0   0   0   0   0   0   0   0   0   0   0   0   0   0   0   0   0   0   0   0   0   0   0   0 100-100 100-100 100-100  99 -95  84-100   1   5 -16  14  18  -2  -4   1 -23
bkg76179d0            82:    0   0   0   0   0   0   0   0   0   0   0   0   0   0   0   0   0   0   0   0   0   0   0   0   0   0   0   0   0   0   0   0   0   0   0   0   0   0   0   0   0   0   0   0   0   0   0   0   0   0   0   0   0   0   0   0   0   0   0   0   0   0   0   0   0   0   0   0   0   0   0   0   0   0   0   0-100 100-100 100-100 100 -99  95 -82 100  -1  -4  18 -16 -16   2   3  -1  21
bkg7617a70            83:    0   0   0   0   0   0   0   0   0   0   0   0   0   0   0   0   0   0   0   0   0   0   0   0   0   0   0   0   0   0   0   0   0   0   0   0   0   0   0   0   0   0   0   0   0   0   0   0   0   0   0   0   0   0   0   0   0   0   0   0   0   0   0   0   0   0   0   0   0   0   0   0   0   0   0   0  99 -99  99 -99  99 -99 100 -95  85 -99   1   6 -14  12  19  -3  -4   1 -23
bkg7617b10            84:    0   0   0   0   0   0   0   0   0   0   0   0   0   0   0   0   0   0   0   0   0   0   0   0   0   0   0   0   0   0   0   0   0   0   0   0   0   0   0   0   0   0   0   0   0   0   0   0   0   0   0   0   0   0   0   0   0   0   0   0   0   0   0   0   0   0   0   0   0   0   0   0   0   0   0   0 -95  95 -95  96 -95  95 -95 100 -85  95  -1  -7   3  -3 -22   2   5  -1  27
bkg7617bb0            85:    0   0   0   0   0   0   0   0   0   0   0   0   0   0   0   0   0   0   0   0   0   0   0   0   0   0   0   0   0   0   0   0   0   0   0   0   0   0   0   0   0   0   0   0   0   0   0   0   0   0   0   0   0   0   0   0   0   0   0   0   0   0   0   0   0   0   0   0   0   0   0   0   0   0   0   0  83 -84  84 -84  84 -82  85 -85 100 -84   0   8   8  -6  24  -2  -5   1 -29
m612e060e_b4          86:    0   0   0   0   0   0   0   0   0   0   0   0   0   0   0   0   0   0   0   0   0   0   0   0   0   0   0   0   0   0   0   0   0   0   0   0   0   0   0   0   0   0   0   0   0   0   0   0   0   0   0   0   0   0   0   0   0   0   0   0   0   0   0   0   0   0   0   0   0   0   0   0   0   0   0   0-100 100-100 100-100 100 -99  95 -84 100  -1  -7  16 -14 -19   2   4  -1  23
m612e060e_c9          87:    0   0   0   0   0   0   0   0   0   0   0   0   0   0   0   0   0   0   0   0   0   0   0   0   0   0   0   0   0   0   0   0   0   0   0   0   0   0   0   0   0   0   0   0   0   0   0   0   0   0   0   0   0   0   0   0   0   0   0   0   0   0   0   0   0   0   0   0   0   0   0   0   0   0   0   0   1  -1   1  -1   1  -1   1  -1   0  -1 100   1  -7   3   3   2  -4   4  -6
m612e060e_b5          88:   -0  -0  -0  -0  -0  -0  -0  -0  -0  -0  -0  -0  -0  -0  -0  -0  -0  -0  -0  -0  -0  -0  -0  -0  -0  -0  -0  -0  -0  -0  -0  -0  -0  -0  -0  -0  -0  -0  -0  -0  -0  -0  -0  -0  -0  -0  -0  -0  -0  -0  -0  -0  -0  -0  -0  -0  -0  -0  -0  -0  -0  -0  -0  -0  -0  -0  -0  -0  -0  -0  -0  -0  -0  -0  -0  -0   6  -7   7  -6   5  -4   6  -7   8  -7   1 100  31  -2  86 -41  -9 -27 -11
scalee9df70_          89:    0   0   0   0   0   0   0   0   0   0   0   0   0   0   0   0   0   0   0   0   0   0   0   0   0   0   0   0   0   0   0   0   0   0   0   0   0   0   0   0   0   0   0   0   0   0   0   0   0   0   0   0   0   0   0   0   0   0   0   0   0   0   0   0   0   0   0   0   0   0   0   0   0   0   0   0 -16  16 -15  15 -16  18 -14   3   8  16  -7  31 100 -76  12 -13   3  -8  18
m612e060e_b6          90:   -0  -0  -0  -0  -0  -0  -0  -0  -0  -0  -0  -0  -0  -0  -0  -0  -0  -0  -0  -0  -0  -0  -0  -0  -0  -0  -0  -0  -0  -0  -0  -0  -0  -0  -0  -0  -0  -0  -0  -0  -0  -0  -0  -0  -0  -0  -0  -0  -0  -0  -0  -0  -0  -0  -0  -0  -0  -0  -0  -0  -0  -0  -0  -0  -0  -0  -0  -0  -0  -0  -0  -0  -0  -0  -0  -0  14 -14  14 -14  14 -16  12  -3  -6 -14   3  -2 -76 100   9  -0  -3  -1 -14
scalee9e0d8_          91:    0   0   0   0   0   0   0   0   0   0   0   0   0   0   0   0   0   0   0   0   0   0   0   0   0   0   0   0   0   0   0   0   0   0   0   0   0   0   0   0   0   0   0   0   0   0   0   0   0   0   0   0   0   0   0   0   0   0   0   0   0   0   0   0   0   0   0   0   0   0   0   0   0   0   0   0  19 -19  20 -20  18 -16  19 -22  24 -19   3  86  12   9 100 -32 -22 -23 -42
m612e060e_b9          92:   -0  -0  -0  -0  -0  -0  -0  -0  -0  -0  -0  -0  -0  -0  -0  -0  -0  -0  -0  -0  -0  -0  -0  -0  -0  -0  -0  -0  -0  -0  -0  -0  -0  -0  -0  -0  -0  -0  -0  -0  -0  -0  -0  -0  -0  -0  -0  -0  -0  -0  -0  -0  -0  -0  -0  -0  -0  -0  -0  -0  -0  -0  -0  -0  -0  -0  -0  -0  -0  -0  -0  -0  -0  -0  -0  -0  -2   2  -2   2  -2   2  -3   2  -2   2   2 -41 -13  -0 -32 100  22  93  -2
m612e060e_ba          93:    0   0   0   0   0   0   0   0   0   0   0   0   0   0   0   0   0   0   0   0   0   0   0   0   0   0   0   0   0   0   0   0   0   0   0   0   0   0   0   0   0   0   0   0   0   0   0   0   0   0   0   0   0   0   0   0   0   0   0   0   0   0   0   0   0   0   0   0   0   0   0   0   0   0   0   0  -4   4  -4   4  -4   3  -4   5  -5   4  -4  -9   3  -3 -22  22 100  29  13
m612e060e_bb          94:    0   0   0   0   0   0   0   0   0   0   0   0   0   0   0   0   0   0   0   0   0   0   0   0   0   0   0   0   0   0   0   0   0   0   0   0   0   0   0   0   0   0   0   0   0   0   0   0   0   0   0   0   0   0   0   0   0   0   0   0   0   0   0   0   0   0   0   0   0   0   0   0   0   0   0   0   1  -1   1  -1   1  -1   1  -1   1  -1   4 -27  -8  -1 -23  93  29 100  -2
m612e060e_bc          95:    0   0   0   0   0   0   0   0   0   0   0   0   0   0   0   0   0   0   0   0   0   0   0   0   0   0   0   0   0   0   0   0   0   0   0   0   0   0   0   0   0   0   0   0   0   0   0   0   0   0   0   0   0   0   0   0   0   0   0   0   0   0   0   0   0   0   0   0   0   0   0   0   0   0   0   0 -22  23 -23  23 -23  21 -23  27 -29  23  -6 -11  18 -14 -42  -2  13  -2 100
}