
xdd 1788_RVR_FormII.raw

r_wp  9.91693377 r_exp  4.04758117 r_p  7.79485043 r_wp_dash  16.5014646 r_p_dash  14.4050542 r_exp_dash  6.73504722 weighted_Durbin_Watson  0.417355292 gof  2.45008892

chi2_convergence_criteria 0.001
iters 10000
x_calculation_step 0.01
do_errors

   Specimen_Displacement(@,-0.06354`_0.00158)
	LP_Factor( 0)
	Rp 141
	Rs 141
	
	Full_Axial_Model(12, 15, 12,  !sol  2.17416_0.01775 , !sol  2.17416_0.01775)
	
	
   Divergence(, 0.88912_0.01009)
		
   lam
      ymin_on_ymax 0.0001
      la   0.63647_0.00646 lo 1.540596  lh   0.56368_0.01691
      la   0.35268_0.00255 lo 1.544493  lh   0.67334_0.01305


	bkg @  298.262457`_2.32228138 -83.5547317`_3.19334972  39.790253`_2.52340611 -66.0352964`_2.7415517  66.0876735`_1.95170987 -69.5446053`_1.94131725  54.9578899`_1.81087666 -25.6840993`_1.68927089  1.51099532`_1.6691407 -6.192113`_1.66091252

	start_X 5
	'finish_X #

		
	'Surface_Roughness_Pitschke_et_al(, 0.05705_0.00681,, 0)
		
	Surface_Roughness_Suortti(, 0, @, 0.02029`_0.00319)

	str
 		rigid
	   'main chain: C34 O5 C33 O4 N5 C25 C24 O3 C23 C15 N4 C14 O2 C10 N3 C9 O1 N2 C8 C7
      z_matrix C7
      z_matrix N2   C7  1.487
      z_matrix H13  C7  1.0031 N2   109.1
      z_matrix H14  C7  0.9804 N2   109.2  H13  -117.7                  	       
      z_matrix C8   N2  1.474  C7   117.5  H13   167.5 	     
      z_matrix H15  C8  0.96   N2   109.8  C7   -93.7  	     
      z_matrix H16  C8  0.976  N2   109.7  C7    144.8 	     
      z_matrix H17  C8  0.985  N2   109.0  C7    26.2  	     
      z_matrix C9   N2  1.393  C7   118.0  H13   3.9   	     
      z_matrix O1   C9  1.266  N2   120.8  C7   -15.0  	     
      z_matrix N3   C9  1.362  N2   116.8  C7    165.6 	     
      z_matrix H2   N3  0.880  C9   119.5  N2    2.9   	     
      z_matrix C10  N3  1.488  C9   120.4  N2   -176.9 	     
      z_matrix H18  C10 0.995  N3   109.9  C9    15.9  	     
      z_matrix C14  C10 1.562  N3   109.2  C9   -103.1 	     
      z_matrix O2   C14 1.249  C10  121.0  N3   -56.1  	     
      z_matrix N4   C14 1.359  C10  115.2  N3    125.1 	     
      z_matrix H3   N4  0.878  C14  118.3  C10  -1.6   	     
      z_matrix C15  N4  1.500  C14  123.0  C10   178.0 	     
      z_matrix H26  C15 1.0039 N4   109.0  C14  -0.5   	 
      z_matrix C23  C15 1.549  N4   109.8  C14  -119.1 	
      z_matrix H34  C23 0.988  C15  108.8  N4   -75.0  	
      z_matrix H35  C23 0.991  C15  108.7  N4    41.5  	
      z_matrix C24  C23 1.524  C15  113.9  N4    163.0 	
      z_matrix H36  C24 0.991  C23  108.9  C15   47.4  	
      z_matrix O3   C24 1.455  C23  106.6  C15  -69.9  	
      z_matrix H1   O3  0.837  C24  109.7  C23  -179.8 	
      z_matrix C25  C24 1.569  C23  113.7  C15   168.6 	
      z_matrix H37  C25 0.997  C24  107.9  C23   168.8 	
      z_matrix N5   C25 1.491  C24  110.5  C23  -72.6  	
      z_matrix H4   N5  0.881  C25  117.0  C24   89.7  	
      z_matrix C33  N5  1.367  C25  125.3  C24  -92.1  	
      z_matrix O4   C33 1.2418 N5   123.4  C25   176.4 	
      z_matrix O5   C33 1.3691 N5   113.7  C25  -5.1   	
      z_matrix C34  O5  1.4584 C33  112.67 N5   -179.93	
      z_matrix H45  C34 1.0007 O5   110.26 C33   56.18 	
      z_matrix H46  C34 0.9804 O5   110.81 C33  -62.46 	
         rotate !rotxmainchain -251.15890 qa 1
         rotate !rotymainchain  184.96910 qb 1
         rotate !rotzmainchain  313.15417 qc 1
         translate ta   !posxmainchain   0.57442 tb   !posymainchain     1.14880 tc   !poszmainchain    1.02182

 		rigid
		'C1-C7 C1 C2 C3 C4 N1 S1 C5 C6 C7
			z_matrix C7x
			z_matrix C6  C7x 1.53
			z_matrix C5  C6  1.3628 C7x 125.5
			z_matrix S1  C5  1.740  C6  110.1  C7x 175.7
			z_matrix H12 C5  0.941  C6  125.0  C7x -0.4
			z_matrix C4  S1  1.750  C5  89.7   C6 -0.1
			z_matrix N1  C4  1.329  S1  113.8  C5 -0.6
			z_matrix C2  C4  1.531  N1  123.0  C6 -177.0
			z_matrix C1  C2  1.54   C4  109.3  N1 -74.1
			z_matrix C3  C2  1.550  C4  111.0  N1 162.1
			z_matrix H8  C2  1.056  C4  108.4  N1 44.6
			z_matrix H5  C1  0.926  C2  107.0  C4 57.1
			z_matrix H6  C1  0.989  C2  102.1  C4 -60.7
			z_matrix H7  C1  0.943  C2  106.6  C4 -177.1
			z_matrix H9  C3  0.873  C2  115.3  C4 60.8
			z_matrix H10 C3  1.09   C2  107.8  C4 -61.1
			z_matrix H11 C3  1.012  C2  109.6  C4 -167.6
         rotate !rotxC1C7  18.13865 qa 1
         rotate !rotyC1C7  208.24578 qb 1
         rotate !rotzC1C7 -93.68319 qc 1                                                           
         translate ta   !posxC1C7   0.57386 tb   !posyC1C7     1.14761 tc   !poszC1C7    1.02037


      rigid
      'C10-C13
			z_matrix C10x
			z_matrix C11 C10x 1.557
			z_matrix C12 C11  1.56  C10x 110.6
			z_matrix C13 C11  1.55  C10x 109.5 C12  -121.5
			z_matrix H19 C11  0.96  C10x 112.3 C12   121.4
			z_matrix H20 C12  1.05  C11  107.3 C10x -59.0
			z_matrix H21 C12  0.972 C11  110.2 C10x -171.9
			z_matrix H22 C12  0.91  C11  111.3 C10x  59.6
			z_matrix H23 C13  1.05  C11  110   C10x  55
			z_matrix H24 C13  0.99  C11  111   C10x -59
			z_matrix H25 C13  0.94  C11  115   C10x  173.8
         rotate !rotxC10C13 -2.78470 qa 1
         rotate !rotyC10C13 -18.79399 qb 1
         rotate !rotzC10C13  52.04821 qc 1
         translate ta   !posxC10C13   0.47475 tb   !posyC10C13     0.90784 tc   !poszC10C13    1.10443


		rigid
		'C15-C22
			z_matrix C15x
			z_matrix C16 C15x 1.566                                 
			z_matrix C17 C16  1.546  C15x 113.8
			z_matrix H27 C16  1.008  C15x 107.3  C17  120.6
			z_matrix H28 C16  0.960  C15x 109.7  C17  -122.3
			z_matrix C18 C17  1.424  C16  120.7  C15x  76.7
			z_matrix H29 C18  0.983  C17  120.5  C16  -0.2
			z_matrix C19 C18  1.395  C17  120.1  C16  -178.8
			z_matrix H30 C19  0.980  C18  117.6  C17  176.9
			z_matrix C20 C19  1.40   C18  121.0  C17  -3
			z_matrix H31 C20  0.949  C19  117.0  C18  -177.3
			z_matrix C21 C20  1.41   C19  120.0  C18  1
			z_matrix H32 C21  0.915  C20  118.6  C19  -177.0
			z_matrix C22 C21  1.41   C20  118.9  C19  0
			z_matrix H33 C22  0.909  C21  119.4  C20  -177.5        
         rotate !rotxC15C22 -380.44758 qa 1
         rotate !rotyC15C22 -181.83129 qb 1
         rotate !rotzC15C22 -53.92799 qc 1
         translate ta   !posxC15C22  0.42093 tb   !posyC15C22    0.75664 tc   !poszC15C22    0.97798


		rigid
		'C25-C32
			z_matrix C25x
			z_matrix C26  C25x 1.564
			z_matrix C27  C26  1.528  C25x 116.0
			z_matrix H38  C26  1.000  C25x 108.2  C27  121.7
			z_matrix H39  C26  0.985  C25x 108.9  C27  -122.4                           
			z_matrix C28  C27  1.40   C26  121.5  C25x 98.8                  
			z_matrix H40  C28  0.96   C27  119.8  C26  -6                    
			z_matrix C29  C28  1.419  C27  121.3  C26  175.3                 
			z_matrix H41  C29  0.96   C28  119.3  C27  179.5                 
			z_matrix C30  C29  1.40   C28  119.5  C27  1                     
			z_matrix H42  C30  0.944  C29  119.2  C28  -179.5                
			z_matrix C31  C30  1.42   C29  119.9  C28  1                     
			z_matrix H43  C31  0.94   C30  119.5  C29  178.4                 
			z_matrix C32  C31  1.397  C30  119.8  C29  -2                    
			z_matrix H44  C32  0.93   C31  119.3  C30  -177.8                                
		   rotate !rotxC25C32 -12.46004 qa 1
         rotate !rotyC25C32  9.23129 qb 1
         rotate !rotzC25C32  267.10258 qc 1
         translate ta   !posxC25C32   0.44547 tb   !posyC25C32  0.54298 tc   !poszC25C32   0.98145

		rigid
		'C34-S2
			z_matrix C34x
			z_matrix C35 C34x 1.520
			z_matrix C36 C35  1.379   C34x 129.8
			z_matrix N6  C36  1.398   C35  117.0 C34x -176.9
			z_matrix H47 C36  0.9494  C35  121.2 C34x -4.9
			z_matrix C37 N6   1.3161  C36  108.8 C35  -0.6
			z_matrix S2  C37  1.743   N6   116.4 C36   0.4
			z_matrix H48 C37  0.951   N6   121.7 C36   175.8
		   rotate !rotxC34S2 -1.28961 qa 1
         rotate !rotyC34S2 -101.81576 qb 1
         rotate !rotzC34S2  21.71098 qc 1
         translate ta   !posxC34S2   0.45057 tb   !posyC34S2     0.44841 tc   !poszC34S2   0.79380	    
         

         
		space_group "P212121"
		a  @  10.038072`_0.000791
		b  @  18.748920`_0.001628
		c  @  20.593490`_0.001574
		volume  3875.757`_0.542
		site S1     x  0.47706_0.00000 y  1.27855_0.00000 z  0.87127_0.00000 occ S    1 beq beqS  5.99585`_0.53423_LIMIT_MAX_6 min 1 max 6  
		site S2     x  0.25928_0.00000 y  0.40650_0.00000 z  0.69870_0.00000 occ S    1 beq beqS  5.99585`_0.53423 min 1 max 6  
		site O1     x  0.62605_0.00000 y  1.00416_0.00000 z  1.03011_0.00000 occ O    1 beq beqO  1.00222`_0.54519 min 1 max 6  
		site O2     x  0.27417_0.00000 y  0.85587_0.00000 z  1.05446_0.00000 occ O    1 beq beqO  1.00222`_0.54519_LIMIT_MIN_1 min 1 max 6  
		site O3     x  0.25090_0.00000 y  0.62434_0.00000 z  0.99825_0.00000 occ O    1 beq beqO  1.00222`_0.54519 min 1 max 6  
		site H1     x  0.20261_0.00000 y  0.59187_0.00000 z  0.98327_0.00000 occ H    1 beq beqH  5.99609`_2.20589 min 1 max 6  
		site O4     x  0.66869_0.00000 y  0.49946_0.00000 z  0.84584_0.00000 occ O    1 beq beqO  1.00222`_0.54519 min 1 max 6  
		site O5     x  0.44539_0.00000 y  0.47856_0.00000 z  0.85997_0.00000 occ O    1 beq beqO  1.00222`_0.54519 min 1 max 6  
		site N1     x  0.51569_0.00000 y  1.14599_0.00000 z  0.90114_0.00000 occ N    1 beq beqN  5.99511`_0.75773 min 1 max 6  
		site N2     x  0.47498_0.00000 y  1.09584_0.00000 z  1.04505_0.00000 occ N    1 beq beqN  5.99511`_0.75773 min 1 max 6  
		site N3     x  0.43479_0.00000 y  0.98220_0.00000 z  1.08859_0.00000 occ N    1 beq beqN  5.99511`_0.75773 min 1 max 6  
		site H2     x  0.35770_0.00000 y  0.99862_0.00000 z  1.10240_0.00000 occ H    1 beq beqH  5.99609`_2.20589 min 1 max 6  
		site N4     x  0.47668_0.00000 y  0.81075_0.00000 z  1.02200_0.00000 occ N    1 beq beqN  5.99511`_0.75773 min 1 max 6  
		site H3     x  0.56346_0.00000 y  0.81411_0.00000 z  1.02637_0.00000 occ H    1 beq beqH  5.99609`_2.20589 min 1 max 6  
		site N5     x  0.56507_0.00000 y  0.53356_0.00000 z  0.94037_0.00000 occ N    1 beq beqN  5.99511`_0.75773 min 1 max 6  
		site H4     x  0.64193_0.00000 y  0.54638_0.00000 z  0.95740_0.00000 occ H    1 beq beqH  5.99609`_2.20589 min 1 max 6  
		site N6     x  0.09461_0.00000 y  0.37352_0.00000 z  0.79205_0.00000 occ N    1 beq beqN  5.99511`_0.75773_LIMIT_MAX_6 min 1 max 6  
		site C1     x  0.58744_0.00000 y  1.13539_0.00000 z  0.75110_0.00000 occ C    1 beq beqC  1.44868`_0.46209 min 1 max 6  
		site H5     x  0.62545_0.00000 y  1.10170_0.00000 z  0.77827_0.00000 occ H    1 beq beqH  5.99609`_2.20589 min 1 max 6  
		site H6     x  0.63920_0.00000 y  1.18026_0.00000 z  0.75021_0.00000 occ H    1 beq beqH  5.99609`_2.20589 min 1 max 6  
		site H7     x  0.56575_0.00000 y  1.12046_0.00000 z  0.70867_0.00000 occ H    1 beq beqH  5.99609`_2.20589 min 1 max 6  
		site C2     x  0.45619_0.00000 y  1.15930_0.00000 z  0.78312_0.00000 occ C    1 beq beqC  1.44868`_0.46209 min 1 max 6  
		site H8     x  0.39232_0.00000 y  1.11480_0.00000 z  0.78748_0.00000 occ H    1 beq beqH  5.99609`_2.20589 min 1 max 6  
		site C3     x  0.38230_0.00000 y  1.21574_0.00000 z  0.74156_0.00000 occ C    1 beq beqC  1.44868`_0.46209 min 1 max 6  
		site H9     x  0.42560_0.00000 y  1.25553_0.00000 z  0.73524_0.00000 occ H    1 beq beqH  5.99609`_2.20589 min 1 max 6  
		site H10    x  0.28805_0.00000 y  1.22767_0.00000 z  0.76549_0.00000 occ H    1 beq beqH  5.99609`_2.20589 min 1 max 6  
		site H11    x  0.34620_0.00000 y  1.19254_0.00000 z  0.70083_0.00000 occ H    1 beq beqH  5.99609`_2.20589 min 1 max 6  
		site C4     x  0.48544_0.00000 y  1.18795_0.00000 z  0.85126_0.00000 occ C    1 beq beqC  1.44868`_0.46209 min 1 max 6  
		site C5     x  0.51495_0.00000 y  1.25768_0.00000 z  0.95150_0.00000 occ C    1 beq beqC  1.44868`_0.46209 min 1 max 6  
		site H12    x  0.52825_0.00000 y  1.29139_0.00000 z  0.98472_0.00000 occ H    1 beq beqH  5.99609`_2.20589 min 1 max 6  
		site C6     x  0.53091_0.00000 y  1.18587_0.00000 z  0.95817_0.00000 occ C    1 beq beqC  1.44868`_0.46209 min 1 max 6  
		site C7     x  0.57442_0.00000 y  1.14880_0.00000 z  1.02182_0.00000 occ C    1 beq beqC  1.44868`_0.46209 min 1 max 6  
		site H13    x  0.66071_0.00000 y  1.12375_0.00000 z  1.01271_0.00000 occ H    1 beq beqH  5.99609`_2.20589 min 1 max 6  
		site H14    x  0.59059_0.00000 y  1.18401_0.00000 z  1.05613_0.00000 occ H    1 beq beqH  5.99609`_2.20589 min 1 max 6  
		site C8     x  0.35104_0.00000 y  1.12351_0.00000 z  1.07401_0.00000 occ C    1 beq beqC  1.44868`_0.46209 min 1 max 6  
		site H15    x  0.36066_0.00000 y  1.12671_0.00000 z  1.12030_0.00000 occ H    1 beq beqH  5.99609`_2.20589 min 1 max 6  
		site H16    x  0.27682_0.00000 y  1.09221_0.00000 z  1.06283_0.00000 occ H    1 beq beqH  5.99609`_2.20589 min 1 max 6  
		site H17    x  0.33279_0.00000 y  1.17125_0.00000 z  1.05613_0.00000 occ H    1 beq beqH  5.99609`_2.20589 min 1 max 6  
		site C9     x  0.51697_0.00000 y  1.02570_0.00000 z  1.05394_0.00000 occ C    1 beq beqC  1.44868`_0.46209 min 1 max 6  
		site C10    x  0.47492_0.00000 y  0.90752_0.00000 z  1.10328_0.00000 occ C    1 beq beqC  1.44868`_0.46209 min 1 max 6  
		site H18    x  0.57223_0.00000 y  0.90155_0.00000 z  1.09586_0.00000 occ H    1 beq beqH  5.99609`_2.20589 min 1 max 6  
		site C11    x  0.43811_0.00000 y  0.88925_0.00000 z  1.17592_0.00000 occ C    1 beq beqC  1.44868`_0.46209 min 1 max 6  
		site H19    x  0.34394_0.00000 y  0.89181_0.00000 z  1.18371_0.00000 occ H    1 beq beqH  5.99609`_2.20589 min 1 max 6  
		site C12    x  0.50989_0.00000 y  0.94084_0.00000 z  1.22397_0.00000 occ C    1 beq beqC  1.44868`_0.46209 min 1 max 6  
		site H20    x  0.61277_0.00000 y  0.93545_0.00000 z  1.21615_0.00000 occ H    1 beq beqH  5.99609`_2.20589 min 1 max 6  
		site H21    x  0.49697_0.00000 y  0.92489_0.00000 z  1.26844_0.00000 occ H    1 beq beqH  5.99609`_2.20589 min 1 max 6  
		site H22    x  0.48663_0.00000 y  0.98701_0.00000 z  1.21644_0.00000 occ H    1 beq beqH  5.99609`_2.20589 min 1 max 6  
		site C13    x  0.47821_0.00000 y  0.81104_0.00000 z  1.19052_0.00000 occ C    1 beq beqC  1.44868`_0.46209 min 1 max 6  
		site H23    x  0.57951_0.00000 y  0.80330_0.00000 z  1.17994_0.00000 occ H    1 beq beqH  5.99609`_2.20589 min 1 max 6  
		site H24    x  0.43237_0.00000 y  0.77760_0.00000 z  1.16077_0.00000 occ H    1 beq beqH  5.99609`_2.20589 min 1 max 6  
		site H25    x  0.46786_0.00000 y  0.79692_0.00000 z  1.23402_0.00000 occ H    1 beq beqH  5.99609`_2.20589 min 1 max 6  
		site C14    x  0.39848_0.00000 y  0.85566_0.00000 z  1.05707_0.00000 occ C    1 beq beqC  1.44868`_0.46209 min 1 max 6  
		site C15    x  0.42143_0.00000 y  0.75559_0.00000 z  0.97664_0.00000 occ C    1 beq beqC  1.44868`_0.46209 min 1 max 6  
		site H26    x  0.32154_0.00000 y  0.75801_0.00000 z  0.97762_0.00000 occ H    1 beq beqH  5.99609`_2.20589 min 1 max 6  
		site C16    x  0.46773_0.00000 y  0.77180_0.00000 z  0.90676_0.00000 occ C    1 beq beqC  1.44868`_0.46209 min 1 max 6  
		site H27    x  0.56737_0.00000 y  0.77837_0.00000 z  0.90794_0.00000 occ H    1 beq beqH  5.99609`_2.20589 min 1 max 6  
		site H28    x  0.44858_0.00000 y  0.73127_0.00000 z  0.87984_0.00000 occ H    1 beq beqH  5.99609`_2.20589 min 1 max 6  
		site C17    x  0.40345_0.00000 y  0.83879_0.00000 z  0.87620_0.00000 occ C    1 beq beqC  1.44868`_0.46209 min 1 max 6  
		site C18    x  0.44797_0.00000 y  0.90833_0.00000 z  0.89357_0.00000 occ C    1 beq beqC  1.44868`_0.46209 min 1 max 6  
		site H29    x  0.52006_0.00000 y  0.91458_0.00000 z  0.92538_0.00000 occ H    1 beq beqH  5.99609`_2.20589 min 1 max 6  
		site C19    x  0.38741_0.00000 y  0.96835_0.00000 z  0.86653_0.00000 occ C    1 beq beqC  1.44868`_0.46209 min 1 max 6  
		site H30    x  0.41779_0.00000 y  1.01525_0.00000 z  0.88142_0.00000 occ H    1 beq beqH  5.99609`_2.20589 min 1 max 6  
		site C20    x  0.28674_0.00000 y  0.96155_0.00000 z  0.81989_0.00000 occ C    1 beq beqC  1.44868`_0.46209 min 1 max 6  
		site H31    x  0.25220_0.00000 y  1.00435_0.00000 z  0.80194_0.00000 occ H    1 beq beqH  5.99609`_2.20589 min 1 max 6  
		site C21    x  0.24368_0.00000 y  0.89327_0.00000 z  0.80032_0.00000 occ C    1 beq beqC  1.44868`_0.46209 min 1 max 6  
		site H32    x  0.18072_0.00000 y  0.88999_0.00000 z  0.76833_0.00000 occ H    1 beq beqH  5.99609`_2.20589 min 1 max 6  
		site C22    x  0.30359_0.00000 y  0.83268_0.00000 z  0.82846_0.00000 occ C    1 beq beqC  1.44868`_0.46209 min 1 max 6  
		site H33    x  0.27876_0.00000 y  0.78850_0.00000 z  0.81489_0.00000 occ H    1 beq beqH  5.99609`_2.20589_LIMIT_MIN_1 min 1 max 6  
		site C23    x  0.46475_0.00000 y  0.68024_0.00000 z  0.99914_0.00000 occ C    1 beq beqC  1.44868`_0.46209_LIMIT_MIN_1 min 1 max 6  
		site H34    x  0.55962_0.00000 y  0.67326_0.00000 z  0.98806_0.00000 occ H    1 beq beqH  5.99609`_2.20589 min 1 max 6  
		site H35    x  0.45725_0.00000 y  0.67769_0.00000 z  1.04706_0.00000 occ H    1 beq beqH  5.99609`_2.20589 min 1 max 6  
		site C24    x  0.38304_0.00000 y  0.61997_0.00000 z  0.96947_0.00000 occ C    1 beq beqC  1.44868`_0.46209 min 1 max 6  
		site H36    x  0.37551_0.00000 y  0.62797_0.00000 z  0.92205_0.00000 occ H    1 beq beqH  5.99609`_2.20589 min 1 max 6  
		site C25    x  0.44394_0.00000 y  0.54398_0.00000 z  0.98118_0.00000 occ C    1 beq beqC  1.44868`_0.46209 min 1 max 6  
		site H37    x  0.37590_0.00000 y  0.50795_0.00000 z  0.96823_0.00000 occ H    1 beq beqH  5.99609`_2.20589 min 1 max 6  
		site C26    x  0.47781_0.00000 y  0.52902_0.00000 z  1.05465_0.00000 occ C    1 beq beqC  1.44868`_0.46209 min 1 max 6  
		site H38    x  0.56541_0.00000 y  0.55184_0.00000 z  1.06479_0.00000 occ H    1 beq beqH  5.99609`_2.20589 min 1 max 6  
		site H39    x  0.41031_0.00000 y  0.55305_0.00000 z  1.08161_0.00000 occ H    1 beq beqH  5.99609`_2.20589 min 1 max 6  
		site C27    x  0.48483_0.00000 y  0.45083_0.00000 z  1.07530_0.00000 occ C    1 beq beqC  1.44868`_0.46209 min 1 max 6  
		site C28    x  0.60680_0.00000 y  0.41522_0.00000 z  1.08129_0.00000 occ C    1 beq beqC  1.44868`_0.46209 min 1 max 6  
		site H40    x  0.68763_0.00000 y  0.43858_0.00000 z  1.06832_0.00000 occ H    1 beq beqH  5.99609`_2.20589 min 1 max 6  
		site C29    x  0.61358_0.00000 y  0.34427_0.00000 z  1.10505_0.00000 occ C    1 beq beqC  1.44868`_0.46209 min 1 max 6  
		site H41    x  0.69868_0.00000 y  0.32117_0.00000 z  1.10826_0.00000 occ H    1 beq beqH  5.99609`_2.20589 min 1 max 6  
		site C30    x  0.49601_0.00000 y  0.30864_0.00000 z  1.12193_0.00000 occ C    1 beq beqC  1.44868`_0.46209 min 1 max 6  
		site H42    x  0.50107_0.00000 y  0.26158_0.00000 z  1.13805_0.00000 occ H    1 beq beqH  5.99609`_2.20589 min 1 max 6  
		site C31    x  0.37115_0.00000 y  0.34321_0.00000 z  1.11421_0.00000 occ C    1 beq beqC  1.44868`_0.46209 min 1 max 6  
		site H43    x  0.29241_0.00000 y  0.31859_0.00000 z  1.12460_0.00000 occ H    1 beq beqH  5.99609`_2.20589 min 1 max 6  
		site C32    x  0.36650_0.00000 y  0.41346_0.00000 z  1.09171_0.00000 occ C    1 beq beqC  1.44868`_0.46209 min 1 max 6  
		site H44    x  0.28458_0.00000 y  0.43630_0.00000 z  1.08820_0.00000 occ H    1 beq beqH  5.99609`_2.20589 min 1 max 6  
		site C33    x  0.56661_0.00000 y  0.50413_0.00000 z  0.87964_0.00000 occ C    1 beq beqC  1.44868`_0.46209 min 1 max 6  
		site C34    x  0.44962_0.00000 y  0.44737_0.00000 z  0.79512_0.00000 occ C    1 beq beqC  1.44868`_0.46209 min 1 max 6  
		site H45    x  0.51840_0.00000 y  0.40880_0.00000 z  0.79319_0.00000 occ H    1 beq beqH  5.99609`_2.20589 min 1 max 6  
		site H46    x  0.47408_0.00000 y  0.48334_0.00000 z  0.76269_0.00000 occ H    1 beq beqH  5.99609`_2.20589 min 1 max 6  
		site C35    x  0.31164_0.00000 y  0.42076_0.00000 z  0.77869_0.00000 occ C    1 beq beqC  1.44868`_0.46209 min 1 max 6  
		site C36    x  0.21089_0.00000 y  0.40042_0.00000 z  0.82027_0.00000 occ C    1 beq beqC  1.44868`_0.46209 min 1 max 6  
		site H47    x  0.22437_0.00000 y  0.39891_0.00000 z  0.86588_0.00000 occ H    1 beq beqH  5.99609`_2.20589 min 1 max 6  
		site C37    x  0.10820_0.00000 y  0.37442_0.00000 z  0.72849_0.00000 occ C    1 beq beqC  1.44868`_0.46209 min 1 max 6  
		site H48    x  0.04189_0.00000 y  0.35525_0.00000 z  0.70050_0.00000 occ H    1 beq beqH  5.99609`_2.20589 min 1 max 6  
		
		site C7x     x  0.57386_0.00000 y  1.14761_0.00000 z  1.02037_0.00000 occ C    0 beq 1
		site C10x    x  0.47475_0.00000 y  0.90784_0.00000 z  1.10443_0.00000 occ C    0 beq 1
		site C15x    x  0.42093_0.00000 y  0.75664_0.00000 z  0.97798_0.00000 occ C    0 beq 1
		site C25x    x  0.44547_0.00000 y  0.54298_0.00000 z  0.98145_0.00000 occ C    0 beq 1
		site C34x    x  0.45057_0.00000 y  0.44841_0.00000 z  0.79380_0.00000 occ C    0 beq 1


		PO_Two_Directions(@, 0.50000`_0.03300_LIMIT_MIN_0.5 min 0.5 max 1,, 0 0 1,@, 0.90158`_0.00526 min 0.5 max 1,, 0 1 1,@, 0.04552`_0.00820 min 0.01 max 0.99)
		
		'Preferred_Orientation(@, 1,, 2 0 1)
		
		TCHZ_Peak_Type(, 0.00505_0.00045,,-0.00540_0.00042,, 0.00133_0.00010,, 0,, 0.05609_0.00063,, 0)
		CS_L(@, 154.79976`_5.07945)
		Strain_G(@, 0.64824`_0.01047)
		scale   @  5.96455755e-005`_1.635e-006
		r_bragg  5.20367928
		
	'only_penalties
	penalties_weighting_K1 1000000000000
	
	prm !bond_width 0.02
	prm !bond_width2 0.0
	prm !bond_weight      1000000000000

   prm !angle_width 1
   prm !angle_width2 3
	prm !angle_weight          10000
	
   prm !flatten_width 0
	prm !flatten_weight    10000000
		
	Distance_Restrain(C7  	   C7x  	       ,      0,  0.03770, bond_width, bond_weight)
	Distance_Restrain(C10 	   C10x 	       ,      0,  0.02445, bond_width, bond_weight)
	Distance_Restrain(C15 	   C15x 	       ,      0,  0.03438, bond_width, bond_weight)
	Distance_Restrain(C25 	   C25x 	       ,      0,  0.02494, bond_width, bond_weight)
	Distance_Restrain(C34 	   C34x 	       ,      0,  0.03482, bond_width, bond_weight)		

	'view_structure		
	Out_CIF_STR(final.cif)
C_matrix_normalized
{
                             1   2   3   4   5   6   7   8   9  10  11  12  13  14  15  16  17  18  19  20  21  22  23  24  25  26
m612f32ce_276          1:  100  -1   0   2   1  -1  -0  -0   0  -0   2  -2 -83 -76 -82   1  -1   3   3  -8   2   3  -0   2  -4  -5
m612f32ce_265          2:   -1 100  31  40  29 -33 -16  31 -16   7  17 -13   3   0   1  94  51  34  31  15  68 -42 -17 -26   0   7
bkgf52288              3:    0  31 100  37   3 -15  14 -12  31  11   6   5  -1  -3   1  34  40  43  27 -11  57  -8   0  -4  18  -2
bkgf52328              4:    2  40  37 100  -3  -8 -15  46 -19  37  12  -0  -2  -3   0  56  43  46  32 -12  65 -12 -16 -10 -24 -20
bkgf523c8              5:    1  29   3  -3 100 -46  49   0  21 -21  51 -29  -1  -1  -1  35   7   4   8 -12  20 -14 -15 -11 -24  -4
bkgf52468              6:   -1 -33 -15  -8 -46 100 -31  20   6  37 -42  53   1   0   1 -49 -27 -32 -29  -9 -37   9  16   5  39  21
bkgf52508              7:   -0 -16  14 -15  49 -31 100 -24  42 -24  42 -25  -0   1   0  -8 -10  -4   8  11  -6   6   3   5 -24 -18
bkgf525a8              8:   -0  31 -12  46   0  20 -24 100 -33  45  -1  20   1  -0   0  31  16   8  13  10  17  -6  -6  -3  -2   6
bkgf52648              9:    0 -16  31 -19  21   6  42 -33 100 -16  23   8  -1  -1   1 -17  -7 -12  -3 -13  -0  -1   9  -1   9  -2
bkgf526e8             10:   -0   7  11  37 -21  37 -24  45 -16 100 -19  36   0  -1   1   6   4  11   0 -11  16   3  -2  -0  10   4
bkgf52788             11:    2  17   6  12  51 -42  42  -1  23 -19 100 -29  -2  -2  -1  27  14   8  17  -9  21  -9  -8  -5 -27 -12
bkgf52828             12:   -2 -13   5  -0 -29  53 -25  20   8  36 -29 100   2   0   2 -23   0 -18 -18  -6 -13   7  11   4  27  12
af0a5e0_              13:  -83   3  -1  -2  -1   1  -0   1  -1   0  -2   2 100  56  64   1   1  -3  -5  10  -0  -2  -2   1   5   5
bf0a660_              14:  -76   0  -3  -3  -1   0   1  -0  -1  -1  -2   0  56 100  53  -1   1  -3  -4   9  -3  -2   1  -0   2   7
cf0a6e0_              15:  -82   1   1   0  -1   1   0   0   1   1  -1   2  64  53 100   1   2  -2  -2   5   1  -2  -1  -1   1   1
scaledc8588_          16:    1  94  34  56  35 -49  -8  31 -17   6  27 -23   1  -1   1 100  56  41  42  10  81 -37 -21 -24 -17  -6
beqS                  17:   -1  51  40  43   7 -27 -10  16  -7   4  14   0   1   1   2  56 100   6  16   0  46 -12  -4  -6  -9  -7
beqO                  18:    3  34  43  46   4 -32  -4   8 -12  11   8 -18  -3  -3  -2  41   6 100  20  -9  34 -14 -31  -9  -7  -9
beqN                  19:    3  31  27  32   8 -29   8  13  -3   0  17 -18  -5  -4  -2  42  16  20 100   2  32 -22   3 -18 -11  -8
beqH                  20:   -8  15 -11 -12 -12  -9  11  10 -13 -11  -9  -6  10   9   5  10   0  -9   2 100 -15   7   9  17  -0   0
beqC                  21:    2  68  57  65  20 -37  -6  17  -0  16  21 -13  -0  -3   1  81  46  34  32 -15 100 -23 -12 -17 -13 -12
m612f32ce_268         22:    3 -42  -8 -12 -14   9   6  -6  -1   3  -9   7  -2  -2  -2 -37 -12 -14 -22   7 -23 100  24  93   0  -2
m612f32ce_269         23:   -0 -17   0 -16 -15  16   3  -6   9  -2  -8  11  -2   1  -1 -21  -4 -31   3   9 -12  24 100  29   7   1
m612f32ce_26a         24:    2 -26  -4 -10 -11   5   5  -3  -1  -0  -5   4   1  -0  -1 -24  -6  -9 -18  17 -17  93  29 100   1  -0
m612f32ce_26f         25:   -4   0  18 -24 -24  39 -24  -2   9  10 -27  27   5   2   1 -17  -9  -7 -11  -0 -13   0   7   1 100  80
m612f32ce_270         26:   -5   7  -2 -20  -4  21 -18   6  -2   4 -12  12   5   7   1  -6  -7  -9  -8   0 -12  -2   1  -0  80 100
}